2018-12-22__14:06:15 0.26,0.23,0.20 73.23 46°C normal
2018-12-22__14:06:20 0.24,0.23,0.20 30.69 45°C normal
2018-12-22__14:06:26 0.22,0.22,0.20 30.25 45°C normal
2018-12-22__14:06:31 0.20,0.22,0.19 34.82 44°C normal
2018-12-22__14:06:37 0.18,0.21,0.19 32.99 42°C normal
2018-12-22__14:06:43 0.17,0.21,0.19 33.67 44°C normal
2018-12-22__14:06:48 0.16,0.21,0.19 31.37 45°C normal
2018-12-22__14:06:54 0.38,0.25,0.20 34.02 44°C normal
2018-12-22__14:07:03 0.32,0.24,0.20 28.42 44°C normal
2018-12-22__14:07:08 0.30,0.24,0.20 29.90 43°C normal
2018-12-22__14:07:14 0.27,0.24,0.20 28.28 44°C normal
2018-12-22__14:07:20 0.31,0.24,0.20 44.22 44°C normal
2018-12-22__14:07:25 0.28,0.24,0.20 30.19 45°C normal
2018-12-22__14:07:31 0.26,0.23,0.20 39.40 44°C normal
2018-12-22__14:07:37 0.24,0.23,0.20 27.41 45°C normal
2018-12-22__14:07:42 0.62,0.31,0.22 28.28 44°C normal
2018-12-22__14:07:53 0.52,0.30,0.22 27.46 44°C normal
2018-12-22__14:07:58 0.48,0.29,0.22 28.49 45°C normal
2018-12-22__14:08:04 0.44,0.29,0.22 27.69 43°C normal
2018-12-22__14:08:10 0.45,0.30,0.22 30.58 43°C normal
2018-12-22__14:08:15 0.41,0.29,0.22 33.83 44°C normal
2018-12-22__14:08:23 0.38,0.29,0.22 28.93 45°C normal
2018-12-22__14:08:29 0.35,0.28,0.22 27.77 44°C normal
2018-12-22__14:08:34 0.56,0.33,0.23 33.66 44°C normal
2018-12-22__14:08:40 0.47,0.31,0.23 35.38 44°C normal
2018-12-22__14:08:46 0.44,0.31,0.23 32.12 45°C normal
2018-12-22__14:08:51 0.40,0.30,0.22 41.02 45°C normal
2018-12-22__14:08:57 0.37,0.30,0.22 38.80 45°C normal
2018-12-22__14:09:02 0.34,0.29,0.22 30.25 45°C normal
2018-12-22__14:09:08 0.31,0.29,0.22 31.63 45°C normal
2018-12-22__14:09:14 0.29,0.28,0.22 38.11 44°C normal
2018-12-22__14:09:19 0.26,0.28,0.22 38.14 46°C normal
2018-12-22__14:09:25 0.44,0.32,0.23 31.47 45°C normal
2018-12-22__14:09:31 0.41,0.31,0.23 31.47 45°C normal
2018-12-22__14:09:36 0.37,0.31,0.23 32.64 45°C normal
2018-12-22__14:09:42 0.34,0.30,0.23 36.41 45°C normal
2018-12-22__14:09:47 0.32,0.30,0.23 37.56 45°C normal
2018-12-22__14:09:53 0.29,0.29,0.22 33.99 44°C normal
2018-12-22__14:09:59 0.27,0.29,0.22 30.76 45°C normal
2018-12-22__14:10:04 0.25,0.28,0.22 32.51 45°C normal
2018-12-22__14:10:10 0.28,0.29,0.22 31.68 44°C normal
2018-12-22__14:10:16 0.34,0.30,0.23 47.47 44°C normal
