2018-12-22__19:09:43 0 disk 29941 13014 52%
2018-12-22__19:09:43 1 / 29899 12993 55%
2018-12-22__19:09:43 1 /boot 42 21 51%
2018-12-23__09:54:46 0 disk 29941 12985 52%
2018-12-23__09:54:46 1 / 29899 12964 55%
2018-12-23__09:54:46 1 /boot 42 21 51%
2018-12-23__09:55:46 0 disk 29941 12985 52%
2018-12-23__09:55:46 1 / 29899 12964 55%
2018-12-23__09:55:46 1 /boot 42 21 51%
2018-12-23__09:56:47 0 disk 29941 12985 52%
2018-12-23__09:56:47 1 / 29899 12964 55%
2018-12-23__09:56:47 1 /boot 42 21 51%
2018-12-23__09:57:47 0 disk 29941 12985 52%
2018-12-23__09:57:47 1 / 29899 12964 55%
2018-12-23__09:57:47 1 /boot 42 21 51%
2018-12-23__09:58:47 0 disk 29941 12985 52%
2018-12-23__09:58:47 1 / 29899 12964 55%
2018-12-23__09:58:47 1 /boot 42 21 51%
2018-12-23__09:59:47 0 disk 29941 12985 52%
2018-12-23__09:59:47 1 / 29899 12964 55%
2018-12-23__09:59:47 1 /boot 42 21 51%
2018-12-23__10:00:47 0 disk 29941 12985 52%
2018-12-23__10:00:47 1 / 29899 12964 55%
2018-12-23__10:00:47 1 /boot 42 21 51%
2018-12-23__10:01:47 0 disk 29941 12985 52%
2018-12-23__10:01:47 1 / 29899 12964 55%
2018-12-23__10:01:47 1 /boot 42 21 51%
2018-12-23__10:02:47 0 disk 29941 12984 52%
2018-12-23__10:02:47 1 / 29899 12963 55%
2018-12-23__10:02:47 1 /boot 42 21 51%
2018-12-23__10:03:47 0 disk 29941 12984 52%
2018-12-23__10:03:47 1 / 29899 12963 55%
2018-12-23__10:03:47 1 /boot 42 21 51%
2018-12-23__10:04:47 0 disk 29941 12985 52%
2018-12-23__10:04:47 1 / 29899 12964 55%
2018-12-23__10:04:47 1 /boot 42 21 51%
2018-12-23__10:05:47 0 disk 29941 12984 52%
2018-12-23__10:05:47 1 / 29899 12963 55%
2018-12-23__10:05:47 1 /boot 42 21 51%
2018-12-23__10:06:48 0 disk 29941 12984 52%
2018-12-23__10:06:48 1 / 29899 12963 55%
2018-12-23__10:06:48 1 /boot 42 21 51%
2018-12-23__10:07:48 0 disk 29941 12984 52%
2018-12-23__10:07:48 1 / 29899 12963 55%
2018-12-23__10:07:48 1 /boot 42 21 51%
2018-12-23__10:08:48 0 disk 29941 12984 52%
2018-12-23__10:08:48 1 / 29899 12963 55%
2018-12-23__10:08:48 1 /boot 42 21 51%
2018-12-23__10:09:48 0 disk 29941 12984 52%
2018-12-23__10:09:48 1 / 29899 12963 55%
2018-12-23__10:09:48 1 /boot 42 21 51%
2018-12-23__10:10:48 0 disk 29941 12984 52%
2018-12-23__10:10:48 1 / 29899 12963 55%
2018-12-23__10:10:48 1 /boot 42 21 51%
2018-12-23__10:11:48 0 disk 29941 12984 52%
2018-12-23__10:11:48 1 / 29899 12963 55%
2018-12-23__10:11:48 1 /boot 42 21 51%
2018-12-23__10:12:48 0 disk 29941 12984 52%
2018-12-23__10:12:48 1 / 29899 12963 55%
2018-12-23__10:12:48 1 /boot 42 21 51%
2018-12-23__10:13:48 0 disk 29941 12984 52%
2018-12-23__10:13:48 1 / 29899 12963 55%
2018-12-23__10:13:48 1 /boot 42 21 51%
2018-12-23__10:14:49 0 disk 29941 12984 52%
2018-12-23__10:14:49 1 / 29899 12963 55%
2018-12-23__10:14:49 1 /boot 42 21 51%
2018-12-23__10:15:49 0 disk 29941 12984 52%
2018-12-23__10:15:49 1 / 29899 12963 55%
2018-12-23__10:15:49 1 /boot 42 21 51%
2018-12-23__10:16:49 0 disk 29941 12984 52%
2018-12-23__10:16:49 1 / 29899 12963 55%
2018-12-23__10:16:49 1 /boot 42 21 51%
2018-12-23__10:17:49 0 disk 29941 12984 52%
2018-12-23__10:17:49 1 / 29899 12963 55%
2018-12-23__10:17:49 1 /boot 42 21 51%
2018-12-23__10:18:49 0 disk 29941 12984 52%
2018-12-23__10:18:49 1 / 29899 12963 55%
2018-12-23__10:18:49 1 /boot 42 21 51%
2018-12-23__10:19:49 0 disk 29941 12984 52%
2018-12-23__10:19:49 1 / 29899 12963 55%
2018-12-23__10:19:49 1 /boot 42 21 51%
2018-12-23__10:20:49 0 disk 29941 12984 52%
2018-12-23__10:20:49 1 / 29899 12963 55%
2018-12-23__10:20:49 1 /boot 42 21 51%
2018-12-23__10:21:49 0 disk 29941 12984 52%
2018-12-23__10:21:49 1 / 29899 12963 55%
2018-12-23__10:21:49 1 /boot 42 21 51%
2018-12-23__10:22:50 0 disk 29941 12984 52%
2018-12-23__10:22:50 1 / 29899 12963 55%
2018-12-23__10:22:50 1 /boot 42 21 51%
2018-12-23__10:23:50 0 disk 29941 12984 52%
2018-12-23__10:23:50 1 / 29899 12963 55%
2018-12-23__10:23:50 1 /boot 42 21 51%
2018-12-23__10:24:50 0 disk 29941 12984 52%
2018-12-23__10:24:50 1 / 29899 12963 55%
2018-12-23__10:24:50 1 /boot 42 21 51%
2018-12-23__10:25:50 0 disk 29941 12984 52%
2018-12-23__10:25:50 1 / 29899 12963 55%
2018-12-23__10:25:50 1 /boot 42 21 51%
2018-12-23__10:26:50 0 disk 29941 12984 52%
2018-12-23__10:26:50 1 / 29899 12963 55%
2018-12-23__10:26:50 1 /boot 42 21 51%
2018-12-23__10:27:50 0 disk 29941 12984 52%
2018-12-23__10:27:50 1 / 29899 12963 55%
2018-12-23__10:27:50 1 /boot 42 21 51%
2018-12-23__10:28:50 0 disk 29941 12984 52%
2018-12-23__10:28:50 1 / 29899 12963 55%
2018-12-23__10:28:50 1 /boot 42 21 51%
2018-12-23__10:29:50 0 disk 29941 12984 52%
2018-12-23__10:29:50 1 / 29899 12963 55%
2018-12-23__10:29:50 1 /boot 42 21 51%
2018-12-23__10:30:51 0 disk 29941 12984 52%
2018-12-23__10:30:51 1 / 29899 12963 55%
2018-12-23__10:30:51 1 /boot 42 21 51%
2018-12-23__10:31:51 0 disk 29941 12984 52%
2018-12-23__10:31:51 1 / 29899 12963 55%
2018-12-23__10:31:51 1 /boot 42 21 51%
2018-12-23__10:32:51 0 disk 29941 12984 52%
2018-12-23__10:32:51 1 / 29899 12963 55%
2018-12-23__10:32:51 1 /boot 42 21 51%
2018-12-23__10:33:51 0 disk 29941 12984 52%
2018-12-23__10:33:51 1 / 29899 12963 55%
2018-12-23__10:33:51 1 /boot 42 21 51%
2018-12-23__10:34:51 0 disk 29941 12984 52%
2018-12-23__10:34:51 1 / 29899 12963 55%
2018-12-23__10:34:51 1 /boot 42 21 51%
2018-12-23__10:35:51 0 disk 29941 12984 52%
2018-12-23__10:35:51 1 / 29899 12963 55%
2018-12-23__10:35:51 1 /boot 42 21 51%
2018-12-23__10:36:51 0 disk 29941 12984 52%
2018-12-23__10:36:51 1 / 29899 12963 55%
2018-12-23__10:36:51 1 /boot 42 21 51%
2018-12-23__10:37:51 0 disk 29941 12984 52%
2018-12-23__10:37:51 1 / 29899 12963 55%
2018-12-23__10:37:51 1 /boot 42 21 51%
2018-12-23__10:38:51 0 disk 29941 12984 52%
2018-12-23__10:38:51 1 / 29899 12963 55%
2018-12-23__10:38:51 1 /boot 42 21 51%
2018-12-23__10:39:52 0 disk 29941 12984 52%
2018-12-23__10:39:52 1 / 29899 12963 55%
2018-12-23__10:39:52 1 /boot 42 21 51%
2018-12-23__10:40:52 0 disk 29941 12984 52%
2018-12-23__10:40:52 1 / 29899 12963 55%
2018-12-23__10:40:52 1 /boot 42 21 51%
2018-12-23__10:41:52 0 disk 29941 12984 52%
2018-12-23__10:41:52 1 / 29899 12963 55%
2018-12-23__10:41:52 1 /boot 42 21 51%
2018-12-23__10:42:52 0 disk 29941 12984 52%
2018-12-23__10:42:52 1 / 29899 12963 55%
2018-12-23__10:42:52 1 /boot 42 21 51%
2018-12-23__10:43:52 0 disk 29941 12984 52%
2018-12-23__10:43:52 1 / 29899 12963 55%
2018-12-23__10:43:52 1 /boot 42 21 51%
2018-12-23__10:44:52 0 disk 29941 12984 52%
2018-12-23__10:44:52 1 / 29899 12963 55%
2018-12-23__10:44:52 1 /boot 42 21 51%
2018-12-23__10:45:52 0 disk 29941 12984 52%
2018-12-23__10:45:52 1 / 29899 12963 55%
2018-12-23__10:45:52 1 /boot 42 21 51%
2018-12-23__10:46:52 0 disk 29941 12984 52%
2018-12-23__10:46:52 1 / 29899 12963 55%
2018-12-23__10:46:52 1 /boot 42 21 51%
2018-12-23__10:47:53 0 disk 29941 12984 52%
2018-12-23__10:47:53 1 / 29899 12963 55%
2018-12-23__10:47:53 1 /boot 42 21 51%
2018-12-23__10:48:53 0 disk 29941 12984 52%
2018-12-23__10:48:53 1 / 29899 12963 55%
2018-12-23__10:48:53 1 /boot 42 21 51%
2018-12-23__10:49:53 0 disk 29941 12984 52%
2018-12-23__10:49:53 1 / 29899 12963 55%
2018-12-23__10:49:53 1 /boot 42 21 51%
2018-12-23__10:50:53 0 disk 29941 12984 52%
2018-12-23__10:50:53 1 / 29899 12963 55%
2018-12-23__10:50:53 1 /boot 42 21 51%
2018-12-23__10:51:53 0 disk 29941 12984 52%
2018-12-23__10:51:53 1 / 29899 12963 55%
2018-12-23__10:51:53 1 /boot 42 21 51%
2018-12-23__10:52:53 0 disk 29941 12984 52%
2018-12-23__10:52:53 1 / 29899 12963 55%
2018-12-23__10:52:53 1 /boot 42 21 51%
2018-12-23__10:53:53 0 disk 29941 12984 52%
2018-12-23__10:53:53 1 / 29899 12963 55%
2018-12-23__10:53:53 1 /boot 42 21 51%
2018-12-23__10:54:53 0 disk 29941 12984 52%
2018-12-23__10:54:53 1 / 29899 12963 55%
2018-12-23__10:54:53 1 /boot 42 21 51%
2018-12-23__10:55:53 0 disk 29941 12984 52%
2018-12-23__10:55:53 1 / 29899 12963 55%
2018-12-23__10:55:53 1 /boot 42 21 51%
2018-12-23__10:56:53 0 disk 29941 12984 52%
2018-12-23__10:56:53 1 / 29899 12963 55%
2018-12-23__10:56:53 1 /boot 42 21 51%
2018-12-23__10:57:54 0 disk 29941 12984 52%
2018-12-23__10:57:54 1 / 29899 12963 55%
2018-12-23__10:57:54 1 /boot 42 21 51%
2018-12-23__10:58:54 0 disk 29941 12984 52%
2018-12-23__10:58:54 1 / 29899 12963 55%
2018-12-23__10:58:54 1 /boot 42 21 51%
2018-12-23__10:59:54 0 disk 29941 12984 52%
2018-12-23__10:59:54 1 / 29899 12963 55%
2018-12-23__10:59:54 1 /boot 42 21 51%
2018-12-23__11:00:54 0 disk 29941 12984 52%
2018-12-23__11:00:54 1 / 29899 12963 55%
2018-12-23__11:00:54 1 /boot 42 21 51%
2018-12-23__11:01:54 0 disk 29941 12984 52%
2018-12-23__11:01:54 1 / 29899 12963 55%
2018-12-23__11:01:54 1 /boot 42 21 51%
2018-12-23__11:02:54 0 disk 29941 12984 52%
2018-12-23__11:02:54 1 / 29899 12963 55%
2018-12-23__11:02:54 1 /boot 42 21 51%
2018-12-23__11:03:54 0 disk 29941 12984 52%
2018-12-23__11:03:54 1 / 29899 12963 55%
2018-12-23__11:03:54 1 /boot 42 21 51%
2018-12-23__11:04:54 0 disk 29941 12984 52%
2018-12-23__11:04:54 1 / 29899 12963 55%
2018-12-23__11:04:54 1 /boot 42 21 51%
2018-12-23__11:05:55 0 disk 29941 12984 52%
2018-12-23__11:05:55 1 / 29899 12963 55%
2018-12-23__11:05:55 1 /boot 42 21 51%
2018-12-23__11:06:55 0 disk 29941 12984 52%
2018-12-23__11:06:55 1 / 29899 12963 55%
2018-12-23__11:06:55 1 /boot 42 21 51%
2018-12-23__11:07:55 0 disk 29941 12985 52%
2018-12-23__11:07:55 1 / 29899 12964 55%
2018-12-23__11:07:55 1 /boot 42 21 51%
2018-12-23__11:08:55 0 disk 29941 12985 52%
2018-12-23__11:08:55 1 / 29899 12964 55%
2018-12-23__11:08:55 1 /boot 42 21 51%
2018-12-23__11:09:55 0 disk 29941 12985 52%
2018-12-23__11:09:55 1 / 29899 12964 55%
2018-12-23__11:09:55 1 /boot 42 21 51%
2018-12-23__11:10:55 0 disk 29941 12985 52%
2018-12-23__11:10:55 1 / 29899 12964 55%
2018-12-23__11:10:55 1 /boot 42 21 51%
2018-12-23__11:11:55 0 disk 29941 12985 52%
2018-12-23__11:11:55 1 / 29899 12964 55%
2018-12-23__11:11:55 1 /boot 42 21 51%
2018-12-23__11:12:55 0 disk 29941 12985 52%
2018-12-23__11:12:55 1 / 29899 12964 55%
2018-12-23__11:12:55 1 /boot 42 21 51%
2018-12-23__11:13:56 0 disk 29941 12985 52%
2018-12-23__11:13:56 1 / 29899 12964 55%
2018-12-23__11:13:56 1 /boot 42 21 51%
2018-12-23__11:14:56 0 disk 29941 12985 52%
2018-12-23__11:14:56 1 / 29899 12964 55%
2018-12-23__11:14:56 1 /boot 42 21 51%
2018-12-23__11:15:56 0 disk 29941 12985 52%
2018-12-23__11:15:56 1 / 29899 12964 55%
2018-12-23__11:15:56 1 /boot 42 21 51%
2018-12-23__11:16:56 0 disk 29941 12985 52%
2018-12-23__11:16:56 1 / 29899 12964 55%
2018-12-23__11:16:56 1 /boot 42 21 51%
2018-12-23__11:17:56 0 disk 29941 12985 52%
2018-12-23__11:17:56 1 / 29899 12964 55%
2018-12-23__11:17:56 1 /boot 42 21 51%
2018-12-23__11:18:56 0 disk 29941 12985 52%
2018-12-23__11:18:56 1 / 29899 12964 55%
2018-12-23__11:18:56 1 /boot 42 21 51%
2018-12-23__11:19:56 0 disk 29941 12985 52%
2018-12-23__11:19:56 1 / 29899 12964 55%
2018-12-23__11:19:56 1 /boot 42 21 51%
2018-12-23__11:20:56 0 disk 29941 12985 52%
2018-12-23__11:20:56 1 / 29899 12964 55%
2018-12-23__11:20:56 1 /boot 42 21 51%
2018-12-23__11:21:57 0 disk 29941 12985 52%
2018-12-23__11:21:57 1 / 29899 12964 55%
2018-12-23__11:21:57 1 /boot 42 21 51%
2018-12-23__11:22:57 0 disk 29941 12985 52%
2018-12-23__11:22:57 1 / 29899 12964 55%
2018-12-23__11:22:57 1 /boot 42 21 51%
2018-12-23__11:23:57 0 disk 29941 12985 52%
2018-12-23__11:23:57 1 / 29899 12964 55%
2018-12-23__11:23:57 1 /boot 42 21 51%
2018-12-23__11:24:57 0 disk 29941 12985 52%
2018-12-23__11:24:57 1 / 29899 12964 55%
2018-12-23__11:24:57 1 /boot 42 21 51%
2018-12-23__11:25:57 0 disk 29941 12985 52%
2018-12-23__11:25:57 1 / 29899 12964 55%
2018-12-23__11:25:57 1 /boot 42 21 51%
2018-12-23__11:26:57 0 disk 29941 12985 52%
2018-12-23__11:26:57 1 / 29899 12964 55%
2018-12-23__11:26:57 1 /boot 42 21 51%
2018-12-23__11:27:57 0 disk 29941 12985 52%
2018-12-23__11:27:57 1 / 29899 12964 55%
2018-12-23__11:27:57 1 /boot 42 21 51%
2018-12-23__11:28:57 0 disk 29941 12985 52%
2018-12-23__11:28:57 1 / 29899 12964 55%
2018-12-23__11:28:57 1 /boot 42 21 51%
2018-12-23__11:29:58 0 disk 29941 12985 52%
2018-12-23__11:29:58 1 / 29899 12964 55%
2018-12-23__11:29:58 1 /boot 42 21 51%
2018-12-23__11:30:58 0 disk 29941 12985 52%
2018-12-23__11:30:58 1 / 29899 12964 55%
2018-12-23__11:30:58 1 /boot 42 21 51%
2018-12-23__11:31:58 0 disk 29941 12985 52%
2018-12-23__11:31:58 1 / 29899 12964 55%
2018-12-23__11:31:58 1 /boot 42 21 51%
2018-12-23__11:32:58 0 disk 29941 12985 52%
2018-12-23__11:32:58 1 / 29899 12964 55%
2018-12-23__11:32:58 1 /boot 42 21 51%
2018-12-23__11:33:58 0 disk 29941 12985 52%
2018-12-23__11:33:58 1 / 29899 12964 55%
2018-12-23__11:33:58 1 /boot 42 21 51%
2018-12-23__11:34:58 0 disk 29941 12985 52%
2018-12-23__11:34:58 1 / 29899 12964 55%
2018-12-23__11:34:58 1 /boot 42 21 51%
2018-12-23__11:35:58 0 disk 29941 12985 52%
2018-12-23__11:35:58 1 / 29899 12964 55%
2018-12-23__11:35:58 1 /boot 42 21 51%
2018-12-23__11:36:58 0 disk 29941 12985 52%
2018-12-23__11:36:58 1 / 29899 12964 55%
2018-12-23__11:36:58 1 /boot 42 21 51%
2018-12-23__11:37:58 0 disk 29941 12985 52%
2018-12-23__11:37:58 1 / 29899 12964 55%
2018-12-23__11:37:58 1 /boot 42 21 51%
2018-12-23__11:38:58 0 disk 29941 12985 52%
2018-12-23__11:38:58 1 / 29899 12964 55%
2018-12-23__11:38:58 1 /boot 42 21 51%
2018-12-23__11:39:59 0 disk 29941 12985 52%
2018-12-23__11:39:59 1 / 29899 12964 55%
2018-12-23__11:39:59 1 /boot 42 21 51%
2018-12-23__11:40:59 0 disk 29941 12985 52%
2018-12-23__11:40:59 1 / 29899 12964 55%
2018-12-23__11:40:59 1 /boot 42 21 51%
2018-12-23__11:41:59 0 disk 29941 12985 52%
2018-12-23__11:41:59 1 / 29899 12964 55%
2018-12-23__11:41:59 1 /boot 42 21 51%
2018-12-23__11:42:59 0 disk 29941 12985 52%
2018-12-23__11:42:59 1 / 29899 12964 55%
2018-12-23__11:42:59 1 /boot 42 21 51%
2018-12-23__11:43:59 0 disk 29941 12985 52%
2018-12-23__11:43:59 1 / 29899 12964 55%
2018-12-23__11:43:59 1 /boot 42 21 51%
2018-12-23__11:44:59 0 disk 29941 12985 52%
2018-12-23__11:44:59 1 / 29899 12964 55%
2018-12-23__11:44:59 1 /boot 42 21 51%
2018-12-23__11:45:59 0 disk 29941 12985 52%
2018-12-23__11:45:59 1 / 29899 12964 55%
2018-12-23__11:45:59 1 /boot 42 21 51%
2018-12-23__11:46:59 0 disk 29941 12985 52%
2018-12-23__11:46:59 1 / 29899 12964 55%
2018-12-23__11:46:59 1 /boot 42 21 51%
2018-12-23__11:47:59 0 disk 29941 12985 52%
2018-12-23__11:47:59 1 / 29899 12964 55%
2018-12-23__11:47:59 1 /boot 42 21 51%
2018-12-23__11:49:00 0 disk 29941 12985 52%
2018-12-23__11:49:00 1 / 29899 12964 55%
2018-12-23__11:49:00 1 /boot 42 21 51%
2018-12-23__11:50:00 0 disk 29941 12985 52%
2018-12-23__11:50:00 1 / 29899 12964 55%
2018-12-23__11:50:00 1 /boot 42 21 51%
2018-12-23__11:51:00 0 disk 29941 12985 52%
2018-12-23__11:51:00 1 / 29899 12964 55%
2018-12-23__11:51:00 1 /boot 42 21 51%
2018-12-23__11:52:00 0 disk 29941 12985 52%
2018-12-23__11:52:00 1 / 29899 12964 55%
2018-12-23__11:52:00 1 /boot 42 21 51%
2018-12-23__11:53:00 0 disk 29941 12985 52%
2018-12-23__11:53:00 1 / 29899 12964 55%
2018-12-23__11:53:00 1 /boot 42 21 51%
2018-12-23__11:54:00 0 disk 29941 12985 52%
2018-12-23__11:54:00 1 / 29899 12964 55%
2018-12-23__11:54:00 1 /boot 42 21 51%
2018-12-23__11:55:00 0 disk 29941 12985 52%
2018-12-23__11:55:00 1 / 29899 12964 55%
2018-12-23__11:55:00 1 /boot 42 21 51%
2018-12-23__11:56:00 0 disk 29941 12985 52%
2018-12-23__11:56:00 1 / 29899 12964 55%
2018-12-23__11:56:00 1 /boot 42 21 51%
2018-12-23__11:57:00 0 disk 29941 12985 52%
2018-12-23__11:57:00 1 / 29899 12964 55%
2018-12-23__11:57:00 1 /boot 42 21 51%
2018-12-23__11:58:01 0 disk 29941 12985 52%
2018-12-23__11:58:01 1 / 29899 12964 55%
2018-12-23__11:58:01 1 /boot 42 21 51%
2018-12-23__11:59:01 0 disk 29941 12985 52%
2018-12-23__11:59:01 1 / 29899 12964 55%
2018-12-23__11:59:01 1 /boot 42 21 51%
2018-12-23__12:00:01 0 disk 29941 12985 52%
2018-12-23__12:00:01 1 / 29899 12964 55%
2018-12-23__12:00:01 1 /boot 42 21 51%
2018-12-23__12:01:01 0 disk 29941 12985 52%
2018-12-23__12:01:01 1 / 29899 12964 55%
2018-12-23__12:01:01 1 /boot 42 21 51%
2018-12-23__12:02:01 0 disk 29941 12985 52%
2018-12-23__12:02:01 1 / 29899 12964 55%
2018-12-23__12:02:01 1 /boot 42 21 51%
2018-12-23__12:03:01 0 disk 29941 12985 52%
2018-12-23__12:03:01 1 / 29899 12964 55%
2018-12-23__12:03:01 1 /boot 42 21 51%
2018-12-23__12:04:02 0 disk 29941 12985 52%
2018-12-23__12:04:02 1 / 29899 12964 55%
2018-12-23__12:04:02 1 /boot 42 21 51%
2018-12-23__12:05:02 0 disk 29941 12985 52%
2018-12-23__12:05:02 1 / 29899 12964 55%
2018-12-23__12:05:02 1 /boot 42 21 51%
2018-12-23__12:06:02 0 disk 29941 12985 52%
2018-12-23__12:06:02 1 / 29899 12964 55%
2018-12-23__12:06:02 1 /boot 42 21 51%
2018-12-23__12:07:02 0 disk 29941 12985 52%
2018-12-23__12:07:02 1 / 29899 12964 55%
2018-12-23__12:07:02 1 /boot 42 21 51%
2018-12-23__12:08:02 0 disk 29941 12985 52%
2018-12-23__12:08:02 1 / 29899 12964 55%
2018-12-23__12:08:02 1 /boot 42 21 51%
2018-12-23__12:09:02 0 disk 29941 12985 52%
2018-12-23__12:09:02 1 / 29899 12964 55%
2018-12-23__12:09:02 1 /boot 42 21 51%
2018-12-23__12:10:02 0 disk 29941 12985 52%
2018-12-23__12:10:02 1 / 29899 12964 55%
2018-12-23__12:10:02 1 /boot 42 21 51%
2018-12-23__12:11:02 0 disk 29941 12985 52%
2018-12-23__12:11:02 1 / 29899 12964 55%
2018-12-23__12:11:02 1 /boot 42 21 51%
2018-12-23__12:12:03 0 disk 29941 12985 52%
2018-12-23__12:12:03 1 / 29899 12964 55%
2018-12-23__12:12:03 1 /boot 42 21 51%
2018-12-23__12:13:03 0 disk 29941 12985 52%
2018-12-23__12:13:03 1 / 29899 12964 55%
2018-12-23__12:13:03 1 /boot 42 21 51%
2018-12-23__12:14:03 0 disk 29941 12985 52%
2018-12-23__12:14:03 1 / 29899 12964 55%
2018-12-23__12:14:03 1 /boot 42 21 51%
2018-12-23__12:15:03 0 disk 29941 12985 52%
2018-12-23__12:15:03 1 / 29899 12964 55%
2018-12-23__12:15:03 1 /boot 42 21 51%
2018-12-23__12:16:03 0 disk 29941 12985 52%
2018-12-23__12:16:03 1 / 29899 12964 55%
2018-12-23__12:16:03 1 /boot 42 21 51%
2018-12-23__12:17:03 0 disk 29941 12985 52%
2018-12-23__12:17:03 1 / 29899 12964 55%
2018-12-23__12:17:03 1 /boot 42 21 51%
2018-12-23__12:18:03 0 disk 29941 12985 52%
2018-12-23__12:18:03 1 / 29899 12964 55%
2018-12-23__12:18:03 1 /boot 42 21 51%
2018-12-23__12:19:03 0 disk 29941 12985 52%
2018-12-23__12:19:03 1 / 29899 12964 55%
2018-12-23__12:19:03 1 /boot 42 21 51%
2018-12-23__12:20:04 0 disk 29941 12985 52%
2018-12-23__12:20:04 1 / 29899 12964 55%
2018-12-23__12:20:04 1 /boot 42 21 51%
2018-12-23__12:21:04 0 disk 29941 12985 52%
2018-12-23__12:21:04 1 / 29899 12964 55%
2018-12-23__12:21:04 1 /boot 42 21 51%
2018-12-23__12:22:04 0 disk 29941 12985 52%
2018-12-23__12:22:04 1 / 29899 12964 55%
2018-12-23__12:22:04 1 /boot 42 21 51%
2018-12-23__12:23:04 0 disk 29941 12985 52%
2018-12-23__12:23:04 1 / 29899 12964 55%
2018-12-23__12:23:04 1 /boot 42 21 51%
2018-12-23__12:24:04 0 disk 29941 12985 52%
2018-12-23__12:24:04 1 / 29899 12964 55%
2018-12-23__12:24:04 1 /boot 42 21 51%
2018-12-23__12:25:04 0 disk 29941 12985 52%
2018-12-23__12:25:04 1 / 29899 12964 55%
2018-12-23__12:25:04 1 /boot 42 21 51%
2018-12-23__12:26:04 0 disk 29941 12985 52%
2018-12-23__12:26:04 1 / 29899 12964 55%
2018-12-23__12:26:04 1 /boot 42 21 51%
2018-12-23__12:27:04 0 disk 29941 12985 52%
2018-12-23__12:27:04 1 / 29899 12964 55%
2018-12-23__12:27:04 1 /boot 42 21 51%
2018-12-23__12:28:05 0 disk 29941 12985 52%
2018-12-23__12:28:05 1 / 29899 12964 55%
2018-12-23__12:28:05 1 /boot 42 21 51%
2018-12-23__12:29:05 0 disk 29941 12985 52%
2018-12-23__12:29:05 1 / 29899 12964 55%
2018-12-23__12:29:05 1 /boot 42 21 51%
2018-12-23__12:30:05 0 disk 29941 12985 52%
2018-12-23__12:30:05 1 / 29899 12964 55%
2018-12-23__12:30:05 1 /boot 42 21 51%
2018-12-23__12:31:05 0 disk 29941 12985 52%
2018-12-23__12:31:05 1 / 29899 12964 55%
2018-12-23__12:31:05 1 /boot 42 21 51%
2018-12-23__12:32:05 0 disk 29941 12985 52%
2018-12-23__12:32:05 1 / 29899 12964 55%
2018-12-23__12:32:05 1 /boot 42 21 51%
2018-12-23__12:33:05 0 disk 29941 12985 52%
2018-12-23__12:33:05 1 / 29899 12964 55%
2018-12-23__12:33:05 1 /boot 42 21 51%
2018-12-23__12:34:05 0 disk 29941 12985 52%
2018-12-23__12:34:05 1 / 29899 12964 55%
2018-12-23__12:34:05 1 /boot 42 21 51%
2018-12-23__12:35:05 0 disk 29941 12985 52%
2018-12-23__12:35:05 1 / 29899 12964 55%
2018-12-23__12:35:05 1 /boot 42 21 51%
2018-12-23__12:36:05 0 disk 29941 12985 52%
2018-12-23__12:36:05 1 / 29899 12964 55%
2018-12-23__12:36:05 1 /boot 42 21 51%
2018-12-23__12:37:06 0 disk 29941 12985 52%
2018-12-23__12:37:06 1 / 29899 12964 55%
2018-12-23__12:37:06 1 /boot 42 21 51%
2018-12-23__12:38:06 0 disk 29941 12985 52%
2018-12-23__12:38:06 1 / 29899 12964 55%
2018-12-23__12:38:06 1 /boot 42 21 51%
2018-12-23__12:39:06 0 disk 29941 12985 52%
2018-12-23__12:39:06 1 / 29899 12964 55%
2018-12-23__12:39:06 1 /boot 42 21 51%
2018-12-23__12:40:06 0 disk 29941 12985 52%
2018-12-23__12:40:06 1 / 29899 12964 55%
2018-12-23__12:40:06 1 /boot 42 21 51%
2018-12-23__12:41:06 0 disk 29941 12985 52%
2018-12-23__12:41:06 1 / 29899 12964 55%
2018-12-23__12:41:06 1 /boot 42 21 51%
2018-12-23__12:42:06 0 disk 29941 12985 52%
2018-12-23__12:42:06 1 / 29899 12964 55%
2018-12-23__12:42:06 1 /boot 42 21 51%
2018-12-23__12:43:06 0 disk 29941 12985 52%
2018-12-23__12:43:06 1 / 29899 12964 55%
2018-12-23__12:43:06 1 /boot 42 21 51%
2018-12-23__12:44:07 0 disk 29941 12985 52%
2018-12-23__12:44:07 1 / 29899 12964 55%
2018-12-23__12:44:07 1 /boot 42 21 51%
2018-12-23__12:45:07 0 disk 29941 12985 52%
2018-12-23__12:45:07 1 / 29899 12964 55%
2018-12-23__12:45:07 1 /boot 42 21 51%
2018-12-23__12:46:07 0 disk 29941 12985 52%
2018-12-23__12:46:07 1 / 29899 12964 55%
2018-12-23__12:46:07 1 /boot 42 21 51%
2018-12-23__12:47:07 0 disk 29941 12985 52%
2018-12-23__12:47:07 1 / 29899 12964 55%
2018-12-23__12:47:07 1 /boot 42 21 51%
2018-12-23__12:48:07 0 disk 29941 12985 52%
2018-12-23__12:48:07 1 / 29899 12964 55%
2018-12-23__12:48:07 1 /boot 42 21 51%
2018-12-23__12:49:07 0 disk 29941 12985 52%
2018-12-23__12:49:07 1 / 29899 12964 55%
2018-12-23__12:49:07 1 /boot 42 21 51%
2018-12-23__12:50:07 0 disk 29941 12985 52%
2018-12-23__12:50:07 1 / 29899 12964 55%
2018-12-23__12:50:07 1 /boot 42 21 51%
2018-12-23__12:51:07 0 disk 29941 12985 52%
2018-12-23__12:51:07 1 / 29899 12964 55%
2018-12-23__12:51:07 1 /boot 42 21 51%
2018-12-23__12:52:07 0 disk 29941 12985 52%
2018-12-23__12:52:07 1 / 29899 12964 55%
2018-12-23__12:52:07 1 /boot 42 21 51%
2018-12-23__12:53:08 0 disk 29941 12985 52%
2018-12-23__12:53:08 1 / 29899 12964 55%
2018-12-23__12:53:08 1 /boot 42 21 51%
2018-12-23__12:54:08 0 disk 29941 12985 52%
2018-12-23__12:54:08 1 / 29899 12964 55%
2018-12-23__12:54:08 1 /boot 42 21 51%
2018-12-23__12:55:08 0 disk 29941 12985 52%
2018-12-23__12:55:08 1 / 29899 12964 55%
2018-12-23__12:55:08 1 /boot 42 21 51%
2018-12-23__12:56:08 0 disk 29941 12985 52%
2018-12-23__12:56:08 1 / 29899 12964 55%
2018-12-23__12:56:08 1 /boot 42 21 51%
2018-12-23__12:57:08 0 disk 29941 12985 52%
2018-12-23__12:57:08 1 / 29899 12964 55%
2018-12-23__12:57:08 1 /boot 42 21 51%
2018-12-23__12:58:08 0 disk 29941 12985 52%
2018-12-23__12:58:08 1 / 29899 12964 55%
2018-12-23__12:58:08 1 /boot 42 21 51%
2018-12-23__12:59:08 0 disk 29941 12985 52%
2018-12-23__12:59:08 1 / 29899 12964 55%
2018-12-23__12:59:08 1 /boot 42 21 51%
2018-12-23__13:00:08 0 disk 29941 12985 52%
2018-12-23__13:00:08 1 / 29899 12964 55%
2018-12-23__13:00:08 1 /boot 42 21 51%
2018-12-23__13:01:08 0 disk 29941 12985 52%
2018-12-23__13:01:08 1 / 29899 12964 55%
2018-12-23__13:01:08 1 /boot 42 21 51%
2018-12-23__13:02:09 0 disk 29941 12985 52%
2018-12-23__13:02:09 1 / 29899 12964 55%
2018-12-23__13:02:09 1 /boot 42 21 51%
2018-12-23__13:03:09 0 disk 29941 12985 52%
2018-12-23__13:03:09 1 / 29899 12964 55%
2018-12-23__13:03:09 1 /boot 42 21 51%
2018-12-23__13:04:09 0 disk 29941 12985 52%
2018-12-23__13:04:09 1 / 29899 12964 55%
2018-12-23__13:04:09 1 /boot 42 21 51%
2018-12-23__13:05:09 0 disk 29941 12985 52%
2018-12-23__13:05:09 1 / 29899 12964 55%
2018-12-23__13:05:09 1 /boot 42 21 51%
2018-12-23__13:06:09 0 disk 29941 12985 52%
2018-12-23__13:06:09 1 / 29899 12964 55%
2018-12-23__13:06:09 1 /boot 42 21 51%
2018-12-23__13:07:09 0 disk 29941 12985 52%
2018-12-23__13:07:09 1 / 29899 12964 55%
2018-12-23__13:07:09 1 /boot 42 21 51%
2018-12-23__13:08:09 0 disk 29941 12985 52%
2018-12-23__13:08:09 1 / 29899 12964 55%
2018-12-23__13:08:09 1 /boot 42 21 51%
2018-12-23__13:09:09 0 disk 29941 12995 52%
2018-12-23__13:09:09 1 / 29899 12974 55%
2018-12-23__13:09:09 1 /boot 42 21 51%
2018-12-23__13:10:10 0 disk 29941 12995 52%
2018-12-23__13:10:10 1 / 29899 12974 55%
2018-12-23__13:10:10 1 /boot 42 21 51%
2018-12-23__13:11:10 0 disk 29941 12995 52%
2018-12-23__13:11:10 1 / 29899 12974 55%
2018-12-23__13:11:10 1 /boot 42 21 51%
2018-12-23__13:12:10 0 disk 29941 12995 52%
2018-12-23__13:12:10 1 / 29899 12974 55%
2018-12-23__13:12:10 1 /boot 42 21 51%
2018-12-23__13:13:10 0 disk 29941 12995 52%
2018-12-23__13:13:10 1 / 29899 12974 55%
2018-12-23__13:13:10 1 /boot 42 21 51%
2018-12-23__13:14:10 0 disk 29941 12995 52%
2018-12-23__13:14:10 1 / 29899 12974 55%
2018-12-23__13:14:10 1 /boot 42 21 51%
2018-12-23__13:15:10 0 disk 29941 12995 52%
2018-12-23__13:15:10 1 / 29899 12974 55%
2018-12-23__13:15:10 1 /boot 42 21 51%
2018-12-23__13:16:10 0 disk 29941 12995 52%
2018-12-23__13:16:10 1 / 29899 12974 55%
2018-12-23__13:16:10 1 /boot 42 21 51%
2018-12-23__13:17:11 0 disk 29941 12995 52%
2018-12-23__13:17:11 1 / 29899 12974 55%
2018-12-23__13:17:11 1 /boot 42 21 51%
2018-12-23__13:18:11 0 disk 29941 12995 52%
2018-12-23__13:18:11 1 / 29899 12974 55%
2018-12-23__13:18:11 1 /boot 42 21 51%
2018-12-23__13:19:11 0 disk 29941 12995 52%
2018-12-23__13:19:11 1 / 29899 12974 55%
2018-12-23__13:19:11 1 /boot 42 21 51%
2018-12-23__13:20:11 0 disk 29941 12995 52%
2018-12-23__13:20:11 1 / 29899 12974 55%
2018-12-23__13:20:11 1 /boot 42 21 51%
2018-12-23__13:21:11 0 disk 29941 12995 52%
2018-12-23__13:21:11 1 / 29899 12974 55%
2018-12-23__13:21:11 1 /boot 42 21 51%
2018-12-23__13:22:11 0 disk 29941 12995 52%
2018-12-23__13:22:11 1 / 29899 12974 55%
2018-12-23__13:22:11 1 /boot 42 21 51%
2018-12-23__13:23:11 0 disk 29941 12995 52%
2018-12-23__13:23:11 1 / 29899 12974 55%
2018-12-23__13:23:11 1 /boot 42 21 51%
2018-12-23__13:24:11 0 disk 29941 12995 52%
2018-12-23__13:24:11 1 / 29899 12974 55%
2018-12-23__13:24:11 1 /boot 42 21 51%
2018-12-23__13:25:12 0 disk 29941 12995 52%
2018-12-23__13:25:12 1 / 29899 12974 55%
2018-12-23__13:25:12 1 /boot 42 21 51%
2018-12-23__13:26:12 0 disk 29941 12995 52%
2018-12-23__13:26:12 1 / 29899 12974 55%
2018-12-23__13:26:12 1 /boot 42 21 51%
2018-12-23__13:27:12 0 disk 29941 12995 52%
2018-12-23__13:27:12 1 / 29899 12974 55%
2018-12-23__13:27:12 1 /boot 42 21 51%
