2018-12-22__14:06:00 0.08,0.08,0.08 81.44 42°C normal
2018-12-22__14:06:06 0.73,0.23,0.13 27.22 41°C normal
2018-12-22__14:06:12 0.83,0.26,0.14 27.04 40°C normal
2018-12-22__14:06:18 0.85,0.27,0.14 29.00 40°C normal
2018-12-22__14:06:23 0.78,0.27,0.14 30.00 40°C normal
2018-12-22__14:06:32 0.74,0.27,0.15 27.63 41°C normal
2018-12-22__14:06:37 0.76,0.29,0.15 31.81 40°C normal
2018-12-22__14:06:43 1.02,0.35,0.17 29.85 40°C normal
2018-12-22__14:06:48 1.02,0.36,0.18 30.84 40°C normal
2018-12-22__14:06:54 0.94,0.35,0.18 28.64 40°C normal
2018-12-22__14:07:00 0.94,0.36,0.18 29.85 40°C normal
2018-12-22__14:07:06 0.95,0.37,0.19 30.39 40°C normal
2018-12-22__14:07:11 0.95,0.39,0.19 28.71 41°C normal
2018-12-22__14:07:17 0.89,0.39,0.19 41.91 41°C normal
2018-12-22__14:07:23 0.81,0.38,0.19 28.42 41°C normal
2018-12-22__14:07:28 0.75,0.38,0.19 38.50 40°C normal
2018-12-22__14:07:34 0.69,0.37,0.19 28.06 40°C normal
2018-12-22__14:07:40 0.63,0.36,0.19 29.79 41°C normal
2018-12-22__14:07:45 0.58,0.36,0.19 27.41 41°C normal
2018-12-22__14:07:51 0.62,0.37,0.19 28.86 41°C normal
2018-12-22__14:07:58 0.59,0.37,0.19 49.75 41°C normal
2018-12-22__14:08:03 0.55,0.37,0.19 50.00 41°C normal
2018-12-22__14:08:09 0.50,0.36,0.19 33.16 41°C normal
2018-12-22__14:08:15 0.46,0.35,0.19 30.92 41°C normal
2018-12-22__14:08:20 0.43,0.35,0.19 29.89 41°C normal
2018-12-22__14:08:26 0.39,0.34,0.19 34.84 41°C normal
2018-12-22__14:08:32 0.40,0.35,0.19 36.45 41°C normal
2018-12-22__14:08:37 0.37,0.34,0.19 34.55 41°C normal
2018-12-22__14:08:43 0.34,0.33,0.19 33.50 41°C normal
2018-12-22__14:08:52 0.29,0.32,0.18 28.71 40°C normal
2018-12-22__14:08:57 0.27,0.32,0.18 27.72 40°C normal
2018-12-22__14:09:03 0.24,0.31,0.18 27.31 41°C normal
2018-12-22__14:09:08 0.22,0.31,0.18 27.77 41°C normal
2018-12-22__14:09:14 0.21,0.30,0.18 43.81 41°C normal
2018-12-22__14:09:20 0.19,0.30,0.18 27.72 40°C normal
2018-12-22__14:09:27 0.16,0.29,0.18 31.50 40°C normal
2018-12-22__14:09:33 0.15,0.28,0.18 27.22 40°C normal
2018-12-22__14:09:38 0.13,0.28,0.17 32.00 40°C normal
2018-12-22__14:09:44 0.12,0.27,0.17 33.33 40°C normal
2018-12-22__14:09:49 0.11,0.27,0.17 43.07 40°C normal
2018-12-22__14:09:55 0.10,0.26,0.17 35.67 41°C normal
2018-12-22__14:10:03 0.16,0.27,0.18 31.03 41°C normal
2018-12-22__14:10:08 0.15,0.26,0.17 27.69 40°C normal
2018-12-22__14:10:14 0.14,0.26,0.17 27.77 41°C normal
2018-12-22__14:10:20 0.12,0.26,0.17 28.14 40°C normal
2018-12-22__14:10:25 0.11,0.25,0.17 38.26 41°C normal
2018-12-22__14:10:31 0.11,0.25,0.17 34.65 41°C normal
2018-12-22__14:10:38 0.09,0.24,0.17 29.74 40°C normal
2018-12-22__14:10:43 0.08,0.23,0.17 27.69 40°C normal
2018-12-22__14:10:52 0.29,0.27,0.18 28.93 41°C normal
2018-12-22__14:11:03 0.81,0.38,0.22 32.98 41°C normal
2018-12-22__14:11:08 0.82,0.39,0.22 30.61 42°C normal
2018-12-22__14:11:14 0.76,0.39,0.22 33.67 41°C normal
2018-12-22__14:11:19 0.70,0.38,0.22 34.51 41°C normal
2018-12-22__14:11:28 0.59,0.37,0.22 29.44 42°C normal
2018-12-22__14:11:38 0.66,0.39,0.22 31.81 40°C normal
2018-12-22__14:11:48 0.63,0.39,0.23 36.31 41°C normal
2018-12-22__14:11:54 0.58,0.38,0.23 32.32 41°C normal
