2018-12-23__09:54:32 0 disk 29941 14170 48%
2018-12-23__09:54:32 1 / 29899 14149 51%
2018-12-23__09:54:32 1 /boot 42 21 51%
2018-12-23__09:55:33 0 disk 29941 14170 48%
2018-12-23__09:55:33 1 / 29899 14149 51%
2018-12-23__09:55:33 1 /boot 42 21 51%
2018-12-23__09:56:33 0 disk 29941 14170 48%
2018-12-23__09:56:33 1 / 29899 14149 51%
2018-12-23__09:56:33 1 /boot 42 21 51%
2018-12-23__09:57:33 0 disk 29941 14170 48%
2018-12-23__09:57:33 1 / 29899 14149 51%
2018-12-23__09:57:33 1 /boot 42 21 51%
2018-12-23__09:58:33 0 disk 29941 14170 48%
2018-12-23__09:58:33 1 / 29899 14149 51%
2018-12-23__09:58:33 1 /boot 42 21 51%
2018-12-23__09:59:33 0 disk 29941 14170 48%
2018-12-23__09:59:33 1 / 29899 14149 51%
2018-12-23__09:59:33 1 /boot 42 21 51%
2018-12-23__10:00:33 0 disk 29941 14170 48%
2018-12-23__10:00:33 1 / 29899 14149 51%
2018-12-23__10:00:33 1 /boot 42 21 51%
2018-12-23__10:01:33 0 disk 29941 14170 48%
2018-12-23__10:01:33 1 / 29899 14149 51%
2018-12-23__10:01:33 1 /boot 42 21 51%
2018-12-23__10:02:33 0 disk 29941 14169 48%
2018-12-23__10:02:33 1 / 29899 14148 51%
2018-12-23__10:02:33 1 /boot 42 21 51%
2018-12-23__10:03:34 0 disk 29941 14169 48%
2018-12-23__10:03:34 1 / 29899 14148 51%
2018-12-23__10:03:34 1 /boot 42 21 51%
2018-12-23__10:04:34 0 disk 29941 14169 48%
2018-12-23__10:04:34 1 / 29899 14148 51%
2018-12-23__10:04:34 1 /boot 42 21 51%
2018-12-23__10:05:34 0 disk 29941 14169 48%
2018-12-23__10:05:34 1 / 29899 14148 51%
2018-12-23__10:05:34 1 /boot 42 21 51%
2018-12-23__10:06:34 0 disk 29941 14169 48%
2018-12-23__10:06:34 1 / 29899 14148 51%
2018-12-23__10:06:34 1 /boot 42 21 51%
2018-12-23__10:07:34 0 disk 29941 14169 48%
2018-12-23__10:07:34 1 / 29899 14148 51%
2018-12-23__10:07:34 1 /boot 42 21 51%
2018-12-23__10:08:34 0 disk 29941 14169 48%
2018-12-23__10:08:34 1 / 29899 14148 51%
2018-12-23__10:08:34 1 /boot 42 21 51%
2018-12-23__10:09:34 0 disk 29941 14169 48%
2018-12-23__10:09:34 1 / 29899 14148 51%
2018-12-23__10:09:34 1 /boot 42 21 51%
2018-12-23__10:10:34 0 disk 29941 14170 48%
2018-12-23__10:10:34 1 / 29899 14149 51%
2018-12-23__10:10:34 1 /boot 42 21 51%
2018-12-23__10:11:35 0 disk 29941 14170 48%
2018-12-23__10:11:35 1 / 29899 14149 51%
2018-12-23__10:11:35 1 /boot 42 21 51%
2018-12-23__10:12:35 0 disk 29941 14170 48%
2018-12-23__10:12:35 1 / 29899 14149 51%
2018-12-23__10:12:35 1 /boot 42 21 51%
2018-12-23__10:13:35 0 disk 29941 14170 48%
2018-12-23__10:13:35 1 / 29899 14149 51%
2018-12-23__10:13:35 1 /boot 42 21 51%
2018-12-23__10:14:35 0 disk 29941 14170 48%
2018-12-23__10:14:35 1 / 29899 14149 51%
2018-12-23__10:14:35 1 /boot 42 21 51%
2018-12-23__10:15:35 0 disk 29941 14170 48%
2018-12-23__10:15:35 1 / 29899 14149 51%
2018-12-23__10:15:35 1 /boot 42 21 51%
2018-12-23__10:16:35 0 disk 29941 14170 48%
2018-12-23__10:16:35 1 / 29899 14149 51%
2018-12-23__10:16:35 1 /boot 42 21 51%
2018-12-23__10:17:35 0 disk 29941 14170 48%
2018-12-23__10:17:35 1 / 29899 14149 51%
2018-12-23__10:17:35 1 /boot 42 21 51%
2018-12-23__10:18:35 0 disk 29941 14170 48%
2018-12-23__10:18:35 1 / 29899 14149 51%
2018-12-23__10:18:35 1 /boot 42 21 51%
2018-12-23__10:19:35 0 disk 29941 14170 48%
2018-12-23__10:19:35 1 / 29899 14149 51%
2018-12-23__10:19:35 1 /boot 42 21 51%
2018-12-23__10:20:36 0 disk 29941 14170 48%
2018-12-23__10:20:36 1 / 29899 14149 51%
2018-12-23__10:20:36 1 /boot 42 21 51%
2018-12-23__10:21:36 0 disk 29941 14170 48%
2018-12-23__10:21:36 1 / 29899 14149 51%
2018-12-23__10:21:36 1 /boot 42 21 51%
2018-12-23__10:22:36 0 disk 29941 14170 48%
2018-12-23__10:22:36 1 / 29899 14149 51%
2018-12-23__10:22:36 1 /boot 42 21 51%
2018-12-23__10:23:36 0 disk 29941 14170 48%
2018-12-23__10:23:36 1 / 29899 14149 51%
2018-12-23__10:23:36 1 /boot 42 21 51%
2018-12-23__10:24:36 0 disk 29941 14170 48%
2018-12-23__10:24:36 1 / 29899 14149 51%
2018-12-23__10:24:36 1 /boot 42 21 51%
2018-12-23__10:25:36 0 disk 29941 14170 48%
2018-12-23__10:25:36 1 / 29899 14149 51%
2018-12-23__10:25:36 1 /boot 42 21 51%
2018-12-23__10:26:36 0 disk 29941 14170 48%
2018-12-23__10:26:36 1 / 29899 14149 51%
2018-12-23__10:26:36 1 /boot 42 21 51%
2018-12-23__10:27:36 0 disk 29941 14170 48%
2018-12-23__10:27:36 1 / 29899 14149 51%
2018-12-23__10:27:36 1 /boot 42 21 51%
2018-12-23__10:28:36 0 disk 29941 14170 48%
2018-12-23__10:28:36 1 / 29899 14149 51%
2018-12-23__10:28:36 1 /boot 42 21 51%
2018-12-23__10:29:37 0 disk 29941 14170 48%
2018-12-23__10:29:37 1 / 29899 14149 51%
2018-12-23__10:29:37 1 /boot 42 21 51%
2018-12-23__10:30:37 0 disk 29941 14170 48%
2018-12-23__10:30:37 1 / 29899 14149 51%
2018-12-23__10:30:37 1 /boot 42 21 51%
2018-12-23__10:31:37 0 disk 29941 14170 48%
2018-12-23__10:31:37 1 / 29899 14149 51%
2018-12-23__10:31:37 1 /boot 42 21 51%
2018-12-23__10:32:37 0 disk 29941 14170 48%
2018-12-23__10:32:37 1 / 29899 14149 51%
2018-12-23__10:32:37 1 /boot 42 21 51%
2018-12-23__10:33:37 0 disk 29941 14170 48%
2018-12-23__10:33:37 1 / 29899 14149 51%
2018-12-23__10:33:37 1 /boot 42 21 51%
2018-12-23__10:34:37 0 disk 29941 14170 48%
2018-12-23__10:34:37 1 / 29899 14149 51%
2018-12-23__10:34:37 1 /boot 42 21 51%
2018-12-23__10:35:37 0 disk 29941 14170 48%
2018-12-23__10:35:37 1 / 29899 14149 51%
2018-12-23__10:35:37 1 /boot 42 21 51%
2018-12-23__10:36:37 0 disk 29941 14170 48%
2018-12-23__10:36:37 1 / 29899 14149 51%
2018-12-23__10:36:37 1 /boot 42 21 51%
2018-12-23__10:37:38 0 disk 29941 14170 48%
2018-12-23__10:37:38 1 / 29899 14149 51%
2018-12-23__10:37:38 1 /boot 42 21 51%
2018-12-23__10:38:38 0 disk 29941 14170 48%
2018-12-23__10:38:38 1 / 29899 14149 51%
2018-12-23__10:38:38 1 /boot 42 21 51%
2018-12-23__10:39:38 0 disk 29941 14170 48%
2018-12-23__10:39:38 1 / 29899 14149 51%
2018-12-23__10:39:38 1 /boot 42 21 51%
2018-12-23__10:40:38 0 disk 29941 14170 48%
2018-12-23__10:40:38 1 / 29899 14149 51%
2018-12-23__10:40:38 1 /boot 42 21 51%
2018-12-23__10:41:38 0 disk 29941 14170 48%
2018-12-23__10:41:38 1 / 29899 14149 51%
2018-12-23__10:41:38 1 /boot 42 21 51%
2018-12-23__10:42:38 0 disk 29941 14170 48%
2018-12-23__10:42:38 1 / 29899 14149 51%
2018-12-23__10:42:38 1 /boot 42 21 51%
2018-12-23__10:43:38 0 disk 29941 14170 48%
2018-12-23__10:43:38 1 / 29899 14149 51%
2018-12-23__10:43:38 1 /boot 42 21 51%
2018-12-23__10:44:38 0 disk 29941 14170 48%
2018-12-23__10:44:38 1 / 29899 14149 51%
2018-12-23__10:44:38 1 /boot 42 21 51%
2018-12-23__10:45:39 0 disk 29941 14170 48%
2018-12-23__10:45:39 1 / 29899 14149 51%
2018-12-23__10:45:39 1 /boot 42 21 51%
2018-12-23__10:46:39 0 disk 29941 14170 48%
2018-12-23__10:46:39 1 / 29899 14149 51%
2018-12-23__10:46:39 1 /boot 42 21 51%
2018-12-23__10:47:39 0 disk 29941 14170 48%
2018-12-23__10:47:39 1 / 29899 14149 51%
2018-12-23__10:47:39 1 /boot 42 21 51%
2018-12-23__10:48:39 0 disk 29941 14170 48%
2018-12-23__10:48:39 1 / 29899 14149 51%
2018-12-23__10:48:39 1 /boot 42 21 51%
2018-12-23__10:49:39 0 disk 29941 14170 48%
2018-12-23__10:49:39 1 / 29899 14149 51%
2018-12-23__10:49:39 1 /boot 42 21 51%
2018-12-23__10:50:39 0 disk 29941 14170 48%
2018-12-23__10:50:39 1 / 29899 14149 51%
2018-12-23__10:50:39 1 /boot 42 21 51%
2018-12-23__10:51:39 0 disk 29941 14170 48%
2018-12-23__10:51:39 1 / 29899 14149 51%
2018-12-23__10:51:39 1 /boot 42 21 51%
2018-12-23__10:52:39 0 disk 29941 14170 48%
2018-12-23__10:52:39 1 / 29899 14149 51%
2018-12-23__10:52:39 1 /boot 42 21 51%
2018-12-23__10:53:39 0 disk 29941 14170 48%
2018-12-23__10:53:39 1 / 29899 14149 51%
2018-12-23__10:53:39 1 /boot 42 21 51%
2018-12-23__10:54:40 0 disk 29941 14170 48%
2018-12-23__10:54:40 1 / 29899 14149 51%
2018-12-23__10:54:40 1 /boot 42 21 51%
2018-12-23__10:55:40 0 disk 29941 14170 48%
2018-12-23__10:55:40 1 / 29899 14149 51%
2018-12-23__10:55:40 1 /boot 42 21 51%
2018-12-23__10:56:40 0 disk 29941 14170 48%
2018-12-23__10:56:40 1 / 29899 14149 51%
2018-12-23__10:56:40 1 /boot 42 21 51%
2018-12-23__10:57:40 0 disk 29941 14170 48%
2018-12-23__10:57:40 1 / 29899 14149 51%
2018-12-23__10:57:40 1 /boot 42 21 51%
2018-12-23__10:58:40 0 disk 29941 14170 48%
2018-12-23__10:58:40 1 / 29899 14149 51%
2018-12-23__10:58:40 1 /boot 42 21 51%
2018-12-23__10:59:40 0 disk 29941 14170 48%
2018-12-23__10:59:40 1 / 29899 14149 51%
2018-12-23__10:59:40 1 /boot 42 21 51%
2018-12-23__11:00:40 0 disk 29941 14170 48%
2018-12-23__11:00:40 1 / 29899 14149 51%
2018-12-23__11:00:40 1 /boot 42 21 51%
2018-12-23__11:01:40 0 disk 29941 14170 48%
2018-12-23__11:01:40 1 / 29899 14149 51%
2018-12-23__11:01:40 1 /boot 42 21 51%
2018-12-23__11:02:41 0 disk 29941 14170 48%
2018-12-23__11:02:41 1 / 29899 14149 51%
2018-12-23__11:02:41 1 /boot 42 21 51%
2018-12-23__11:03:41 0 disk 29941 14170 48%
2018-12-23__11:03:41 1 / 29899 14149 51%
2018-12-23__11:03:41 1 /boot 42 21 51%
2018-12-23__11:04:41 0 disk 29941 14170 48%
2018-12-23__11:04:41 1 / 29899 14149 51%
2018-12-23__11:04:41 1 /boot 42 21 51%
2018-12-23__11:05:41 0 disk 29941 14170 48%
2018-12-23__11:05:41 1 / 29899 14149 51%
2018-12-23__11:05:41 1 /boot 42 21 51%
2018-12-23__11:06:41 0 disk 29941 14170 48%
2018-12-23__11:06:41 1 / 29899 14149 51%
2018-12-23__11:06:41 1 /boot 42 21 51%
2018-12-23__11:07:41 0 disk 29941 14170 48%
2018-12-23__11:07:41 1 / 29899 14149 51%
2018-12-23__11:07:41 1 /boot 42 21 51%
2018-12-23__11:08:41 0 disk 29941 14170 48%
2018-12-23__11:08:41 1 / 29899 14149 51%
2018-12-23__11:08:41 1 /boot 42 21 51%
2018-12-23__11:09:41 0 disk 29941 14170 48%
2018-12-23__11:09:41 1 / 29899 14149 51%
2018-12-23__11:09:41 1 /boot 42 21 51%
2018-12-23__11:10:41 0 disk 29941 14170 48%
2018-12-23__11:10:41 1 / 29899 14149 51%
2018-12-23__11:10:41 1 /boot 42 21 51%
2018-12-23__11:11:42 0 disk 29941 14170 48%
2018-12-23__11:11:42 1 / 29899 14149 51%
2018-12-23__11:11:42 1 /boot 42 21 51%
2018-12-23__11:12:42 0 disk 29941 14170 48%
2018-12-23__11:12:42 1 / 29899 14149 51%
2018-12-23__11:12:42 1 /boot 42 21 51%
2018-12-23__11:13:42 0 disk 29941 14170 48%
2018-12-23__11:13:42 1 / 29899 14149 51%
2018-12-23__11:13:42 1 /boot 42 21 51%
2018-12-23__11:14:42 0 disk 29941 14170 48%
2018-12-23__11:14:42 1 / 29899 14149 51%
2018-12-23__11:14:42 1 /boot 42 21 51%
2018-12-23__11:15:42 0 disk 29941 14170 48%
2018-12-23__11:15:42 1 / 29899 14149 51%
2018-12-23__11:15:42 1 /boot 42 21 51%
2018-12-23__11:16:42 0 disk 29941 14170 48%
2018-12-23__11:16:42 1 / 29899 14149 51%
2018-12-23__11:16:42 1 /boot 42 21 51%
2018-12-23__11:17:42 0 disk 29941 14170 48%
2018-12-23__11:17:42 1 / 29899 14149 51%
2018-12-23__11:17:42 1 /boot 42 21 51%
2018-12-23__11:18:42 0 disk 29941 14170 48%
2018-12-23__11:18:42 1 / 29899 14149 51%
2018-12-23__11:18:42 1 /boot 42 21 51%
2018-12-23__11:19:42 0 disk 29941 14170 48%
2018-12-23__11:19:42 1 / 29899 14149 51%
2018-12-23__11:19:42 1 /boot 42 21 51%
2018-12-23__11:20:43 0 disk 29941 14170 48%
2018-12-23__11:20:43 1 / 29899 14149 51%
2018-12-23__11:20:43 1 /boot 42 21 51%
2018-12-23__11:21:43 0 disk 29941 14170 48%
2018-12-23__11:21:43 1 / 29899 14149 51%
2018-12-23__11:21:43 1 /boot 42 21 51%
2018-12-23__11:22:43 0 disk 29941 14170 48%
2018-12-23__11:22:43 1 / 29899 14149 51%
2018-12-23__11:22:43 1 /boot 42 21 51%
2018-12-23__11:23:43 0 disk 29941 14170 48%
2018-12-23__11:23:43 1 / 29899 14149 51%
2018-12-23__11:23:43 1 /boot 42 21 51%
2018-12-23__11:24:43 0 disk 29941 14170 48%
2018-12-23__11:24:43 1 / 29899 14149 51%
2018-12-23__11:24:43 1 /boot 42 21 51%
2018-12-23__11:25:43 0 disk 29941 14170 48%
2018-12-23__11:25:43 1 / 29899 14149 51%
2018-12-23__11:25:43 1 /boot 42 21 51%
2018-12-23__11:26:43 0 disk 29941 14170 48%
2018-12-23__11:26:43 1 / 29899 14149 51%
2018-12-23__11:26:43 1 /boot 42 21 51%
2018-12-23__11:27:43 0 disk 29941 14170 48%
2018-12-23__11:27:43 1 / 29899 14149 51%
2018-12-23__11:27:43 1 /boot 42 21 51%
2018-12-23__11:28:44 0 disk 29941 14170 48%
2018-12-23__11:28:44 1 / 29899 14149 51%
2018-12-23__11:28:44 1 /boot 42 21 51%
2018-12-23__11:29:44 0 disk 29941 14170 48%
2018-12-23__11:29:44 1 / 29899 14149 51%
2018-12-23__11:29:44 1 /boot 42 21 51%
2018-12-23__11:30:44 0 disk 29941 14170 48%
2018-12-23__11:30:44 1 / 29899 14149 51%
2018-12-23__11:30:44 1 /boot 42 21 51%
2018-12-23__11:31:44 0 disk 29941 14170 48%
2018-12-23__11:31:44 1 / 29899 14149 51%
2018-12-23__11:31:44 1 /boot 42 21 51%
2018-12-23__11:32:44 0 disk 29941 14170 48%
2018-12-23__11:32:44 1 / 29899 14149 51%
2018-12-23__11:32:44 1 /boot 42 21 51%
2018-12-23__11:33:44 0 disk 29941 14170 48%
2018-12-23__11:33:44 1 / 29899 14149 51%
2018-12-23__11:33:44 1 /boot 42 21 51%
2018-12-23__11:34:44 0 disk 29941 14170 48%
2018-12-23__11:34:44 1 / 29899 14149 51%
2018-12-23__11:34:44 1 /boot 42 21 51%
2018-12-23__11:35:44 0 disk 29941 14170 48%
2018-12-23__11:35:44 1 / 29899 14149 51%
2018-12-23__11:35:44 1 /boot 42 21 51%
2018-12-23__11:36:44 0 disk 29941 14170 48%
2018-12-23__11:36:44 1 / 29899 14149 51%
2018-12-23__11:36:44 1 /boot 42 21 51%
2018-12-23__11:37:45 0 disk 29941 14170 48%
2018-12-23__11:37:45 1 / 29899 14149 51%
2018-12-23__11:37:45 1 /boot 42 21 51%
2018-12-23__11:38:45 0 disk 29941 14170 48%
2018-12-23__11:38:45 1 / 29899 14149 51%
2018-12-23__11:38:45 1 /boot 42 21 51%
2018-12-23__11:39:45 0 disk 29941 14170 48%
2018-12-23__11:39:45 1 / 29899 14149 51%
2018-12-23__11:39:45 1 /boot 42 21 51%
2018-12-23__11:40:45 0 disk 29941 14170 48%
2018-12-23__11:40:45 1 / 29899 14149 51%
2018-12-23__11:40:45 1 /boot 42 21 51%
2018-12-23__11:41:45 0 disk 29941 14170 48%
2018-12-23__11:41:45 1 / 29899 14149 51%
2018-12-23__11:41:45 1 /boot 42 21 51%
2018-12-23__11:42:45 0 disk 29941 14170 48%
2018-12-23__11:42:45 1 / 29899 14149 51%
2018-12-23__11:42:45 1 /boot 42 21 51%
2018-12-23__11:43:45 0 disk 29941 14170 48%
2018-12-23__11:43:45 1 / 29899 14149 51%
2018-12-23__11:43:45 1 /boot 42 21 51%
2018-12-23__11:44:46 0 disk 29941 14170 48%
2018-12-23__11:44:46 1 / 29899 14149 51%
2018-12-23__11:44:46 1 /boot 42 21 51%
2018-12-23__11:45:46 0 disk 29941 14170 48%
2018-12-23__11:45:46 1 / 29899 14149 51%
2018-12-23__11:45:46 1 /boot 42 21 51%
2018-12-23__11:46:46 0 disk 29941 14170 48%
2018-12-23__11:46:46 1 / 29899 14149 51%
2018-12-23__11:46:46 1 /boot 42 21 51%
2018-12-23__11:47:46 0 disk 29941 14170 48%
2018-12-23__11:47:46 1 / 29899 14149 51%
2018-12-23__11:47:46 1 /boot 42 21 51%
2018-12-23__11:48:46 0 disk 29941 14170 48%
2018-12-23__11:48:46 1 / 29899 14149 51%
2018-12-23__11:48:46 1 /boot 42 21 51%
2018-12-23__11:49:46 0 disk 29941 14170 48%
2018-12-23__11:49:46 1 / 29899 14149 51%
2018-12-23__11:49:46 1 /boot 42 21 51%
2018-12-23__11:50:46 0 disk 29941 14170 48%
2018-12-23__11:50:46 1 / 29899 14149 51%
2018-12-23__11:50:46 1 /boot 42 21 51%
2018-12-23__11:51:46 0 disk 29941 14170 48%
2018-12-23__11:51:46 1 / 29899 14149 51%
2018-12-23__11:51:46 1 /boot 42 21 51%
2018-12-23__11:52:46 0 disk 29941 14170 48%
2018-12-23__11:52:46 1 / 29899 14149 51%
2018-12-23__11:52:46 1 /boot 42 21 51%
2018-12-23__11:53:47 0 disk 29941 14170 48%
2018-12-23__11:53:47 1 / 29899 14149 51%
2018-12-23__11:53:47 1 /boot 42 21 51%
2018-12-23__11:54:47 0 disk 29941 14170 48%
2018-12-23__11:54:47 1 / 29899 14149 51%
2018-12-23__11:54:47 1 /boot 42 21 51%
2018-12-23__11:55:47 0 disk 29941 14170 48%
2018-12-23__11:55:47 1 / 29899 14149 51%
2018-12-23__11:55:47 1 /boot 42 21 51%
2018-12-23__11:56:47 0 disk 29941 14170 48%
2018-12-23__11:56:47 1 / 29899 14149 51%
2018-12-23__11:56:47 1 /boot 42 21 51%
2018-12-23__11:57:47 0 disk 29941 14170 48%
2018-12-23__11:57:47 1 / 29899 14149 51%
2018-12-23__11:57:47 1 /boot 42 21 51%
2018-12-23__11:58:47 0 disk 29941 14170 48%
2018-12-23__11:58:47 1 / 29899 14149 51%
2018-12-23__11:58:47 1 /boot 42 21 51%
2018-12-23__11:59:47 0 disk 29941 14170 48%
2018-12-23__11:59:47 1 / 29899 14149 51%
2018-12-23__11:59:47 1 /boot 42 21 51%
2018-12-23__12:00:47 0 disk 29941 14170 48%
2018-12-23__12:00:47 1 / 29899 14149 51%
2018-12-23__12:00:47 1 /boot 42 21 51%
2018-12-23__12:01:47 0 disk 29941 14170 48%
2018-12-23__12:01:47 1 / 29899 14149 51%
2018-12-23__12:01:47 1 /boot 42 21 51%
2018-12-23__12:02:48 0 disk 29941 14170 48%
2018-12-23__12:02:48 1 / 29899 14149 51%
2018-12-23__12:02:48 1 /boot 42 21 51%
2018-12-23__12:03:48 0 disk 29941 14170 48%
2018-12-23__12:03:48 1 / 29899 14149 51%
2018-12-23__12:03:48 1 /boot 42 21 51%
2018-12-23__12:04:48 0 disk 29941 14170 48%
2018-12-23__12:04:48 1 / 29899 14149 51%
2018-12-23__12:04:48 1 /boot 42 21 51%
2018-12-23__12:05:48 0 disk 29941 14170 48%
2018-12-23__12:05:48 1 / 29899 14149 51%
2018-12-23__12:05:48 1 /boot 42 21 51%
2018-12-23__12:06:48 0 disk 29941 14170 48%
2018-12-23__12:06:48 1 / 29899 14149 51%
2018-12-23__12:06:48 1 /boot 42 21 51%
2018-12-23__12:07:48 0 disk 29941 14170 48%
2018-12-23__12:07:48 1 / 29899 14149 51%
2018-12-23__12:07:48 1 /boot 42 21 51%
2018-12-23__12:08:48 0 disk 29941 14170 48%
2018-12-23__12:08:48 1 / 29899 14149 51%
2018-12-23__12:08:48 1 /boot 42 21 51%
2018-12-23__12:09:48 0 disk 29941 14170 48%
2018-12-23__12:09:48 1 / 29899 14149 51%
2018-12-23__12:09:48 1 /boot 42 21 51%
2018-12-23__12:10:49 0 disk 29941 14170 48%
2018-12-23__12:10:49 1 / 29899 14149 51%
2018-12-23__12:10:49 1 /boot 42 21 51%
2018-12-23__12:11:49 0 disk 29941 14170 48%
2018-12-23__12:11:49 1 / 29899 14149 51%
2018-12-23__12:11:49 1 /boot 42 21 51%
2018-12-23__12:12:49 0 disk 29941 14170 48%
2018-12-23__12:12:49 1 / 29899 14149 51%
2018-12-23__12:12:49 1 /boot 42 21 51%
2018-12-23__12:13:49 0 disk 29941 14170 48%
2018-12-23__12:13:49 1 / 29899 14149 51%
2018-12-23__12:13:49 1 /boot 42 21 51%
2018-12-23__12:14:49 0 disk 29941 14170 48%
2018-12-23__12:14:49 1 / 29899 14149 51%
2018-12-23__12:14:49 1 /boot 42 21 51%
2018-12-23__12:15:49 0 disk 29941 14170 48%
2018-12-23__12:15:49 1 / 29899 14149 51%
2018-12-23__12:15:49 1 /boot 42 21 51%
2018-12-23__12:16:49 0 disk 29941 14170 48%
2018-12-23__12:16:49 1 / 29899 14149 51%
2018-12-23__12:16:49 1 /boot 42 21 51%
2018-12-23__12:17:49 0 disk 29941 14170 48%
2018-12-23__12:17:49 1 / 29899 14149 51%
2018-12-23__12:17:49 1 /boot 42 21 51%
2018-12-23__12:18:50 0 disk 29941 14170 48%
2018-12-23__12:18:50 1 / 29899 14149 51%
2018-12-23__12:18:50 1 /boot 42 21 51%
2018-12-23__12:19:50 0 disk 29941 14170 48%
2018-12-23__12:19:50 1 / 29899 14149 51%
2018-12-23__12:19:50 1 /boot 42 21 51%
2018-12-23__12:20:50 0 disk 29941 14170 48%
2018-12-23__12:20:50 1 / 29899 14149 51%
2018-12-23__12:20:50 1 /boot 42 21 51%
2018-12-23__12:21:50 0 disk 29941 14170 48%
2018-12-23__12:21:50 1 / 29899 14149 51%
2018-12-23__12:21:50 1 /boot 42 21 51%
2018-12-23__12:22:50 0 disk 29941 14170 48%
2018-12-23__12:22:50 1 / 29899 14149 51%
2018-12-23__12:22:50 1 /boot 42 21 51%
2018-12-23__12:23:50 0 disk 29941 14170 48%
2018-12-23__12:23:50 1 / 29899 14149 51%
2018-12-23__12:23:50 1 /boot 42 21 51%
2018-12-23__12:24:50 0 disk 29941 14170 48%
2018-12-23__12:24:50 1 / 29899 14149 51%
2018-12-23__12:24:50 1 /boot 42 21 51%
2018-12-23__12:25:50 0 disk 29941 14170 48%
2018-12-23__12:25:50 1 / 29899 14149 51%
2018-12-23__12:25:50 1 /boot 42 21 51%
2018-12-23__12:26:50 0 disk 29941 14170 48%
2018-12-23__12:26:50 1 / 29899 14149 51%
2018-12-23__12:26:50 1 /boot 42 21 51%
2018-12-23__12:27:50 0 disk 29941 14170 48%
2018-12-23__12:27:50 1 / 29899 14149 51%
2018-12-23__12:27:50 1 /boot 42 21 51%
2018-12-23__12:28:50 0 disk 29941 14170 48%
2018-12-23__12:28:50 1 / 29899 14149 51%
2018-12-23__12:28:50 1 /boot 42 21 51%
2018-12-23__12:29:51 0 disk 29941 14170 48%
2018-12-23__12:29:51 1 / 29899 14149 51%
2018-12-23__12:29:51 1 /boot 42 21 51%
2018-12-23__12:30:51 0 disk 29941 14170 48%
2018-12-23__12:30:51 1 / 29899 14149 51%
2018-12-23__12:30:51 1 /boot 42 21 51%
2018-12-23__12:31:51 0 disk 29941 14170 48%
2018-12-23__12:31:51 1 / 29899 14149 51%
2018-12-23__12:31:51 1 /boot 42 21 51%
2018-12-23__12:32:51 0 disk 29941 14170 48%
2018-12-23__12:32:51 1 / 29899 14149 51%
2018-12-23__12:32:51 1 /boot 42 21 51%
2018-12-23__12:33:51 0 disk 29941 14170 48%
2018-12-23__12:33:51 1 / 29899 14149 51%
2018-12-23__12:33:51 1 /boot 42 21 51%
2018-12-23__12:34:51 0 disk 29941 14170 48%
2018-12-23__12:34:51 1 / 29899 14149 51%
2018-12-23__12:34:51 1 /boot 42 21 51%
2018-12-23__12:35:51 0 disk 29941 14170 48%
2018-12-23__12:35:51 1 / 29899 14149 51%
2018-12-23__12:35:51 1 /boot 42 21 51%
2018-12-23__12:36:51 0 disk 29941 14170 48%
2018-12-23__12:36:51 1 / 29899 14149 51%
2018-12-23__12:36:51 1 /boot 42 21 51%
2018-12-23__12:37:52 0 disk 29941 14170 48%
2018-12-23__12:37:52 1 / 29899 14149 51%
2018-12-23__12:37:52 1 /boot 42 21 51%
2018-12-23__12:38:52 0 disk 29941 14170 48%
2018-12-23__12:38:52 1 / 29899 14149 51%
2018-12-23__12:38:52 1 /boot 42 21 51%
2018-12-23__12:39:52 0 disk 29941 14170 48%
2018-12-23__12:39:52 1 / 29899 14149 51%
2018-12-23__12:39:52 1 /boot 42 21 51%
2018-12-23__12:40:52 0 disk 29941 14170 48%
2018-12-23__12:40:52 1 / 29899 14149 51%
2018-12-23__12:40:52 1 /boot 42 21 51%
2018-12-23__12:41:52 0 disk 29941 14170 48%
2018-12-23__12:41:52 1 / 29899 14149 51%
2018-12-23__12:41:52 1 /boot 42 21 51%
2018-12-23__12:42:52 0 disk 29941 14170 48%
2018-12-23__12:42:52 1 / 29899 14149 51%
2018-12-23__12:42:52 1 /boot 42 21 51%
2018-12-23__12:43:52 0 disk 29941 14170 48%
2018-12-23__12:43:52 1 / 29899 14149 51%
2018-12-23__12:43:52 1 /boot 42 21 51%
2018-12-23__12:44:52 0 disk 29941 14170 48%
2018-12-23__12:44:52 1 / 29899 14149 51%
2018-12-23__12:44:52 1 /boot 42 21 51%
2018-12-23__12:45:52 0 disk 29941 14170 48%
2018-12-23__12:45:52 1 / 29899 14149 51%
2018-12-23__12:45:52 1 /boot 42 21 51%
2018-12-23__12:46:52 0 disk 29941 14170 48%
2018-12-23__12:46:52 1 / 29899 14149 51%
2018-12-23__12:46:52 1 /boot 42 21 51%
2018-12-23__12:47:53 0 disk 29941 14170 48%
2018-12-23__12:47:53 1 / 29899 14149 51%
2018-12-23__12:47:53 1 /boot 42 21 51%
2018-12-23__12:48:53 0 disk 29941 14170 48%
2018-12-23__12:48:53 1 / 29899 14149 51%
2018-12-23__12:48:53 1 /boot 42 21 51%
2018-12-23__12:49:53 0 disk 29941 14170 48%
2018-12-23__12:49:53 1 / 29899 14149 51%
2018-12-23__12:49:53 1 /boot 42 21 51%
2018-12-23__12:50:53 0 disk 29941 14170 48%
2018-12-23__12:50:53 1 / 29899 14149 51%
2018-12-23__12:50:53 1 /boot 42 21 51%
2018-12-23__12:51:53 0 disk 29941 14170 48%
2018-12-23__12:51:53 1 / 29899 14149 51%
2018-12-23__12:51:53 1 /boot 42 21 51%
2018-12-23__12:52:53 0 disk 29941 14170 48%
2018-12-23__12:52:53 1 / 29899 14149 51%
2018-12-23__12:52:53 1 /boot 42 21 51%
2018-12-23__12:53:53 0 disk 29941 14170 48%
2018-12-23__12:53:53 1 / 29899 14149 51%
2018-12-23__12:53:53 1 /boot 42 21 51%
2018-12-23__12:54:53 0 disk 29941 14170 48%
2018-12-23__12:54:53 1 / 29899 14149 51%
2018-12-23__12:54:53 1 /boot 42 21 51%
2018-12-23__12:55:54 0 disk 29941 14170 48%
2018-12-23__12:55:54 1 / 29899 14149 51%
2018-12-23__12:55:54 1 /boot 42 21 51%
2018-12-23__12:56:54 0 disk 29941 14170 48%
2018-12-23__12:56:54 1 / 29899 14149 51%
2018-12-23__12:56:54 1 /boot 42 21 51%
2018-12-23__12:57:54 0 disk 29941 14170 48%
2018-12-23__12:57:54 1 / 29899 14149 51%
2018-12-23__12:57:54 1 /boot 42 21 51%
2018-12-23__12:58:54 0 disk 29941 14170 48%
2018-12-23__12:58:54 1 / 29899 14149 51%
2018-12-23__12:58:54 1 /boot 42 21 51%
2018-12-23__12:59:54 0 disk 29941 14170 48%
2018-12-23__12:59:54 1 / 29899 14149 51%
2018-12-23__12:59:54 1 /boot 42 21 51%
2018-12-23__13:00:54 0 disk 29941 14170 48%
2018-12-23__13:00:54 1 / 29899 14149 51%
2018-12-23__13:00:54 1 /boot 42 21 51%
2018-12-23__13:01:54 0 disk 29941 14170 48%
2018-12-23__13:01:54 1 / 29899 14149 51%
2018-12-23__13:01:54 1 /boot 42 21 51%
2018-12-23__13:02:54 0 disk 29941 14170 48%
2018-12-23__13:02:54 1 / 29899 14149 51%
2018-12-23__13:02:54 1 /boot 42 21 51%
2018-12-23__13:03:54 0 disk 29941 14170 48%
2018-12-23__13:03:54 1 / 29899 14149 51%
2018-12-23__13:03:54 1 /boot 42 21 51%
2018-12-23__13:04:55 0 disk 29941 14170 48%
2018-12-23__13:04:55 1 / 29899 14149 51%
2018-12-23__13:04:55 1 /boot 42 21 51%
2018-12-23__13:05:55 0 disk 29941 14170 48%
2018-12-23__13:05:55 1 / 29899 14149 51%
2018-12-23__13:05:55 1 /boot 42 21 51%
2018-12-23__13:06:55 0 disk 29941 14180 48%
2018-12-23__13:06:55 1 / 29899 14159 51%
2018-12-23__13:06:55 1 /boot 42 21 51%
2018-12-23__13:07:55 0 disk 29941 14180 48%
2018-12-23__13:07:55 1 / 29899 14159 51%
2018-12-23__13:07:55 1 /boot 42 21 51%
2018-12-23__13:08:55 0 disk 29941 14180 48%
2018-12-23__13:08:55 1 / 29899 14159 51%
2018-12-23__13:08:55 1 /boot 42 21 51%
2018-12-23__13:09:55 0 disk 29941 14180 48%
2018-12-23__13:09:55 1 / 29899 14159 51%
2018-12-23__13:09:55 1 /boot 42 21 51%
2018-12-23__13:10:55 0 disk 29941 14180 48%
2018-12-23__13:10:55 1 / 29899 14159 51%
2018-12-23__13:10:55 1 /boot 42 21 51%
2018-12-23__13:11:55 0 disk 29941 14180 48%
2018-12-23__13:11:55 1 / 29899 14159 51%
2018-12-23__13:11:55 1 /boot 42 21 51%
2018-12-23__13:12:55 0 disk 29941 14180 48%
2018-12-23__13:12:55 1 / 29899 14159 51%
2018-12-23__13:12:55 1 /boot 42 21 51%
2018-12-23__13:13:56 0 disk 29941 14180 48%
2018-12-23__13:13:56 1 / 29899 14159 51%
2018-12-23__13:13:56 1 /boot 42 21 51%
2018-12-23__13:14:56 0 disk 29941 14180 48%
2018-12-23__13:14:56 1 / 29899 14159 51%
2018-12-23__13:14:56 1 /boot 42 21 51%
2018-12-23__13:15:56 0 disk 29941 14180 48%
2018-12-23__13:15:56 1 / 29899 14159 51%
2018-12-23__13:15:56 1 /boot 42 21 51%
2018-12-23__13:16:56 0 disk 29941 14180 48%
2018-12-23__13:16:56 1 / 29899 14159 51%
2018-12-23__13:16:56 1 /boot 42 21 51%
2018-12-23__13:17:56 0 disk 29941 14180 48%
2018-12-23__13:17:56 1 / 29899 14159 51%
2018-12-23__13:17:56 1 /boot 42 21 51%
2018-12-23__13:18:56 0 disk 29941 14180 48%
2018-12-23__13:18:56 1 / 29899 14159 51%
2018-12-23__13:18:56 1 /boot 42 21 51%
2018-12-23__13:19:56 0 disk 29941 14180 48%
2018-12-23__13:19:56 1 / 29899 14159 51%
2018-12-23__13:19:56 1 /boot 42 21 51%
2018-12-23__13:20:56 0 disk 29941 14180 48%
2018-12-23__13:20:56 1 / 29899 14159 51%
2018-12-23__13:20:56 1 /boot 42 21 51%
2018-12-23__13:21:57 0 disk 29941 14180 48%
2018-12-23__13:21:57 1 / 29899 14159 51%
2018-12-23__13:21:57 1 /boot 42 21 51%
2018-12-23__13:22:57 0 disk 29941 14180 48%
2018-12-23__13:22:57 1 / 29899 14159 51%
2018-12-23__13:22:57 1 /boot 42 21 51%
2018-12-23__13:23:57 0 disk 29941 14180 48%
2018-12-23__13:23:57 1 / 29899 14159 51%
2018-12-23__13:23:57 1 /boot 42 21 51%
2018-12-23__13:24:57 0 disk 29941 14180 48%
2018-12-23__13:24:57 1 / 29899 14159 51%
2018-12-23__13:24:57 1 /boot 42 21 51%
2018-12-23__13:25:57 0 disk 29941 14180 48%
2018-12-23__13:25:57 1 / 29899 14159 51%
2018-12-23__13:25:57 1 /boot 42 21 51%
2018-12-23__13:26:57 0 disk 29941 14180 48%
2018-12-23__13:26:57 1 / 29899 14159 51%
2018-12-23__13:26:57 1 /boot 42 21 51%
