2018-12-22__19:09:33 0.39,0.69,0.70 33.49 51°C note
2018-12-22__19:09:39 0.36,0.68,0.69 27.04 51°C note
2018-12-22__19:09:45 0.33,0.67,0.69 30.25 52°C note
2018-12-22__19:09:50 0.46,0.69,0.70 29.50 52°C note
2018-12-22__19:09:56 0.43,0.68,0.69 31.06 51°C note
2018-12-22__19:10:01 0.55,0.70,0.70 28.29 52°C note
2018-12-23__09:54:57 0.67,0.59,0.65 98.46 48°C normal
2018-12-23__09:55:03 0.77,0.61,0.65 46.50 48°C normal
2018-12-23__09:55:08 0.71,0.60,0.65 41.58 47°C normal
2018-12-23__09:55:14 0.76,0.61,0.65 39.50 46°C normal
2018-12-23__09:55:20 0.70,0.60,0.65 42.18 46°C normal
2018-12-23__09:55:26 0.64,0.59,0.65 64.87 47°C normal
2018-12-23__09:55:31 0.59,0.58,0.64 27.83 47°C normal
2018-12-23__09:55:37 0.54,0.57,0.64 29.55 47°C normal
2018-12-23__09:55:43 0.58,0.58,0.64 33.83 47°C normal
2018-12-23__09:55:48 0.53,0.57,0.64 32.35 47°C normal
2018-12-23__09:55:54 0.60,0.58,0.64 29.29 47°C normal
2018-12-23__09:56:00 0.55,0.57,0.64 62.56 48°C normal
2018-12-23__09:56:03 0.55,0.57,0.64 100.00 48°C normal
2018-12-23__09:56:09 1.20,0.72,0.68 84.00 48°C normal
2018-12-23__09:56:15 1.10,0.71,0.68 83.50 48°C normal
2018-12-23__09:56:21 1.02,0.69,0.67 56.50 47°C normal
2018-12-23__09:56:26 1.01,0.70,0.68 43.58 47°C normal
2018-12-23__09:56:32 1.01,0.71,0.68 43.07 47°C normal
2018-12-23__09:56:38 1.25,0.76,0.70 72.41 48°C normal
2018-12-23__09:56:46 1.13,0.75,0.69 39.69 49°C normal
2018-12-23__09:56:51 1.04,0.74,0.69 28.07 48°C normal
2018-12-23__09:56:57 0.96,0.73,0.69 43.50 48°C normal
2018-12-23__09:57:03 1.04,0.75,0.69 28.85 47°C normal
2018-12-23__09:57:08 1.12,0.77,0.70 26.66 47°C normal
2018-12-23__09:57:14 1.11,0.77,0.70 27.91 47°C normal
2018-12-23__09:57:20 1.16,0.80,0.71 55.00 48°C normal
2018-12-23__09:57:25 1.07,0.78,0.71 43.36 48°C normal
2018-12-23__09:57:31 0.98,0.77,0.70 35.46 48°C normal
2018-12-23__09:57:37 0.90,0.76,0.70 27.83 47°C normal
2018-12-23__09:57:42 0.91,0.76,0.70 29.50 48°C normal
2018-12-23__09:57:48 0.84,0.75,0.70 30.15 48°C normal
2018-12-23__09:57:54 0.85,0.75,0.70 46.46 48°C normal
2018-12-23__09:57:59 1.11,0.81,0.72 70.93 48°C normal
2018-12-23__09:58:05 1.26,0.85,0.73 45.50 48°C normal
2018-12-23__09:58:12 1.16,0.83,0.73 31.40 48°C normal
2018-12-23__09:58:18 1.07,0.82,0.72 28.27 48°C normal
2018-12-23__09:58:23 0.98,0.81,0.72 51.70 48°C normal
2018-12-23__09:58:29 1.06,0.83,0.73 52.02 48°C normal
2018-12-23__09:58:35 0.97,0.81,0.72 64.67 47°C normal
2018-12-23__09:58:41 0.89,0.80,0.72 71.64 48°C normal
2018-12-23__09:58:46 0.90,0.80,0.72 28.93 48°C normal
2018-12-23__09:58:52 0.91,0.81,0.72 48.97 48°C normal
2018-12-23__09:58:57 0.84,0.79,0.72 32.32 48°C normal
2018-12-23__09:59:03 0.77,0.78,0.72 31.10 48°C normal
2018-12-23__09:59:09 0.79,0.78,0.72 60.69 49°C normal
2018-12-23__09:59:14 0.81,0.79,0.72 31.44 48°C normal
2018-12-23__09:59:20 1.07,0.84,0.74 34.34 48°C normal
2018-12-23__09:59:26 1.06,0.85,0.74 30.76 49°C normal
2018-12-23__09:59:33 1.06,0.85,0.74 32.51 48°C normal
2018-12-23__09:59:39 0.97,0.84,0.74 42.05 48°C normal
2018-12-23__09:59:44 0.90,0.82,0.73 37.98 48°C normal
2018-12-23__09:59:50 0.99,0.85,0.74 33.65 48°C normal
2018-12-23__09:59:56 0.99,0.85,0.74 37.68 47°C normal
2018-12-23__10:00:01 0.91,0.83,0.74 49.50 48°C normal
2018-12-23__10:00:07 0.84,0.82,0.74 65.19 48°C normal
2018-12-23__10:00:13 0.77,0.81,0.73 68.52 48°C normal
2018-12-23__10:00:18 0.71,0.79,0.73 75.25 47°C normal
2018-12-23__10:00:24 0.65,0.78,0.72 45.68 47°C normal
2018-12-23__10:00:30 0.70,0.79,0.73 34.50 47°C normal
2018-12-23__10:00:36 0.64,0.77,0.72 44.89 47°C normal
2018-12-23__10:00:41 0.67,0.78,0.72 27.91 47°C normal
2018-12-23__10:00:47 0.62,0.76,0.72 28.71 47°C normal
2018-12-23__10:00:53 0.57,0.75,0.72 28.00 47°C normal
2018-12-23__10:00:59 0.68,0.77,0.72 30.84 47°C normal
2018-12-23__10:01:05 0.65,0.76,0.72 30.00 47°C normal
2018-12-23__10:01:10 0.60,0.75,0.72 28.20 48°C normal
2018-12-23__10:01:16 0.63,0.75,0.72 47.42 49°C normal
2018-12-23__10:01:21 0.82,0.79,0.73 29.79 48°C normal
2018-12-23__10:01:27 0.76,0.78,0.73 36.84 48°C normal
2018-12-23__10:01:33 0.78,0.78,0.73 29.06 47°C normal
2018-12-23__10:01:38 0.71,0.77,0.72 33.01 47°C normal
2018-12-23__10:01:44 0.66,0.76,0.72 31.50 47°C normal
2018-12-23__10:01:50 0.63,0.75,0.72 29.41 47°C normal
2018-12-23__10:01:55 0.58,0.74,0.72 35.56 47°C normal
2018-12-23__10:02:01 0.53,0.72,0.71 27.50 47°C normal
2018-12-23__10:02:07 0.65,0.74,0.72 30.80 48°C normal
2018-12-23__10:02:12 0.68,0.75,0.72 56.85 48°C normal
2018-12-23__10:02:20 0.57,0.72,0.71 50.51 48°C normal
2018-12-23__10:02:26 0.53,0.71,0.71 73.71 48°C normal
2018-12-23__10:02:32 0.48,0.70,0.70 36.13 47°C normal
2018-12-23__10:02:37 0.45,0.69,0.70 33.17 47°C normal
2018-12-23__10:02:43 0.41,0.68,0.70 32.30 47°C normal
2018-12-23__10:02:49 0.62,0.71,0.71 33.16 46°C normal
2018-12-23__10:02:54 0.73,0.74,0.72 34.50 47°C normal
2018-12-23__10:03:00 0.69,0.73,0.72 57.51 48°C normal
2018-12-23__10:03:06 0.79,0.75,0.72 43.43 48°C normal
2018-12-23__10:03:11 0.73,0.74,0.72 45.17 48°C normal
2018-12-23__10:03:17 0.75,0.74,0.72 62.37 48°C normal
2018-12-23__10:03:23 0.69,0.73,0.72 35.35 48°C normal
2018-12-23__10:03:28 0.72,0.71 32.99 47°C normal
2018-12-23__10:03:34 0.70,0.71 31.15 48°C normal
2018-12-23__10:03:43 0.68,0.70 30.19 47°C normal
2018-12-23__10:03:49 0.67,0.70 47.00 47°C normal
2018-12-23__10:03:55 0.69,0.70 46.46 47°C normal
2018-12-23__10:04:00 0.70,0.71 58.82 47°C normal
2018-12-23__10:04:06 0.72,0.72 47.52 47°C normal
2018-12-23__10:04:12 0.71,0.71 51.94 47°C normal
2018-12-23__10:04:18 0.70,0.71 55.72 48°C normal
2018-12-23__10:04:23 0.69,0.70 48.45 48°C normal
2018-12-23__10:04:29 0.69,0.71 40.00 49°C normal
2018-12-23__10:04:34 0.68,0.70 32.12 48°C normal
2018-12-23__10:04:40 0.67,0.70 28.78 48°C normal
2018-12-23__10:04:46 0.70,0.71 27.04 47°C normal
2018-12-23__10:04:51 0.68,0.70 27.58 47°C normal
2018-12-23__10:04:57 0.67,0.70 34.87 48°C normal
2018-12-23__10:05:04 0.66,0.70 57.48 48°C normal
2018-12-23__10:05:09 0.73,0.72 40.97 49°C normal
2018-12-23__10:05:15 0.76,0.73 41.32 48°C normal
2018-12-23__10:05:21 0.76,0.73 37.82 48°C normal
2018-12-23__10:05:26 0.78,0.74 56.78 49°C normal
2018-12-23__10:05:32 0.87,0.76 35.02 48°C normal
2018-12-23__10:05:38 0.87,0.77 36.41 47°C normal
2018-12-23__10:05:44 0.88,0.77 38.42 47°C normal
2018-12-23__10:05:49 1.01,0.81 47.95 48°C normal
2018-12-23__10:05:55 1.01,0.81 46.35 48°C normal
2018-12-23__10:06:01 1.03,0.82 75.87 48°C normal
2018-12-23__10:06:06 1.03,0.82 62.94 48°C normal
2018-12-23__10:06:12 1.01,0.82 47.95 48°C normal
2018-12-23__10:06:18 0.99,0.81 46.23 48°C normal
2018-12-23__10:06:24 0.99,0.81 83.33 48°C normal
2018-12-23__10:06:31 1.01,0.82 27.50 49°C normal
2018-12-23__10:06:37 1.03,0.83 27.72 49°C normal
2018-12-23__10:06:43 1.01,0.82 27.63 49°C normal
2018-12-23__10:06:48 0.99,0.82 39.39 49°C normal
2018-12-23__10:06:54 0.97,0.81 28.57 49°C normal
2018-12-23__10:06:59 0.98,0.81 36.41 49°C normal
2018-12-23__10:07:05 0.98,0.82 47.20 49°C normal
2018-12-23__10:07:11 1.04,0.84 45.91 49°C normal
2018-12-23__10:07:16 1.03,0.84 34.01 49°C normal
2018-12-23__10:07:22 1.01,0.83 27.94 49°C normal
2018-12-23__10:07:28 1.01,0.83 32.14 50°C normal
2018-12-23__10:07:33 1.01,0.83 28.85 49°C normal
2018-12-23__10:07:39 0.99,0.83 28.50 49°C normal
2018-12-23__10:07:45 0.99,0.83 58.82 49°C normal
2018-12-23__10:07:52 1.02,0.84 39.51 48°C normal
2018-12-23__10:07:58 1.01,0.84 48.75 49°C normal
2018-12-23__10:08:04 1.01,0.84 48.27 48°C normal
2018-12-23__10:08:09 1.04,0.85 46.76 49°C normal
2018-12-23__10:08:15 1.02,0.84 62.94 49°C normal
2018-12-23__10:08:21 1.02,0.85 64.35 48°C normal
2018-12-23__10:08:26 1.00,0.84 66.16 49°C normal
2018-12-23__10:08:32 0.99,0.84 54.04 50°C normal
2018-12-23__10:08:38 0.97,0.83 64.97 49°C normal
2018-12-23__10:08:43 1.02,0.85 31.44 49°C normal
2018-12-23__10:08:49 1.00,0.84 26.76 50°C normal
2018-12-23__10:08:55 0.99,0.84 27.31 49°C normal
2018-12-23__10:09:00 0.99,0.84 27.77 49°C normal
2018-12-23__10:09:06 1.02,0.85 30.00 48°C normal
2018-12-23__10:09:13 1.02,0.85 29.44 49°C normal
2018-12-23__10:09:18 1.02,0.85 35.68 48°C normal
2018-12-23__10:09:24 1.00,0.85 37.43 49°C normal
2018-12-23__10:09:30 1.00,0.85 34.65 48°C normal
2018-12-23__10:09:35 0.99,0.85 48.01 49°C normal
2018-12-23__10:09:41 1.04,0.86 40.79 49°C normal
2018-12-23__10:09:47 1.04,0.86 36.50 49°C normal
2018-12-23__10:09:52 1.03,0.87 32.83 49°C normal
2018-12-23__10:09:58 1.05,0.87 44.97 49°C normal
2018-12-23__10:10:04 1.07,0.88 42.13 49°C normal
2018-12-23__10:10:09 1.10,0.89 62.80 49°C normal
2018-12-23__10:10:15 1.16,0.91 49.25 48°C normal
2018-12-23__10:10:21 1.16,0.91 67.01 49°C normal
2018-12-23__10:10:27 1.15,0.91 72.72 49°C normal
2018-12-23__10:10:37 1.12,0.90 54.63 49°C normal
2018-12-23__10:10:43 1.10,0.90 46.96 49°C normal
2018-12-23__10:10:49 1.13,0.91 58.46 49°C normal
2018-12-23__10:10:54 1.14,0.92 34.50 49°C normal
2018-12-23__10:11:00 1.16,0.92 44.39 49°C normal
2018-12-23__10:11:06 1.35,0.99 64.14 49°C normal
2018-12-23__10:11:12 1.33,0.98 58.70 49°C normal
2018-12-23__10:11:17 1.31,0.98 62.50 49°C normal
2018-12-23__10:11:23 1.29,0.97 80.09 49°C normal
2018-12-23__10:11:29 1.26,0.97 92.53 49°C normal
2018-12-23__10:11:35 1.26,0.97 74.35 51°C note
2018-12-23__10:11:40 1.24,0.96 66.16 51°C note
2018-12-23__10:11:46 1.26,0.97 49.48 51°C note
2018-12-23__10:11:52 1.26,0.97 31.34 49°C normal
2018-12-23__10:11:57 1.24,0.97 35.64 50°C normal
2018-12-23__10:12:03 1.22,0.96 30.65 49°C normal
2018-12-23__10:12:09 1.21,0.96 47.47 50°C normal
2018-12-23__10:12:14 1.21,0.96 29.66 50°C normal
2018-12-23__10:12:20 1.19,0.96 53.84 50°C normal
2018-12-23__10:12:26 1.18,0.96 47.57 51°C note
2018-12-23__10:12:31 1.18,0.96 29.66 50°C normal
2018-12-23__10:12:37 1.19,0.96 31.08 51°C note
2018-12-23__10:12:42 1.19,0.96 29.50 50°C normal
2018-12-23__10:12:48 1.22,0.98 32.32 50°C normal
2018-12-23__10:12:54 1.20,0.97 42.42 50°C normal
2018-12-23__10:12:59 1.18,0.97 33.83 49°C normal
2018-12-23__10:13:05 1.16,0.96 37.87 49°C normal
2018-12-23__10:13:11 1.14,0.95 28.00 50°C normal
2018-12-23__10:13:16 1.12,0.95 44.10 49°C normal
2018-12-23__10:13:23 1.10,0.94 33.66 48°C normal
2018-12-23__10:13:29 1.10,0.94 36.31 48°C normal
2018-12-23__10:13:35 1.11,0.95 35.35 49°C normal
2018-12-23__10:13:41 1.16,0.97 39.00 49°C normal
2018-12-23__10:13:46 1.14,0.96 68.15 49°C normal
2018-12-23__10:13:52 1.17,0.97 56.06 49°C normal
2018-12-23__10:13:58 1.17,0.97 79.45 49°C normal
2018-12-23__10:14:03 1.15,0.97 82.82 50°C normal
2018-12-23__10:14:09 1.13,0.96 83.93 50°C normal
2018-12-23__10:14:15 1.12,0.96 77.15 51°C note
2018-12-23__10:14:20 1.11,0.96 74.24 51°C note
2018-12-23__10:14:26 1.10,0.96 52.06 51°C note
2018-12-23__10:14:32 1.18,0.99 69.45 50°C normal
2018-12-23__10:14:37 1.18,0.99 63.31 51°C note
2018-12-23__10:14:46 1.16,0.98 38.11 49°C normal
2018-12-23__10:14:52 1.24,1.01 32.33 49°C normal
2018-12-23__10:14:57 1.25,1.02 46.56 49°C normal
2018-12-23__10:15:03 1.25,1.01 59.00 49°C normal
2018-12-23__10:15:09 1.22,1.01 52.94 49°C normal
2018-12-23__10:15:15 1.22,1.01 46.46 49°C normal
2018-12-23__10:15:20 1.20,1.00 61.11 49°C normal
2018-12-23__10:15:26 1.23,1.01 54.35 49°C normal
2018-12-23__10:15:32 1.22,1.01 79.10 49°C normal
2018-12-23__10:15:37 1.22,1.01 29.29 49°C normal
2018-12-23__10:15:43 1.20,1.01 40.19 49°C normal
2018-12-23__10:15:49 1.21,1.01 34.01 49°C normal
2018-12-23__10:15:54 1.19,1.01 38.69 50°C normal
2018-12-23__10:16:00 1.17,1.00 41.91 50°C normal
2018-12-23__10:16:07 1.15,1.00 40.09 50°C normal
2018-12-23__10:16:13 1.13,0.99 73.65 50°C normal
2018-12-23__10:16:18 1.14,1.00 32.33 49°C normal
2018-12-23__10:16:24 1.14,1.00 38.80 50°C normal
2018-12-23__10:16:30 1.14,1.00 33.33 49°C normal
2018-12-23__10:16:35 1.12,0.99 38.38 48°C normal
2018-12-23__10:16:41 1.12,0.99 27.55 49°C normal
2018-12-23__10:16:47 1.10,0.99 29.29 48°C normal
2018-12-23__10:16:52 1.08,0.98 42.28 48°C normal
2018-12-23__10:16:58 1.06,0.98 29.90 48°C normal
2018-12-23__10:17:04 1.06,0.98 28.14 47°C normal
2018-12-23__10:17:09 1.07,0.98 43.84 48°C normal
2018-12-23__10:17:15 1.06,0.98 35.82 47°C normal
2018-12-23__10:17:21 1.04,0.97 65.32 48°C normal
2018-12-23__10:17:27 1.10,0.99 28.14 47°C normal
2018-12-23__10:17:33 1.08,0.99 56.39 48°C normal
2018-12-23__10:17:39 1.07,0.98 27.77 47°C normal
2018-12-23__10:17:45 1.05,0.98 28.28 48°C normal
2018-12-23__10:17:50 1.06,0.98 29.00 47°C normal
2018-12-23__10:17:56 1.05,0.98 29.90 47°C normal
2018-12-23__10:18:02 1.06,0.98 27.83 48°C normal
2018-12-23__10:18:07 1.04,0.98 38.19 48°C normal
2018-12-23__10:18:13 1.02,0.97 51.29 49°C normal
2018-12-23__10:18:18 1.01,0.97 27.00 48°C normal
2018-12-23__10:18:24 1.01,0.97 27.27 47°C normal
2018-12-23__10:18:30 0.99,0.96 45.22 48°C normal
2018-12-23__10:18:35 0.97,0.96 30.19 48°C normal
2018-12-23__10:18:41 0.96,0.95 57.14 49°C normal
2018-12-23__10:18:47 0.96,0.95 27.17 49°C normal
2018-12-23__10:18:55 0.94,0.95 43.47 48°C normal
2018-12-23__10:19:00 0.93,0.94 58.50 48°C normal
2018-12-23__10:19:06 0.91,0.94 34.48 48°C normal
2018-12-23__10:19:12 0.93,0.94 36.76 47°C normal
2018-12-23__10:19:17 0.91,0.94 34.51 47°C normal
2018-12-23__10:19:23 0.93,0.94 32.32 47°C normal
2018-12-23__10:19:29 0.93,0.94 32.67 47°C normal
2018-12-23__10:19:35 0.94,0.94 28.85 48°C normal
2018-12-23__10:19:40 0.92,0.94 33.33 47°C normal
2018-12-23__10:19:46 0.90,0.93 34.29 48°C normal
2018-12-23__10:19:52 0.89,0.93 49.49 48°C normal
2018-12-23__10:19:57 0.93,0.94 44.72 48°C normal
2018-12-23__10:20:03 0.93,0.94 28.71 48°C normal
2018-12-23__10:20:09 0.96,0.95 41.11 48°C normal
2018-12-23__10:20:14 0.95,0.95 28.06 49°C normal
2018-12-23__10:20:21 0.95,0.95 51.51 49°C normal
2018-12-23__10:20:26 0.93,0.94 53.20 49°C normal
2018-12-23__10:20:32 0.91,0.94 45.72 49°C normal
2018-12-23__10:20:37 0.93,0.94 34.48 49°C normal
2018-12-23__10:20:43 0.92,0.94 46.23 49°C normal
2018-12-23__10:20:49 0.90,0.93 27.13 49°C normal
2018-12-23__10:20:54 0.90,0.93 31.84 48°C normal
2018-12-23__10:21:00 0.89,0.93 54.95 48°C normal
2018-12-23__10:21:06 0.87,0.92 41.11 49°C normal
2018-12-23__10:21:11 0.86,0.92 28.35 48°C normal
2018-12-23__10:21:17 0.88,0.92 30.69 48°C normal
2018-12-23__10:21:23 0.85,0.91 29.06 48°C normal
2018-12-23__10:21:28 0.83,0.91 27.41 47°C normal
2018-12-23__10:21:34 0.82,0.90 29.75 47°C normal
2018-12-23__10:21:41 0.84,0.91 34.17 47°C normal
2018-12-23__10:21:47 0.84,0.91 37.87 47°C normal
2018-12-23__10:21:53 0.85,0.91 34.32 48°C normal
2018-12-23__10:21:58 0.83,0.90 28.64 47°C normal
2018-12-23__10:22:04 0.82,0.90 33.33 47°C normal
2018-12-23__10:22:10 0.81,0.89 40.40 48°C normal
2018-12-23__10:22:15 0.84,0.91 60.10 48°C normal
2018-12-23__10:22:21 0.83,0.90 47.47 48°C normal
2018-12-23__10:22:27 0.81,0.90 40.50 48°C normal
2018-12-23__10:22:32 0.85,0.91 30.65 48°C normal
2018-12-23__10:22:38 0.86,0.91 31.00 49°C normal
2018-12-23__10:22:44 0.84,0.90 32.84 49°C normal
2018-12-23__10:22:49 0.86,0.91 32.82 49°C normal
2018-12-23__10:22:55 0.85,0.91 31.47 48°C normal
2018-12-23__10:23:02 0.83,0.90 34.32 49°C normal
2018-12-23__10:23:07 0.82,0.90 46.70 48°C normal
2018-12-23__10:23:13 0.81,0.89 34.00 48°C normal
2018-12-23__10:23:19 0.81,0.89 46.03 48°C normal
2018-12-23__10:23:24 0.81,0.89 39.50 47°C normal
2018-12-23__10:23:30 0.88,0.92 49.74 47°C normal
2018-12-23__10:23:36 0.87,0.91 59.79 47°C normal
2018-12-23__10:23:41 0.85,0.91 39.89 47°C normal
2018-12-23__10:23:47 0.84,0.90 45.77 47°C normal
2018-12-23__10:23:53 0.83,0.90 46.82 47°C normal
2018-12-23__10:23:59 0.83,0.90 40.77 47°C normal
2018-12-23__10:24:04 0.83,0.90 60.09 47°C normal
2018-12-23__10:24:10 0.82,0.89 39.89 47°C normal
2018-12-23__10:24:16 0.81,0.89 43.41 47°C normal
2018-12-23__10:24:21 0.84,0.90 46.42 47°C normal
2018-12-23__10:24:27 0.90,0.92 57.48 47°C normal
2018-12-23__10:24:33 0.90,0.92 66.99 47°C normal
2018-12-23__10:24:39 0.90,0.92 65.15 48°C normal
2018-12-23__10:24:45 0.90,0.92 59.00 49°C normal
2018-12-23__10:24:50 0.91,0.92 79.69 50°C normal
2018-12-23__10:24:56 0.91,0.92 70.70 49°C normal
2018-12-23__10:25:02 0.91,0.92 57.07 51°C note
2018-12-23__10:25:07 0.91,0.92 61.38 50°C normal
2018-12-23__10:25:13 0.95,0.93 89.21 50°C normal
2018-12-23__10:25:19 1.02,0.95 53.29 51°C note
2018-12-23__10:25:25 1.02,0.96 62.00 51°C note
2018-12-23__10:25:30 1.03,0.96 55.50 52°C note
2018-12-23__10:25:36 1.03,0.96 58.33 50°C normal
2018-12-23__10:25:42 1.03,0.96 55.05 52°C note
2018-12-23__10:25:48 1.03,0.96 63.59 51°C note
2018-12-23__10:25:54 1.03,0.96 54.02 51°C note
2018-12-23__10:25:59 1.03,0.96 52.50 50°C normal
2018-12-23__10:26:05 1.03,0.96 57.14 50°C normal
2018-12-23__10:26:11 1.03,0.97 60.50 50°C normal
2018-12-23__10:26:16 1.03,0.97 61.00 51°C note
2018-12-23__10:26:22 1.03,0.97 54.77 50°C normal
2018-12-23__10:26:28 1.07,0.98 57.86 51°C note
2018-12-23__10:26:34 1.09,0.99 61.13 51°C note
2018-12-23__10:26:39 1.09,0.99 56.15 51°C note
2018-12-23__10:26:45 1.09,0.99 65.51 51°C note
2018-12-23__10:26:51 1.12,1.00 54.18 50°C normal
2018-12-23__10:26:56 1.13,1.01 60.86 50°C normal
2018-12-23__10:27:02 1.13,1.01 53.88 50°C normal
2018-12-23__10:27:09 1.14,1.01 52.84 50°C normal
2018-12-23__10:27:14 1.14,1.01 62.17 51°C note
2018-12-23__10:27:20 1.14,1.01 77.55 51°C note
2018-12-23__10:27:26 1.17,1.02 53.69 51°C note
2018-12-23__10:27:31 1.17,1.02 58.41 52°C note
2018-12-23__10:27:37 1.16,1.02 52.02 52°C note
2018-12-23__10:27:43 1.16,1.02 55.55 52°C note
2018-12-23__10:27:48 1.19,1.03 53.46 52°C note
2018-12-23__10:27:54 1.18,1.03 70.44 52°C note
2018-12-23__10:27:59 1.18,1.03 54.31 52°C note
2018-12-23__10:28:05 1.21,1.04 78.04 51°C note
2018-12-23__10:28:11 1.21,1.04 52.52 52°C note
2018-12-23__10:28:16 1.27,1.06 52.28 52°C note
2018-12-23__10:28:22 1.27,1.06 85.36 51°C note
2018-12-23__10:28:29 1.27,1.07 64.79 50°C normal
2018-12-23__10:28:35 1.27,1.06 64.31 50°C normal
2018-12-23__10:28:41 1.26,1.06 58.62 50°C normal
2018-12-23__10:28:46 1.26,1.06 70.40 51°C note
2018-12-23__10:28:52 1.31,1.08 58.04 51°C note
2018-12-23__10:28:58 1.32,1.09 69.23 50°C normal
2018-12-23__10:29:04 1.32,1.09 59.31 50°C normal
2018-12-23__10:29:09 1.32,1.09 78.50 50°C normal
2018-12-23__10:29:15 1.31,1.09 62.56 50°C normal
2018-12-23__10:29:21 1.31,1.09 66.33 50°C normal
2018-12-23__10:29:26 1.30,1.09 58.62 51°C note
2018-12-23__10:29:32 1.35,1.10 57.57 50°C normal
2018-12-23__10:29:38 1.34,1.10 64.14 50°C normal
2018-12-23__10:29:43 1.35,1.11 54.54 52°C note
2018-12-23__10:29:50 1.34,1.11 79.90 51°C note
2018-12-23__10:29:56 1.33,1.11 77.38 53°C note
2018-12-23__10:30:01 1.33,1.10 67.85 53°C note
2018-12-23__10:30:07 1.32,1.10 58.08 53°C note
2018-12-23__10:30:12 1.32,1.10 63.00 53°C note
2018-12-23__10:30:18 1.34,1.11 55.27 53°C note
2018-12-23__10:30:24 1.33,1.11 75.46 52°C note
2018-12-23__10:30:30 1.36,1.12 78.64 52°C note
2018-12-23__10:30:35 1.41,1.14 65.67 52°C note
2018-12-23__10:30:41 1.40,1.14 64.39 52°C note
2018-12-23__10:30:47 1.39,1.13 70.55 51°C note
2018-12-23__10:30:52 1.38,1.13 59.31 51°C note
2018-12-23__10:30:58 1.46,1.16 68.89 52°C note
2018-12-23__10:31:04 1.45,1.16 54.80 51°C note
2018-12-23__10:31:10 1.45,1.16 52.76 51°C note
2018-12-23__10:31:16 1.46,1.17 58.79 51°C note
2018-12-23__10:31:21 1.46,1.17 59.90 50°C normal
2018-12-23__10:31:27 1.58,1.21 85.64 52°C note
2018-12-23__10:31:33 1.59,1.21 74.25 52°C note
2018-12-23__10:31:39 1.62,1.23 71.07 51°C note
2018-12-23__10:31:44 1.61,1.23 58.57 51°C note
2018-12-23__10:31:50 1.60,1.22 54.41 51°C note
2018-12-23__10:31:56 1.59,1.22 61.19 51°C note
2018-12-23__10:32:01 1.58,1.22 53.06 51°C note
2018-12-23__10:32:07 1.57,1.22 52.06 51°C note
2018-12-23__10:32:13 1.56,1.22 62.31 51°C note
2018-12-23__10:32:18 1.62,1.24 53.53 52°C note
2018-12-23__10:32:24 1.61,1.24 53.65 52°C note
2018-12-23__10:32:30 1.63,1.25 56.93 52°C note
2018-12-23__10:32:36 1.62,1.25 60.89 52°C note
2018-12-23__10:32:42 1.61,1.25 56.56 50°C normal
2018-12-23__10:32:47 1.60,1.25 53.23 53°C note
2018-12-23__10:32:53 1.59,1.25 55.27 53°C note
2018-12-23__10:32:59 1.62,1.26 56.15 52°C note
2018-12-23__10:33:04 1.61,1.26 55.38 52°C note
2018-12-23__10:33:10 1.60,1.26 56.09 52°C note
2018-12-23__10:33:16 1.63,1.27 59.70 52°C note
2018-12-23__10:33:21 1.61,1.27 73.60 52°C note
2018-12-23__10:33:27 1.60,1.26 70.85 52°C note
2018-12-23__10:33:33 1.59,1.26 58.88 51°C note
2018-12-23__10:33:39 1.61,1.27 59.80 51°C note
2018-12-23__10:33:44 1.60,1.27 58.50 51°C note
2018-12-23__10:33:50 1.59,1.27 53.53 51°C note
2018-12-23__10:33:57 1.58,1.27 66.01 51°C note
2018-12-23__10:34:02 1.63,1.29 73.17 51°C note
2018-12-23__10:34:08 1.62,1.29 74.46 52°C note
2018-12-23__10:34:14 1.70,1.31 62.37 52°C note
2018-12-23__10:34:20 1.69,1.31 84.37 52°C note
2018-12-23__10:34:25 1.68,1.31 77.66 52°C note
2018-12-23__10:34:31 1.67,1.31 97.96 52°C note
2018-12-23__10:34:37 1.65,1.31 62.56 53°C note
2018-12-23__10:34:42 1.64,1.30 59.31 53°C note
2018-12-23__10:34:48 1.65,1.31 76.21 52°C note
2018-12-23__10:34:54 1.71,1.33 56.15 52°C note
2018-12-23__10:34:59 1.71,1.34 61.72 53°C note
2018-12-23__10:35:05 1.70,1.33 68.34 53°C note
2018-12-23__10:35:11 1.69,1.33 54.77 54°C note
2018-12-23__10:35:17 1.71,1.34 63.46 53°C note
2018-12-23__10:35:23 1.70,1.34 53.39 53°C note
2018-12-23__10:35:29 1.69,1.34 57.14 52°C note
2018-12-23__10:35:34 1.68,1.34 54.41 52°C note
2018-12-23__10:35:40 1.67,1.34 54.00 52°C note
2018-12-23__10:35:46 1.66,1.34 55.05 52°C note
2018-12-23__10:35:51 1.65,1.33 62.56 52°C note
2018-12-23__10:35:57 1.64,1.33 57.43 51°C note
2018-12-23__10:36:03 1.64,1.34 70.09 52°C note
2018-12-23__10:36:08 1.63,1.33 57.07 52°C note
2018-12-23__10:36:14 1.70,1.36 53.03 52°C note
2018-12-23__10:36:20 1.68,1.36 84.28 52°C note
2018-12-23__10:36:26 1.67,1.35 63.68 51°C note
2018-12-23__10:36:31 1.66,1.35 65.32 52°C note
2018-12-23__10:36:38 1.65,1.35 57.73 52°C note
2018-12-23__10:36:44 1.64,1.35 52.28 52°C note
2018-12-23__10:36:49 1.63,1.35 57.07 53°C note
2018-12-23__10:36:55 1.66,1.36 54.77 53°C note
2018-12-23__10:37:00 1.66,1.36 53.23 53°C note
2018-12-23__10:37:06 1.67,1.37 53.06 52°C note
2018-12-23__10:37:12 1.66,1.36 53.46 53°C note
2018-12-23__10:37:17 1.66,1.37 53.23 53°C note
2018-12-23__10:37:23 1.65,1.37 64.28 52°C note
2018-12-23__10:37:28 1.64,1.36 60.30 53°C note
2018-12-23__10:37:34 1.64,1.36 53.69 53°C note
2018-12-23__10:37:40 1.63,1.36 53.96 52°C note
2018-12-23__10:37:45 1.65,1.37 61.35 53°C note
2018-12-23__10:37:51 1.64,1.37 54.54 53°C note
2018-12-23__10:37:59 1.63,1.37 57.14 52°C note
2018-12-23__10:38:05 1.64,1.37 75.89 53°C note
2018-12-23__10:38:11 1.65,1.38 54.63 51°C note
2018-12-23__10:38:16 1.65,1.38 69.00 52°C note
2018-12-23__10:38:22 1.64,1.38 53.96 52°C note
2018-12-23__10:38:28 1.63,1.37 54.95 52°C note
2018-12-23__10:38:33 1.62,1.37 75.00 52°C note
2018-12-23__10:38:39 1.63,1.38 68.42 52°C note
2018-12-23__10:38:45 1.72,1.41 78.57 53°C note
2018-12-23__10:38:50 1.71,1.41 61.34 53°C note
2018-12-23__10:38:56 1.73,1.42 55.05 53°C note
2018-12-23__10:39:02 1.72,1.41 53.29 52°C note
2018-12-23__10:39:07 1.71,1.41 53.80 53°C note
2018-12-23__10:39:13 1.69,1.41 58.37 53°C note
2018-12-23__10:39:19 1.70,1.41 68.62 54°C note
2018-12-23__10:39:24 1.75,1.43 58.67 54°C note
2018-12-23__10:39:30 1.73,1.43 66.83 53°C note
2018-12-23__10:39:35 1.72,1.42 63.54 53°C note
2018-12-23__10:39:41 1.70,1.42 57.84 53°C note
2018-12-23__10:39:47 1.71,1.42 70.50 55°C note
2018-12-23__10:39:52 1.70,1.42 76.38 55°C note
2018-12-23__10:39:58 1.72,1.43 72.63 53°C note
2018-12-23__10:40:04 1.72,1.43 55.72 53°C note
2018-12-23__10:40:09 1.72,1.44 55.61 54°C note
2018-12-23__10:40:15 1.70,1.43 64.94 54°C note
2018-12-23__10:40:20 1.69,1.43 62.31 54°C note
2018-12-23__10:40:26 1.68,1.43 61.65 53°C note
2018-12-23__10:40:32 1.69,1.43 64.03 52°C note
2018-12-23__10:40:38 1.68,1.43 80.39 53°C note
2018-12-23__10:40:45 1.72,1.45 57.92 53°C note
2018-12-23__10:40:50 1.71,1.44 57.28 53°C note
2018-12-23__10:40:56 1.69,1.44 54.50 53°C note
2018-12-23__10:41:02 1.68,1.44 59.89 52°C note
2018-12-23__10:41:08 1.67,1.44 61.85 52°C note
2018-12-23__10:41:13 1.68,1.44 77.11 52°C note
2018-12-23__10:41:19 1.66,1.44 60.00 52°C note
2018-12-23__10:41:25 1.73,1.46 69.03 52°C note
2018-12-23__10:41:30 1.75,1.47 73.76 53°C note
2018-12-23__10:41:36 1.74,1.47 69.65 52°C note
2018-12-23__10:41:42 1.74,1.47 64.90 52°C note
2018-12-23__10:41:48 1.73,1.47 75.62 53°C note
2018-12-23__10:41:53 1.75,1.47 70.29 54°C note
2018-12-23__10:41:59 1.75,1.48 60.82 54°C note
2018-12-23__10:42:06 1.78,1.49 59.70 53°C note
2018-12-23__10:42:12 1.93,1.54 60.64 54°C note
2018-12-23__10:42:17 1.91,1.54 73.52 53°C note
2018-12-23__10:42:23 1.90,1.53 63.86 53°C note
2018-12-23__10:42:29 1.88,1.53 53.43 52°C note
2018-12-23__10:42:35 1.87,1.53 54.90 52°C note
2018-12-23__10:42:40 1.86,1.53 64.17 53°C note
2018-12-23__10:42:46 1.84,1.52 78.57 53°C note
2018-12-23__10:42:52 1.84,1.53 67.02 53°C note
2018-12-23__10:42:57 1.83,1.52 56.25 52°C note
2018-12-23__10:43:03 1.82,1.52 54.27 52°C note
2018-12-23__10:43:09 1.84,1.53 66.33 52°C note
2018-12-23__10:43:14 1.82,1.53 53.53 52°C note
2018-12-23__10:43:20 1.81,1.53 67.34 52°C note
2018-12-23__10:43:30 1.85,1.54 69.00 53°C note
2018-12-23__10:43:36 1.84,1.54 63.50 53°C note
2018-12-23__10:43:41 1.82,1.54 61.05 53°C note
2018-12-23__10:43:47 1.81,1.53 56.50 53°C note
2018-12-23__10:43:53 1.80,1.53 71.70 53°C note
2018-12-23__10:43:59 1.80,1.53 69.80 53°C note
2018-12-23__10:44:04 1.79,1.53 67.33 53°C note
2018-12-23__10:44:10 1.81,1.54 75.12 53°C note
2018-12-23__10:44:16 1.81,1.55 64.14 54°C note
2018-12-23__10:44:21 1.82,1.55 80.50 53°C note
2018-12-23__10:44:27 1.80,1.54 59.79 53°C note
2018-12-23__10:44:33 1.79,1.54 57.50 52°C note
2018-12-23__10:44:38 1.78,1.54 70.35 53°C note
2018-12-23__10:44:44 1.80,1.55 69.54 53°C note
2018-12-23__10:44:52 1.80,1.55 76.16 54°C note
2018-12-23__10:44:57 1.81,1.55 65.74 54°C note
2018-12-23__10:45:03 1.83,1.56 94.50 53°C note
2018-12-23__10:45:09 1.83,1.56 64.00 53°C note
2018-12-23__10:45:15 1.81,1.56 88.00 53°C note
2018-12-23__10:45:20 1.82,1.57 84.31 53°C note
2018-12-23__10:45:26 1.81,1.56 78.75 53°C note
2018-12-23__10:45:32 1.79,1.56 75.75 53°C note
2018-12-23__10:45:38 1.80,1.56 58.94 53°C note
2018-12-23__10:45:43 1.78,1.56 73.61 53°C note
2018-12-23__10:45:49 1.80,1.57 67.15 53°C note
2018-12-23__10:45:55 1.86,1.58 90.45 54°C note
2018-12-23__10:46:01 1.88,1.59 76.92 53°C note
2018-12-23__10:46:06 1.88,1.60 62.87 53°C note
2018-12-23__10:46:14 1.87,1.59 58.46 54°C note
2018-12-23__10:46:20 1.85,1.59 57.42 54°C note
2018-12-23__10:46:26 1.86,1.59 52.79 54°C note
2018-12-23__10:46:31 1.84,1.59 53.23 53°C note
2018-12-23__10:46:37 1.83,1.59 53.69 53°C note
2018-12-23__10:46:43 1.81,1.58 65.70 53°C note
2018-12-23__10:46:48 1.83,1.59 82.29 53°C note
2018-12-23__10:46:54 1.82,1.59 53.23 53°C note
2018-12-23__10:47:00 1.80,1.58 54.00 53°C note
2018-12-23__10:47:06 1.79,1.58 58.62 53°C note
2018-12-23__10:47:11 1.80,1.59 54.00 52°C note
2018-12-23__10:47:17 1.85,1.60 70.44 53°C note
2018-12-23__10:47:23 1.84,1.60 71.92 53°C note
2018-12-23__10:47:28 1.82,1.60 57.50 53°C note
2018-12-23__10:47:36 1.85,1.61 58.70 54°C note
2018-12-23__10:47:42 1.85,1.61 52.02 54°C note
2018-12-23__10:47:47 1.88,1.62 53.80 54°C note
2018-12-23__10:47:53 1.99,1.66 53.00 54°C note
2018-12-23__10:47:59 1.97,1.65 53.23 54°C note
2018-12-23__10:48:04 1.95,1.65 52.04 54°C note
2018-12-23__10:48:10 1.94,1.65 51.51 54°C note
2018-12-23__10:48:15 1.92,1.64 52.26 54°C note
2018-12-23__10:48:21 1.96,1.66 65.64 54°C note
2018-12-23__10:48:27 1.94,1.65 72.00 53°C note
2018-12-23__10:48:32 1.93,1.65 61.08 52°C note
2018-12-23__10:48:38 1.91,1.65 61.88 52°C note
2018-12-23__10:48:44 1.89,1.64 56.34 52°C note
2018-12-23__10:48:49 1.88,1.64 54.04 51°C note
2018-12-23__10:48:58 1.85,1.63 81.42 52°C note
2018-12-23__10:49:04 1.85,1.63 59.60 52°C note
2018-12-23__10:49:10 1.87,1.64 58.20 53°C note
2018-12-23__10:49:15 1.86,1.64 69.00 52°C note
2018-12-23__10:49:21 1.88,1.65 63.05 53°C note
2018-12-23__10:49:27 1.86,1.64 69.76 53°C note
2018-12-23__10:49:33 1.85,1.64 54.82 53°C note
2018-12-23__10:49:38 1.95,1.67 61.80 53°C note
2018-12-23__10:49:44 1.94,1.67 55.00 54°C note
2018-12-23__10:49:49 1.92,1.66 68.78 53°C note
2018-12-23__10:49:55 1.92,1.67 55.61 54°C note
2018-12-23__10:50:01 1.91,1.66 82.08 52°C note
2018-12-23__10:50:06 1.89,1.66 54.63 53°C note
2018-12-23__10:50:12 1.89,1.66 69.81 53°C note
2018-12-23__10:50:19 1.88,1.66 66.83 52°C note
2018-12-23__10:50:25 1.87,1.65 59.89 52°C note
2018-12-23__10:50:31 1.89,1.66 55.94 52°C note
2018-12-23__10:50:36 1.90,1.67 54.54 52°C note
2018-12-23__10:50:42 1.92,1.68 52.97 52°C note
2018-12-23__10:50:48 1.91,1.67 54.67 52°C note
2018-12-23__10:50:53 1.89,1.67 53.03 52°C note
2018-12-23__10:50:59 1.89,1.67 88.61 52°C note
2018-12-23__10:51:05 1.88,1.67 67.35 52°C note
2018-12-23__10:51:11 1.93,1.69 54.08 52°C note
2018-12-23__10:51:16 1.97,1.70 59.89 52°C note
2018-12-23__10:51:22 1.97,1.70 65.12 53°C note
2018-12-23__10:51:27 1.99,1.71 53.76 52°C note
2018-12-23__10:51:33 1.97,1.71 59.69 53°C note
2018-12-23__10:51:43 2.00,1.72 50.25 53°C note
2018-12-23__10:51:48 1.97,1.71 31.63 51°C note
2018-12-23__10:51:54 1.94,1.70 40.29 50°C normal
2018-12-23__10:52:00 1.91,1.69 42.26 50°C normal
2018-12-23__10:52:05 1.89,1.69 31.68 49°C normal
2018-12-23__10:52:11 1.84,1.68 46.19 49°C normal
2018-12-23__10:52:17 1.81,1.67 43.93 49°C normal
2018-12-23__10:52:22 1.78,1.66 56.50 50°C normal
2018-12-23__10:52:28 1.77,1.65 53.06 51°C note
2018-12-23__10:52:34 1.74,1.64 27.27 49°C normal
2018-12-23__10:52:40 1.71,1.64 28.06 49°C normal
2018-12-23__10:52:45 1.68,1.63 34.19 49°C normal
2018-12-23__10:52:51 1.64,1.61 26.73 49°C normal
2018-12-23__10:52:56 1.61,1.61 29.89 49°C normal
2018-12-23__10:53:05 1.59,1.60 43.52 49°C normal
2018-12-23__10:53:11 1.57,1.59 53.23 49°C normal
2018-12-23__10:53:17 1.56,1.59 27.55 48°C normal
2018-12-23__10:53:22 1.53,1.58 45.72 49°C normal
2018-12-23__10:53:28 1.54,1.58 51.53 49°C normal
2018-12-23__10:53:34 1.51,1.57 33.66 48°C normal
2018-12-23__10:53:40 1.49,1.56 40.30 49°C normal
2018-12-23__10:53:45 1.55,1.58 37.24 48°C normal
2018-12-23__10:53:51 1.52,1.57 51.20 49°C normal
2018-12-23__10:53:56 1.54,1.58 37.87 49°C normal
2018-12-23__10:54:02 1.55,1.58 40.95 49°C normal
2018-12-23__10:54:08 1.52,1.57 30.68 48°C normal
2018-12-23__10:54:13 1.51,1.57 37.74 48°C normal
2018-12-23__10:54:19 1.49,1.56 37.75 50°C normal
2018-12-23__10:54:26 1.48,1.56 28.64 49°C normal
2018-12-23__10:54:32 1.44,1.54 30.15 48°C normal
2018-12-23__10:54:37 1.44,1.54 42.57 48°C normal
2018-12-23__10:54:43 1.43,1.54 38.00 48°C normal
2018-12-23__10:54:49 1.41,1.53 33.83 48°C normal
2018-12-23__10:54:54 1.38,1.52 29.20 48°C normal
2018-12-23__10:55:00 1.36,1.51 29.85 48°C normal
2018-12-23__10:55:06 1.40,1.53 37.31 47°C normal
2018-12-23__10:55:12 1.37,1.51 34.15 48°C normal
2018-12-23__10:55:17 1.35,1.51 31.00 48°C normal
2018-12-23__10:55:23 1.33,1.50 29.90 47°C normal
2018-12-23__10:55:29 1.30,1.49 52.97 48°C normal
2018-12-23__10:55:34 1.28,1.48 36.78 47°C normal
2018-12-23__10:55:40 1.29,1.48 31.86 48°C normal
2018-12-23__10:55:49 1.25,1.47 29.50 47°C normal
2018-12-23__10:55:55 1.23,1.46 28.57 47°C normal
2018-12-23__10:56:00 1.21,1.45 35.00 47°C normal
2018-12-23__10:56:06 1.19,1.44 33.16 47°C normal
2018-12-23__10:56:12 1.18,1.44 31.21 47°C normal
2018-12-23__10:56:17 1.16,1.43 29.50 47°C normal
2018-12-23__10:56:23 1.14,1.42 28.64 47°C normal
2018-12-23__10:56:29 1.12,1.41 30.39 47°C normal
2018-12-23__10:56:34 1.12,1.41 34.80 47°C normal
2018-12-23__10:56:40 1.10,1.40 32.36 47°C normal
2018-12-23__10:56:46 1.08,1.40 29.61 47°C normal
2018-12-23__10:56:51 1.08,1.39 40.19 47°C normal
2018-12-23__10:56:57 1.06,1.38 35.71 47°C normal
2018-12-23__10:57:03 1.04,1.38 59.29 48°C normal
2018-12-23__10:57:12 1.01,1.36 63.25 48°C normal
2018-12-23__10:57:18 0.99,1.35 40.72 47°C normal
2018-12-23__10:57:24 0.98,1.35 36.92 48°C normal
2018-12-23__10:57:29 0.98,1.34 29.14 47°C normal
2018-12-23__10:57:35 0.96,1.34 36.76 48°C normal
2018-12-23__10:57:41 0.94,1.33 29.20 48°C normal
2018-12-23__10:57:47 0.93,1.32 40.59 48°C normal
2018-12-23__10:57:53 0.91,1.31 41.53 47°C normal
2018-12-23__10:57:59 0.90,1.31 54.08 49°C normal
2018-12-23__10:58:05 0.88,1.30 50.73 48°C normal
2018-12-23__10:58:10 0.87,1.29 36.78 48°C normal
2018-12-23__10:58:16 0.85,1.28 53.53 49°C normal
2018-12-23__10:58:21 0.91,1.30 28.42 48°C normal
2018-12-23__10:58:27 0.89,1.29 41.50 48°C normal
2018-12-23__10:58:33 0.88,1.28 35.12 48°C normal
2018-12-23__10:58:38 0.86,1.27 29.94 48°C normal
2018-12-23__10:58:44 0.86,1.27 28.28 48°C normal
2018-12-23__10:58:50 0.87,1.27 32.47 47°C normal
2018-12-23__10:58:55 0.85,1.26 29.14 48°C normal
2018-12-23__10:59:01 0.84,1.26 42.64 48°C normal
2018-12-23__10:59:07 0.83,1.25 45.32 49°C normal
2018-12-23__10:59:12 0.81,1.24 30.20 49°C normal
2018-12-23__10:59:18 0.90,1.27 40.10 50°C normal
2018-12-23__10:59:23 0.92,1.27 29.55 48°C normal
2018-12-23__10:59:29 0.90,1.27 29.75 48°C normal
2018-12-23__10:59:35 0.89,1.26 41.91 49°C normal
2018-12-23__10:59:40 0.87,1.25 29.35 48°C normal
2018-12-23__10:59:46 0.86,1.25 27.86 48°C normal
2018-12-23__10:59:55 0.88,1.25 35.23 47°C normal
2018-12-23__11:00:01 0.86,1.24 37.94 48°C normal
2018-12-23__11:00:07 0.87,1.24 28.42 47°C normal
2018-12-23__11:00:12 0.84,1.23 27.77 47°C normal
2018-12-23__11:00:18 0.82,1.22 51.28 49°C normal
2018-12-23__11:00:24 0.81,1.21 62.80 49°C normal
2018-12-23__11:00:29 0.80,1.21 38.72 49°C normal
2018-12-23__11:00:35 0.78,1.20 53.73 49°C normal
2018-12-23__11:00:41 0.77,1.19 39.40 49°C normal
2018-12-23__11:00:46 0.76,1.18 36.86 49°C normal
2018-12-23__11:00:52 0.78,1.19 38.91 49°C normal
2018-12-23__11:00:57 0.77,1.18 32.48 49°C normal
2018-12-23__11:01:03 0.75,1.17 33.67 48°C normal
2018-12-23__11:01:09 0.74,1.17 29.08 49°C normal
2018-12-23__11:01:19 0.73,1.16 65.30 48°C normal
2018-12-23__11:01:25 0.72,1.15 31.34 48°C normal
2018-12-23__11:01:30 0.71,1.15 31.15 49°C normal
2018-12-23__11:01:36 0.71,1.15 43.34 49°C normal
2018-12-23__11:01:42 0.73,1.15 43.06 49°C normal
2018-12-23__11:01:47 0.74,1.15 32.65 49°C normal
2018-12-23__11:01:53 0.73,1.14 35.17 49°C normal
2018-12-23__11:01:59 0.77,1.15 29.85 48°C normal
2018-12-23__11:02:04 0.76,1.15 34.00 48°C normal
2018-12-23__11:02:10 0.74,1.14 31.00 48°C normal
2018-12-23__11:02:15 0.73,1.14 27.50 48°C normal
2018-12-23__11:02:21 0.72,1.13 52.23 49°C normal
2018-12-23__11:02:27 0.71,1.12 36.00 48°C normal
2018-12-23__11:02:32 0.72,1.12 52.50 48°C normal
2018-12-23__11:02:40 0.70,1.12 37.24 47°C normal
2018-12-23__11:02:45 0.69,1.11 39.80 48°C normal
2018-12-23__11:02:51 0.68,1.10 30.50 47°C normal
2018-12-23__11:02:57 0.67,1.10 33.50 47°C normal
2018-12-23__11:03:02 0.68,1.09 34.02 48°C normal
2018-12-23__11:03:08 0.67,1.09 34.97 48°C normal
2018-12-23__11:03:14 0.66,1.08 33.84 47°C normal
2018-12-23__11:03:19 0.65,1.08 62.56 47°C normal
2018-12-23__11:03:25 0.65,1.08 52.50 48°C normal
2018-12-23__11:03:31 0.66,1.08 53.06 49°C normal
2018-12-23__11:03:36 0.66,1.07 33.33 48°C normal
2018-12-23__11:03:42 0.69,1.08 57.14 50°C normal
2018-12-23__11:03:48 0.68,1.07 32.99 49°C normal
2018-12-23__11:03:53 0.67,1.07 33.16 48°C normal
2018-12-23__11:04:02 0.69,1.07 34.32 48°C normal
2018-12-23__11:04:07 0.68,1.07 28.57 47°C normal
2018-12-23__11:04:13 0.67,1.06 51.79 48°C normal
2018-12-23__11:04:19 0.68,1.06 39.69 48°C normal
2018-12-23__11:04:24 0.67,1.05 29.35 48°C normal
2018-12-23__11:04:30 0.66,1.05 29.00 47°C normal
2018-12-23__11:04:36 0.64,1.04 29.70 48°C normal
2018-12-23__11:04:41 0.75,1.08 29.70 48°C normal
2018-12-23__11:04:47 0.75,1.07 70.20 48°C normal
2018-12-23__11:04:53 0.76,1.07 57.52 49°C normal
2018-12-23__11:04:59 0.82,1.09 28.35 49°C normal
2018-12-23__11:05:04 0.84,1.10 29.90 48°C normal
2018-12-23__11:05:10 0.86,1.10 38.91 47°C normal
2018-12-23__11:05:16 0.84,1.09 41.29 49°C normal
2018-12-23__11:05:26 0.81,1.08 54.18 49°C normal
2018-12-23__11:05:32 0.80,1.08 48.73 49°C normal
2018-12-23__11:05:37 0.82,1.08 45.04 48°C normal
2018-12-23__11:05:43 0.87,1.10 51.28 48°C normal
2018-12-23__11:05:49 0.88,1.10 44.55 48°C normal
2018-12-23__11:05:54 0.86,1.09 84.92 49°C normal
2018-12-23__11:06:00 0.86,1.09 47.93 49°C normal
2018-12-23__11:06:06 0.85,1.08 35.02 49°C normal
2018-12-23__11:06:11 0.84,1.08 39.89 49°C normal
2018-12-23__11:06:17 0.84,1.08 51.29 49°C normal
2018-12-23__11:06:23 0.88,1.09 33.33 49°C normal
2018-12-23__11:06:28 0.88,1.09 34.01 49°C normal
2018-12-23__11:06:34 0.86,1.08 47.00 50°C normal
2018-12-23__11:06:39 0.85,1.07 30.39 49°C normal
2018-12-23__11:06:47 0.84,1.07 35.67 48°C normal
2018-12-23__11:06:52 0.84,1.07 27.69 49°C normal
2018-12-23__11:06:58 0.84,1.07 41.11 49°C normal
2018-12-23__11:07:04 0.88,1.08 29.08 48°C normal
2018-12-23__11:07:09 0.88,1.08 54.31 51°C note
2018-12-23__11:07:15 0.88,1.08 83.00 51°C note
2018-12-23__11:07:21 0.89,1.08 53.69 51°C note
2018-12-23__11:07:26 1.00,1.11 56.41 52°C note
2018-12-23__11:07:32 1.00,1.11 56.78 52°C note
2018-12-23__11:07:38 1.02,1.12 42.57 51°C note
2018-12-23__11:07:44 1.02,1.12 30.15 51°C note
2018-12-23__11:07:49 1.02,1.12 68.20 50°C normal
2018-12-23__11:07:55 1.00,1.11 59.69 49°C normal
2018-12-23__11:08:01 0.98,1.10 68.29 49°C normal
2018-12-23__11:08:08 0.99,1.10 29.85 49°C normal
2018-12-23__11:08:13 0.99,1.10 28.78 47°C normal
2018-12-23__11:08:19 0.97,1.09 39.89 49°C normal
2018-12-23__11:08:25 0.95,1.09 29.20 49°C normal
2018-12-23__11:08:30 0.94,1.08 35.96 49°C normal
2018-12-23__11:08:36 0.94,1.08 49.75 49°C normal
2018-12-23__11:08:42 0.94,1.08 34.18 49°C normal
2018-12-23__11:08:47 0.92,1.07 28.43 49°C normal
2018-12-23__11:08:53 0.94,1.08 44.89 49°C normal
2018-12-23__11:08:59 0.93,1.07 32.32 50°C normal
2018-12-23__11:09:04 0.93,1.07 27.50 50°C normal
2018-12-23__11:09:10 0.98,1.09 45.50 51°C note
2018-12-23__11:09:16 0.96,1.08 76.44 51°C note
2018-12-23__11:09:22 0.97,1.08 40.98 49°C normal
2018-12-23__11:09:28 0.95,1.08 28.14 48°C normal
2018-12-23__11:09:33 0.95,1.08 37.50 48°C normal
2018-12-23__11:09:39 0.97,1.08 39.23 49°C normal
2018-12-23__11:09:45 1.00,1.09 75.91 49°C normal
2018-12-23__11:09:50 0.99,1.09 37.24 49°C normal
2018-12-23__11:09:56 0.97,1.08 52.65 49°C normal
2018-12-23__11:10:02 0.97,1.08 37.37 49°C normal
2018-12-23__11:10:08 0.99,1.08 32.30 49°C normal
2018-12-23__11:10:13 0.97,1.08 40.68 49°C normal
2018-12-23__11:10:19 0.97,1.08 46.56 49°C normal
2018-12-23__11:10:25 0.96,1.07 67.48 49°C normal
2018-12-23__11:10:30 0.94,1.07 74.12 49°C normal
2018-12-23__11:10:36 0.92,1.06 42.57 49°C normal
2018-12-23__11:10:42 0.91,1.05 31.12 48°C normal
2018-12-23__11:10:47 0.89,1.05 54.63 50°C normal
2018-12-23__11:10:54 0.91,1.05 58.45 50°C normal
2018-12-23__11:10:59 0.91,1.05 87.37 51°C note
2018-12-23__11:11:05 0.92,1.05 40.93 51°C note
2018-12-23__11:11:11 0.90,1.05 38.97 50°C normal
2018-12-23__11:11:16 0.88,1.04 36.50 50°C normal
2018-12-23__11:11:22 0.87,1.04 40.93 50°C normal
2018-12-23__11:11:27 0.85,1.03 52.73 50°C normal
2018-12-23__11:11:33 0.88,1.03 33.33 50°C normal
2018-12-23__11:11:39 0.86,1.03 46.39 51°C note
2018-12-23__11:11:44 0.93,1.05 40.68 51°C note
2018-12-23__11:11:50 0.95,1.06 45.50 50°C normal
2018-12-23__11:11:56 0.93,1.05 52.73 51°C note
2018-12-23__11:12:01 0.93,1.05 35.75 50°C normal
2018-12-23__11:12:07 0.92,1.04 46.46 49°C normal
2018-12-23__11:12:14 0.89,1.03 64.10 49°C normal
2018-12-23__11:12:20 0.96,1.05 30.96 49°C normal
2018-12-23__11:12:26 0.94,1.05 37.50 49°C normal
2018-12-23__11:12:31 0.92,1.04 32.82 49°C normal
2018-12-23__11:12:37 0.91,1.04 45.77 49°C normal
2018-12-23__11:12:43 0.93,1.04 42.21 49°C normal
2018-12-23__11:12:49 0.96,1.05 79.68 50°C normal
2018-12-23__11:12:54 0.95,1.05 32.65 50°C normal
2018-12-23__11:13:00 0.95,1.04 79.31 52°C note
2018-12-23__11:13:06 1.02,1.07 41.91 51°C note
2018-12-23__11:13:11 1.03,1.07 47.71 52°C note
2018-12-23__11:13:17 1.01,1.07 29.00 49°C normal
2018-12-23__11:13:23 1.06,1.08 43.87 50°C normal
2018-12-23__11:13:28 1.14,1.11 32.82 51°C note
2018-12-23__11:13:35 1.13,1.10 40.09 50°C normal
2018-12-23__11:13:40 1.11,1.10 38.19 49°C normal
2018-12-23__11:13:46 1.09,1.09 28.42 50°C normal
2018-12-23__11:13:52 1.10,1.10 32.48 50°C normal
2018-12-23__11:13:57 1.10,1.09 60.47 51°C note
2018-12-23__11:14:03 1.15,1.11 44.67 51°C note
2018-12-23__11:14:09 1.19,1.12 50.24 50°C normal
2018-12-23__11:14:14 1.21,1.13 28.85 50°C normal
2018-12-23__11:14:20 1.19,1.12 37.19 50°C normal
2018-12-23__11:14:26 1.17,1.12 47.17 49°C normal
2018-12-23__11:14:31 1.15,1.11 40.90 49°C normal
2018-12-23__11:14:37 1.15,1.11 54.95 51°C note
2018-12-23__11:14:43 1.14,1.11 59.11 51°C note
2018-12-23__11:14:49 1.14,1.11 37.56 51°C note
2018-12-23__11:14:54 1.15,1.11 85.22 51°C note
2018-12-23__11:15:00 1.15,1.11 65.96 52°C note
2018-12-23__11:15:06 1.15,1.11 65.68 52°C note
2018-12-23__11:15:12 1.14,1.11 49.75 51°C note
2018-12-23__11:15:17 1.13,1.10 63.00 50°C normal
2018-12-23__11:15:23 1.12,1.10 58.97 50°C normal
2018-12-23__11:15:29 1.17,1.12 83.41 51°C note
2018-12-23__11:15:34 1.15,1.11 39.15 51°C note
2018-12-23__11:15:40 1.13,1.10 49.75 51°C note
2018-12-23__11:15:46 1.13,1.10 53.33 52°C note
2018-12-23__11:15:51 1.11,1.10 54.40 50°C normal
2018-12-23__11:15:57 1.09,1.09 76.32 51°C note
2018-12-23__11:16:03 1.09,1.09 64.36 52°C note
2018-12-23__11:16:08 1.10,1.10 41.90 51°C note
2018-12-23__11:16:14 1.12,1.10 53.43 52°C note
2018-12-23__11:16:22 1.15,1.11 38.83 50°C normal
2018-12-23__11:16:28 1.16,1.11 42.78 51°C note
2018-12-23__11:16:33 1.19,1.12 82.41 50°C normal
2018-12-23__11:16:40 1.35,1.18 85.71 50°C normal
2018-12-23__11:16:46 1.33,1.17 49.50 50°C normal
2018-12-23__11:16:52 1.30,1.16 35.02 49°C normal
2018-12-23__11:16:57 1.28,1.16 59.33 50°C normal
2018-12-23__11:17:03 1.31,1.17 70.61 51°C note
2018-12-23__11:17:09 1.35,1.18 36.18 49°C normal
2018-12-23__11:17:14 1.33,1.18 35.05 49°C normal
2018-12-23__11:17:20 1.31,1.17 35.46 49°C normal
2018-12-23__11:17:26 1.28,1.16 34.48 51°C note
2018-12-23__11:17:31 1.26,1.16 28.14 50°C normal
2018-12-23__11:17:37 1.26,1.16 33.16 52°C note
2018-12-23__11:17:43 1.24,1.15 45.45 51°C note
2018-12-23__11:17:48 1.23,1.15 27.13 50°C normal
2018-12-23__11:17:55 1.21,1.14 36.13 50°C normal
2018-12-23__11:18:01 1.19,1.13 61.92 50°C normal
2018-12-23__11:18:07 1.18,1.13 52.23 51°C note
2018-12-23__11:18:13 1.20,1.14 30.19 49°C normal
2018-12-23__11:18:18 1.18,1.13 33.67 49°C normal
2018-12-23__11:18:24 1.19,1.14 51.79 49°C normal
2018-12-23__11:18:30 1.17,1.13 45.22 50°C normal
2018-12-23__11:18:35 1.15,1.12 45.27 49°C normal
2018-12-23__11:18:41 1.13,1.12 42.07 49°C normal
2018-12-23__11:18:47 1.13,1.12 70.79 51°C note
2018-12-23__11:18:52 1.12,1.11 53.03 50°C normal
2018-12-23__11:18:58 1.12,1.11 59.59 51°C note
2018-12-23__11:19:04 1.13,1.12 61.86 51°C note
2018-12-23__11:19:10 1.13,1.12 58.42 52°C note
2018-12-23__11:19:17 1.13,1.12 68.50 53°C note
2018-12-23__11:19:22 1.16,1.13 56.06 54°C note
2018-12-23__11:19:28 1.16,1.12 52.52 54°C note
2018-12-23__11:19:33 1.15,1.12 52.52 54°C note
2018-12-23__11:19:39 1.18,1.13 53.80 53°C note
2018-12-23__11:19:45 1.29,1.17 78.92 54°C note
2018-12-23__11:19:50 1.36,1.19 28.64 53°C note
2018-12-23__11:19:56 1.33,1.18 28.35 51°C note
2018-12-23__11:20:02 1.31,1.18 41.11 52°C note
2018-12-23__11:20:07 1.29,1.17 47.61 51°C note
2018-12-23__11:20:13 1.27,1.16 28.14 49°C normal
2018-12-23__11:20:18 1.25,1.16 29.00 49°C normal
2018-12-23__11:20:24 1.22,1.15 28.71 48°C normal
2018-12-23__11:20:30 1.20,1.14 63.28 49°C normal
2018-12-23__11:20:36 1.18,1.14 32.14 49°C normal
2018-12-23__11:20:42 1.19,1.14 42.50 48°C normal
2018-12-23__11:20:48 1.17,1.14 53.00 49°C normal
2018-12-23__11:20:53 1.15,1.13 36.36 48°C normal
2018-12-23__11:20:59 1.15,1.13 29.61 48°C normal
2018-12-23__11:21:05 1.15,1.13 28.27 48°C normal
2018-12-23__11:21:11 1.13,1.12 29.14 48°C normal
2018-12-23__11:21:16 1.11,1.12 29.20 48°C normal
2018-12-23__11:21:22 1.09,1.11 29.55 48°C normal
2018-12-23__11:21:28 1.07,1.10 67.17 48°C normal
2018-12-23__11:21:33 1.05,1.10 28.00 48°C normal
2018-12-23__11:21:39 1.04,1.09 28.64 48°C normal
2018-12-23__11:21:45 1.02,1.08 28.93 48°C normal
2018-12-23__11:21:50 1.00,1.08 28.06 48°C normal
2018-12-23__11:21:56 0.98,1.07 28.35 48°C normal
2018-12-23__11:22:03 0.97,1.07 30.80 48°C normal
2018-12-23__11:22:09 0.98,1.07 50.00 49°C normal
2018-12-23__11:22:14 0.97,1.07 41.96 49°C normal
2018-12-23__11:22:20 0.97,1.06 28.71 48°C normal
2018-12-23__11:22:26 0.95,1.06 36.36 49°C normal
2018-12-23__11:22:31 0.94,1.05 33.50 48°C normal
2018-12-23__11:22:37 0.92,1.05 43.87 49°C normal
2018-12-23__11:22:42 0.91,1.04 32.67 48°C normal
2018-12-23__11:22:48 0.89,1.04 29.35 49°C normal
2018-12-23__11:22:54 0.87,1.03 33.83 48°C normal
2018-12-23__11:22:59 0.88,1.03 27.77 48°C normal
2018-12-23__11:23:05 0.85,1.02 34.02 48°C normal
2018-12-23__11:23:11 0.85,1.02 28.78 48°C normal
2018-12-23__11:23:16 0.84,1.01 46.00 47°C normal
2018-12-23__11:23:24 0.81,1.00 51.02 48°C normal
2018-12-23__11:23:30 0.83,1.01 33.50 49°C normal
2018-12-23__11:23:36 0.81,1.00 28.28 48°C normal
2018-12-23__11:23:41 0.80,0.99 31.81 48°C normal
2018-12-23__11:23:47 0.79,0.99 30.50 48°C normal
2018-12-23__11:23:53 0.77,0.98 31.47 49°C normal
2018-12-23__11:23:58 0.78,0.98 39.79 48°C normal
2018-12-23__11:24:04 0.77,0.98 28.35 48°C normal
2018-12-23__11:24:10 0.76,0.97 42.63 49°C normal
2018-12-23__11:24:15 0.74,0.97 35.38 49°C normal
2018-12-23__11:24:21 0.73,0.96 38.46 49°C normal
2018-12-23__11:24:27 0.72,0.96 27.77 49°C normal
2018-12-23__11:24:32 0.71,0.95 28.71 49°C normal
2018-12-23__11:24:38 0.69,0.95 28.14 48°C normal
2018-12-23__11:24:45 0.67,0.94 33.50 48°C normal
2018-12-23__11:24:51 0.68,0.94 28.14 48°C normal
2018-12-23__11:24:56 0.66,0.93 29.29 47°C normal
2018-12-23__11:25:02 0.65,0.93 35.32 48°C normal
2018-12-23__11:25:08 0.64,0.92 44.32 48°C normal
2018-12-23__11:25:14 0.63,0.91 27.77 47°C normal
2018-12-23__11:25:19 0.62,0.91 29.94 47°C normal
2018-12-23__11:25:25 0.62,0.90 31.00 47°C normal
2018-12-23__11:25:31 0.61,0.90 34.82 47°C normal
2018-12-23__11:25:36 0.60,0.89 27.41 48°C normal
2018-12-23__11:25:42 0.60,0.90 41.91 48°C normal
2018-12-23__11:25:48 0.61,0.90 35.96 48°C normal
2018-12-23__11:25:53 0.60,0.89 33.83 48°C normal
2018-12-23__11:25:59 0.59,0.89 52.50 48°C normal
2018-12-23__11:26:05 0.60,0.89 32.82 47°C normal
2018-12-23__11:26:10 0.59,0.88 29.20 47°C normal
2018-12-23__11:26:16 0.58,0.88 29.20 47°C normal
2018-12-23__11:26:22 0.57,0.87 27.55 47°C normal
2018-12-23__11:26:27 0.58,0.88 38.50 48°C normal
2018-12-23__11:26:33 0.57,0.87 61.53 48°C normal
2018-12-23__11:26:52 0.94,0.99 45.54 47°C normal
2018-12-23__11:26:58 0.92,0.98 29.90 48°C normal
2018-12-23__11:27:04 0.95,0.99 64.64 47°C normal
2018-12-23__11:27:10 0.99,1.00 84.57 48°C normal
2018-12-23__11:27:28 1.31,1.11 32.14 48°C normal
2018-12-23__11:27:34 1.34,1.12 29.55 48°C normal
2018-12-23__11:27:39 1.32,1.11 29.00 48°C normal
2018-12-23__11:27:48 1.29,1.11 29.75 48°C normal
2018-12-23__11:27:54 1.27,1.10 48.55 48°C normal
2018-12-23__11:27:59 1.25,1.09 61.11 47°C normal
2018-12-23__11:28:05 1.24,1.09 37.68 48°C normal
2018-12-23__11:28:11 1.22,1.09 50.75 48°C normal
2018-12-23__11:28:16 1.21,1.08 28.64 48°C normal
2018-12-23__11:28:22 1.21,1.08 29.00 47°C normal
2018-12-23__11:28:28 1.19,1.08 40.79 48°C normal
2018-12-23__11:28:34 1.17,1.07 34.84 48°C normal
2018-12-23__11:28:39 1.15,1.07 28.78 47°C normal
2018-12-23__11:28:45 1.13,1.06 32.32 48°C normal
2018-12-23__11:28:51 1.13,1.06 48.45 48°C normal
2018-12-23__11:28:56 1.12,1.06 49.50 49°C normal
2018-12-23__11:29:02 1.12,1.06 29.20 48°C normal
2018-12-23__11:29:09 1.10,1.05 27.27 48°C normal
2018-12-23__11:29:15 1.10,1.05 34.69 49°C normal
2018-12-23__11:29:20 1.08,1.05 29.14 48°C normal
2018-12-23__11:29:26 1.06,1.04 27.86 48°C normal
2018-12-23__11:29:32 1.08,1.05 29.55 48°C normal
2018-12-23__11:29:37 1.06,1.04 44.44 48°C normal
2018-12-23__11:29:43 1.04,1.03 39.40 47°C normal
2018-12-23__11:29:49 1.02,1.03 28.92 48°C normal
2018-12-23__11:29:54 1.02,1.03 35.35 48°C normal
2018-12-23__11:30:00 1.02,1.03 61.30 48°C normal
2018-12-23__11:30:06 1.04,1.03 29.00 48°C normal
2018-12-23__11:30:11 1.02,1.03 29.00 47°C normal
2018-12-23__11:30:17 1.00,1.02 28.00 48°C normal
2018-12-23__11:30:23 1.00,1.02 27.04 48°C normal
2018-12-23__11:30:29 0.99,1.01 33.00 48°C normal
2018-12-23__11:30:35 1.00,1.02 44.55 48°C normal
2018-12-23__11:30:41 0.99,1.01 29.90 48°C normal
2018-12-23__11:30:47 0.97,1.01 41.96 48°C normal
2018-12-23__11:30:52 0.97,1.01 32.48 48°C normal
2018-12-23__11:30:58 0.95,1.00 56.02 50°C normal
2018-12-23__11:31:03 0.94,1.00 33.16 49°C normal
2018-12-23__11:31:09 0.96,1.00 36.45 49°C normal
2018-12-23__11:31:15 0.94,1.00 36.31 49°C normal
2018-12-23__11:31:20 1.02,1.02 30.45 51°C note
2018-12-23__11:31:26 1.02,1.02 37.43 50°C normal
2018-12-23__11:31:32 1.01,1.02 55.22 50°C normal
2018-12-23__11:31:37 1.02,1.02 50.00 49°C normal
2018-12-23__11:31:43 1.01,1.02 29.64 50°C normal
2018-12-23__11:31:50 0.99,1.01 29.50 49°C normal
2018-12-23__11:31:56 0.97,1.00 28.64 49°C normal
2018-12-23__11:32:01 0.96,1.00 50.49 50°C normal
2018-12-23__11:32:07 0.94,0.99 29.55 49°C normal
2018-12-23__11:32:13 0.92,0.99 29.29 49°C normal
2018-12-23__11:32:18 0.91,0.98 37.12 48°C normal
2018-12-23__11:32:24 0.94,0.99 44.44 49°C normal
2018-12-23__11:32:30 0.96,1.00 49.75 49°C normal
2018-12-23__11:32:35 0.95,0.99 38.07 49°C normal
2018-12-23__11:32:41 1.10,1.04 38.72 49°C normal
2018-12-23__11:32:47 1.09,1.04 29.75 49°C normal
2018-12-23__11:32:52 1.07,1.04 29.90 48°C normal
2018-12-23__11:32:58 1.07,1.04 44.38 49°C normal
2018-12-23__11:33:04 1.09,1.04 40.60 49°C normal
2018-12-23__11:33:09 1.14,1.06 53.23 49°C normal
2018-12-23__11:33:16 1.12,1.05 39.47 49°C normal
2018-12-23__11:33:22 1.13,1.06 51.77 51°C note
2018-12-23__11:33:28 1.11,1.05 31.47 49°C normal
2018-12-23__11:33:33 1.09,1.04 33.16 49°C normal
2018-12-23__11:33:39 1.12,1.06 29.35 49°C normal
2018-12-23__11:33:45 1.11,1.05 29.53 49°C normal
2018-12-23__11:33:50 1.09,1.04 29.00 48°C normal
2018-12-23__11:33:56 1.07,1.04 27.97 50°C normal
2018-12-23__11:34:01 1.05,1.03 70.55 51°C note
2018-12-23__11:34:07 1.03,1.03 34.50 49°C normal
2018-12-23__11:34:13 1.01,1.02 34.51 49°C normal
2018-12-23__11:34:18 1.00,1.01 29.79 49°C normal
2018-12-23__11:34:24 1.06,1.04 37.69 50°C normal
2018-12-23__11:34:30 1.05,1.03 31.15 49°C normal
2018-12-23__11:34:37 1.01,1.02 39.89 48°C normal
2018-12-23__11:34:42 0.99,1.01 38.72 49°C normal
2018-12-23__11:34:48 0.98,1.01 63.18 49°C normal
2018-12-23__11:34:54 0.96,1.00 64.61 50°C normal
2018-12-23__11:34:59 0.95,0.99 61.08 49°C normal
2018-12-23__11:35:05 0.93,0.99 72.77 50°C normal
2018-12-23__11:35:11 1.05,1.03 47.80 50°C normal
2018-12-23__11:35:17 1.05,1.03 43.43 49°C normal
2018-12-23__11:35:22 1.05,1.03 49.00 50°C normal
2018-12-23__11:35:28 1.03,1.02 33.33 49°C normal
2018-12-23__11:35:34 1.04,1.03 38.16 49°C normal
2018-12-23__11:35:39 1.03,1.02 77.56 50°C normal
2018-12-23__11:35:45 1.09,1.04 51.51 50°C normal
2018-12-23__11:35:51 1.11,1.05 46.03 51°C note
2018-12-23__11:35:57 1.14,1.06 47.93 51°C note
2018-12-23__11:36:03 1.12,1.05 47.29 51°C note
2018-12-23__11:36:09 1.13,1.06 47.17 51°C note
2018-12-23__11:36:14 1.11,1.05 36.00 51°C note
2018-12-23__11:36:20 1.11,1.05 34.19 51°C note
2018-12-23__11:36:25 1.11,1.05 35.78 51°C note
2018-12-23__11:36:31 1.09,1.04 36.13 51°C note
2018-12-23__11:36:37 1.07,1.04 43.21 51°C note
2018-12-23__11:36:42 1.07,1.04 36.86 50°C normal
2018-12-23__11:36:48 1.05,1.03 43.93 50°C normal
2018-12-23__11:36:54 1.05,1.03 53.69 51°C note
2018-12-23__11:36:59 1.05,1.03 34.18 51°C note
2018-12-23__11:37:05 1.03,1.02 65.19 50°C normal
2018-12-23__11:37:11 1.08,1.04 43.68 52°C note
2018-12-23__11:37:16 1.08,1.04 50.99 51°C note
2018-12-23__11:37:22 1.11,1.05 34.29 50°C normal
