2018-12-23__09:54:57 0 disk 29941 6063 75%
2018-12-23__09:54:57 1 / 29899 6042 79%
2018-12-23__09:54:57 1 /boot 42 21 51%
2018-12-23__09:55:57 0 disk 29941 6063 75%
2018-12-23__09:55:57 1 / 29899 6042 79%
2018-12-23__09:55:57 1 /boot 42 21 51%
2018-12-23__09:56:03 0 disk 29941 6063 75%
2018-12-23__09:56:03 1 / 29899 6042 79%
2018-12-23__09:56:03 1 /boot 42 21 51%
2018-12-23__09:57:04 0 disk 29941 6063 75%
2018-12-23__09:57:04 1 / 29899 6042 79%
2018-12-23__09:57:04 1 /boot 42 21 51%
2018-12-23__09:58:04 0 disk 29941 6063 75%
2018-12-23__09:58:04 1 / 29899 6042 79%
2018-12-23__09:58:04 1 /boot 42 21 51%
2018-12-23__09:59:04 0 disk 29941 6063 75%
2018-12-23__09:59:04 1 / 29899 6042 79%
2018-12-23__09:59:04 1 /boot 42 21 51%
2018-12-23__10:00:04 0 disk 29941 6063 75%
2018-12-23__10:00:04 1 / 29899 6042 79%
2018-12-23__10:00:04 1 /boot 42 21 51%
2018-12-23__10:01:04 0 disk 29941 6063 75%
2018-12-23__10:01:04 1 / 29899 6042 79%
2018-12-23__10:01:04 1 /boot 42 21 51%
2018-12-23__10:02:04 0 disk 29941 6063 75%
2018-12-23__10:02:04 1 / 29899 6042 79%
2018-12-23__10:02:04 1 /boot 42 21 51%
2018-12-23__10:03:05 0 disk 29941 6062 75%
2018-12-23__10:03:05 1 / 29899 6041 79%
2018-12-23__10:03:05 1 /boot 42 21 51%
2018-12-23__10:04:05 0 disk 29941 6062 75%
2018-12-23__10:04:05 1 / 29899 6041 79%
2018-12-23__10:04:05 1 /boot 42 21 51%
2018-12-23__10:05:05 0 disk 29941 6062 75%
2018-12-23__10:05:05 1 / 29899 6041 79%
2018-12-23__10:05:05 1 /boot 42 21 51%
2018-12-23__10:06:05 0 disk 29941 6062 75%
2018-12-23__10:06:05 1 / 29899 6041 79%
2018-12-23__10:06:05 1 /boot 42 21 51%
2018-12-23__10:07:05 0 disk 29941 6062 75%
2018-12-23__10:07:05 1 / 29899 6041 79%
2018-12-23__10:07:05 1 /boot 42 21 51%
2018-12-23__10:08:05 0 disk 29941 6062 75%
2018-12-23__10:08:05 1 / 29899 6041 79%
2018-12-23__10:08:05 1 /boot 42 21 51%
2018-12-23__10:09:05 0 disk 29941 6062 75%
2018-12-23__10:09:05 1 / 29899 6041 79%
2018-12-23__10:09:05 1 /boot 42 21 51%
2018-12-23__10:10:06 0 disk 29941 6062 75%
2018-12-23__10:10:06 1 / 29899 6041 79%
2018-12-23__10:10:06 1 /boot 42 21 51%
2018-12-23__10:11:06 0 disk 29941 6062 75%
2018-12-23__10:11:06 1 / 29899 6041 79%
2018-12-23__10:11:06 1 /boot 42 21 51%
2018-12-23__10:12:06 0 disk 29941 6062 75%
2018-12-23__10:12:06 1 / 29899 6041 79%
2018-12-23__10:12:06 1 /boot 42 21 51%
2018-12-23__10:13:06 0 disk 29941 6062 75%
2018-12-23__10:13:06 1 / 29899 6041 79%
2018-12-23__10:13:06 1 /boot 42 21 51%
2018-12-23__10:14:06 0 disk 29941 6062 75%
2018-12-23__10:14:06 1 / 29899 6041 79%
2018-12-23__10:14:06 1 /boot 42 21 51%
2018-12-23__10:15:06 0 disk 29941 6062 75%
2018-12-23__10:15:06 1 / 29899 6041 79%
2018-12-23__10:15:06 1 /boot 42 21 51%
2018-12-23__10:16:06 0 disk 29941 6062 75%
2018-12-23__10:16:06 1 / 29899 6041 79%
2018-12-23__10:16:06 1 /boot 42 21 51%
2018-12-23__10:17:07 0 disk 29941 6062 75%
2018-12-23__10:17:07 1 / 29899 6041 79%
2018-12-23__10:17:07 1 /boot 42 21 51%
2018-12-23__10:18:07 0 disk 29941 6062 75%
2018-12-23__10:18:07 1 / 29899 6041 79%
2018-12-23__10:18:07 1 /boot 42 21 51%
2018-12-23__10:19:07 0 disk 29941 6062 75%
2018-12-23__10:19:07 1 / 29899 6041 79%
2018-12-23__10:19:07 1 /boot 42 21 51%
2018-12-23__10:20:07 0 disk 29941 6062 75%
2018-12-23__10:20:07 1 / 29899 6041 79%
2018-12-23__10:20:07 1 /boot 42 21 51%
2018-12-23__10:21:07 0 disk 29941 6062 75%
2018-12-23__10:21:07 1 / 29899 6041 79%
2018-12-23__10:21:07 1 /boot 42 21 51%
2018-12-23__10:22:07 0 disk 29941 6062 75%
2018-12-23__10:22:07 1 / 29899 6041 79%
2018-12-23__10:22:07 1 /boot 42 21 51%
2018-12-23__10:23:12 0 disk 29941 6062 75%
2018-12-23__10:23:12 1 / 29899 6041 79%
2018-12-23__10:23:12 1 /boot 42 21 51%
2018-12-23__10:24:12 0 disk 29941 6062 75%
2018-12-23__10:24:12 1 / 29899 6041 79%
2018-12-23__10:24:12 1 /boot 42 21 51%
2018-12-23__10:25:12 0 disk 29941 6062 75%
2018-12-23__10:25:12 1 / 29899 6041 79%
2018-12-23__10:25:12 1 /boot 42 21 51%
2018-12-23__10:26:12 0 disk 29941 6062 75%
2018-12-23__10:26:12 1 / 29899 6041 79%
2018-12-23__10:26:12 1 /boot 42 21 51%
2018-12-23__10:27:12 0 disk 29941 6062 75%
2018-12-23__10:27:12 1 / 29899 6041 79%
2018-12-23__10:27:12 1 /boot 42 21 51%
2018-12-23__10:28:13 0 disk 29941 6062 75%
2018-12-23__10:28:13 1 / 29899 6041 79%
2018-12-23__10:28:13 1 /boot 42 21 51%
2018-12-23__10:29:13 0 disk 29941 6062 75%
2018-12-23__10:29:13 1 / 29899 6041 79%
2018-12-23__10:29:13 1 /boot 42 21 51%
2018-12-23__10:30:13 0 disk 29941 6062 75%
2018-12-23__10:30:13 1 / 29899 6041 79%
2018-12-23__10:30:13 1 /boot 42 21 51%
2018-12-23__10:31:13 0 disk 29941 6062 75%
2018-12-23__10:31:13 1 / 29899 6041 79%
2018-12-23__10:31:13 1 /boot 42 21 51%
2018-12-23__10:32:13 0 disk 29941 6062 75%
2018-12-23__10:32:13 1 / 29899 6041 79%
2018-12-23__10:32:13 1 /boot 42 21 51%
2018-12-23__10:33:13 0 disk 29941 6062 75%
2018-12-23__10:33:13 1 / 29899 6041 79%
2018-12-23__10:33:13 1 /boot 42 21 51%
2018-12-23__10:34:13 0 disk 29941 6062 75%
2018-12-23__10:34:13 1 / 29899 6041 79%
2018-12-23__10:34:13 1 /boot 42 21 51%
2018-12-23__10:35:14 0 disk 29941 6062 75%
2018-12-23__10:35:14 1 / 29899 6041 79%
2018-12-23__10:35:14 1 /boot 42 21 51%
2018-12-23__10:36:14 0 disk 29941 6062 75%
2018-12-23__10:36:14 1 / 29899 6041 79%
2018-12-23__10:36:14 1 /boot 42 21 51%
2018-12-23__10:37:14 0 disk 29941 6062 75%
2018-12-23__10:37:14 1 / 29899 6041 79%
2018-12-23__10:37:14 1 /boot 42 21 51%
2018-12-23__10:38:14 0 disk 29941 6062 75%
2018-12-23__10:38:14 1 / 29899 6041 79%
2018-12-23__10:38:14 1 /boot 42 21 51%
2018-12-23__10:39:14 0 disk 29941 6062 75%
2018-12-23__10:39:14 1 / 29899 6041 79%
2018-12-23__10:39:14 1 /boot 42 21 51%
2018-12-23__10:40:14 0 disk 29941 6062 75%
2018-12-23__10:40:14 1 / 29899 6041 79%
2018-12-23__10:40:14 1 /boot 42 21 51%
2018-12-23__10:41:14 0 disk 29941 6062 75%
2018-12-23__10:41:14 1 / 29899 6041 79%
2018-12-23__10:41:14 1 /boot 42 21 51%
2018-12-23__10:42:16 0 disk 29941 6062 75%
2018-12-23__10:42:16 1 / 29899 6041 79%
2018-12-23__10:42:16 1 /boot 42 21 51%
2018-12-23__10:43:16 0 disk 29941 6062 75%
2018-12-23__10:43:16 1 / 29899 6041 79%
2018-12-23__10:43:16 1 /boot 42 21 51%
2018-12-23__10:44:16 0 disk 29941 6062 75%
2018-12-23__10:44:16 1 / 29899 6041 79%
2018-12-23__10:44:16 1 /boot 42 21 51%
2018-12-23__10:45:17 0 disk 29941 6062 75%
2018-12-23__10:45:17 1 / 29899 6041 79%
2018-12-23__10:45:17 1 /boot 42 21 51%
2018-12-23__10:46:17 0 disk 29941 6062 75%
2018-12-23__10:46:17 1 / 29899 6041 79%
2018-12-23__10:46:17 1 /boot 42 21 51%
2018-12-23__10:47:17 0 disk 29941 6062 75%
2018-12-23__10:47:17 1 / 29899 6041 79%
2018-12-23__10:47:17 1 /boot 42 21 51%
2018-12-23__10:48:17 0 disk 29941 6062 75%
2018-12-23__10:48:17 1 / 29899 6041 79%
2018-12-23__10:48:17 1 /boot 42 21 51%
2018-12-23__10:49:17 0 disk 29941 6062 75%
2018-12-23__10:49:17 1 / 29899 6041 79%
2018-12-23__10:49:17 1 /boot 42 21 51%
2018-12-23__10:50:17 0 disk 29941 6062 75%
2018-12-23__10:50:17 1 / 29899 6041 79%
2018-12-23__10:50:17 1 /boot 42 21 51%
2018-12-23__10:51:18 0 disk 29941 6062 75%
2018-12-23__10:51:18 1 / 29899 6041 79%
2018-12-23__10:51:18 1 /boot 42 21 51%
2018-12-23__10:52:18 0 disk 29941 6062 75%
2018-12-23__10:52:18 1 / 29899 6041 79%
2018-12-23__10:52:18 1 /boot 42 21 51%
2018-12-23__10:53:18 0 disk 29941 6062 75%
2018-12-23__10:53:18 1 / 29899 6041 79%
2018-12-23__10:53:18 1 /boot 42 21 51%
2018-12-23__10:54:18 0 disk 29941 6062 75%
2018-12-23__10:54:18 1 / 29899 6041 79%
2018-12-23__10:54:18 1 /boot 42 21 51%
2018-12-23__10:55:18 0 disk 29941 6062 75%
2018-12-23__10:55:18 1 / 29899 6041 79%
2018-12-23__10:55:18 1 /boot 42 21 51%
2018-12-23__10:56:18 0 disk 29941 6062 75%
2018-12-23__10:56:18 1 / 29899 6041 79%
2018-12-23__10:56:18 1 /boot 42 21 51%
2018-12-23__10:57:22 0 disk 29941 6062 75%
2018-12-23__10:57:22 1 / 29899 6041 79%
2018-12-23__10:57:22 1 /boot 42 21 51%
2018-12-23__10:58:22 0 disk 29941 6062 75%
2018-12-23__10:58:22 1 / 29899 6041 79%
2018-12-23__10:58:22 1 /boot 42 21 51%
2018-12-23__10:59:23 0 disk 29941 6062 75%
2018-12-23__10:59:23 1 / 29899 6041 79%
2018-12-23__10:59:23 1 /boot 42 21 51%
2018-12-23__11:00:23 0 disk 29941 6062 75%
2018-12-23__11:00:23 1 / 29899 6041 79%
2018-12-23__11:00:23 1 /boot 42 21 51%
2018-12-23__11:01:23 0 disk 29941 6062 75%
2018-12-23__11:01:23 1 / 29899 6041 79%
2018-12-23__11:01:23 1 /boot 42 21 51%
2018-12-23__11:02:23 0 disk 29941 6062 75%
2018-12-23__11:02:23 1 / 29899 6041 79%
2018-12-23__11:02:23 1 /boot 42 21 51%
2018-12-23__11:03:23 0 disk 29941 6062 75%
2018-12-23__11:03:23 1 / 29899 6041 79%
2018-12-23__11:03:23 1 /boot 42 21 51%
2018-12-23__11:04:23 0 disk 29941 6061 75%
2018-12-23__11:04:23 1 / 29899 6040 79%
2018-12-23__11:04:23 1 /boot 42 21 51%
2018-12-23__11:05:23 0 disk 29941 6060 75%
2018-12-23__11:05:23 1 / 29899 6039 79%
2018-12-23__11:05:23 1 /boot 42 21 51%
2018-12-23__11:06:23 0 disk 29941 6058 75%
2018-12-23__11:06:23 1 / 29899 6037 79%
2018-12-23__11:06:23 1 /boot 42 21 51%
2018-12-23__11:07:24 0 disk 29941 6057 75%
2018-12-23__11:07:24 1 / 29899 6036 79%
2018-12-23__11:07:24 1 /boot 42 21 51%
2018-12-23__11:08:24 0 disk 29941 6056 75%
2018-12-23__11:08:24 1 / 29899 6035 79%
2018-12-23__11:08:24 1 /boot 42 21 51%
2018-12-23__11:09:24 0 disk 29941 6054 75%
2018-12-23__11:09:24 1 / 29899 6033 79%
2018-12-23__11:09:24 1 /boot 42 21 51%
2018-12-23__11:10:24 0 disk 29941 6052 75%
2018-12-23__11:10:24 1 / 29899 6031 79%
2018-12-23__11:10:24 1 /boot 42 21 51%
2018-12-23__11:11:24 0 disk 29941 6051 75%
2018-12-23__11:11:24 1 / 29899 6030 79%
2018-12-23__11:11:24 1 /boot 42 21 51%
2018-12-23__11:12:24 0 disk 29941 6050 75%
2018-12-23__11:12:24 1 / 29899 6029 79%
2018-12-23__11:12:24 1 /boot 42 21 51%
2018-12-23__11:13:25 0 disk 29941 6048 75%
2018-12-23__11:13:25 1 / 29899 6027 79%
2018-12-23__11:13:25 1 /boot 42 21 51%
2018-12-23__11:14:25 0 disk 29941 6047 75%
2018-12-23__11:14:25 1 / 29899 6026 79%
2018-12-23__11:14:25 1 /boot 42 21 51%
2018-12-23__11:15:25 0 disk 29941 6046 75%
2018-12-23__11:15:25 1 / 29899 6025 79%
2018-12-23__11:15:25 1 /boot 42 21 51%
2018-12-23__11:16:25 0 disk 29941 6044 75%
2018-12-23__11:16:25 1 / 29899 6023 79%
2018-12-23__11:16:25 1 /boot 42 21 51%
2018-12-23__11:17:25 0 disk 29941 6043 75%
2018-12-23__11:17:25 1 / 29899 6022 79%
2018-12-23__11:17:25 1 /boot 42 21 51%
2018-12-23__11:18:25 0 disk 29941 6041 75%
2018-12-23__11:18:25 1 / 29899 6020 79%
2018-12-23__11:18:25 1 /boot 42 21 51%
2018-12-23__11:19:27 0 disk 29941 6040 75%
2018-12-23__11:19:27 1 / 29899 6019 79%
2018-12-23__11:19:27 1 /boot 42 21 51%
2018-12-23__11:20:27 0 disk 29941 6039 75%
2018-12-23__11:20:27 1 / 29899 6018 79%
2018-12-23__11:20:27 1 /boot 42 21 51%
2018-12-23__11:21:27 0 disk 29941 6039 75%
2018-12-23__11:21:27 1 / 29899 6018 79%
2018-12-23__11:21:27 1 /boot 42 21 51%
2018-12-23__11:22:27 0 disk 29941 6039 75%
2018-12-23__11:22:27 1 / 29899 6018 79%
2018-12-23__11:22:27 1 /boot 42 21 51%
2018-12-23__11:23:27 0 disk 29941 6039 75%
2018-12-23__11:23:27 1 / 29899 6018 79%
2018-12-23__11:23:27 1 /boot 42 21 51%
2018-12-23__11:24:27 0 disk 29941 6039 75%
2018-12-23__11:24:27 1 / 29899 6018 79%
2018-12-23__11:24:27 1 /boot 42 21 51%
2018-12-23__11:25:28 0 disk 29941 6039 75%
2018-12-23__11:25:28 1 / 29899 6018 79%
2018-12-23__11:25:28 1 /boot 42 21 51%
2018-12-23__11:26:28 0 disk 29941 6039 75%
2018-12-23__11:26:28 1 / 29899 6018 79%
2018-12-23__11:26:28 1 /boot 42 21 51%
2018-12-23__11:27:28 0 disk 29941 6039 75%
2018-12-23__11:27:28 1 / 29899 6018 79%
2018-12-23__11:27:28 1 /boot 42 21 51%
2018-12-23__11:28:28 0 disk 29941 6039 75%
2018-12-23__11:28:28 1 / 29899 6018 79%
2018-12-23__11:28:28 1 /boot 42 21 51%
2018-12-23__11:29:28 0 disk 29941 6039 75%
2018-12-23__11:29:28 1 / 29899 6018 79%
2018-12-23__11:29:28 1 /boot 42 21 51%
2018-12-23__11:30:28 0 disk 29941 6039 75%
2018-12-23__11:30:28 1 / 29899 6018 79%
2018-12-23__11:30:28 1 /boot 42 21 51%
2018-12-23__11:31:28 0 disk 29941 6039 75%
2018-12-23__11:31:28 1 / 29899 6018 79%
2018-12-23__11:31:28 1 /boot 42 21 51%
2018-12-23__11:32:28 0 disk 29941 6039 75%
2018-12-23__11:32:28 1 / 29899 6018 79%
2018-12-23__11:32:28 1 /boot 42 21 51%
2018-12-23__11:33:29 0 disk 29941 6039 75%
2018-12-23__11:33:29 1 / 29899 6018 79%
2018-12-23__11:33:29 1 /boot 42 21 51%
2018-12-23__11:34:29 0 disk 29941 6039 75%
2018-12-23__11:34:29 1 / 29899 6018 79%
2018-12-23__11:34:29 1 /boot 42 21 51%
2018-12-23__11:35:29 0 disk 29941 6039 75%
2018-12-23__11:35:29 1 / 29899 6018 79%
2018-12-23__11:35:29 1 /boot 42 21 51%
2018-12-23__11:36:29 0 disk 29941 6039 75%
2018-12-23__11:36:29 1 / 29899 6018 79%
2018-12-23__11:36:29 1 /boot 42 21 51%
2018-12-23__11:37:29 0 disk 29941 6039 75%
2018-12-23__11:37:29 1 / 29899 6018 79%
2018-12-23__11:37:29 1 /boot 42 21 51%
