2018-12-22__13:43:51 0.06,0.13,0.16 26.63 45°C normal
2018-12-22__14:01:02 0.18,0.20,0.19 72.39 47°C normal
2018-12-22__14:01:10 0.16,0.20,0.19 28.64 45°C normal
2018-12-22__14:01:16 0.15,0.20,0.18 35.32 46°C normal
2018-12-22__14:01:21 0.14,0.19,0.18 29.75 45°C normal
2018-12-22__14:01:27 0.19,0.20,0.19 27.91 46°C normal
2018-12-22__14:01:35 0.18,0.20,0.18 30.00 45°C normal
2018-12-22__14:01:41 0.24,0.21,0.19 27.77 45°C normal
2018-12-22__14:01:48 0.28,0.22,0.19 33.84 46°C normal
2018-12-22__14:01:58 0.24,0.21,0.19 31.28 45°C normal
2018-12-22__14:02:04 0.22,0.21,0.19 59.69 47°C normal
2018-12-22__14:02:09 0.20,0.21,0.19 28.42 46°C normal
2018-12-22__14:02:15 0.18,0.20,0.18 39.89 46°C normal
2018-12-22__14:02:24 0.15,0.20,0.18 27.91 46°C normal
2018-12-22__14:02:34 0.13,0.19,0.18 28.00 45°C normal
2018-12-22__14:02:44 0.11,0.18,0.18 32.32 46°C normal
2018-12-22__14:02:50 0.10,0.18,0.18 31.08 46°C normal
2018-12-22__14:02:58 0.08,0.17,0.17 28.35 45°C normal
2018-12-22__14:03:04 0.08,0.17,0.17 42.15 46°C normal
2018-12-22__14:03:10 0.07,0.17,0.17 29.08 45°C normal
2018-12-22__14:03:15 0.07,0.16,0.17 37.56 46°C normal
2018-12-22__14:03:24 0.06,0.16,0.17 29.00 46°C normal
2018-12-22__14:03:34 0.05,0.15,0.17 29.16 46°C normal
2018-12-22__14:03:44 0.12,0.16,0.17 29.00 45°C normal
2018-12-22__14:03:54 0.40,0.22,0.19 28.64 46°C normal
2018-12-22__14:04:00 0.37,0.22,0.19 26.94 46°C normal
2018-12-22__14:04:09 0.31,0.21,0.19 31.65 47°C normal
2018-12-22__14:04:14 0.29,0.21,0.19 36.73 46°C normal
2018-12-22__14:04:20 0.26,0.20,0.18 32.82 46°C normal
2018-12-22__14:04:26 0.24,0.20,0.18 34.37 46°C normal
2018-12-22__14:04:34 0.28,0.21,0.19 26.80 46°C normal
2018-12-22__14:04:44 0.24,0.20,0.18 27.41 45°C normal
2018-12-22__14:04:54 0.20,0.20,0.18 28.35 46°C normal
2018-12-22__14:05:04 0.17,0.19,0.18 32.84 47°C normal
2018-12-22__14:05:10 0.23,0.20,0.18 32.29 47°C normal
2018-12-22__14:05:16 0.22,0.20,0.18 41.70 46°C normal
2018-12-22__14:05:21 0.20,0.20,0.18 32.65 46°C normal
2018-12-22__14:05:27 0.18,0.19,0.18 34.18 46°C normal
2018-12-22__14:05:37 0.21,0.20,0.18 28.64 45°C normal
2018-12-22__14:05:47 0.18,0.19,0.18 28.64 45°C normal
2018-12-22__14:05:53 0.16,0.19,0.18 29.29 45°C normal
2018-12-22__14:05:59 0.15,0.18,0.18 33.50 46°C normal
2018-12-22__14:06:04 0.14,0.18,0.18 28.35 45°C normal
2018-12-22__14:06:10 0.21,0.20,0.18 28.57 47°C normal
2018-12-22__14:06:16 0.19,0.19,0.18 36.00 46°C normal
2018-12-22__14:06:23 0.16,0.18,0.18 27.55 46°C normal
2018-12-22__14:06:28 0.15,0.18,0.18 29.14 45°C normal
2018-12-22__14:06:34 0.13,0.18,0.18 33.33 46°C normal
2018-12-22__14:06:40 0.12,0.17,0.18 27.86 46°C normal
2018-12-22__14:06:45 0.35,0.22,0.19 26.90 46°C normal
2018-12-22__14:06:51 0.33,0.22,0.19 31.44 47°C normal
2018-12-22__14:06:57 0.30,0.21,0.19 34.14 45°C normal
2018-12-22__14:07:02 0.47,0.26,0.20 45.50 46°C normal
2018-12-22__14:07:08 0.44,0.25,0.20 67.87 48°C normal
2018-12-22__14:07:13 0.40,0.25,0.20 30.92 46°C normal
2018-12-22__14:07:19 0.37,0.24,0.20 31.77 46°C normal
2018-12-22__14:07:25 0.34,0.24,0.20 34.00 46°C normal
2018-12-22__14:07:30 0.31,0.23,0.19 32.14 46°C normal
2018-12-22__14:07:36 0.29,0.23,0.19 31.34 46°C normal
2018-12-22__14:07:42 0.26,0.23,0.19 34.69 46°C normal
2018-12-22__14:07:47 0.24,0.22,0.19 32.16 46°C normal
2018-12-22__14:07:53 0.43,0.26,0.20 29.53 46°C normal
2018-12-22__14:07:58 0.39,0.26,0.20 31.81 46°C normal
2018-12-22__14:08:05 0.36,0.26,0.20 28.21 46°C normal
2018-12-22__14:08:11 0.33,0.25,0.20 32.65 47°C normal
2018-12-22__14:08:16 0.30,0.25,0.20 25.62 47°C normal
2018-12-22__14:08:22 0.28,0.24,0.20 26.42 46°C normal
2018-12-22__14:08:28 0.31,0.25,0.20 28.07 46°C normal
2018-12-22__14:08:33 0.29,0.25,0.20 28.20 45°C normal
2018-12-22__14:08:39 0.26,0.24,0.20 28.07 45°C normal
2018-12-22__14:08:45 0.24,0.24,0.20 34.69 46°C normal
2018-12-22__14:08:50 0.22,0.23,0.19 28.00 46°C normal
2018-12-22__14:08:56 0.20,0.23,0.19 29.06 46°C normal
2018-12-22__14:09:02 0.27,0.24,0.20 49.23 46°C normal
2018-12-22__14:09:07 0.25,0.24,0.20 29.50 46°C normal
2018-12-22__14:09:16 0.44,0.28,0.21 30.61 47°C normal
2018-12-22__14:09:22 0.41,0.27,0.21 35.00 46°C normal
2018-12-22__14:09:27 0.69,0.34,0.23 35.35 47°C normal
2018-12-22__14:09:33 0.66,0.34,0.23 27.50 46°C normal
2018-12-22__14:09:39 0.61,0.34,0.23 28.14 45°C normal
2018-12-22__14:09:44 0.56,0.33,0.23 28.42 46°C normal
2018-12-22__14:09:50 0.51,0.32,0.23 40.20 46°C normal
2018-12-22__14:09:56 0.47,0.32,0.23 30.30 46°C normal
2018-12-22__14:10:01 0.43,0.31,0.22 30.61 46°C normal
2018-12-22__14:10:07 0.40,0.31,0.22 27.41 47°C normal
2018-12-22__14:10:13 0.77,0.39,0.25 32.66 47°C normal
2018-12-22__14:10:18 0.65,0.37,0.25 45.59 47°C normal
2018-12-22__14:10:24 0.60,0.37,0.24 27.94 46°C normal
2018-12-22__14:10:29 0.55,0.36,0.24 28.14 46°C normal
2018-12-22__14:10:35 0.50,0.35,0.24 29.55 46°C normal
2018-12-22__14:10:41 0.46,0.35,0.24 29.35 45°C normal
2018-12-22__14:10:47 0.43,0.34,0.24 28.78 45°C normal
2018-12-22__14:10:56 0.52,0.36,0.25 28.42 45°C normal
2018-12-22__14:11:02 0.47,0.36,0.25 28.93 47°C normal
2018-12-22__14:11:11 0.40,0.35,0.24 55.10 47°C normal
2018-12-22__14:11:17 0.37,0.34,0.24 36.86 47°C normal
2018-12-22__14:11:22 0.34,0.33,0.24 27.55 45°C normal
2018-12-22__14:11:28 0.36,0.34,0.24 29.00 45°C normal
2018-12-22__14:11:37 0.33,0.33,0.24 27.04 45°C normal
2018-12-22__14:11:47 0.35,0.34,0.24 29.59 46°C normal
