2018-12-22__19:09:18 0 disk 29941 13794 49%
2018-12-22__19:09:18 1 / 29899 13773 52%
2018-12-22__19:09:18 1 /boot 42 21 51%
2018-12-22__19:10:18 0 disk 29941 13794 49%
2018-12-22__19:10:18 1 / 29899 13773 52%
2018-12-22__19:10:18 1 /boot 42 21 51%
2018-12-23__09:26:38 0 disk 29941 13765 49%
2018-12-23__09:26:38 1 / 29899 13744 53%
2018-12-23__09:26:38 1 /boot 42 21 51%
2018-12-23__09:34:32 0 disk 29941 13764 49%
2018-12-23__09:34:32 1 / 29899 13743 53%
2018-12-23__09:34:32 1 /boot 42 21 51%
2018-12-23__09:35:32 0 disk 29941 13764 49%
2018-12-23__09:35:32 1 / 29899 13743 53%
2018-12-23__09:35:32 1 /boot 42 21 51%
2018-12-23__09:36:32 0 disk 29941 13764 49%
2018-12-23__09:36:32 1 / 29899 13743 53%
2018-12-23__09:36:32 1 /boot 42 21 51%
2018-12-23__09:37:32 0 disk 29941 13764 49%
2018-12-23__09:37:32 1 / 29899 13743 53%
2018-12-23__09:37:32 1 /boot 42 21 51%
2018-12-23__09:38:32 0 disk 29941 13764 49%
2018-12-23__09:38:32 1 / 29899 13743 53%
2018-12-23__09:38:32 1 /boot 42 21 51%
2018-12-23__09:39:32 0 disk 29941 13764 49%
2018-12-23__09:39:32 1 / 29899 13743 53%
2018-12-23__09:39:32 1 /boot 42 21 51%
2018-12-23__09:40:32 0 disk 29941 13763 49%
2018-12-23__09:40:32 1 / 29899 13742 53%
2018-12-23__09:40:32 1 /boot 42 21 51%
2018-12-23__09:41:32 0 disk 29941 13763 49%
2018-12-23__09:41:32 1 / 29899 13742 53%
2018-12-23__09:41:32 1 /boot 42 21 51%
2018-12-23__09:42:32 0 disk 29941 13763 49%
2018-12-23__09:42:32 1 / 29899 13742 53%
2018-12-23__09:42:32 1 /boot 42 21 51%
2018-12-23__09:43:32 0 disk 29941 13763 49%
2018-12-23__09:43:32 1 / 29899 13742 53%
2018-12-23__09:43:32 1 /boot 42 21 51%
2018-12-23__09:44:33 0 disk 29941 13763 49%
2018-12-23__09:44:33 1 / 29899 13742 53%
2018-12-23__09:44:33 1 /boot 42 21 51%
2018-12-23__09:45:33 0 disk 29941 13763 49%
2018-12-23__09:45:33 1 / 29899 13742 53%
2018-12-23__09:45:33 1 /boot 42 21 51%
2018-12-23__09:46:33 0 disk 29941 13763 49%
2018-12-23__09:46:33 1 / 29899 13742 53%
2018-12-23__09:46:33 1 /boot 42 21 51%
2018-12-23__09:47:33 0 disk 29941 13763 49%
2018-12-23__09:47:33 1 / 29899 13742 53%
2018-12-23__09:47:33 1 /boot 42 21 51%
2018-12-23__09:48:33 0 disk 29941 13763 49%
2018-12-23__09:48:33 1 / 29899 13742 53%
2018-12-23__09:48:33 1 /boot 42 21 51%
2018-12-23__09:49:33 0 disk 29941 13763 49%
2018-12-23__09:49:33 1 / 29899 13742 53%
2018-12-23__09:49:33 1 /boot 42 21 51%
2018-12-23__09:50:33 0 disk 29941 13763 49%
2018-12-23__09:50:33 1 / 29899 13742 53%
2018-12-23__09:50:33 1 /boot 42 21 51%
2018-12-23__09:51:33 0 disk 29941 13763 49%
2018-12-23__09:51:33 1 / 29899 13742 53%
2018-12-23__09:51:33 1 /boot 42 21 51%
2018-12-23__09:52:34 0 disk 29941 13763 49%
2018-12-23__09:52:34 1 / 29899 13742 53%
2018-12-23__09:52:34 1 /boot 42 21 51%
2018-12-23__09:53:34 0 disk 29941 13763 49%
2018-12-23__09:53:34 1 / 29899 13742 53%
2018-12-23__09:53:34 1 /boot 42 21 51%
2018-12-23__09:54:34 0 disk 29941 13763 49%
2018-12-23__09:54:34 1 / 29899 13742 53%
2018-12-23__09:54:34 1 /boot 42 21 51%
2018-12-23__09:55:34 0 disk 29941 13763 49%
2018-12-23__09:55:34 1 / 29899 13742 53%
2018-12-23__09:55:34 1 /boot 42 21 51%
2018-12-23__09:56:34 0 disk 29941 13763 49%
2018-12-23__09:56:34 1 / 29899 13742 53%
2018-12-23__09:56:34 1 /boot 42 21 51%
2018-12-23__09:57:34 0 disk 29941 13763 49%
2018-12-23__09:57:34 1 / 29899 13742 53%
2018-12-23__09:57:34 1 /boot 42 21 51%
2018-12-23__09:58:34 0 disk 29941 13763 49%
2018-12-23__09:58:34 1 / 29899 13742 53%
2018-12-23__09:58:34 1 /boot 42 21 51%
2018-12-23__09:59:34 0 disk 29941 13763 49%
2018-12-23__09:59:34 1 / 29899 13742 53%
2018-12-23__09:59:34 1 /boot 42 21 51%
2018-12-23__10:00:34 0 disk 29941 13763 49%
2018-12-23__10:00:34 1 / 29899 13742 53%
2018-12-23__10:00:34 1 /boot 42 21 51%
2018-12-23__10:01:34 0 disk 29941 13763 49%
2018-12-23__10:01:34 1 / 29899 13742 53%
2018-12-23__10:01:34 1 /boot 42 21 51%
2018-12-23__10:02:35 0 disk 29941 13763 49%
2018-12-23__10:02:35 1 / 29899 13742 53%
2018-12-23__10:02:35 1 /boot 42 21 51%
2018-12-23__10:03:35 0 disk 29941 13763 49%
2018-12-23__10:03:35 1 / 29899 13742 53%
2018-12-23__10:03:35 1 /boot 42 21 51%
2018-12-23__10:04:35 0 disk 29941 13763 49%
2018-12-23__10:04:35 1 / 29899 13742 53%
2018-12-23__10:04:35 1 /boot 42 21 51%
2018-12-23__10:05:39 0 disk 29941 13763 49%
2018-12-23__10:05:39 1 / 29899 13742 53%
2018-12-23__10:05:39 1 /boot 42 21 51%
2018-12-23__10:06:39 0 disk 29941 13763 49%
2018-12-23__10:06:39 1 / 29899 13742 53%
2018-12-23__10:06:39 1 /boot 42 21 51%
2018-12-23__10:07:39 0 disk 29941 13763 49%
2018-12-23__10:07:39 1 / 29899 13742 53%
2018-12-23__10:07:39 1 /boot 42 21 51%
2018-12-23__10:08:39 0 disk 29941 13763 49%
2018-12-23__10:08:39 1 / 29899 13742 53%
2018-12-23__10:08:39 1 /boot 42 21 51%
2018-12-23__10:09:39 0 disk 29941 13763 49%
2018-12-23__10:09:39 1 / 29899 13742 53%
2018-12-23__10:09:39 1 /boot 42 21 51%
2018-12-23__10:10:40 0 disk 29941 13763 49%
2018-12-23__10:10:40 1 / 29899 13742 53%
2018-12-23__10:10:40 1 /boot 42 21 51%
2018-12-23__10:11:40 0 disk 29941 13763 49%
2018-12-23__10:11:40 1 / 29899 13742 53%
2018-12-23__10:11:40 1 /boot 42 21 51%
2018-12-23__10:12:40 0 disk 29941 13763 49%
2018-12-23__10:12:40 1 / 29899 13742 53%
2018-12-23__10:12:40 1 /boot 42 21 51%
2018-12-23__10:13:40 0 disk 29941 13763 49%
2018-12-23__10:13:40 1 / 29899 13742 53%
2018-12-23__10:13:40 1 /boot 42 21 51%
2018-12-23__10:14:40 0 disk 29941 13763 49%
2018-12-23__10:14:40 1 / 29899 13742 53%
2018-12-23__10:14:40 1 /boot 42 21 51%
2018-12-23__10:15:40 0 disk 29941 13763 49%
2018-12-23__10:15:40 1 / 29899 13742 53%
2018-12-23__10:15:40 1 /boot 42 21 51%
2018-12-23__10:16:42 0 disk 29941 13763 49%
2018-12-23__10:16:42 1 / 29899 13742 53%
2018-12-23__10:16:42 1 /boot 42 21 51%
2018-12-23__10:17:42 0 disk 29941 13763 49%
2018-12-23__10:17:42 1 / 29899 13742 53%
2018-12-23__10:17:42 1 /boot 42 21 51%
2018-12-23__10:18:42 0 disk 29941 13763 49%
2018-12-23__10:18:42 1 / 29899 13742 53%
2018-12-23__10:18:42 1 /boot 42 21 51%
2018-12-23__10:19:43 0 disk 29941 13763 49%
2018-12-23__10:19:43 1 / 29899 13742 53%
2018-12-23__10:19:43 1 /boot 42 21 51%
2018-12-23__10:20:43 0 disk 29941 13763 49%
2018-12-23__10:20:43 1 / 29899 13742 53%
2018-12-23__10:20:43 1 /boot 42 21 51%
2018-12-23__10:21:43 0 disk 29941 13763 49%
2018-12-23__10:21:43 1 / 29899 13742 53%
2018-12-23__10:21:43 1 /boot 42 21 51%
2018-12-23__10:22:43 0 disk 29941 13763 49%
2018-12-23__10:22:43 1 / 29899 13742 53%
2018-12-23__10:22:43 1 /boot 42 21 51%
2018-12-23__10:23:43 0 disk 29941 13763 49%
2018-12-23__10:23:43 1 / 29899 13742 53%
2018-12-23__10:23:43 1 /boot 42 21 51%
2018-12-23__10:24:43 0 disk 29941 13763 49%
2018-12-23__10:24:43 1 / 29899 13742 53%
2018-12-23__10:24:43 1 /boot 42 21 51%
2018-12-23__10:25:43 0 disk 29941 13763 49%
2018-12-23__10:25:43 1 / 29899 13742 53%
2018-12-23__10:25:43 1 /boot 42 21 51%
2018-12-23__10:26:43 0 disk 29941 13763 49%
2018-12-23__10:26:43 1 / 29899 13742 53%
2018-12-23__10:26:43 1 /boot 42 21 51%
2018-12-23__10:27:44 0 disk 29941 13763 49%
2018-12-23__10:27:44 1 / 29899 13742 53%
2018-12-23__10:27:44 1 /boot 42 21 51%
2018-12-23__10:28:44 0 disk 29941 13763 49%
2018-12-23__10:28:44 1 / 29899 13742 53%
2018-12-23__10:28:44 1 /boot 42 21 51%
2018-12-23__10:29:44 0 disk 29941 13763 49%
2018-12-23__10:29:44 1 / 29899 13742 53%
2018-12-23__10:29:44 1 /boot 42 21 51%
2018-12-23__10:30:44 0 disk 29941 13763 49%
2018-12-23__10:30:44 1 / 29899 13742 53%
2018-12-23__10:30:44 1 /boot 42 21 51%
2018-12-23__10:31:44 0 disk 29941 13763 49%
2018-12-23__10:31:44 1 / 29899 13742 53%
2018-12-23__10:31:44 1 /boot 42 21 51%
2018-12-23__10:32:45 0 disk 29941 13763 49%
2018-12-23__10:32:45 1 / 29899 13742 53%
2018-12-23__10:32:45 1 /boot 42 21 51%
2018-12-23__10:33:45 0 disk 29941 13763 49%
2018-12-23__10:33:45 1 / 29899 13742 53%
2018-12-23__10:33:45 1 /boot 42 21 51%
2018-12-23__10:34:45 0 disk 29941 13763 49%
2018-12-23__10:34:45 1 / 29899 13742 53%
2018-12-23__10:34:45 1 /boot 42 21 51%
2018-12-23__10:35:45 0 disk 29941 13763 49%
2018-12-23__10:35:45 1 / 29899 13742 53%
2018-12-23__10:35:45 1 /boot 42 21 51%
2018-12-23__10:36:45 0 disk 29941 13763 49%
2018-12-23__10:36:45 1 / 29899 13742 53%
2018-12-23__10:36:45 1 /boot 42 21 51%
2018-12-23__10:37:45 0 disk 29941 13763 49%
2018-12-23__10:37:45 1 / 29899 13742 53%
2018-12-23__10:37:45 1 /boot 42 21 51%
2018-12-23__10:38:45 0 disk 29941 13763 49%
2018-12-23__10:38:45 1 / 29899 13742 53%
2018-12-23__10:38:45 1 /boot 42 21 51%
2018-12-23__10:39:45 0 disk 29941 13763 49%
2018-12-23__10:39:45 1 / 29899 13742 53%
2018-12-23__10:39:45 1 /boot 42 21 51%
2018-12-23__10:40:45 0 disk 29941 13763 49%
2018-12-23__10:40:45 1 / 29899 13742 53%
2018-12-23__10:40:45 1 /boot 42 21 51%
2018-12-23__10:41:46 0 disk 29941 13763 49%
2018-12-23__10:41:46 1 / 29899 13742 53%
2018-12-23__10:41:46 1 /boot 42 21 51%
2018-12-23__10:42:46 0 disk 29941 13763 49%
2018-12-23__10:42:46 1 / 29899 13742 53%
2018-12-23__10:42:46 1 /boot 42 21 51%
2018-12-23__10:43:46 0 disk 29941 13763 49%
2018-12-23__10:43:46 1 / 29899 13742 53%
2018-12-23__10:43:46 1 /boot 42 21 51%
2018-12-23__10:44:46 0 disk 29941 13763 49%
2018-12-23__10:44:46 1 / 29899 13742 53%
2018-12-23__10:44:46 1 /boot 42 21 51%
2018-12-23__10:45:46 0 disk 29941 13763 49%
2018-12-23__10:45:46 1 / 29899 13742 53%
2018-12-23__10:45:46 1 /boot 42 21 51%
2018-12-23__10:46:49 0 disk 29941 13763 49%
2018-12-23__10:46:49 1 / 29899 13742 53%
2018-12-23__10:46:49 1 /boot 42 21 51%
2018-12-23__10:47:50 0 disk 29941 13763 49%
2018-12-23__10:47:50 1 / 29899 13742 53%
2018-12-23__10:47:50 1 /boot 42 21 51%
2018-12-23__10:48:50 0 disk 29941 13763 49%
2018-12-23__10:48:50 1 / 29899 13742 53%
2018-12-23__10:48:50 1 /boot 42 21 51%
2018-12-23__10:49:50 0 disk 29941 13763 49%
2018-12-23__10:49:50 1 / 29899 13742 53%
2018-12-23__10:49:50 1 /boot 42 21 51%
2018-12-23__10:50:55 0 disk 29941 13763 49%
2018-12-23__10:50:55 1 / 29899 13742 53%
2018-12-23__10:50:55 1 /boot 42 21 51%
2018-12-23__10:51:55 0 disk 29941 13763 49%
2018-12-23__10:51:55 1 / 29899 13742 53%
2018-12-23__10:51:55 1 /boot 42 21 51%
2018-12-23__10:52:55 0 disk 29941 13763 49%
2018-12-23__10:52:55 1 / 29899 13742 53%
2018-12-23__10:52:55 1 /boot 42 21 51%
2018-12-23__10:53:55 0 disk 29941 13763 49%
2018-12-23__10:53:55 1 / 29899 13742 53%
2018-12-23__10:53:55 1 /boot 42 21 51%
2018-12-23__10:54:55 0 disk 29941 13763 49%
2018-12-23__10:54:55 1 / 29899 13742 53%
2018-12-23__10:54:55 1 /boot 42 21 51%
2018-12-23__10:55:55 0 disk 29941 13763 49%
2018-12-23__10:55:55 1 / 29899 13742 53%
2018-12-23__10:55:55 1 /boot 42 21 51%
2018-12-23__10:56:55 0 disk 29941 13763 49%
2018-12-23__10:56:55 1 / 29899 13742 53%
2018-12-23__10:56:55 1 /boot 42 21 51%
2018-12-23__10:57:55 0 disk 29941 13763 49%
2018-12-23__10:57:55 1 / 29899 13742 53%
2018-12-23__10:57:55 1 /boot 42 21 51%
2018-12-23__10:58:56 0 disk 29941 13763 49%
2018-12-23__10:58:56 1 / 29899 13742 53%
2018-12-23__10:58:56 1 /boot 42 21 51%
2018-12-23__10:59:56 0 disk 29941 13763 49%
2018-12-23__10:59:56 1 / 29899 13742 53%
2018-12-23__10:59:56 1 /boot 42 21 51%
2018-12-23__11:00:56 0 disk 29941 13763 49%
2018-12-23__11:00:56 1 / 29899 13742 53%
2018-12-23__11:00:56 1 /boot 42 21 51%
2018-12-23__11:01:56 0 disk 29941 13763 49%
2018-12-23__11:01:56 1 / 29899 13742 53%
2018-12-23__11:01:56 1 /boot 42 21 51%
2018-12-23__11:02:56 0 disk 29941 13763 49%
2018-12-23__11:02:56 1 / 29899 13742 53%
2018-12-23__11:02:56 1 /boot 42 21 51%
2018-12-23__11:03:56 0 disk 29941 13763 49%
2018-12-23__11:03:56 1 / 29899 13742 53%
2018-12-23__11:03:56 1 /boot 42 21 51%
2018-12-23__11:04:56 0 disk 29941 13763 49%
2018-12-23__11:04:56 1 / 29899 13742 53%
2018-12-23__11:04:56 1 /boot 42 21 51%
2018-12-23__11:06:01 0 disk 29941 13763 49%
2018-12-23__11:06:01 1 / 29899 13742 53%
2018-12-23__11:06:01 1 /boot 42 21 51%
2018-12-23__11:07:01 0 disk 29941 13763 49%
2018-12-23__11:07:01 1 / 29899 13742 53%
2018-12-23__11:07:01 1 /boot 42 21 51%
2018-12-23__11:08:02 0 disk 29941 13763 49%
2018-12-23__11:08:02 1 / 29899 13742 53%
2018-12-23__11:08:02 1 /boot 42 21 51%
2018-12-23__11:09:02 0 disk 29941 13763 49%
2018-12-23__11:09:02 1 / 29899 13742 53%
2018-12-23__11:09:02 1 /boot 42 21 51%
2018-12-23__11:10:02 0 disk 29941 13763 49%
2018-12-23__11:10:02 1 / 29899 13742 53%
2018-12-23__11:10:02 1 /boot 42 21 51%
2018-12-23__11:11:02 0 disk 29941 13763 49%
2018-12-23__11:11:02 1 / 29899 13742 53%
2018-12-23__11:11:02 1 /boot 42 21 51%
2018-12-23__11:12:02 0 disk 29941 13763 49%
2018-12-23__11:12:02 1 / 29899 13742 53%
2018-12-23__11:12:02 1 /boot 42 21 51%
2018-12-23__11:13:02 0 disk 29941 13763 49%
2018-12-23__11:13:02 1 / 29899 13742 53%
2018-12-23__11:13:02 1 /boot 42 21 51%
2018-12-23__11:14:02 0 disk 29941 13763 49%
2018-12-23__11:14:02 1 / 29899 13742 53%
2018-12-23__11:14:02 1 /boot 42 21 51%
2018-12-23__11:15:02 0 disk 29941 13763 49%
2018-12-23__11:15:02 1 / 29899 13742 53%
2018-12-23__11:15:02 1 /boot 42 21 51%
2018-12-23__11:16:02 0 disk 29941 13763 49%
2018-12-23__11:16:02 1 / 29899 13742 53%
2018-12-23__11:16:02 1 /boot 42 21 51%
2018-12-23__11:17:02 0 disk 29941 13763 49%
2018-12-23__11:17:02 1 / 29899 13742 53%
2018-12-23__11:17:02 1 /boot 42 21 51%
2018-12-23__11:18:03 0 disk 29941 13763 49%
2018-12-23__11:18:03 1 / 29899 13742 53%
2018-12-23__11:18:03 1 /boot 42 21 51%
2018-12-23__11:19:03 0 disk 29941 13763 49%
2018-12-23__11:19:03 1 / 29899 13742 53%
2018-12-23__11:19:03 1 /boot 42 21 51%
2018-12-23__11:20:03 0 disk 29941 13763 49%
2018-12-23__11:20:03 1 / 29899 13742 53%
2018-12-23__11:20:03 1 /boot 42 21 51%
2018-12-23__11:21:03 0 disk 29941 13762 49%
2018-12-23__11:21:03 1 / 29899 13741 53%
2018-12-23__11:21:03 1 /boot 42 21 51%
2018-12-23__11:22:03 0 disk 29941 13762 49%
2018-12-23__11:22:03 1 / 29899 13741 53%
2018-12-23__11:22:03 1 /boot 42 21 51%
2018-12-23__11:23:03 0 disk 29941 13762 49%
2018-12-23__11:23:03 1 / 29899 13741 53%
2018-12-23__11:23:03 1 /boot 42 21 51%
2018-12-23__11:24:03 0 disk 29941 13763 49%
2018-12-23__11:24:03 1 / 29899 13742 53%
2018-12-23__11:24:03 1 /boot 42 21 51%
2018-12-23__11:25:03 0 disk 29941 13762 49%
2018-12-23__11:25:03 1 / 29899 13741 53%
2018-12-23__11:25:03 1 /boot 42 21 51%
2018-12-23__11:26:03 0 disk 29941 13762 49%
2018-12-23__11:26:03 1 / 29899 13741 53%
2018-12-23__11:26:03 1 /boot 42 21 51%
2018-12-23__11:27:04 0 disk 29941 13762 49%
2018-12-23__11:27:04 1 / 29899 13741 53%
2018-12-23__11:27:04 1 /boot 42 21 51%
2018-12-23__11:28:04 0 disk 29941 13762 49%
2018-12-23__11:28:04 1 / 29899 13741 53%
2018-12-23__11:28:04 1 /boot 42 21 51%
2018-12-23__11:29:04 0 disk 29941 13762 49%
2018-12-23__11:29:04 1 / 29899 13741 53%
2018-12-23__11:29:04 1 /boot 42 21 51%
2018-12-23__11:30:04 0 disk 29941 13762 49%
2018-12-23__11:30:04 1 / 29899 13741 53%
2018-12-23__11:30:04 1 /boot 42 21 51%
2018-12-23__11:31:05 0 disk 29941 13762 49%
2018-12-23__11:31:05 1 / 29899 13741 53%
2018-12-23__11:31:05 1 /boot 42 21 51%
2018-12-23__11:32:05 0 disk 29941 13762 49%
2018-12-23__11:32:05 1 / 29899 13741 53%
2018-12-23__11:32:05 1 /boot 42 21 51%
2018-12-23__11:33:05 0 disk 29941 13762 49%
2018-12-23__11:33:05 1 / 29899 13741 53%
2018-12-23__11:33:05 1 /boot 42 21 51%
2018-12-23__11:34:05 0 disk 29941 13762 49%
2018-12-23__11:34:05 1 / 29899 13741 53%
2018-12-23__11:34:05 1 /boot 42 21 51%
2018-12-23__11:35:05 0 disk 29941 13762 49%
2018-12-23__11:35:05 1 / 29899 13741 53%
2018-12-23__11:35:05 1 /boot 42 21 51%
2018-12-23__11:36:05 0 disk 29941 13762 49%
2018-12-23__11:36:05 1 / 29899 13741 53%
2018-12-23__11:36:05 1 /boot 42 21 51%
2018-12-23__11:37:06 0 disk 29941 13762 49%
2018-12-23__11:37:06 1 / 29899 13741 53%
2018-12-23__11:37:06 1 /boot 42 21 51%
2018-12-23__11:38:06 0 disk 29941 13762 49%
2018-12-23__11:38:06 1 / 29899 13741 53%
2018-12-23__11:38:06 1 /boot 42 21 51%
2018-12-23__11:39:06 0 disk 29941 13762 49%
2018-12-23__11:39:06 1 / 29899 13741 53%
2018-12-23__11:39:06 1 /boot 42 21 51%
2018-12-23__11:40:06 0 disk 29941 13762 49%
2018-12-23__11:40:06 1 / 29899 13741 53%
2018-12-23__11:40:06 1 /boot 42 21 51%
2018-12-23__11:41:06 0 disk 29941 13762 49%
2018-12-23__11:41:06 1 / 29899 13741 53%
2018-12-23__11:41:06 1 /boot 42 21 51%
2018-12-23__11:42:06 0 disk 29941 13762 49%
2018-12-23__11:42:06 1 / 29899 13741 53%
2018-12-23__11:42:06 1 /boot 42 21 51%
2018-12-23__11:43:06 0 disk 29941 13762 49%
2018-12-23__11:43:06 1 / 29899 13741 53%
2018-12-23__11:43:06 1 /boot 42 21 51%
2018-12-23__11:44:06 0 disk 29941 13762 49%
2018-12-23__11:44:06 1 / 29899 13741 53%
2018-12-23__11:44:06 1 /boot 42 21 51%
2018-12-23__11:45:06 0 disk 29941 13762 49%
2018-12-23__11:45:06 1 / 29899 13741 53%
2018-12-23__11:45:06 1 /boot 42 21 51%
2018-12-23__11:46:06 0 disk 29941 13762 49%
2018-12-23__11:46:06 1 / 29899 13741 53%
2018-12-23__11:46:06 1 /boot 42 21 51%
2018-12-23__11:47:07 0 disk 29941 13762 49%
2018-12-23__11:47:07 1 / 29899 13741 53%
2018-12-23__11:47:07 1 /boot 42 21 51%
2018-12-23__11:48:07 0 disk 29941 13762 49%
2018-12-23__11:48:07 1 / 29899 13741 53%
2018-12-23__11:48:07 1 /boot 42 21 51%
2018-12-23__11:49:07 0 disk 29941 13762 49%
2018-12-23__11:49:07 1 / 29899 13741 53%
2018-12-23__11:49:07 1 /boot 42 21 51%
2018-12-23__11:50:07 0 disk 29941 13762 49%
2018-12-23__11:50:07 1 / 29899 13741 53%
2018-12-23__11:50:07 1 /boot 42 21 51%
2018-12-23__11:51:07 0 disk 29941 13762 49%
2018-12-23__11:51:07 1 / 29899 13741 53%
2018-12-23__11:51:07 1 /boot 42 21 51%
2018-12-23__11:52:07 0 disk 29941 13762 49%
2018-12-23__11:52:07 1 / 29899 13741 53%
2018-12-23__11:52:07 1 /boot 42 21 51%
2018-12-23__11:53:07 0 disk 29941 13762 49%
2018-12-23__11:53:07 1 / 29899 13741 53%
2018-12-23__11:53:07 1 /boot 42 21 51%
2018-12-23__11:54:07 0 disk 29941 13762 49%
2018-12-23__11:54:07 1 / 29899 13741 53%
2018-12-23__11:54:07 1 /boot 42 21 51%
2018-12-23__11:55:08 0 disk 29941 13762 49%
2018-12-23__11:55:08 1 / 29899 13741 53%
2018-12-23__11:55:08 1 /boot 42 21 51%
2018-12-23__11:56:08 0 disk 29941 13762 49%
2018-12-23__11:56:08 1 / 29899 13741 53%
2018-12-23__11:56:08 1 /boot 42 21 51%
2018-12-23__11:57:08 0 disk 29941 13762 49%
2018-12-23__11:57:08 1 / 29899 13741 53%
2018-12-23__11:57:08 1 /boot 42 21 51%
2018-12-23__11:58:08 0 disk 29941 13762 49%
2018-12-23__11:58:08 1 / 29899 13741 53%
2018-12-23__11:58:08 1 /boot 42 21 51%
2018-12-23__11:59:08 0 disk 29941 13762 49%
2018-12-23__11:59:08 1 / 29899 13741 53%
2018-12-23__11:59:08 1 /boot 42 21 51%
2018-12-23__12:00:08 0 disk 29941 13762 49%
2018-12-23__12:00:08 1 / 29899 13741 53%
2018-12-23__12:00:08 1 /boot 42 21 51%
2018-12-23__12:01:08 0 disk 29941 13762 49%
2018-12-23__12:01:08 1 / 29899 13741 53%
2018-12-23__12:01:08 1 /boot 42 21 51%
2018-12-23__12:02:08 0 disk 29941 13762 49%
2018-12-23__12:02:08 1 / 29899 13741 53%
2018-12-23__12:02:08 1 /boot 42 21 51%
2018-12-23__12:03:09 0 disk 29941 13762 49%
2018-12-23__12:03:09 1 / 29899 13741 53%
2018-12-23__12:03:09 1 /boot 42 21 51%
2018-12-23__12:04:09 0 disk 29941 13762 49%
2018-12-23__12:04:09 1 / 29899 13741 53%
2018-12-23__12:04:09 1 /boot 42 21 51%
2018-12-23__12:05:09 0 disk 29941 13762 49%
2018-12-23__12:05:09 1 / 29899 13741 53%
2018-12-23__12:05:09 1 /boot 42 21 51%
2018-12-23__12:06:09 0 disk 29941 13762 49%
2018-12-23__12:06:09 1 / 29899 13741 53%
2018-12-23__12:06:09 1 /boot 42 21 51%
2018-12-23__12:07:09 0 disk 29941 13762 49%
2018-12-23__12:07:09 1 / 29899 13741 53%
2018-12-23__12:07:09 1 /boot 42 21 51%
2018-12-23__12:08:09 0 disk 29941 13762 49%
2018-12-23__12:08:09 1 / 29899 13741 53%
2018-12-23__12:08:09 1 /boot 42 21 51%
2018-12-23__12:09:09 0 disk 29941 13762 49%
2018-12-23__12:09:09 1 / 29899 13741 53%
2018-12-23__12:09:09 1 /boot 42 21 51%
2018-12-23__12:10:09 0 disk 29941 13762 49%
2018-12-23__12:10:09 1 / 29899 13741 53%
2018-12-23__12:10:09 1 /boot 42 21 51%
2018-12-23__12:11:09 0 disk 29941 13762 49%
2018-12-23__12:11:09 1 / 29899 13741 53%
2018-12-23__12:11:09 1 /boot 42 21 51%
2018-12-23__12:12:10 0 disk 29941 13762 49%
2018-12-23__12:12:10 1 / 29899 13741 53%
2018-12-23__12:12:10 1 /boot 42 21 51%
2018-12-23__12:13:10 0 disk 29941 13762 49%
2018-12-23__12:13:10 1 / 29899 13741 53%
2018-12-23__12:13:10 1 /boot 42 21 51%
2018-12-23__12:14:10 0 disk 29941 13762 49%
2018-12-23__12:14:10 1 / 29899 13741 53%
2018-12-23__12:14:10 1 /boot 42 21 51%
2018-12-23__12:15:10 0 disk 29941 13762 49%
2018-12-23__12:15:10 1 / 29899 13741 53%
2018-12-23__12:15:10 1 /boot 42 21 51%
2018-12-23__12:16:10 0 disk 29941 13762 49%
2018-12-23__12:16:10 1 / 29899 13741 53%
2018-12-23__12:16:10 1 /boot 42 21 51%
2018-12-23__12:17:10 0 disk 29941 13762 49%
2018-12-23__12:17:10 1 / 29899 13741 53%
2018-12-23__12:17:10 1 /boot 42 21 51%
2018-12-23__12:18:10 0 disk 29941 13762 49%
2018-12-23__12:18:10 1 / 29899 13741 53%
2018-12-23__12:18:10 1 /boot 42 21 51%
2018-12-23__12:19:10 0 disk 29941 13762 49%
2018-12-23__12:19:10 1 / 29899 13741 53%
2018-12-23__12:19:10 1 /boot 42 21 51%
2018-12-23__12:20:10 0 disk 29941 13762 49%
2018-12-23__12:20:10 1 / 29899 13741 53%
2018-12-23__12:20:10 1 /boot 42 21 51%
2018-12-23__12:21:10 0 disk 29941 13762 49%
2018-12-23__12:21:10 1 / 29899 13741 53%
2018-12-23__12:21:10 1 /boot 42 21 51%
2018-12-23__12:22:11 0 disk 29941 13762 49%
2018-12-23__12:22:11 1 / 29899 13741 53%
2018-12-23__12:22:11 1 /boot 42 21 51%
2018-12-23__12:23:11 0 disk 29941 13762 49%
2018-12-23__12:23:11 1 / 29899 13741 53%
2018-12-23__12:23:11 1 /boot 42 21 51%
2018-12-23__12:24:11 0 disk 29941 13762 49%
2018-12-23__12:24:11 1 / 29899 13741 53%
2018-12-23__12:24:11 1 /boot 42 21 51%
2018-12-23__12:25:11 0 disk 29941 13762 49%
2018-12-23__12:25:11 1 / 29899 13741 53%
2018-12-23__12:25:11 1 /boot 42 21 51%
2018-12-23__12:26:11 0 disk 29941 13762 49%
2018-12-23__12:26:11 1 / 29899 13741 53%
2018-12-23__12:26:11 1 /boot 42 21 51%
2018-12-23__12:27:11 0 disk 29941 13762 49%
2018-12-23__12:27:11 1 / 29899 13741 53%
2018-12-23__12:27:11 1 /boot 42 21 51%
2018-12-23__12:28:11 0 disk 29941 13762 49%
2018-12-23__12:28:11 1 / 29899 13741 53%
2018-12-23__12:28:11 1 /boot 42 21 51%
2018-12-23__12:29:11 0 disk 29941 13762 49%
2018-12-23__12:29:11 1 / 29899 13741 53%
2018-12-23__12:29:11 1 /boot 42 21 51%
2018-12-23__12:30:12 0 disk 29941 13762 49%
2018-12-23__12:30:12 1 / 29899 13741 53%
2018-12-23__12:30:12 1 /boot 42 21 51%
2018-12-23__12:31:12 0 disk 29941 13762 49%
2018-12-23__12:31:12 1 / 29899 13741 53%
2018-12-23__12:31:12 1 /boot 42 21 51%
2018-12-23__12:32:12 0 disk 29941 13762 49%
2018-12-23__12:32:12 1 / 29899 13741 53%
2018-12-23__12:32:12 1 /boot 42 21 51%
2018-12-23__12:33:12 0 disk 29941 13762 49%
2018-12-23__12:33:12 1 / 29899 13741 53%
2018-12-23__12:33:12 1 /boot 42 21 51%
2018-12-23__12:34:12 0 disk 29941 13762 49%
2018-12-23__12:34:12 1 / 29899 13741 53%
2018-12-23__12:34:12 1 /boot 42 21 51%
2018-12-23__12:35:12 0 disk 29941 13762 49%
2018-12-23__12:35:12 1 / 29899 13741 53%
2018-12-23__12:35:12 1 /boot 42 21 51%
2018-12-23__12:36:12 0 disk 29941 13762 49%
2018-12-23__12:36:12 1 / 29899 13741 53%
2018-12-23__12:36:12 1 /boot 42 21 51%
2018-12-23__12:37:12 0 disk 29941 13762 49%
2018-12-23__12:37:12 1 / 29899 13741 53%
2018-12-23__12:37:12 1 /boot 42 21 51%
2018-12-23__12:38:13 0 disk 29941 13762 49%
2018-12-23__12:38:13 1 / 29899 13741 53%
2018-12-23__12:38:13 1 /boot 42 21 51%
2018-12-23__12:39:13 0 disk 29941 13762 49%
2018-12-23__12:39:13 1 / 29899 13741 53%
2018-12-23__12:39:13 1 /boot 42 21 51%
2018-12-23__12:40:13 0 disk 29941 13762 49%
2018-12-23__12:40:13 1 / 29899 13741 53%
2018-12-23__12:40:13 1 /boot 42 21 51%
2018-12-23__12:41:13 0 disk 29941 13762 49%
2018-12-23__12:41:13 1 / 29899 13741 53%
2018-12-23__12:41:13 1 /boot 42 21 51%
2018-12-23__12:42:13 0 disk 29941 13762 49%
2018-12-23__12:42:13 1 / 29899 13741 53%
2018-12-23__12:42:13 1 /boot 42 21 51%
2018-12-23__12:43:13 0 disk 29941 13762 49%
2018-12-23__12:43:13 1 / 29899 13741 53%
2018-12-23__12:43:13 1 /boot 42 21 51%
2018-12-23__12:44:13 0 disk 29941 13762 49%
2018-12-23__12:44:13 1 / 29899 13741 53%
2018-12-23__12:44:13 1 /boot 42 21 51%
2018-12-23__12:45:13 0 disk 29941 13762 49%
2018-12-23__12:45:13 1 / 29899 13741 53%
2018-12-23__12:45:13 1 /boot 42 21 51%
2018-12-23__12:46:13 0 disk 29941 13762 49%
2018-12-23__12:46:13 1 / 29899 13741 53%
2018-12-23__12:46:13 1 /boot 42 21 51%
2018-12-23__12:47:13 0 disk 29941 13762 49%
2018-12-23__12:47:13 1 / 29899 13741 53%
2018-12-23__12:47:13 1 /boot 42 21 51%
2018-12-23__12:48:14 0 disk 29941 13762 49%
2018-12-23__12:48:14 1 / 29899 13741 53%
2018-12-23__12:48:14 1 /boot 42 21 51%
2018-12-23__12:49:14 0 disk 29941 13762 49%
2018-12-23__12:49:14 1 / 29899 13741 53%
2018-12-23__12:49:14 1 /boot 42 21 51%
2018-12-23__12:50:14 0 disk 29941 13762 49%
2018-12-23__12:50:14 1 / 29899 13741 53%
2018-12-23__12:50:14 1 /boot 42 21 51%
2018-12-23__12:51:14 0 disk 29941 13762 49%
2018-12-23__12:51:14 1 / 29899 13741 53%
2018-12-23__12:51:14 1 /boot 42 21 51%
2018-12-23__12:52:14 0 disk 29941 13762 49%
2018-12-23__12:52:14 1 / 29899 13741 53%
2018-12-23__12:52:14 1 /boot 42 21 51%
2018-12-23__12:53:14 0 disk 29941 13762 49%
2018-12-23__12:53:14 1 / 29899 13741 53%
2018-12-23__12:53:14 1 /boot 42 21 51%
2018-12-23__12:54:14 0 disk 29941 13762 49%
2018-12-23__12:54:14 1 / 29899 13741 53%
2018-12-23__12:54:14 1 /boot 42 21 51%
2018-12-23__12:55:14 0 disk 29941 13762 49%
2018-12-23__12:55:14 1 / 29899 13741 53%
2018-12-23__12:55:14 1 /boot 42 21 51%
2018-12-23__12:56:15 0 disk 29941 13762 49%
2018-12-23__12:56:15 1 / 29899 13741 53%
2018-12-23__12:56:15 1 /boot 42 21 51%
2018-12-23__12:57:15 0 disk 29941 13762 49%
2018-12-23__12:57:15 1 / 29899 13741 53%
2018-12-23__12:57:15 1 /boot 42 21 51%
2018-12-23__12:58:15 0 disk 29941 13762 49%
2018-12-23__12:58:15 1 / 29899 13741 53%
2018-12-23__12:58:15 1 /boot 42 21 51%
2018-12-23__12:59:15 0 disk 29941 13762 49%
2018-12-23__12:59:15 1 / 29899 13741 53%
2018-12-23__12:59:15 1 /boot 42 21 51%
2018-12-23__13:00:15 0 disk 29941 13762 49%
2018-12-23__13:00:15 1 / 29899 13741 53%
2018-12-23__13:00:15 1 /boot 42 21 51%
2018-12-23__13:01:15 0 disk 29941 13762 49%
2018-12-23__13:01:15 1 / 29899 13741 53%
2018-12-23__13:01:15 1 /boot 42 21 51%
2018-12-23__13:02:15 0 disk 29941 13762 49%
2018-12-23__13:02:15 1 / 29899 13741 53%
2018-12-23__13:02:15 1 /boot 42 21 51%
2018-12-23__13:03:15 0 disk 29941 13762 49%
2018-12-23__13:03:15 1 / 29899 13741 53%
2018-12-23__13:03:15 1 /boot 42 21 51%
2018-12-23__13:04:15 0 disk 29941 13763 49%
2018-12-23__13:04:15 1 / 29899 13742 53%
2018-12-23__13:04:15 1 /boot 42 21 51%
2018-12-23__13:05:15 0 disk 29941 13763 49%
2018-12-23__13:05:15 1 / 29899 13742 53%
2018-12-23__13:05:15 1 /boot 42 21 51%
2018-12-23__13:06:16 0 disk 29941 13763 49%
2018-12-23__13:06:16 1 / 29899 13742 53%
2018-12-23__13:06:16 1 /boot 42 21 51%
2018-12-23__13:07:16 0 disk 29941 13763 49%
2018-12-23__13:07:16 1 / 29899 13742 53%
2018-12-23__13:07:16 1 /boot 42 21 51%
2018-12-23__13:08:16 0 disk 29941 13763 49%
2018-12-23__13:08:16 1 / 29899 13742 53%
2018-12-23__13:08:16 1 /boot 42 21 51%
2018-12-23__13:09:16 0 disk 29941 13763 49%
2018-12-23__13:09:16 1 / 29899 13742 53%
2018-12-23__13:09:16 1 /boot 42 21 51%
2018-12-23__13:10:16 0 disk 29941 13763 49%
2018-12-23__13:10:16 1 / 29899 13742 53%
2018-12-23__13:10:16 1 /boot 42 21 51%
2018-12-23__13:11:16 0 disk 29941 13763 49%
2018-12-23__13:11:16 1 / 29899 13742 53%
2018-12-23__13:11:16 1 /boot 42 21 51%
2018-12-23__13:12:16 0 disk 29941 13763 49%
2018-12-23__13:12:16 1 / 29899 13742 53%
2018-12-23__13:12:16 1 /boot 42 21 51%
2018-12-23__13:13:16 0 disk 29941 13763 49%
2018-12-23__13:13:16 1 / 29899 13742 53%
2018-12-23__13:13:16 1 /boot 42 21 51%
2018-12-23__13:14:17 0 disk 29941 13763 49%
2018-12-23__13:14:17 1 / 29899 13742 53%
2018-12-23__13:14:17 1 /boot 42 21 51%
2018-12-23__13:15:17 0 disk 29941 13763 49%
2018-12-23__13:15:17 1 / 29899 13742 53%
2018-12-23__13:15:17 1 /boot 42 21 51%
2018-12-23__13:16:17 0 disk 29941 13763 49%
2018-12-23__13:16:17 1 / 29899 13742 53%
2018-12-23__13:16:17 1 /boot 42 21 51%
2018-12-23__13:17:17 0 disk 29941 13763 49%
2018-12-23__13:17:17 1 / 29899 13742 53%
2018-12-23__13:17:17 1 /boot 42 21 51%
2018-12-23__13:18:17 0 disk 29941 13763 49%
2018-12-23__13:18:17 1 / 29899 13742 53%
2018-12-23__13:18:17 1 /boot 42 21 51%
2018-12-23__13:19:17 0 disk 29941 13763 49%
2018-12-23__13:19:17 1 / 29899 13742 53%
2018-12-23__13:19:17 1 /boot 42 21 51%
2018-12-23__13:20:17 0 disk 29941 13763 49%
2018-12-23__13:20:17 1 / 29899 13742 53%
2018-12-23__13:20:17 1 /boot 42 21 51%
2018-12-23__13:21:17 0 disk 29941 13763 49%
2018-12-23__13:21:17 1 / 29899 13742 53%
2018-12-23__13:21:17 1 /boot 42 21 51%
2018-12-23__13:22:17 0 disk 29941 13763 49%
2018-12-23__13:22:17 1 / 29899 13742 53%
2018-12-23__13:22:17 1 /boot 42 21 51%
2018-12-23__13:23:18 0 disk 29941 13763 49%
2018-12-23__13:23:18 1 / 29899 13742 53%
2018-12-23__13:23:18 1 /boot 42 21 51%
2018-12-23__13:24:18 0 disk 29941 13763 49%
2018-12-23__13:24:18 1 / 29899 13742 53%
2018-12-23__13:24:18 1 /boot 42 21 51%
2018-12-23__13:25:18 0 disk 29941 13763 49%
2018-12-23__13:25:18 1 / 29899 13742 53%
2018-12-23__13:25:18 1 /boot 42 21 51%
2018-12-23__13:26:18 0 disk 29941 13763 49%
2018-12-23__13:26:18 1 / 29899 13742 53%
2018-12-23__13:26:18 1 /boot 42 21 51%
2018-12-23__13:27:18 0 disk 29941 13763 49%
2018-12-23__13:27:18 1 / 29899 13742 53%
2018-12-23__13:27:18 1 /boot 42 21 51%
