2018-12-22__14:04:31 0.13,0.15,0.10 84.42 52°C note
2018-12-22__14:04:40 0.11,0.14,0.10 33.83 52°C note
2018-12-22__14:04:46 0.10,0.14,0.10 30.92 52°C note
2018-12-22__14:04:51 0.09,0.14,0.10 31.95 52°C note
2018-12-22__14:04:57 0.08,0.14,0.10 48.24 52°C note
2018-12-22__14:05:05 0.07,0.13,0.10 27.77 51°C note
2018-12-22__14:05:11 0.06,0.13,0.10 31.97 52°C note
2018-12-22__14:05:17 0.14,0.14,0.10 27.27 51°C note
2018-12-22__14:05:22 0.21,0.16,0.11 43.71 53°C note
2018-12-22__14:05:29 0.19,0.16,0.11 29.85 52°C note
2018-12-22__14:05:34 0.18,0.15,0.10 27.77 52°C note
2018-12-22__14:05:40 0.22,0.16,0.11 30.09 51°C note
2018-12-22__14:05:46 0.20,0.16,0.11 28.85 51°C note
2018-12-22__14:05:52 0.19,0.16,0.11 29.20 52°C note
2018-12-22__14:05:57 0.17,0.16,0.11 28.57 52°C note
2018-12-22__14:06:07 0.15,0.15,0.10 31.03 52°C note
2018-12-22__14:06:17 0.12,0.14,0.10 27.00 52°C note
2018-12-22__14:06:27 0.10,0.14,0.10 36.31 52°C note
2018-12-22__14:06:33 0.10,0.14,0.10 47.20 53°C note
2018-12-22__14:06:39 0.09,0.13,0.10 44.94 53°C note
2018-12-22__14:06:44 0.08,0.13,0.10 36.31 53°C note
2018-12-22__14:06:53 0.14,0.14,0.10 28.21 52°C note
2018-12-22__14:06:58 0.13,0.14,0.10 29.44 51°C note
2018-12-22__14:07:04 0.12,0.14,0.10 37.11 53°C note
2018-12-22__14:07:10 0.11,0.14,0.10 39.59 52°C note
2018-12-22__14:07:15 0.24,0.17,0.11 29.00 52°C note
2018-12-22__14:07:21 0.22,0.16,0.11 27.83 52°C note
2018-12-22__14:07:28 0.20,0.16,0.11 26.66 52°C note
2018-12-22__14:07:33 0.19,0.16,0.10 31.65 52°C note
2018-12-22__14:07:39 0.65,0.25,0.14 30.00 52°C note
2018-12-22__14:07:45 0.60,0.25,0.14 39.39 53°C note
2018-12-22__14:07:50 0.73,0.29,0.15 34.51 52°C note
2018-12-22__14:07:56 0.67,0.29,0.15 27.08 53°C note
2018-12-22__14:08:02 0.62,0.28,0.15 28.64 52°C note
2018-12-22__14:08:07 0.57,0.28,0.15 32.47 53°C note
2018-12-22__14:08:13 0.52,0.27,0.15 27.41 53°C note
2018-12-22__14:08:19 0.48,0.27,0.14 31.84 52°C note
2018-12-22__14:08:24 0.44,0.26,0.14 28.14 52°C note
2018-12-22__14:08:30 0.52,0.29,0.15 28.42 51°C note
2018-12-22__14:08:36 0.56,0.30,0.16 35.17 53°C note
2018-12-22__14:08:41 0.51,0.29,0.16 31.18 53°C note
2018-12-22__14:08:48 0.47,0.29,0.16 28.06 52°C note
2018-12-22__14:08:54 0.43,0.28,0.16 32.12 53°C note
2018-12-22__14:09:00 0.40,0.28,0.15 28.00 52°C note
2018-12-22__14:09:05 0.57,0.32,0.17 41.79 52°C note
2018-12-22__14:09:11 0.53,0.31,0.17 38.30 53°C note
2018-12-22__14:09:17 0.48,0.31,0.17 28.07 53°C note
2018-12-22__14:09:22 0.44,0.30,0.17 28.07 52°C note
2018-12-22__14:09:28 0.41,0.30,0.17 40.59 52°C note
2018-12-22__14:09:33 0.38,0.29,0.16 29.08 53°C note
2018-12-22__14:09:39 0.35,0.29,0.16 28.78 52°C note
2018-12-22__14:09:45 0.32,0.28,0.16 31.63 53°C note
2018-12-22__14:09:50 0.34,0.29,0.17 28.20 52°C note
2018-12-22__14:09:56 0.31,0.28,0.17 28.14 52°C note
2018-12-22__14:10:02 0.29,0.28,0.16 30.30 53°C note
2018-12-22__14:10:07 0.27,0.27,0.16 31.44 53°C note
2018-12-22__14:10:15 0.24,0.27,0.16 30.50 53°C note
2018-12-22__14:10:20 0.22,0.26,0.16 27.00 53°C note
2018-12-22__14:10:26 0.26,0.27,0.17 26.80 53°C note
2018-12-22__14:10:31 0.24,0.27,0.16 34.00 53°C note
2018-12-22__14:10:37 0.22,0.26,0.16 28.64 54°C note
2018-12-22__14:10:43 0.20,0.26,0.16 41.32 53°C note
2018-12-22__14:10:50 0.35,0.29,0.17 41.83 53°C note
2018-12-22__14:10:56 0.37,0.29,0.18 27.41 53°C note
2018-12-22__14:11:01 0.34,0.29,0.18 27.36 53°C note
2018-12-22__14:11:07 0.39,0.30,0.18 27.91 52°C note
2018-12-22__14:11:15 0.36,0.30,0.18 31.81 53°C note
2018-12-22__14:11:25 0.35,0.30,0.18 32.99 52°C note
