2018-12-22__19:10:17 0 disk 29941 14684 46%
2018-12-22__19:10:17 1 / 29899 14663 49%
2018-12-22__19:10:17 1 /boot 42 21 51%
2018-12-23__09:52:11 0 disk 29941 14669 46%
2018-12-23__09:52:11 1 / 29899 14648 49%
2018-12-23__09:52:11 1 /boot 42 21 51%
2018-12-23__09:53:12 0 disk 29941 14669 46%
2018-12-23__09:53:12 1 / 29899 14648 49%
2018-12-23__09:53:12 1 /boot 42 21 51%
2018-12-23__09:54:12 0 disk 29941 14669 46%
2018-12-23__09:54:12 1 / 29899 14648 49%
2018-12-23__09:54:12 1 /boot 42 21 51%
2018-12-23__09:55:12 0 disk 29941 14669 46%
2018-12-23__09:55:12 1 / 29899 14648 49%
2018-12-23__09:55:12 1 /boot 42 21 51%
2018-12-23__09:56:12 0 disk 29941 14669 46%
2018-12-23__09:56:12 1 / 29899 14648 49%
2018-12-23__09:56:12 1 /boot 42 21 51%
2018-12-23__09:57:12 0 disk 29941 14669 46%
2018-12-23__09:57:12 1 / 29899 14648 49%
2018-12-23__09:57:12 1 /boot 42 21 51%
2018-12-23__09:58:12 0 disk 29941 14669 46%
2018-12-23__09:58:12 1 / 29899 14648 49%
2018-12-23__09:58:12 1 /boot 42 21 51%
2018-12-23__09:59:12 0 disk 29941 14669 46%
2018-12-23__09:59:12 1 / 29899 14648 49%
2018-12-23__09:59:12 1 /boot 42 21 51%
2018-12-23__10:00:12 0 disk 29941 14669 46%
2018-12-23__10:00:12 1 / 29899 14648 49%
2018-12-23__10:00:12 1 /boot 42 21 51%
2018-12-23__10:01:13 0 disk 29941 14669 46%
2018-12-23__10:01:13 1 / 29899 14648 49%
2018-12-23__10:01:13 1 /boot 42 21 51%
2018-12-23__10:02:13 0 disk 29941 14669 46%
2018-12-23__10:02:13 1 / 29899 14648 49%
2018-12-23__10:02:13 1 /boot 42 21 51%
2018-12-23__10:03:13 0 disk 29941 14669 46%
2018-12-23__10:03:13 1 / 29899 14648 49%
2018-12-23__10:03:13 1 /boot 42 21 51%
2018-12-23__10:04:13 0 disk 29941 14669 46%
2018-12-23__10:04:13 1 / 29899 14648 49%
2018-12-23__10:04:13 1 /boot 42 21 51%
2018-12-23__10:05:13 0 disk 29941 14669 46%
2018-12-23__10:05:13 1 / 29899 14648 49%
2018-12-23__10:05:13 1 /boot 42 21 51%
2018-12-23__10:06:13 0 disk 29941 14669 46%
2018-12-23__10:06:13 1 / 29899 14648 49%
2018-12-23__10:06:13 1 /boot 42 21 51%
2018-12-23__10:07:13 0 disk 29941 14669 46%
2018-12-23__10:07:13 1 / 29899 14648 49%
2018-12-23__10:07:13 1 /boot 42 21 51%
2018-12-23__10:08:13 0 disk 29941 14669 46%
2018-12-23__10:08:13 1 / 29899 14648 49%
2018-12-23__10:08:13 1 /boot 42 21 51%
2018-12-23__10:09:13 0 disk 29941 14669 46%
2018-12-23__10:09:13 1 / 29899 14648 49%
2018-12-23__10:09:13 1 /boot 42 21 51%
2018-12-23__10:10:14 0 disk 29941 14669 46%
2018-12-23__10:10:14 1 / 29899 14648 49%
2018-12-23__10:10:14 1 /boot 42 21 51%
2018-12-23__10:11:14 0 disk 29941 14669 46%
2018-12-23__10:11:14 1 / 29899 14648 49%
2018-12-23__10:11:14 1 /boot 42 21 51%
2018-12-23__10:12:14 0 disk 29941 14669 46%
2018-12-23__10:12:14 1 / 29899 14648 49%
2018-12-23__10:12:14 1 /boot 42 21 51%
2018-12-23__10:13:14 0 disk 29941 14669 46%
2018-12-23__10:13:14 1 / 29899 14648 49%
2018-12-23__10:13:14 1 /boot 42 21 51%
2018-12-23__10:14:14 0 disk 29941 14669 46%
2018-12-23__10:14:14 1 / 29899 14648 49%
2018-12-23__10:14:14 1 /boot 42 21 51%
2018-12-23__10:15:14 0 disk 29941 14669 46%
2018-12-23__10:15:14 1 / 29899 14648 49%
2018-12-23__10:15:14 1 /boot 42 21 51%
2018-12-23__10:16:14 0 disk 29941 14669 46%
2018-12-23__10:16:14 1 / 29899 14648 49%
2018-12-23__10:16:14 1 /boot 42 21 51%
2018-12-23__10:17:14 0 disk 29941 14669 46%
2018-12-23__10:17:14 1 / 29899 14648 49%
2018-12-23__10:17:14 1 /boot 42 21 51%
2018-12-23__10:18:14 0 disk 29941 14669 46%
2018-12-23__10:18:14 1 / 29899 14648 49%
2018-12-23__10:18:14 1 /boot 42 21 51%
2018-12-23__10:19:15 0 disk 29941 14669 46%
2018-12-23__10:19:15 1 / 29899 14648 49%
2018-12-23__10:19:15 1 /boot 42 21 51%
2018-12-23__10:20:15 0 disk 29941 14669 46%
2018-12-23__10:20:15 1 / 29899 14648 49%
2018-12-23__10:20:15 1 /boot 42 21 51%
2018-12-23__10:21:15 0 disk 29941 14669 46%
2018-12-23__10:21:15 1 / 29899 14648 49%
2018-12-23__10:21:15 1 /boot 42 21 51%
2018-12-23__10:22:15 0 disk 29941 14669 46%
2018-12-23__10:22:15 1 / 29899 14648 49%
2018-12-23__10:22:15 1 /boot 42 21 51%
2018-12-23__10:23:15 0 disk 29941 14669 46%
2018-12-23__10:23:15 1 / 29899 14648 49%
2018-12-23__10:23:15 1 /boot 42 21 51%
2018-12-23__10:24:15 0 disk 29941 14669 46%
2018-12-23__10:24:15 1 / 29899 14648 49%
2018-12-23__10:24:15 1 /boot 42 21 51%
2018-12-23__10:25:15 0 disk 29941 14669 46%
2018-12-23__10:25:15 1 / 29899 14648 49%
2018-12-23__10:25:15 1 /boot 42 21 51%
2018-12-23__10:26:15 0 disk 29941 14669 46%
2018-12-23__10:26:15 1 / 29899 14648 49%
2018-12-23__10:26:15 1 /boot 42 21 51%
2018-12-23__10:27:16 0 disk 29941 14669 46%
2018-12-23__10:27:16 1 / 29899 14648 49%
2018-12-23__10:27:16 1 /boot 42 21 51%
2018-12-23__10:28:16 0 disk 29941 14669 46%
2018-12-23__10:28:16 1 / 29899 14648 49%
2018-12-23__10:28:16 1 /boot 42 21 51%
2018-12-23__10:29:16 0 disk 29941 14669 46%
2018-12-23__10:29:16 1 / 29899 14648 49%
2018-12-23__10:29:16 1 /boot 42 21 51%
2018-12-23__10:30:16 0 disk 29941 14669 46%
2018-12-23__10:30:16 1 / 29899 14648 49%
2018-12-23__10:30:16 1 /boot 42 21 51%
2018-12-23__10:31:16 0 disk 29941 14669 46%
2018-12-23__10:31:16 1 / 29899 14648 49%
2018-12-23__10:31:16 1 /boot 42 21 51%
2018-12-23__10:32:16 0 disk 29941 14669 46%
2018-12-23__10:32:16 1 / 29899 14648 49%
2018-12-23__10:32:16 1 /boot 42 21 51%
2018-12-23__10:33:16 0 disk 29941 14669 46%
2018-12-23__10:33:16 1 / 29899 14648 49%
2018-12-23__10:33:16 1 /boot 42 21 51%
2018-12-23__10:34:16 0 disk 29941 14669 46%
2018-12-23__10:34:16 1 / 29899 14648 49%
2018-12-23__10:34:16 1 /boot 42 21 51%
2018-12-23__10:35:17 0 disk 29941 14669 46%
2018-12-23__10:35:17 1 / 29899 14648 49%
2018-12-23__10:35:17 1 /boot 42 21 51%
2018-12-23__10:36:17 0 disk 29941 14669 46%
2018-12-23__10:36:17 1 / 29899 14648 49%
2018-12-23__10:36:17 1 /boot 42 21 51%
2018-12-23__10:37:17 0 disk 29941 14669 46%
2018-12-23__10:37:17 1 / 29899 14648 49%
2018-12-23__10:37:17 1 /boot 42 21 51%
2018-12-23__10:38:17 0 disk 29941 14669 46%
2018-12-23__10:38:17 1 / 29899 14648 49%
2018-12-23__10:38:17 1 /boot 42 21 51%
2018-12-23__10:39:17 0 disk 29941 14669 46%
2018-12-23__10:39:17 1 / 29899 14648 49%
2018-12-23__10:39:17 1 /boot 42 21 51%
2018-12-23__10:40:17 0 disk 29941 14669 46%
2018-12-23__10:40:17 1 / 29899 14648 49%
2018-12-23__10:40:17 1 /boot 42 21 51%
2018-12-23__10:41:17 0 disk 29941 14669 46%
2018-12-23__10:41:17 1 / 29899 14648 49%
2018-12-23__10:41:17 1 /boot 42 21 51%
2018-12-23__10:42:17 0 disk 29941 14669 46%
2018-12-23__10:42:17 1 / 29899 14648 49%
2018-12-23__10:42:17 1 /boot 42 21 51%
2018-12-23__10:43:18 0 disk 29941 14669 46%
2018-12-23__10:43:18 1 / 29899 14648 49%
2018-12-23__10:43:18 1 /boot 42 21 51%
2018-12-23__10:44:18 0 disk 29941 14669 46%
2018-12-23__10:44:18 1 / 29899 14648 49%
2018-12-23__10:44:18 1 /boot 42 21 51%
2018-12-23__10:45:18 0 disk 29941 14669 46%
2018-12-23__10:45:18 1 / 29899 14648 49%
2018-12-23__10:45:18 1 /boot 42 21 51%
2018-12-23__10:46:18 0 disk 29941 14669 46%
2018-12-23__10:46:18 1 / 29899 14648 49%
2018-12-23__10:46:18 1 /boot 42 21 51%
2018-12-23__10:47:18 0 disk 29941 14669 46%
2018-12-23__10:47:18 1 / 29899 14648 49%
2018-12-23__10:47:18 1 /boot 42 21 51%
2018-12-23__10:48:18 0 disk 29941 14669 46%
2018-12-23__10:48:18 1 / 29899 14648 49%
2018-12-23__10:48:18 1 /boot 42 21 51%
2018-12-23__10:49:18 0 disk 29941 14668 46%
2018-12-23__10:49:18 1 / 29899 14647 49%
2018-12-23__10:49:18 1 /boot 42 21 51%
2018-12-23__10:50:18 0 disk 29941 14669 46%
2018-12-23__10:50:18 1 / 29899 14648 49%
2018-12-23__10:50:18 1 /boot 42 21 51%
2018-12-23__10:51:18 0 disk 29941 14669 46%
2018-12-23__10:51:18 1 / 29899 14648 49%
2018-12-23__10:51:18 1 /boot 42 21 51%
2018-12-23__10:52:19 0 disk 29941 14668 46%
2018-12-23__10:52:19 1 / 29899 14647 49%
2018-12-23__10:52:19 1 /boot 42 21 51%
2018-12-23__10:53:19 0 disk 29941 14669 46%
2018-12-23__10:53:19 1 / 29899 14648 49%
2018-12-23__10:53:19 1 /boot 42 21 51%
2018-12-23__10:54:19 0 disk 29941 14668 46%
2018-12-23__10:54:19 1 / 29899 14647 49%
2018-12-23__10:54:19 1 /boot 42 21 51%
2018-12-23__10:55:19 0 disk 29941 14668 46%
2018-12-23__10:55:19 1 / 29899 14647 49%
2018-12-23__10:55:19 1 /boot 42 21 51%
2018-12-23__10:56:19 0 disk 29941 14668 46%
2018-12-23__10:56:19 1 / 29899 14647 49%
2018-12-23__10:56:19 1 /boot 42 21 51%
2018-12-23__10:57:19 0 disk 29941 14669 46%
2018-12-23__10:57:19 1 / 29899 14648 49%
2018-12-23__10:57:19 1 /boot 42 21 51%
2018-12-23__10:58:19 0 disk 29941 14669 46%
2018-12-23__10:58:19 1 / 29899 14648 49%
2018-12-23__10:58:19 1 /boot 42 21 51%
2018-12-23__10:59:19 0 disk 29941 14669 46%
2018-12-23__10:59:19 1 / 29899 14648 49%
2018-12-23__10:59:19 1 /boot 42 21 51%
2018-12-23__11:00:20 0 disk 29941 14669 46%
2018-12-23__11:00:20 1 / 29899 14648 49%
2018-12-23__11:00:20 1 /boot 42 21 51%
2018-12-23__11:01:20 0 disk 29941 14669 46%
2018-12-23__11:01:20 1 / 29899 14648 49%
2018-12-23__11:01:20 1 /boot 42 21 51%
2018-12-23__11:02:20 0 disk 29941 14669 46%
2018-12-23__11:02:20 1 / 29899 14648 49%
2018-12-23__11:02:20 1 /boot 42 21 51%
2018-12-23__11:03:20 0 disk 29941 14669 46%
2018-12-23__11:03:20 1 / 29899 14648 49%
2018-12-23__11:03:20 1 /boot 42 21 51%
2018-12-23__11:04:20 0 disk 29941 14669 46%
2018-12-23__11:04:20 1 / 29899 14648 49%
2018-12-23__11:04:20 1 /boot 42 21 51%
2018-12-23__11:05:20 0 disk 29941 14669 46%
2018-12-23__11:05:20 1 / 29899 14648 49%
2018-12-23__11:05:20 1 /boot 42 21 51%
2018-12-23__11:06:20 0 disk 29941 14669 46%
2018-12-23__11:06:20 1 / 29899 14648 49%
2018-12-23__11:06:20 1 /boot 42 21 51%
2018-12-23__11:07:20 0 disk 29941 14669 46%
2018-12-23__11:07:20 1 / 29899 14648 49%
2018-12-23__11:07:20 1 /boot 42 21 51%
2018-12-23__11:08:20 0 disk 29941 14669 46%
2018-12-23__11:08:20 1 / 29899 14648 49%
2018-12-23__11:08:20 1 /boot 42 21 51%
2018-12-23__11:09:21 0 disk 29941 14669 46%
2018-12-23__11:09:21 1 / 29899 14648 49%
2018-12-23__11:09:21 1 /boot 42 21 51%
2018-12-23__11:10:21 0 disk 29941 14669 46%
2018-12-23__11:10:21 1 / 29899 14648 49%
2018-12-23__11:10:21 1 /boot 42 21 51%
2018-12-23__11:11:21 0 disk 29941 14669 46%
2018-12-23__11:11:21 1 / 29899 14648 49%
2018-12-23__11:11:21 1 /boot 42 21 51%
2018-12-23__11:12:21 0 disk 29941 14668 46%
2018-12-23__11:12:21 1 / 29899 14647 49%
2018-12-23__11:12:21 1 /boot 42 21 51%
2018-12-23__11:13:21 0 disk 29941 14668 46%
2018-12-23__11:13:21 1 / 29899 14647 49%
2018-12-23__11:13:21 1 /boot 42 21 51%
2018-12-23__11:14:21 0 disk 29941 14668 46%
2018-12-23__11:14:21 1 / 29899 14647 49%
2018-12-23__11:14:21 1 /boot 42 21 51%
2018-12-23__11:15:21 0 disk 29941 14668 46%
2018-12-23__11:15:21 1 / 29899 14647 49%
2018-12-23__11:15:21 1 /boot 42 21 51%
2018-12-23__11:16:22 0 disk 29941 14668 46%
2018-12-23__11:16:22 1 / 29899 14647 49%
2018-12-23__11:16:22 1 /boot 42 21 51%
2018-12-23__11:17:22 0 disk 29941 14668 46%
2018-12-23__11:17:22 1 / 29899 14647 49%
2018-12-23__11:17:22 1 /boot 42 21 51%
2018-12-23__11:18:22 0 disk 29941 14668 46%
2018-12-23__11:18:22 1 / 29899 14647 49%
2018-12-23__11:18:22 1 /boot 42 21 51%
2018-12-23__11:19:22 0 disk 29941 14668 46%
2018-12-23__11:19:22 1 / 29899 14647 49%
2018-12-23__11:19:22 1 /boot 42 21 51%
2018-12-23__11:20:22 0 disk 29941 14668 46%
2018-12-23__11:20:22 1 / 29899 14647 49%
2018-12-23__11:20:22 1 /boot 42 21 51%
2018-12-23__11:21:22 0 disk 29941 14668 46%
2018-12-23__11:21:22 1 / 29899 14647 49%
2018-12-23__11:21:22 1 /boot 42 21 51%
2018-12-23__11:22:22 0 disk 29941 14668 46%
2018-12-23__11:22:22 1 / 29899 14647 49%
2018-12-23__11:22:22 1 /boot 42 21 51%
2018-12-23__11:23:22 0 disk 29941 14668 46%
2018-12-23__11:23:22 1 / 29899 14647 49%
2018-12-23__11:23:22 1 /boot 42 21 51%
2018-12-23__11:24:23 0 disk 29941 14668 46%
2018-12-23__11:24:23 1 / 29899 14647 49%
2018-12-23__11:24:23 1 /boot 42 21 51%
2018-12-23__11:25:23 0 disk 29941 14668 46%
2018-12-23__11:25:23 1 / 29899 14647 49%
2018-12-23__11:25:23 1 /boot 42 21 51%
2018-12-23__11:26:23 0 disk 29941 14668 46%
2018-12-23__11:26:23 1 / 29899 14647 49%
2018-12-23__11:26:23 1 /boot 42 21 51%
2018-12-23__11:27:23 0 disk 29941 14668 46%
2018-12-23__11:27:23 1 / 29899 14647 49%
2018-12-23__11:27:23 1 /boot 42 21 51%
2018-12-23__11:28:23 0 disk 29941 14668 46%
2018-12-23__11:28:23 1 / 29899 14647 49%
2018-12-23__11:28:23 1 /boot 42 21 51%
2018-12-23__11:29:23 0 disk 29941 14668 46%
2018-12-23__11:29:23 1 / 29899 14647 49%
2018-12-23__11:29:23 1 /boot 42 21 51%
2018-12-23__11:30:23 0 disk 29941 14668 46%
2018-12-23__11:30:23 1 / 29899 14647 49%
2018-12-23__11:30:23 1 /boot 42 21 51%
2018-12-23__11:31:23 0 disk 29941 14668 46%
2018-12-23__11:31:23 1 / 29899 14647 49%
2018-12-23__11:31:23 1 /boot 42 21 51%
2018-12-23__11:32:23 0 disk 29941 14668 46%
2018-12-23__11:32:23 1 / 29899 14647 49%
2018-12-23__11:32:23 1 /boot 42 21 51%
2018-12-23__11:33:24 0 disk 29941 14668 46%
2018-12-23__11:33:24 1 / 29899 14647 49%
2018-12-23__11:33:24 1 /boot 42 21 51%
2018-12-23__11:34:24 0 disk 29941 14668 46%
2018-12-23__11:34:24 1 / 29899 14647 49%
2018-12-23__11:34:24 1 /boot 42 21 51%
2018-12-23__11:35:24 0 disk 29941 14668 46%
2018-12-23__11:35:24 1 / 29899 14647 49%
2018-12-23__11:35:24 1 /boot 42 21 51%
2018-12-23__11:36:24 0 disk 29941 14668 46%
2018-12-23__11:36:24 1 / 29899 14647 49%
2018-12-23__11:36:24 1 /boot 42 21 51%
2018-12-23__11:37:24 0 disk 29941 14668 46%
2018-12-23__11:37:24 1 / 29899 14647 49%
2018-12-23__11:37:24 1 /boot 42 21 51%
2018-12-23__11:38:24 0 disk 29941 14668 46%
2018-12-23__11:38:24 1 / 29899 14647 49%
2018-12-23__11:38:24 1 /boot 42 21 51%
2018-12-23__11:39:24 0 disk 29941 14668 46%
2018-12-23__11:39:24 1 / 29899 14647 49%
2018-12-23__11:39:24 1 /boot 42 21 51%
2018-12-23__11:40:24 0 disk 29941 14668 46%
2018-12-23__11:40:24 1 / 29899 14647 49%
2018-12-23__11:40:24 1 /boot 42 21 51%
2018-12-23__11:41:25 0 disk 29941 14668 46%
2018-12-23__11:41:25 1 / 29899 14647 49%
2018-12-23__11:41:25 1 /boot 42 21 51%
2018-12-23__11:42:25 0 disk 29941 14668 46%
2018-12-23__11:42:25 1 / 29899 14647 49%
2018-12-23__11:42:25 1 /boot 42 21 51%
2018-12-23__11:43:25 0 disk 29941 14668 46%
2018-12-23__11:43:25 1 / 29899 14647 49%
2018-12-23__11:43:25 1 /boot 42 21 51%
2018-12-23__11:44:25 0 disk 29941 14668 46%
2018-12-23__11:44:25 1 / 29899 14647 49%
2018-12-23__11:44:25 1 /boot 42 21 51%
2018-12-23__11:45:25 0 disk 29941 14668 46%
2018-12-23__11:45:25 1 / 29899 14647 49%
2018-12-23__11:45:25 1 /boot 42 21 51%
2018-12-23__11:46:25 0 disk 29941 14668 46%
2018-12-23__11:46:25 1 / 29899 14647 49%
2018-12-23__11:46:25 1 /boot 42 21 51%
2018-12-23__11:47:25 0 disk 29941 14668 46%
2018-12-23__11:47:25 1 / 29899 14647 49%
2018-12-23__11:47:25 1 /boot 42 21 51%
2018-12-23__11:48:25 0 disk 29941 14668 46%
2018-12-23__11:48:25 1 / 29899 14647 49%
2018-12-23__11:48:25 1 /boot 42 21 51%
2018-12-23__11:49:25 0 disk 29941 14668 46%
2018-12-23__11:49:25 1 / 29899 14647 49%
2018-12-23__11:49:25 1 /boot 42 21 51%
2018-12-23__11:50:25 0 disk 29941 14668 46%
2018-12-23__11:50:25 1 / 29899 14647 49%
2018-12-23__11:50:25 1 /boot 42 21 51%
2018-12-23__11:51:25 0 disk 29941 14668 46%
2018-12-23__11:51:25 1 / 29899 14647 49%
2018-12-23__11:51:25 1 /boot 42 21 51%
2018-12-23__11:52:26 0 disk 29941 14668 46%
2018-12-23__11:52:26 1 / 29899 14647 49%
2018-12-23__11:52:26 1 /boot 42 21 51%
2018-12-23__11:53:26 0 disk 29941 14668 46%
2018-12-23__11:53:26 1 / 29899 14647 49%
2018-12-23__11:53:26 1 /boot 42 21 51%
2018-12-23__11:54:26 0 disk 29941 14668 46%
2018-12-23__11:54:26 1 / 29899 14647 49%
2018-12-23__11:54:26 1 /boot 42 21 51%
2018-12-23__11:55:26 0 disk 29941 14668 46%
2018-12-23__11:55:26 1 / 29899 14647 49%
2018-12-23__11:55:26 1 /boot 42 21 51%
2018-12-23__11:56:26 0 disk 29941 14668 46%
2018-12-23__11:56:26 1 / 29899 14647 49%
2018-12-23__11:56:26 1 /boot 42 21 51%
2018-12-23__11:57:26 0 disk 29941 14668 46%
2018-12-23__11:57:26 1 / 29899 14647 49%
2018-12-23__11:57:26 1 /boot 42 21 51%
2018-12-23__11:58:26 0 disk 29941 14668 46%
2018-12-23__11:58:26 1 / 29899 14647 49%
2018-12-23__11:58:26 1 /boot 42 21 51%
2018-12-23__11:59:27 0 disk 29941 14668 46%
2018-12-23__11:59:27 1 / 29899 14647 49%
2018-12-23__11:59:27 1 /boot 42 21 51%
2018-12-23__12:00:27 0 disk 29941 14668 46%
2018-12-23__12:00:27 1 / 29899 14647 49%
2018-12-23__12:00:27 1 /boot 42 21 51%
2018-12-23__12:01:27 0 disk 29941 14668 46%
2018-12-23__12:01:27 1 / 29899 14647 49%
2018-12-23__12:01:27 1 /boot 42 21 51%
2018-12-23__12:02:27 0 disk 29941 14668 46%
2018-12-23__12:02:27 1 / 29899 14647 49%
2018-12-23__12:02:27 1 /boot 42 21 51%
2018-12-23__12:03:27 0 disk 29941 14668 46%
2018-12-23__12:03:27 1 / 29899 14647 49%
2018-12-23__12:03:27 1 /boot 42 21 51%
2018-12-23__12:04:27 0 disk 29941 14668 46%
2018-12-23__12:04:27 1 / 29899 14647 49%
2018-12-23__12:04:27 1 /boot 42 21 51%
2018-12-23__12:05:27 0 disk 29941 14668 46%
2018-12-23__12:05:27 1 / 29899 14647 49%
2018-12-23__12:05:27 1 /boot 42 21 51%
2018-12-23__12:06:27 0 disk 29941 14668 46%
2018-12-23__12:06:27 1 / 29899 14647 49%
2018-12-23__12:06:27 1 /boot 42 21 51%
2018-12-23__12:07:27 0 disk 29941 14668 46%
2018-12-23__12:07:27 1 / 29899 14647 49%
2018-12-23__12:07:27 1 /boot 42 21 51%
2018-12-23__12:08:28 0 disk 29941 14668 46%
2018-12-23__12:08:28 1 / 29899 14647 49%
2018-12-23__12:08:28 1 /boot 42 21 51%
2018-12-23__12:09:28 0 disk 29941 14668 46%
2018-12-23__12:09:28 1 / 29899 14647 49%
2018-12-23__12:09:28 1 /boot 42 21 51%
2018-12-23__12:10:28 0 disk 29941 14668 46%
2018-12-23__12:10:28 1 / 29899 14647 49%
2018-12-23__12:10:28 1 /boot 42 21 51%
2018-12-23__12:11:28 0 disk 29941 14668 46%
2018-12-23__12:11:28 1 / 29899 14647 49%
2018-12-23__12:11:28 1 /boot 42 21 51%
2018-12-23__12:12:28 0 disk 29941 14668 46%
2018-12-23__12:12:28 1 / 29899 14647 49%
2018-12-23__12:12:28 1 /boot 42 21 51%
2018-12-23__12:13:28 0 disk 29941 14668 46%
2018-12-23__12:13:28 1 / 29899 14647 49%
2018-12-23__12:13:28 1 /boot 42 21 51%
2018-12-23__12:14:28 0 disk 29941 14668 46%
2018-12-23__12:14:28 1 / 29899 14647 49%
2018-12-23__12:14:28 1 /boot 42 21 51%
2018-12-23__12:15:28 0 disk 29941 14668 46%
2018-12-23__12:15:28 1 / 29899 14647 49%
2018-12-23__12:15:28 1 /boot 42 21 51%
2018-12-23__12:16:29 0 disk 29941 14668 46%
2018-12-23__12:16:29 1 / 29899 14647 49%
2018-12-23__12:16:29 1 /boot 42 21 51%
2018-12-23__12:17:29 0 disk 29941 14668 46%
2018-12-23__12:17:29 1 / 29899 14647 49%
2018-12-23__12:17:29 1 /boot 42 21 51%
2018-12-23__12:18:29 0 disk 29941 14668 46%
2018-12-23__12:18:29 1 / 29899 14647 49%
2018-12-23__12:18:29 1 /boot 42 21 51%
2018-12-23__12:19:29 0 disk 29941 14668 46%
2018-12-23__12:19:29 1 / 29899 14647 49%
2018-12-23__12:19:29 1 /boot 42 21 51%
2018-12-23__12:20:29 0 disk 29941 14668 46%
2018-12-23__12:20:29 1 / 29899 14647 49%
2018-12-23__12:20:29 1 /boot 42 21 51%
2018-12-23__12:21:29 0 disk 29941 14668 46%
2018-12-23__12:21:29 1 / 29899 14647 49%
2018-12-23__12:21:29 1 /boot 42 21 51%
2018-12-23__12:22:29 0 disk 29941 14668 46%
2018-12-23__12:22:29 1 / 29899 14647 49%
2018-12-23__12:22:29 1 /boot 42 21 51%
2018-12-23__12:23:29 0 disk 29941 14668 46%
2018-12-23__12:23:29 1 / 29899 14647 49%
2018-12-23__12:23:29 1 /boot 42 21 51%
2018-12-23__12:24:30 0 disk 29941 14668 46%
2018-12-23__12:24:30 1 / 29899 14647 49%
2018-12-23__12:24:30 1 /boot 42 21 51%
2018-12-23__12:25:30 0 disk 29941 14668 46%
2018-12-23__12:25:30 1 / 29899 14647 49%
2018-12-23__12:25:30 1 /boot 42 21 51%
2018-12-23__12:26:30 0 disk 29941 14668 46%
2018-12-23__12:26:30 1 / 29899 14647 49%
2018-12-23__12:26:30 1 /boot 42 21 51%
2018-12-23__12:27:30 0 disk 29941 14668 46%
2018-12-23__12:27:30 1 / 29899 14647 49%
2018-12-23__12:27:30 1 /boot 42 21 51%
2018-12-23__12:28:30 0 disk 29941 14668 46%
2018-12-23__12:28:30 1 / 29899 14647 49%
2018-12-23__12:28:30 1 /boot 42 21 51%
2018-12-23__12:29:30 0 disk 29941 14668 46%
2018-12-23__12:29:30 1 / 29899 14647 49%
2018-12-23__12:29:30 1 /boot 42 21 51%
2018-12-23__12:30:30 0 disk 29941 14668 46%
2018-12-23__12:30:30 1 / 29899 14647 49%
2018-12-23__12:30:30 1 /boot 42 21 51%
2018-12-23__12:31:30 0 disk 29941 14668 46%
2018-12-23__12:31:30 1 / 29899 14647 49%
2018-12-23__12:31:30 1 /boot 42 21 51%
2018-12-23__12:32:30 0 disk 29941 14668 46%
2018-12-23__12:32:30 1 / 29899 14647 49%
2018-12-23__12:32:30 1 /boot 42 21 51%
2018-12-23__12:33:31 0 disk 29941 14668 46%
2018-12-23__12:33:31 1 / 29899 14647 49%
2018-12-23__12:33:31 1 /boot 42 21 51%
2018-12-23__12:34:31 0 disk 29941 14668 46%
2018-12-23__12:34:31 1 / 29899 14647 49%
2018-12-23__12:34:31 1 /boot 42 21 51%
2018-12-23__12:35:31 0 disk 29941 14668 46%
2018-12-23__12:35:31 1 / 29899 14647 49%
2018-12-23__12:35:31 1 /boot 42 21 51%
2018-12-23__12:36:31 0 disk 29941 14668 46%
2018-12-23__12:36:31 1 / 29899 14647 49%
2018-12-23__12:36:31 1 /boot 42 21 51%
2018-12-23__12:37:31 0 disk 29941 14668 46%
2018-12-23__12:37:31 1 / 29899 14647 49%
2018-12-23__12:37:31 1 /boot 42 21 51%
2018-12-23__12:38:31 0 disk 29941 14668 46%
2018-12-23__12:38:31 1 / 29899 14647 49%
2018-12-23__12:38:31 1 /boot 42 21 51%
2018-12-23__12:39:31 0 disk 29941 14668 46%
2018-12-23__12:39:31 1 / 29899 14647 49%
2018-12-23__12:39:31 1 /boot 42 21 51%
2018-12-23__12:40:31 0 disk 29941 14668 46%
2018-12-23__12:40:31 1 / 29899 14647 49%
2018-12-23__12:40:31 1 /boot 42 21 51%
2018-12-23__12:41:31 0 disk 29941 14668 46%
2018-12-23__12:41:31 1 / 29899 14647 49%
2018-12-23__12:41:31 1 /boot 42 21 51%
2018-12-23__12:42:32 0 disk 29941 14668 46%
2018-12-23__12:42:32 1 / 29899 14647 49%
2018-12-23__12:42:32 1 /boot 42 21 51%
2018-12-23__12:43:32 0 disk 29941 14668 46%
2018-12-23__12:43:32 1 / 29899 14647 49%
2018-12-23__12:43:32 1 /boot 42 21 51%
2018-12-23__12:44:32 0 disk 29941 14668 46%
2018-12-23__12:44:32 1 / 29899 14647 49%
2018-12-23__12:44:32 1 /boot 42 21 51%
2018-12-23__12:45:32 0 disk 29941 14668 46%
2018-12-23__12:45:32 1 / 29899 14647 49%
2018-12-23__12:45:32 1 /boot 42 21 51%
2018-12-23__12:46:32 0 disk 29941 14668 46%
2018-12-23__12:46:32 1 / 29899 14647 49%
2018-12-23__12:46:32 1 /boot 42 21 51%
2018-12-23__12:47:32 0 disk 29941 14668 46%
2018-12-23__12:47:32 1 / 29899 14647 49%
2018-12-23__12:47:32 1 /boot 42 21 51%
2018-12-23__12:48:32 0 disk 29941 14668 46%
2018-12-23__12:48:32 1 / 29899 14647 49%
2018-12-23__12:48:32 1 /boot 42 21 51%
2018-12-23__12:49:32 0 disk 29941 14668 46%
2018-12-23__12:49:32 1 / 29899 14647 49%
2018-12-23__12:49:32 1 /boot 42 21 51%
2018-12-23__12:50:32 0 disk 29941 14668 46%
2018-12-23__12:50:32 1 / 29899 14647 49%
2018-12-23__12:50:32 1 /boot 42 21 51%
2018-12-23__12:51:32 0 disk 29941 14668 46%
2018-12-23__12:51:32 1 / 29899 14647 49%
2018-12-23__12:51:32 1 /boot 42 21 51%
2018-12-23__12:52:33 0 disk 29941 14668 46%
2018-12-23__12:52:33 1 / 29899 14647 49%
2018-12-23__12:52:33 1 /boot 42 21 51%
2018-12-23__12:53:33 0 disk 29941 14668 46%
2018-12-23__12:53:33 1 / 29899 14647 49%
2018-12-23__12:53:33 1 /boot 42 21 51%
2018-12-23__12:54:33 0 disk 29941 14668 46%
2018-12-23__12:54:33 1 / 29899 14647 49%
2018-12-23__12:54:33 1 /boot 42 21 51%
2018-12-23__12:55:33 0 disk 29941 14668 46%
2018-12-23__12:55:33 1 / 29899 14647 49%
2018-12-23__12:55:33 1 /boot 42 21 51%
2018-12-23__12:56:33 0 disk 29941 14668 46%
2018-12-23__12:56:33 1 / 29899 14647 49%
2018-12-23__12:56:33 1 /boot 42 21 51%
2018-12-23__12:57:33 0 disk 29941 14668 46%
2018-12-23__12:57:33 1 / 29899 14647 49%
2018-12-23__12:57:33 1 /boot 42 21 51%
2018-12-23__12:58:33 0 disk 29941 14668 46%
2018-12-23__12:58:33 1 / 29899 14647 49%
2018-12-23__12:58:33 1 /boot 42 21 51%
2018-12-23__12:59:33 0 disk 29941 14668 46%
2018-12-23__12:59:33 1 / 29899 14647 49%
2018-12-23__12:59:33 1 /boot 42 21 51%
2018-12-23__13:00:33 0 disk 29941 14668 46%
2018-12-23__13:00:33 1 / 29899 14647 49%
2018-12-23__13:00:33 1 /boot 42 21 51%
2018-12-23__13:01:34 0 disk 29941 14668 46%
2018-12-23__13:01:34 1 / 29899 14647 49%
2018-12-23__13:01:34 1 /boot 42 21 51%
2018-12-23__13:02:34 0 disk 29941 14668 46%
2018-12-23__13:02:34 1 / 29899 14647 49%
2018-12-23__13:02:34 1 /boot 42 21 51%
2018-12-23__13:03:34 0 disk 29941 14668 46%
2018-12-23__13:03:34 1 / 29899 14647 49%
2018-12-23__13:03:34 1 /boot 42 21 51%
2018-12-23__13:04:34 0 disk 29941 14678 46%
2018-12-23__13:04:34 1 / 29899 14657 49%
2018-12-23__13:04:34 1 /boot 42 21 51%
2018-12-23__13:05:34 0 disk 29941 14678 46%
2018-12-23__13:05:34 1 / 29899 14657 49%
2018-12-23__13:05:34 1 /boot 42 21 51%
2018-12-23__13:06:34 0 disk 29941 14678 46%
2018-12-23__13:06:34 1 / 29899 14657 49%
2018-12-23__13:06:34 1 /boot 42 21 51%
2018-12-23__13:07:34 0 disk 29941 14678 46%
2018-12-23__13:07:34 1 / 29899 14657 49%
2018-12-23__13:07:34 1 /boot 42 21 51%
2018-12-23__13:08:34 0 disk 29941 14678 46%
2018-12-23__13:08:34 1 / 29899 14657 49%
2018-12-23__13:08:34 1 /boot 42 21 51%
2018-12-23__13:09:34 0 disk 29941 14678 46%
2018-12-23__13:09:34 1 / 29899 14657 49%
2018-12-23__13:09:34 1 /boot 42 21 51%
2018-12-23__13:10:35 0 disk 29941 14678 46%
2018-12-23__13:10:35 1 / 29899 14657 49%
2018-12-23__13:10:35 1 /boot 42 21 51%
2018-12-23__13:11:35 0 disk 29941 14678 46%
2018-12-23__13:11:35 1 / 29899 14657 49%
2018-12-23__13:11:35 1 /boot 42 21 51%
2018-12-23__13:12:35 0 disk 29941 14678 46%
2018-12-23__13:12:35 1 / 29899 14657 49%
2018-12-23__13:12:35 1 /boot 42 21 51%
2018-12-23__13:13:35 0 disk 29941 14678 46%
2018-12-23__13:13:35 1 / 29899 14657 49%
2018-12-23__13:13:35 1 /boot 42 21 51%
2018-12-23__13:14:35 0 disk 29941 14678 46%
2018-12-23__13:14:35 1 / 29899 14657 49%
2018-12-23__13:14:35 1 /boot 42 21 51%
2018-12-23__13:15:35 0 disk 29941 14678 46%
2018-12-23__13:15:35 1 / 29899 14657 49%
2018-12-23__13:15:35 1 /boot 42 21 51%
2018-12-23__13:16:35 0 disk 29941 14678 46%
2018-12-23__13:16:35 1 / 29899 14657 49%
2018-12-23__13:16:35 1 /boot 42 21 51%
2018-12-23__13:17:35 0 disk 29941 14678 46%
2018-12-23__13:17:35 1 / 29899 14657 49%
2018-12-23__13:17:35 1 /boot 42 21 51%
2018-12-23__13:18:35 0 disk 29941 14678 46%
2018-12-23__13:18:35 1 / 29899 14657 49%
2018-12-23__13:18:35 1 /boot 42 21 51%
2018-12-23__13:19:36 0 disk 29941 14678 46%
2018-12-23__13:19:36 1 / 29899 14657 49%
2018-12-23__13:19:36 1 /boot 42 21 51%
2018-12-23__13:20:36 0 disk 29941 14678 46%
2018-12-23__13:20:36 1 / 29899 14657 49%
2018-12-23__13:20:36 1 /boot 42 21 51%
2018-12-23__13:21:36 0 disk 29941 14678 46%
2018-12-23__13:21:36 1 / 29899 14657 49%
2018-12-23__13:21:36 1 /boot 42 21 51%
2018-12-23__13:22:36 0 disk 29941 14678 46%
2018-12-23__13:22:36 1 / 29899 14657 49%
2018-12-23__13:22:36 1 /boot 42 21 51%
2018-12-23__13:23:36 0 disk 29941 14678 46%
2018-12-23__13:23:36 1 / 29899 14657 49%
2018-12-23__13:23:36 1 /boot 42 21 51%
2018-12-23__13:24:36 0 disk 29941 14678 46%
2018-12-23__13:24:36 1 / 29899 14657 49%
2018-12-23__13:24:36 1 /boot 42 21 51%
2018-12-23__13:25:36 0 disk 29941 14678 46%
2018-12-23__13:25:36 1 / 29899 14657 49%
2018-12-23__13:25:36 1 /boot 42 21 51%
2018-12-23__13:26:36 0 disk 29941 14678 46%
2018-12-23__13:26:36 1 / 29899 14657 49%
2018-12-23__13:26:36 1 /boot 42 21 51%
