64:MIIEpQIBAAKCAQEAsQG9jyNL0Ik5RaAKFd2tqQDUhvEh84jdDcbVMnhgFaofaPf0	pi1:/home/caohaiyan/.ssh/id_rsa	Line:2
64:i6xGFeGmVzr1SJxy2fwLhug2mY7qH7CIrRCYbVZ9UGGFyY5NzL3vfNR1ERb4X3Q5	pi1:/home/caohaiyan/.ssh/id_rsa	Line:3
64:jX8bBE5dLtwgi3YoK7elM1LBTw8eqBpTNEUqzQIDAQABAoIBACwDasc01507Aeq2	pi1:/home/caohaiyan/.ssh/id_rsa	Line:7
64:sltL92S1SzYaFUQ62kWUV5bpKid7EAo97cmHWDRfJen3UhZHwWNlrixaGGnqQ86D	pi2:/home/caohaiyan/.ssh/id_rsa	Line:9
64:dd3DUY3IfLvkblfZkAYEQWHQDS1QEDbhAYJNEvVsDVJTpYmL0UkUKiwe6alqCcks	pi2:/home/caohaiyan/.ssh/id_rsa	Line:12
64:qSgsID9Z8T80iZjBJhZCGHE3XdHd6BAVPCowmbtg9y8Frn7Qzq2ZOQmw71kBmnqr	pi2:/home/caohaiyan/.ssh/id_rsa	Line:14
64:MIIEowIBAAKCAQEA3nncqfL4KtIBLTwsLW87Af4rbeqmOYbSRAT6m0nuaKJaVbWQ	pi3:/home/caohaiyan/.ssh/id_rsa	Line:2
64:PpxHdGwmNlwjynAGpbiapVXNVVjjGAUwIPO8smjZTFZd73ZufkGoxuMkXqU3MbbO	pi3:/home/caohaiyan/.ssh/id_rsa	Line:11
64:75SDuXMBAoGBAPbbElVEwlt29R8Cz4VYWT7M6rtiEaKAQ2dbiT95v2Fq5E3xhTUv	pi3:/home/caohaiyan/.ssh/id_rsa	Line:13
64:GAw2Kb7fZp0XXCKz6aoN0cpgG5jSuNSN0GkZjMwY06vfTpmpnEF8CGmAJNK2gMKt	pi4:/home/caohaiyan/[A	Line:3
64:zSwXcVfb6MhiXlZYI2XZNo1ivWHe1ea2L9NpvE5boQk2cqHjJT7fAwtQv3vYfWnd	pi4:/home/caohaiyan/[A	Line:6
64:MxS4F72INZmDy5A1SJKh0MKuuBXfleugPfhEM6tOj1vnLjJdaqAOc5cCgYEAwcX2	pi4:/home/caohaiyan/[A	Line:15
64:mnla2pBjkM627WcFbA5d1qim5FLEBiIuqOlqPTv0ceHorHFyq8G55FG03QMTNYKS	pi5:/home/caohaiyan/.ssh/id_rsa	Line:6
64:zJvgwxl56SFJ3Jiue5Q7ghkbQNhndkGepGZnjwIDAQABAoIBAHd6LUzi1jnRZOn0	pi5:/home/caohaiyan/.ssh/id_rsa	Line:7
64:ISXD52clxq2WdhrpBLhgrAydfb4MWIdTYbPaXx5JNnXvlvRK1Z0i8MiA7yK8mxp7	pi5:/home/caohaiyan/.ssh/id_rsa	Line:9
517:TheRussianandUkrainianpresidentshavebeenholdingtheirfirstdirecttalkstodiscusstheconflictineasternUkraineatasummitintheBelarusiancapitalEarlierPresidentPutinofRussiaandhisUkrainiancounterpartPetroPoroshenkotookpartinmultilateraldiscussionswhichincludedtheEuropeanUnionForeignPolicyChiefCatherineAshtone64e4vAfterthemeetingMsAshtonsaidtheatmospherehadbeencordialandpositivebuttheconflicthadtoendtheEuropeanUnionForeignPolicyChiefCatherineAshtonAfterthemeetingMsAshtonsaidtheEuropeanUnionForeignPolicyChiefCatherineAshto	pi6:/home/caohaiyan/.vim/.MARIO RITTER	Line:61
64:9xJgBUG5rljCiHsHt2wDJflFelxyJpmvgLd0dFX1bfiFc3azdyIEblECgYEAwjR4	pi6:/home/caohaiyan/.ssh/id_rsa	Line:15
4:esac	pi6:/home/caohaiyan/.bashrc	Line:9 41 73
64:773zn621CSEYOONralmFMWzoBOa8hffCNbVh88M2EgzutaGmsLMLW9OiF74dQ7Er	pi7:/home/caohaiyan/.ssh/id_rsa	Line:8
64:HGKYeZubFqvPsJJZoY4u3MSsNpzxVKVnTRxUfmf7l6y5R9n5BXl2FdG1Uvi1X2qP	pi7:/home/caohaiyan/.ssh/id_rsa	Line:10
64:rdum1y4L66U8jXxeSueDOcChHqB6g8ApPnyUf1PmeIFWQQLi5irBjf1ay1nK3qrR	pi7:/home/caohaiyan/.ssh/id_rsa	Line:12
64:D7IWt7tts7JJ1Up6MLMfVApXogkL0ahvwhkRe7ZSssQWD9YtHf8d2j1lRgB72XO7	pi8:/home/caohaiyan/.ssh/id_rsa	Line:20
64:T4lwTLfSuC44ab4IYtPvZMdAlszagId7M2u9CGLdYJ9mdvU7g9PUrkfjdWH3RxIn	pi8:/home/caohaiyan/.ssh/id_rsa	Line:25
4:esac	pi8:/home/caohaiyan/.bashrc	Line:9 41 73
64:GJkB4pO6BvXI1ARlcLYPYOWajn0OjEDY0FMPhtmYlaWKtkXDp4xg2I1RZeTW1MCg	pi9:/home/caohaiyan/.ssh/id_rsa	Line:3
64:UbPeVEZxish2nsmge1rMR42UwITjEoWYe1W6HXfMMdYexJ8Ms0MkNNPqqWlaU7LN	pi9:/home/caohaiyan/.ssh/id_rsa	Line:4
64:Dv2SsOEwpxBasFui8dL2QljrGbqiuygQQSYEKxKDu7ampR6kEdHe4Ho9SOKXAInm	pi9:/home/caohaiyan/.ssh/id_rsa	Line:8
