2018-12-20__19:18:20 0.15,0.10,0.09 27.94 49°C normal
2018-12-20__19:18:26 0.22,0.12,0.10 30.15 49°C normal
2018-12-22__14:03:10 0.14,0.08,0.08 81.12 54°C note
2018-12-22__14:03:16 0.26,0.11,0.09 27.91 53°C note
2018-12-22__14:03:21 0.32,0.13,0.10 27.91 52°C note
2018-12-22__14:03:27 0.30,0.12,0.10 28.42 52°C note
2018-12-22__14:03:32 0.27,0.12,0.09 29.14 51°C note
2018-12-22__14:03:41 0.23,0.12,0.09 33.00 52°C note
2018-12-22__14:03:46 0.21,0.11,0.09 30.58 51°C note
2018-12-22__14:03:55 0.19,0.11,0.09 33.16 52°C note
2018-12-22__14:04:05 0.32,0.14,0.10 41.20 52°C note
2018-12-22__14:04:11 0.73,0.24,0.13 55.44 54°C note
2018-12-22__14:04:17 0.83,0.27,0.14 29.01 53°C note
2018-12-22__14:04:22 0.85,0.28,0.15 29.20 52°C note
2018-12-22__14:04:31 0.79,0.29,0.15 39.08 52°C note
2018-12-22__14:04:41 0.67,0.28,0.15 42.42 53°C note
2018-12-22__14:04:51 0.57,0.27,0.15 36.26 53°C note
2018-12-22__14:04:56 0.60,0.28,0.15 27.86 53°C note
2018-12-22__14:05:06 0.51,0.27,0.15 36.86 53°C note
2018-12-22__14:05:11 0.47,0.26,0.15 49.74 53°C note
2018-12-22__14:05:17 0.43,0.26,0.15 28.78 52°C note
2018-12-22__14:05:23 0.39,0.25,0.15 28.57 53°C note
2018-12-22__14:05:28 0.44,0.27,0.15 39.80 54°C note
2018-12-22__14:05:37 0.37,0.26,0.15 34.87 53°C note
2018-12-22__14:05:47 0.40,0.27,0.15 37.56 53°C note
2018-12-22__14:05:57 0.34,0.26,0.15 37.43 53°C note
2018-12-22__14:06:03 0.31,0.25,0.15 30.45 52°C note
2018-12-22__14:06:08 0.36,0.27,0.16 28.42 53°C note
2018-12-22__14:06:14 0.58,0.31,0.17 31.81 55°C note
2018-12-22__14:06:19 0.53,0.31,0.17 26.80 53°C note
2018-12-22__14:06:25 0.49,0.30,0.17 38.46 53°C note
2018-12-22__14:06:36 0.41,0.29,0.17 31.34 53°C note
2018-12-22__14:06:41 0.42,0.30,0.17 31.00 53°C note
2018-12-22__14:06:47 0.71,0.36,0.19 28.28 53°C note
2018-12-22__14:06:53 0.65,0.35,0.19 34.84 53°C note
2018-12-22__14:06:58 0.60,0.35,0.19 36.54 53°C note
2018-12-22__14:07:04 0.55,0.34,0.19 32.00 53°C note
2018-12-22__14:07:09 0.51,0.33,0.19 31.63 53°C note
2018-12-22__14:07:15 0.71,0.38,0.20 31.97 53°C note
2018-12-22__14:07:21 0.65,0.37,0.20 30.34 53°C note
2018-12-22__14:07:26 0.70,0.39,0.21 41.02 53°C note
2018-12-22__14:07:32 0.64,0.39,0.21 32.16 53°C note
2018-12-22__14:07:38 0.59,0.38,0.21 34.18 52°C note
2018-12-22__14:07:43 0.54,0.37,0.20 35.23 52°C note
2018-12-22__14:07:49 0.50,0.37,0.20 35.89 53°C note
2018-12-22__14:07:55 0.46,0.36,0.20 31.44 53°C note
2018-12-22__14:08:00 0.42,0.35,0.20 33.16 52°C note
2018-12-22__14:08:06 0.39,0.35,0.20 32.82 52°C note
2018-12-22__14:08:11 0.64,0.40,0.22 35.14 53°C note
2018-12-22__14:08:21 0.54,0.39,0.21 28.35 52°C note
2018-12-22__14:08:27 0.50,0.38,0.21 28.50 52°C note
2018-12-22__14:08:32 0.46,0.37,0.21 31.63 53°C note
2018-12-22__14:08:38 0.42,0.37,0.21 27.77 52°C note
2018-12-22__14:08:44 0.39,0.36,0.21 39.69 52°C note
2018-12-22__14:08:49 0.36,0.36,0.21 29.08 53°C note
2018-12-22__14:08:55 0.41,0.37,0.21 31.77 53°C note
2018-12-22__14:09:01 0.38,0.36,0.21 27.86 52°C note
2018-12-22__14:09:06 0.39,0.36,0.21 37.50 53°C note
2018-12-22__14:09:12 0.52,0.39,0.22 28.14 52°C note
2018-12-22__14:09:18 0.48,0.39,0.22 32.50 53°C note
2018-12-22__14:09:23 0.44,0.38,0.22 29.14 52°C note
2018-12-22__14:09:29 0.40,0.37,0.22 28.28 52°C note
2018-12-22__14:09:35 0.37,0.37,0.22 29.20 52°C note
2018-12-22__14:09:40 0.34,0.36,0.22 46.46 52°C note
2018-12-22__14:09:47 0.29,0.35,0.21 30.10 53°C note
2018-12-22__14:09:53 0.27,0.34,0.21 32.32 53°C note
2018-12-22__14:09:59 0.24,0.33,0.21 29.23 53°C note
2018-12-22__14:10:04 0.22,0.33,0.21 31.47 53°C note
2018-12-22__14:10:10 0.45,0.37,0.22 33.33 53°C note
2018-12-22__14:10:15 0.65,0.42,0.24 56.63 54°C note
