2018-12-22__14:03:10 0 disk 29941 14524 47%
2018-12-22__14:03:10 1 / 29899 14503 50%
2018-12-22__14:03:10 1 /boot 42 21 51%
2018-12-22__14:04:10 0 disk 29941 14524 47%
2018-12-22__14:04:10 1 / 29899 14503 50%
2018-12-22__14:04:10 1 /boot 42 21 51%
2018-12-22__14:05:10 0 disk 29941 14524 47%
2018-12-22__14:05:10 1 / 29899 14503 50%
2018-12-22__14:05:10 1 /boot 42 21 51%
2018-12-22__14:06:10 0 disk 29941 14524 47%
2018-12-22__14:06:10 1 / 29899 14503 50%
2018-12-22__14:06:10 1 /boot 42 21 51%
2018-12-22__14:07:11 0 disk 29941 14524 47%
2018-12-22__14:07:11 1 / 29899 14503 50%
2018-12-22__14:07:11 1 /boot 42 21 51%
2018-12-22__14:08:11 0 disk 29941 14524 47%
2018-12-22__14:08:11 1 / 29899 14503 50%
2018-12-22__14:08:11 1 /boot 42 21 51%
2018-12-22__14:09:11 0 disk 29941 14524 47%
2018-12-22__14:09:11 1 / 29899 14503 50%
2018-12-22__14:09:11 1 /boot 42 21 51%
2018-12-22__14:10:11 0 disk 29941 14524 47%
2018-12-22__14:10:11 1 / 29899 14503 50%
2018-12-22__14:10:11 1 /boot 42 21 51%
