2018-12-23__09:37:20 0 disk 43791 34150 17%
2018-12-23__09:37:20 1 /dev 1899 1899 0%
2018-12-23__09:37:20 1 / 41636 32022 19%
2018-12-23__09:38:20 0 disk 43791 34150 17%
2018-12-23__09:38:20 1 /dev 1899 1899 0%
2018-12-23__09:38:20 1 / 41636 32022 19%
2018-12-23__09:39:20 0 disk 43791 34150 17%
2018-12-23__09:39:20 1 /dev 1899 1899 0%
2018-12-23__09:39:20 1 / 41636 32022 19%
2018-12-23__09:40:20 0 disk 43791 34150 17%
2018-12-23__09:40:20 1 /dev 1899 1899 0%
2018-12-23__09:40:20 1 / 41636 32022 19%
2018-12-23__09:41:20 0 disk 43791 34150 17%
2018-12-23__09:41:20 1 /dev 1899 1899 0%
2018-12-23__09:41:20 1 / 41636 32022 19%
2018-12-23__09:42:20 0 disk 43791 34150 17%
2018-12-23__09:42:20 1 /dev 1899 1899 0%
2018-12-23__09:42:20 1 / 41636 32022 19%
2018-12-23__09:43:20 0 disk 43791 34150 17%
2018-12-23__09:43:20 1 /dev 1899 1899 0%
2018-12-23__09:43:20 1 / 41636 32022 19%
2018-12-23__09:44:20 0 disk 43791 34150 17%
2018-12-23__09:44:20 1 /dev 1899 1899 0%
2018-12-23__09:44:20 1 / 41636 32022 19%
2018-12-23__09:45:20 0 disk 43791 34150 17%
2018-12-23__09:45:20 1 /dev 1899 1899 0%
2018-12-23__09:45:20 1 / 41636 32022 19%
2018-12-23__09:46:20 0 disk 43791 34150 17%
2018-12-23__09:46:20 1 /dev 1899 1899 0%
2018-12-23__09:46:20 1 / 41636 32022 19%
2018-12-23__09:47:20 0 disk 43791 34150 17%
2018-12-23__09:47:20 1 /dev 1899 1899 0%
2018-12-23__09:47:20 1 / 41636 32022 19%
2018-12-23__09:48:20 0 disk 43791 34150 17%
2018-12-23__09:48:20 1 /dev 1899 1899 0%
2018-12-23__09:48:20 1 / 41636 32022 19%
2018-12-23__09:49:20 0 disk 43791 34150 17%
2018-12-23__09:49:20 1 /dev 1899 1899 0%
2018-12-23__09:49:20 1 / 41636 32022 19%
2018-12-23__09:50:20 0 disk 43791 34150 17%
2018-12-23__09:50:20 1 /dev 1899 1899 0%
2018-12-23__09:50:20 1 / 41636 32022 19%
2018-12-23__09:51:20 0 disk 43791 34150 17%
2018-12-23__09:51:20 1 /dev 1899 1899 0%
2018-12-23__09:51:20 1 / 41636 32022 19%
2018-12-23__09:52:20 0 disk 43791 34150 17%
2018-12-23__09:52:20 1 /dev 1899 1899 0%
2018-12-23__09:52:20 1 / 41636 32022 19%
2018-12-23__09:53:20 0 disk 43791 34150 17%
2018-12-23__09:53:20 1 /dev 1899 1899 0%
2018-12-23__09:53:20 1 / 41636 32022 19%
2018-12-23__09:54:20 0 disk 43791 34149 17%
2018-12-23__09:54:20 1 /dev 1899 1899 0%
2018-12-23__09:54:20 1 / 41636 32021 19%
2018-12-23__09:55:20 0 disk 43791 34149 17%
2018-12-23__09:55:20 1 /dev 1899 1899 0%
2018-12-23__09:55:20 1 / 41636 32021 19%
2018-12-23__09:56:20 0 disk 43791 34149 17%
2018-12-23__09:56:20 1 /dev 1899 1899 0%
2018-12-23__09:56:20 1 / 41636 32021 19%
2018-12-23__09:57:21 0 disk 43791 34149 17%
2018-12-23__09:57:21 1 /dev 1899 1899 0%
2018-12-23__09:57:21 1 / 41636 32021 19%
2018-12-23__09:58:21 0 disk 43791 34149 17%
2018-12-23__09:58:21 1 /dev 1899 1899 0%
2018-12-23__09:58:21 1 / 41636 32021 19%
2018-12-23__09:59:21 0 disk 43791 34149 17%
2018-12-23__09:59:21 1 /dev 1899 1899 0%
2018-12-23__09:59:21 1 / 41636 32021 19%
2018-12-23__10:00:21 0 disk 43791 34149 17%
2018-12-23__10:00:21 1 /dev 1899 1899 0%
2018-12-23__10:00:21 1 / 41636 32021 19%
2018-12-23__10:01:21 0 disk 43791 34149 17%
2018-12-23__10:01:21 1 /dev 1899 1899 0%
2018-12-23__10:01:21 1 / 41636 32021 19%
2018-12-23__10:02:21 0 disk 43791 34149 17%
2018-12-23__10:02:21 1 /dev 1899 1899 0%
2018-12-23__10:02:21 1 / 41636 32021 19%
2018-12-23__10:03:21 0 disk 43791 34149 17%
2018-12-23__10:03:21 1 /dev 1899 1899 0%
2018-12-23__10:03:21 1 / 41636 32021 19%
2018-12-23__10:04:21 0 disk 43791 34149 17%
2018-12-23__10:04:21 1 /dev 1899 1899 0%
2018-12-23__10:04:21 1 / 41636 32021 19%
2018-12-23__10:05:21 0 disk 43791 34149 17%
2018-12-23__10:05:21 1 /dev 1899 1899 0%
2018-12-23__10:05:21 1 / 41636 32021 19%
2018-12-23__10:06:21 0 disk 43791 34148 17%
2018-12-23__10:06:21 1 /dev 1899 1899 0%
2018-12-23__10:06:21 1 / 41636 32020 19%
2018-12-23__10:07:21 0 disk 43791 34149 17%
2018-12-23__10:07:21 1 /dev 1899 1899 0%
2018-12-23__10:07:21 1 / 41636 32021 19%
2018-12-23__10:08:21 0 disk 43791 34149 17%
2018-12-23__10:08:21 1 /dev 1899 1899 0%
2018-12-23__10:08:21 1 / 41636 32021 19%
2018-12-23__10:09:21 0 disk 43791 34149 17%
2018-12-23__10:09:21 1 /dev 1899 1899 0%
2018-12-23__10:09:21 1 / 41636 32021 19%
2018-12-23__10:10:21 0 disk 43791 34149 17%
2018-12-23__10:10:21 1 /dev 1899 1899 0%
2018-12-23__10:10:21 1 / 41636 32021 19%
2018-12-23__10:11:21 0 disk 43791 34149 17%
2018-12-23__10:11:21 1 /dev 1899 1899 0%
2018-12-23__10:11:21 1 / 41636 32021 19%
2018-12-23__10:12:21 0 disk 43791 34149 17%
2018-12-23__10:12:21 1 /dev 1899 1899 0%
2018-12-23__10:12:21 1 / 41636 32021 19%
2018-12-23__10:13:21 0 disk 43791 34149 17%
2018-12-23__10:13:21 1 /dev 1899 1899 0%
2018-12-23__10:13:21 1 / 41636 32021 19%
2018-12-23__10:14:21 0 disk 43791 34149 17%
2018-12-23__10:14:21 1 /dev 1899 1899 0%
2018-12-23__10:14:21 1 / 41636 32021 19%
2018-12-23__10:15:21 0 disk 43791 34148 17%
2018-12-23__10:15:21 1 /dev 1899 1899 0%
2018-12-23__10:15:21 1 / 41636 32020 19%
2018-12-23__10:16:21 0 disk 43791 34148 17%
2018-12-23__10:16:21 1 /dev 1899 1899 0%
2018-12-23__10:16:21 1 / 41636 32020 19%
2018-12-23__10:17:21 0 disk 43791 34148 17%
2018-12-23__10:17:21 1 /dev 1899 1899 0%
2018-12-23__10:17:21 1 / 41636 32020 19%
2018-12-23__10:18:21 0 disk 43791 34148 17%
2018-12-23__10:18:21 1 /dev 1899 1899 0%
2018-12-23__10:18:21 1 / 41636 32020 19%
2018-12-23__10:19:21 0 disk 43791 34148 17%
2018-12-23__10:19:21 1 /dev 1899 1899 0%
2018-12-23__10:19:21 1 / 41636 32020 19%
2018-12-23__10:20:21 0 disk 43791 34148 17%
2018-12-23__10:20:21 1 /dev 1899 1899 0%
2018-12-23__10:20:21 1 / 41636 32020 19%
2018-12-23__10:21:21 0 disk 43791 34148 17%
2018-12-23__10:21:21 1 /dev 1899 1899 0%
2018-12-23__10:21:21 1 / 41636 32020 19%
2018-12-23__10:22:21 0 disk 43791 34148 17%
2018-12-23__10:22:21 1 /dev 1899 1899 0%
2018-12-23__10:22:21 1 / 41636 32020 19%
2018-12-23__10:23:21 0 disk 43791 34148 17%
2018-12-23__10:23:21 1 /dev 1899 1899 0%
2018-12-23__10:23:21 1 / 41636 32020 19%
2018-12-23__10:24:21 0 disk 43791 34148 17%
2018-12-23__10:24:21 1 /dev 1899 1899 0%
2018-12-23__10:24:21 1 / 41636 32020 19%
2018-12-23__10:25:21 0 disk 43791 34148 17%
2018-12-23__10:25:21 1 /dev 1899 1899 0%
2018-12-23__10:25:21 1 / 41636 32020 19%
2018-12-23__10:26:21 0 disk 43791 34148 17%
2018-12-23__10:26:21 1 /dev 1899 1899 0%
2018-12-23__10:26:21 1 / 41636 32020 19%
2018-12-23__10:27:21 0 disk 43791 34148 17%
2018-12-23__10:27:21 1 /dev 1899 1899 0%
2018-12-23__10:27:21 1 / 41636 32020 19%
2018-12-23__10:28:21 0 disk 43791 34148 17%
2018-12-23__10:28:21 1 /dev 1899 1899 0%
2018-12-23__10:28:21 1 / 41636 32020 19%
2018-12-23__10:29:21 0 disk 43791 34148 17%
2018-12-23__10:29:21 1 /dev 1899 1899 0%
2018-12-23__10:29:21 1 / 41636 32020 19%
2018-12-23__10:30:21 0 disk 43791 34148 17%
2018-12-23__10:30:21 1 /dev 1899 1899 0%
2018-12-23__10:30:21 1 / 41636 32020 19%
2018-12-23__10:31:21 0 disk 43791 34148 17%
2018-12-23__10:31:21 1 /dev 1899 1899 0%
2018-12-23__10:31:21 1 / 41636 32020 19%
2018-12-23__10:32:22 0 disk 43791 34148 17%
2018-12-23__10:32:22 1 /dev 1899 1899 0%
2018-12-23__10:32:22 1 / 41636 32020 19%
2018-12-23__10:33:22 0 disk 43791 34148 17%
2018-12-23__10:33:22 1 /dev 1899 1899 0%
2018-12-23__10:33:22 1 / 41636 32020 19%
2018-12-23__10:34:22 0 disk 43791 34148 17%
2018-12-23__10:34:22 1 /dev 1899 1899 0%
2018-12-23__10:34:22 1 / 41636 32020 19%
2018-12-23__10:35:22 0 disk 43791 34148 17%
2018-12-23__10:35:22 1 /dev 1899 1899 0%
2018-12-23__10:35:22 1 / 41636 32020 19%
2018-12-23__10:36:22 0 disk 43791 34148 17%
2018-12-23__10:36:22 1 /dev 1899 1899 0%
2018-12-23__10:36:22 1 / 41636 32020 19%
2018-12-23__10:37:22 0 disk 43791 34148 17%
2018-12-23__10:37:22 1 /dev 1899 1899 0%
2018-12-23__10:37:22 1 / 41636 32020 19%
2018-12-23__10:38:22 0 disk 43791 34148 17%
2018-12-23__10:38:22 1 /dev 1899 1899 0%
2018-12-23__10:38:22 1 / 41636 32020 19%
2018-12-23__10:39:22 0 disk 43791 34148 17%
2018-12-23__10:39:22 1 /dev 1899 1899 0%
2018-12-23__10:39:22 1 / 41636 32020 19%
2018-12-23__10:40:22 0 disk 43791 34148 17%
2018-12-23__10:40:22 1 /dev 1899 1899 0%
2018-12-23__10:40:22 1 / 41636 32020 19%
2018-12-23__10:41:22 0 disk 43791 34148 17%
2018-12-23__10:41:22 1 /dev 1899 1899 0%
2018-12-23__10:41:22 1 / 41636 32020 19%
2018-12-23__10:42:22 0 disk 43791 34148 17%
2018-12-23__10:42:22 1 /dev 1899 1899 0%
2018-12-23__10:42:22 1 / 41636 32020 19%
2018-12-23__10:43:22 0 disk 43791 34148 17%
2018-12-23__10:43:22 1 /dev 1899 1899 0%
2018-12-23__10:43:22 1 / 41636 32020 19%
2018-12-23__10:44:22 0 disk 43791 34148 17%
2018-12-23__10:44:22 1 /dev 1899 1899 0%
2018-12-23__10:44:22 1 / 41636 32020 19%
2018-12-23__10:45:22 0 disk 43791 34148 17%
2018-12-23__10:45:22 1 /dev 1899 1899 0%
2018-12-23__10:45:22 1 / 41636 32020 19%
2018-12-23__10:46:22 0 disk 43791 34148 17%
2018-12-23__10:46:22 1 /dev 1899 1899 0%
2018-12-23__10:46:22 1 / 41636 32020 19%
2018-12-23__10:47:22 0 disk 43791 34148 17%
2018-12-23__10:47:22 1 /dev 1899 1899 0%
2018-12-23__10:47:22 1 / 41636 32020 19%
2018-12-23__10:48:22 0 disk 43791 34148 17%
2018-12-23__10:48:22 1 /dev 1899 1899 0%
2018-12-23__10:48:22 1 / 41636 32020 19%
2018-12-23__10:49:22 0 disk 43791 34148 17%
2018-12-23__10:49:22 1 /dev 1899 1899 0%
2018-12-23__10:49:22 1 / 41636 32020 19%
2018-12-23__10:50:22 0 disk 43791 34148 17%
2018-12-23__10:50:22 1 /dev 1899 1899 0%
2018-12-23__10:50:22 1 / 41636 32020 19%
2018-12-23__10:51:22 0 disk 43791 34148 17%
2018-12-23__10:51:22 1 /dev 1899 1899 0%
2018-12-23__10:51:22 1 / 41636 32020 19%
2018-12-23__10:52:22 0 disk 43791 34148 17%
2018-12-23__10:52:22 1 /dev 1899 1899 0%
2018-12-23__10:52:22 1 / 41636 32020 19%
2018-12-23__10:53:22 0 disk 43791 34148 17%
2018-12-23__10:53:22 1 /dev 1899 1899 0%
2018-12-23__10:53:22 1 / 41636 32020 19%
2018-12-23__10:54:22 0 disk 43791 34148 17%
2018-12-23__10:54:22 1 /dev 1899 1899 0%
2018-12-23__10:54:22 1 / 41636 32020 19%
2018-12-23__10:55:22 0 disk 43791 34148 17%
2018-12-23__10:55:22 1 /dev 1899 1899 0%
2018-12-23__10:55:22 1 / 41636 32020 19%
2018-12-23__10:56:22 0 disk 43791 34148 17%
2018-12-23__10:56:22 1 /dev 1899 1899 0%
2018-12-23__10:56:22 1 / 41636 32020 19%
2018-12-23__10:57:22 0 disk 43791 34148 17%
2018-12-23__10:57:22 1 /dev 1899 1899 0%
2018-12-23__10:57:22 1 / 41636 32020 19%
2018-12-23__10:58:22 0 disk 43791 34148 17%
2018-12-23__10:58:22 1 /dev 1899 1899 0%
2018-12-23__10:58:22 1 / 41636 32020 19%
2018-12-23__10:59:22 0 disk 43791 34148 17%
2018-12-23__10:59:22 1 /dev 1899 1899 0%
2018-12-23__10:59:22 1 / 41636 32020 19%
2018-12-23__11:00:22 0 disk 43791 34148 17%
2018-12-23__11:00:22 1 /dev 1899 1899 0%
2018-12-23__11:00:22 1 / 41636 32020 19%
2018-12-23__11:01:22 0 disk 43791 34148 17%
2018-12-23__11:01:22 1 /dev 1899 1899 0%
2018-12-23__11:01:22 1 / 41636 32020 19%
2018-12-23__11:02:22 0 disk 43791 34148 17%
2018-12-23__11:02:22 1 /dev 1899 1899 0%
2018-12-23__11:02:22 1 / 41636 32020 19%
2018-12-23__11:03:23 0 disk 43791 34148 17%
2018-12-23__11:03:23 1 /dev 1899 1899 0%
2018-12-23__11:03:23 1 / 41636 32020 19%
2018-12-23__11:04:23 0 disk 43791 34147 17%
2018-12-23__11:04:23 1 /dev 1899 1899 0%
2018-12-23__11:04:23 1 / 41636 32019 19%
2018-12-23__11:05:23 0 disk 43791 34148 17%
2018-12-23__11:05:23 1 /dev 1899 1899 0%
2018-12-23__11:05:23 1 / 41636 32020 19%
2018-12-23__11:06:23 0 disk 43791 34147 17%
2018-12-23__11:06:23 1 /dev 1899 1899 0%
2018-12-23__11:06:23 1 / 41636 32019 19%
2018-12-23__11:07:23 0 disk 43791 34147 17%
2018-12-23__11:07:23 1 /dev 1899 1899 0%
2018-12-23__11:07:23 1 / 41636 32019 19%
2018-12-23__11:08:23 0 disk 43791 34147 17%
2018-12-23__11:08:23 1 /dev 1899 1899 0%
2018-12-23__11:08:23 1 / 41636 32019 19%
2018-12-23__11:09:23 0 disk 43791 34147 17%
2018-12-23__11:09:23 1 /dev 1899 1899 0%
2018-12-23__11:09:23 1 / 41636 32019 19%
2018-12-23__11:10:23 0 disk 43791 34147 17%
2018-12-23__11:10:23 1 /dev 1899 1899 0%
2018-12-23__11:10:23 1 / 41636 32019 19%
2018-12-23__11:11:23 0 disk 43791 34147 17%
2018-12-23__11:11:23 1 /dev 1899 1899 0%
2018-12-23__11:11:23 1 / 41636 32019 19%
2018-12-23__11:12:23 0 disk 43791 34147 17%
2018-12-23__11:12:23 1 /dev 1899 1899 0%
2018-12-23__11:12:23 1 / 41636 32019 19%
2018-12-23__11:13:23 0 disk 43791 34147 17%
2018-12-23__11:13:23 1 /dev 1899 1899 0%
2018-12-23__11:13:23 1 / 41636 32019 19%
2018-12-23__11:14:23 0 disk 43791 34147 17%
2018-12-23__11:14:23 1 /dev 1899 1899 0%
2018-12-23__11:14:23 1 / 41636 32019 19%
2018-12-23__11:15:23 0 disk 43791 34147 17%
2018-12-23__11:15:23 1 /dev 1899 1899 0%
2018-12-23__11:15:23 1 / 41636 32019 19%
2018-12-23__11:16:23 0 disk 43791 34147 17%
2018-12-23__11:16:23 1 /dev 1899 1899 0%
2018-12-23__11:16:23 1 / 41636 32019 19%
2018-12-23__11:17:23 0 disk 43791 34147 17%
2018-12-23__11:17:23 1 /dev 1899 1899 0%
2018-12-23__11:17:23 1 / 41636 32019 19%
2018-12-23__11:18:23 0 disk 43791 34147 17%
2018-12-23__11:18:23 1 /dev 1899 1899 0%
2018-12-23__11:18:23 1 / 41636 32019 19%
2018-12-23__11:19:23 0 disk 43791 34147 17%
2018-12-23__11:19:23 1 /dev 1899 1899 0%
2018-12-23__11:19:23 1 / 41636 32019 19%
2018-12-23__11:20:23 0 disk 43791 34147 17%
2018-12-23__11:20:23 1 /dev 1899 1899 0%
2018-12-23__11:20:23 1 / 41636 32019 19%
2018-12-23__11:21:23 0 disk 43791 34147 17%
2018-12-23__11:21:23 1 /dev 1899 1899 0%
2018-12-23__11:21:23 1 / 41636 32019 19%
2018-12-23__11:22:23 0 disk 43791 34147 17%
2018-12-23__11:22:23 1 /dev 1899 1899 0%
2018-12-23__11:22:23 1 / 41636 32019 19%
2018-12-23__11:23:23 0 disk 43791 34147 17%
2018-12-23__11:23:23 1 /dev 1899 1899 0%
2018-12-23__11:23:23 1 / 41636 32019 19%
2018-12-23__11:24:23 0 disk 43791 34147 17%
2018-12-23__11:24:23 1 /dev 1899 1899 0%
2018-12-23__11:24:23 1 / 41636 32019 19%
2018-12-23__11:25:23 0 disk 43791 34147 17%
2018-12-23__11:25:23 1 /dev 1899 1899 0%
2018-12-23__11:25:23 1 / 41636 32019 19%
2018-12-23__11:26:23 0 disk 43791 34147 17%
2018-12-23__11:26:23 1 /dev 1899 1899 0%
2018-12-23__11:26:23 1 / 41636 32019 19%
2018-12-23__11:27:23 0 disk 43791 34147 17%
2018-12-23__11:27:23 1 /dev 1899 1899 0%
2018-12-23__11:27:23 1 / 41636 32019 19%
2018-12-23__11:28:23 0 disk 43791 34147 17%
2018-12-23__11:28:23 1 /dev 1899 1899 0%
2018-12-23__11:28:23 1 / 41636 32019 19%
2018-12-23__11:29:23 0 disk 43791 34147 17%
2018-12-23__11:29:23 1 /dev 1899 1899 0%
2018-12-23__11:29:23 1 / 41636 32019 19%
2018-12-23__11:30:23 0 disk 43791 34147 17%
2018-12-23__11:30:23 1 /dev 1899 1899 0%
2018-12-23__11:30:23 1 / 41636 32019 19%
2018-12-23__11:31:23 0 disk 43791 34147 17%
2018-12-23__11:31:23 1 /dev 1899 1899 0%
2018-12-23__11:31:23 1 / 41636 32019 19%
2018-12-23__11:32:24 0 disk 43791 34147 17%
2018-12-23__11:32:24 1 /dev 1899 1899 0%
2018-12-23__11:32:24 1 / 41636 32019 19%
2018-12-23__11:33:24 0 disk 43791 34147 17%
2018-12-23__11:33:24 1 /dev 1899 1899 0%
2018-12-23__11:33:24 1 / 41636 32019 19%
2018-12-23__11:34:24 0 disk 43791 34147 17%
2018-12-23__11:34:24 1 /dev 1899 1899 0%
2018-12-23__11:34:24 1 / 41636 32019 19%
2018-12-23__11:35:24 0 disk 43791 34147 17%
2018-12-23__11:35:24 1 /dev 1899 1899 0%
2018-12-23__11:35:24 1 / 41636 32019 19%
2018-12-23__11:36:24 0 disk 43791 34146 17%
2018-12-23__11:36:24 1 /dev 1899 1899 0%
2018-12-23__11:36:24 1 / 41636 32018 19%
2018-12-23__11:37:24 0 disk 43791 34146 17%
2018-12-23__11:37:24 1 /dev 1899 1899 0%
2018-12-23__11:37:24 1 / 41636 32018 19%
2018-12-23__11:38:24 0 disk 43791 34146 17%
2018-12-23__11:38:24 1 /dev 1899 1899 0%
2018-12-23__11:38:24 1 / 41636 32018 19%
2018-12-23__11:39:24 0 disk 43791 34146 17%
2018-12-23__11:39:24 1 /dev 1899 1899 0%
2018-12-23__11:39:24 1 / 41636 32018 19%
2018-12-23__11:40:24 0 disk 43791 34146 17%
2018-12-23__11:40:24 1 /dev 1899 1899 0%
2018-12-23__11:40:24 1 / 41636 32018 19%
2018-12-23__11:41:24 0 disk 43791 34146 17%
2018-12-23__11:41:24 1 /dev 1899 1899 0%
2018-12-23__11:41:24 1 / 41636 32018 19%
2018-12-23__11:42:24 0 disk 43791 34146 17%
2018-12-23__11:42:24 1 /dev 1899 1899 0%
2018-12-23__11:42:24 1 / 41636 32018 19%
2018-12-23__11:43:24 0 disk 43791 34146 17%
2018-12-23__11:43:24 1 /dev 1899 1899 0%
2018-12-23__11:43:24 1 / 41636 32018 19%
2018-12-23__11:44:24 0 disk 43791 34146 17%
2018-12-23__11:44:24 1 /dev 1899 1899 0%
2018-12-23__11:44:24 1 / 41636 32018 19%
2018-12-23__11:45:24 0 disk 43791 34146 17%
2018-12-23__11:45:24 1 /dev 1899 1899 0%
2018-12-23__11:45:24 1 / 41636 32018 19%
2018-12-23__11:46:24 0 disk 43791 34146 17%
2018-12-23__11:46:24 1 /dev 1899 1899 0%
2018-12-23__11:46:24 1 / 41636 32018 19%
2018-12-23__11:47:24 0 disk 43791 34146 17%
2018-12-23__11:47:24 1 /dev 1899 1899 0%
2018-12-23__11:47:24 1 / 41636 32018 19%
2018-12-23__11:48:24 0 disk 43791 34146 17%
2018-12-23__11:48:24 1 /dev 1899 1899 0%
2018-12-23__11:48:24 1 / 41636 32018 19%
2018-12-23__11:49:24 0 disk 43791 34146 17%
2018-12-23__11:49:24 1 /dev 1899 1899 0%
2018-12-23__11:49:24 1 / 41636 32018 19%
2018-12-23__11:50:24 0 disk 43791 34146 17%
2018-12-23__11:50:24 1 /dev 1899 1899 0%
2018-12-23__11:50:24 1 / 41636 32018 19%
2018-12-23__11:51:24 0 disk 43791 34146 17%
2018-12-23__11:51:24 1 /dev 1899 1899 0%
2018-12-23__11:51:24 1 / 41636 32018 19%
2018-12-23__11:52:24 0 disk 43791 34146 17%
2018-12-23__11:52:24 1 /dev 1899 1899 0%
2018-12-23__11:52:24 1 / 41636 32018 19%
2018-12-23__11:53:24 0 disk 43791 34146 17%
2018-12-23__11:53:24 1 /dev 1899 1899 0%
2018-12-23__11:53:24 1 / 41636 32018 19%
2018-12-23__11:54:24 0 disk 43791 34146 17%
2018-12-23__11:54:24 1 /dev 1899 1899 0%
2018-12-23__11:54:24 1 / 41636 32018 19%
2018-12-23__11:55:24 0 disk 43791 34146 17%
2018-12-23__11:55:24 1 /dev 1899 1899 0%
2018-12-23__11:55:24 1 / 41636 32018 19%
2018-12-23__11:56:24 0 disk 43791 34146 17%
2018-12-23__11:56:24 1 /dev 1899 1899 0%
2018-12-23__11:56:24 1 / 41636 32018 19%
2018-12-23__11:57:24 0 disk 43791 34146 17%
2018-12-23__11:57:24 1 /dev 1899 1899 0%
2018-12-23__11:57:24 1 / 41636 32018 19%
2018-12-23__11:58:25 0 disk 43791 34146 17%
2018-12-23__11:58:25 1 /dev 1899 1899 0%
2018-12-23__11:58:25 1 / 41636 32018 19%
2018-12-23__11:59:25 0 disk 43791 34146 17%
2018-12-23__11:59:25 1 /dev 1899 1899 0%
2018-12-23__11:59:25 1 / 41636 32018 19%
2018-12-23__12:00:25 0 disk 43791 34146 17%
2018-12-23__12:00:25 1 /dev 1899 1899 0%
2018-12-23__12:00:25 1 / 41636 32018 19%
2018-12-23__12:01:25 0 disk 43791 34146 17%
2018-12-23__12:01:25 1 /dev 1899 1899 0%
2018-12-23__12:01:25 1 / 41636 32018 19%
2018-12-23__12:02:25 0 disk 43791 34146 17%
2018-12-23__12:02:25 1 /dev 1899 1899 0%
2018-12-23__12:02:25 1 / 41636 32018 19%
2018-12-23__12:03:25 0 disk 43791 34146 17%
2018-12-23__12:03:25 1 /dev 1899 1899 0%
2018-12-23__12:03:25 1 / 41636 32018 19%
2018-12-23__12:04:25 0 disk 43791 34146 17%
2018-12-23__12:04:25 1 /dev 1899 1899 0%
2018-12-23__12:04:25 1 / 41636 32018 19%
2018-12-23__12:05:25 0 disk 43791 34146 17%
2018-12-23__12:05:25 1 /dev 1899 1899 0%
2018-12-23__12:05:25 1 / 41636 32018 19%
2018-12-23__12:06:25 0 disk 43791 34146 17%
2018-12-23__12:06:25 1 /dev 1899 1899 0%
2018-12-23__12:06:25 1 / 41636 32018 19%
2018-12-23__12:07:25 0 disk 43791 34146 17%
2018-12-23__12:07:25 1 /dev 1899 1899 0%
2018-12-23__12:07:25 1 / 41636 32018 19%
2018-12-23__12:08:25 0 disk 43791 34146 17%
2018-12-23__12:08:25 1 /dev 1899 1899 0%
2018-12-23__12:08:25 1 / 41636 32018 19%
2018-12-23__12:09:25 0 disk 43791 34146 17%
2018-12-23__12:09:25 1 /dev 1899 1899 0%
2018-12-23__12:09:25 1 / 41636 32018 19%
2018-12-23__12:10:25 0 disk 43791 34146 17%
2018-12-23__12:10:25 1 /dev 1899 1899 0%
2018-12-23__12:10:25 1 / 41636 32018 19%
2018-12-23__12:11:25 0 disk 43791 34146 17%
2018-12-23__12:11:25 1 /dev 1899 1899 0%
2018-12-23__12:11:25 1 / 41636 32018 19%
2018-12-23__12:12:25 0 disk 43791 34146 17%
2018-12-23__12:12:25 1 /dev 1899 1899 0%
2018-12-23__12:12:25 1 / 41636 32018 19%
2018-12-23__12:13:25 0 disk 43791 34146 17%
2018-12-23__12:13:25 1 /dev 1899 1899 0%
2018-12-23__12:13:25 1 / 41636 32018 19%
2018-12-23__12:14:25 0 disk 43791 34146 17%
2018-12-23__12:14:25 1 /dev 1899 1899 0%
2018-12-23__12:14:25 1 / 41636 32018 19%
2018-12-23__12:15:25 0 disk 43791 34146 17%
2018-12-23__12:15:25 1 /dev 1899 1899 0%
2018-12-23__12:15:25 1 / 41636 32018 19%
2018-12-23__12:16:25 0 disk 43791 34146 17%
2018-12-23__12:16:25 1 /dev 1899 1899 0%
2018-12-23__12:16:25 1 / 41636 32018 19%
2018-12-23__12:17:25 0 disk 43791 34146 17%
2018-12-23__12:17:25 1 /dev 1899 1899 0%
2018-12-23__12:17:25 1 / 41636 32018 19%
2018-12-23__12:18:25 0 disk 43791 34146 17%
2018-12-23__12:18:25 1 /dev 1899 1899 0%
2018-12-23__12:18:25 1 / 41636 32018 19%
2018-12-23__12:19:25 0 disk 43791 34146 17%
2018-12-23__12:19:25 1 /dev 1899 1899 0%
2018-12-23__12:19:25 1 / 41636 32018 19%
2018-12-23__12:20:25 0 disk 43791 34146 17%
2018-12-23__12:20:25 1 /dev 1899 1899 0%
2018-12-23__12:20:25 1 / 41636 32018 19%
2018-12-23__12:21:25 0 disk 43791 34146 17%
2018-12-23__12:21:25 1 /dev 1899 1899 0%
2018-12-23__12:21:25 1 / 41636 32018 19%
2018-12-23__12:22:25 0 disk 43791 34146 17%
2018-12-23__12:22:25 1 /dev 1899 1899 0%
2018-12-23__12:22:25 1 / 41636 32018 19%
2018-12-23__12:23:25 0 disk 43791 34146 17%
2018-12-23__12:23:25 1 /dev 1899 1899 0%
2018-12-23__12:23:25 1 / 41636 32018 19%
2018-12-23__12:24:25 0 disk 43791 34146 17%
2018-12-23__12:24:25 1 /dev 1899 1899 0%
2018-12-23__12:24:25 1 / 41636 32018 19%
2018-12-23__12:25:25 0 disk 43791 34146 17%
2018-12-23__12:25:25 1 /dev 1899 1899 0%
2018-12-23__12:25:25 1 / 41636 32018 19%
2018-12-23__12:26:25 0 disk 43791 34145 17%
2018-12-23__12:26:25 1 /dev 1899 1899 0%
2018-12-23__12:26:25 1 / 41636 32017 19%
2018-12-23__12:27:25 0 disk 43791 34146 17%
2018-12-23__12:27:25 1 /dev 1899 1899 0%
2018-12-23__12:27:25 1 / 41636 32018 19%
2018-12-23__12:28:26 0 disk 43791 34146 17%
2018-12-23__12:28:26 1 /dev 1899 1899 0%
2018-12-23__12:28:26 1 / 41636 32018 19%
2018-12-23__12:29:26 0 disk 43791 34146 17%
2018-12-23__12:29:26 1 /dev 1899 1899 0%
2018-12-23__12:29:26 1 / 41636 32018 19%
2018-12-23__12:30:26 0 disk 43791 34146 17%
2018-12-23__12:30:26 1 /dev 1899 1899 0%
2018-12-23__12:30:26 1 / 41636 32018 19%
2018-12-23__12:31:26 0 disk 43791 34146 17%
2018-12-23__12:31:26 1 /dev 1899 1899 0%
2018-12-23__12:31:26 1 / 41636 32018 19%
2018-12-23__12:32:26 0 disk 43791 34146 17%
2018-12-23__12:32:26 1 /dev 1899 1899 0%
2018-12-23__12:32:26 1 / 41636 32018 19%
2018-12-23__12:33:26 0 disk 43791 34146 17%
2018-12-23__12:33:26 1 /dev 1899 1899 0%
2018-12-23__12:33:26 1 / 41636 32018 19%
2018-12-23__12:34:26 0 disk 43791 34146 17%
2018-12-23__12:34:26 1 /dev 1899 1899 0%
2018-12-23__12:34:26 1 / 41636 32018 19%
2018-12-23__12:35:26 0 disk 43791 34146 17%
2018-12-23__12:35:26 1 /dev 1899 1899 0%
2018-12-23__12:35:26 1 / 41636 32018 19%
2018-12-23__12:36:26 0 disk 43791 34146 17%
2018-12-23__12:36:26 1 /dev 1899 1899 0%
2018-12-23__12:36:26 1 / 41636 32018 19%
2018-12-23__12:37:26 0 disk 43791 34145 17%
2018-12-23__12:37:26 1 /dev 1899 1899 0%
2018-12-23__12:37:26 1 / 41636 32017 19%
2018-12-23__12:38:26 0 disk 43791 34145 17%
2018-12-23__12:38:26 1 /dev 1899 1899 0%
2018-12-23__12:38:26 1 / 41636 32017 19%
2018-12-23__12:39:26 0 disk 43791 34145 17%
2018-12-23__12:39:26 1 /dev 1899 1899 0%
2018-12-23__12:39:26 1 / 41636 32017 19%
2018-12-23__12:40:26 0 disk 43791 34145 17%
2018-12-23__12:40:26 1 /dev 1899 1899 0%
2018-12-23__12:40:26 1 / 41636 32017 19%
2018-12-23__12:41:26 0 disk 43791 34145 17%
2018-12-23__12:41:26 1 /dev 1899 1899 0%
2018-12-23__12:41:26 1 / 41636 32017 19%
2018-12-23__12:42:26 0 disk 43791 34145 17%
2018-12-23__12:42:26 1 /dev 1899 1899 0%
2018-12-23__12:42:26 1 / 41636 32017 19%
2018-12-23__12:43:26 0 disk 43791 34145 17%
2018-12-23__12:43:26 1 /dev 1899 1899 0%
2018-12-23__12:43:26 1 / 41636 32017 19%
2018-12-23__12:44:26 0 disk 43791 34145 17%
2018-12-23__12:44:26 1 /dev 1899 1899 0%
2018-12-23__12:44:26 1 / 41636 32017 19%
2018-12-23__12:45:26 0 disk 43791 34145 17%
2018-12-23__12:45:26 1 /dev 1899 1899 0%
2018-12-23__12:45:26 1 / 41636 32017 19%
2018-12-23__12:46:26 0 disk 43791 34145 17%
2018-12-23__12:46:26 1 /dev 1899 1899 0%
2018-12-23__12:46:26 1 / 41636 32017 19%
2018-12-23__12:47:26 0 disk 43791 34145 17%
2018-12-23__12:47:26 1 /dev 1899 1899 0%
2018-12-23__12:47:26 1 / 41636 32017 19%
2018-12-23__12:48:26 0 disk 43791 34145 17%
2018-12-23__12:48:26 1 /dev 1899 1899 0%
2018-12-23__12:48:26 1 / 41636 32017 19%
2018-12-23__12:49:26 0 disk 43791 34145 17%
2018-12-23__12:49:26 1 /dev 1899 1899 0%
2018-12-23__12:49:26 1 / 41636 32017 19%
2018-12-23__12:50:26 0 disk 43791 34145 17%
2018-12-23__12:50:26 1 /dev 1899 1899 0%
2018-12-23__12:50:26 1 / 41636 32017 19%
2018-12-23__12:51:26 0 disk 43791 34145 17%
2018-12-23__12:51:26 1 /dev 1899 1899 0%
2018-12-23__12:51:26 1 / 41636 32017 19%
2018-12-23__12:52:26 0 disk 43791 34145 17%
2018-12-23__12:52:26 1 /dev 1899 1899 0%
2018-12-23__12:52:26 1 / 41636 32017 19%
2018-12-23__12:53:26 0 disk 43791 34145 17%
2018-12-23__12:53:26 1 /dev 1899 1899 0%
2018-12-23__12:53:26 1 / 41636 32017 19%
2018-12-23__12:54:26 0 disk 43791 34145 17%
2018-12-23__12:54:26 1 /dev 1899 1899 0%
2018-12-23__12:54:26 1 / 41636 32017 19%
2018-12-23__12:55:26 0 disk 43791 34145 17%
2018-12-23__12:55:26 1 /dev 1899 1899 0%
2018-12-23__12:55:26 1 / 41636 32017 19%
2018-12-23__12:56:26 0 disk 43791 34145 17%
2018-12-23__12:56:26 1 /dev 1899 1899 0%
2018-12-23__12:56:26 1 / 41636 32017 19%
2018-12-23__12:57:26 0 disk 43791 34145 17%
2018-12-23__12:57:26 1 /dev 1899 1899 0%
2018-12-23__12:57:26 1 / 41636 32017 19%
2018-12-23__12:58:26 0 disk 43791 34145 17%
2018-12-23__12:58:26 1 /dev 1899 1899 0%
2018-12-23__12:58:26 1 / 41636 32017 19%
2018-12-23__12:59:26 0 disk 43791 34145 17%
2018-12-23__12:59:26 1 /dev 1899 1899 0%
2018-12-23__12:59:26 1 / 41636 32017 19%
2018-12-23__13:00:26 0 disk 43791 34145 17%
2018-12-23__13:00:26 1 /dev 1899 1899 0%
2018-12-23__13:00:26 1 / 41636 32017 19%
2018-12-23__13:01:26 0 disk 43791 34145 17%
2018-12-23__13:01:26 1 /dev 1899 1899 0%
2018-12-23__13:01:26 1 / 41636 32017 19%
2018-12-23__13:02:26 0 disk 43791 34145 17%
2018-12-23__13:02:26 1 /dev 1899 1899 0%
2018-12-23__13:02:26 1 / 41636 32017 19%
2018-12-23__13:03:26 0 disk 43791 34145 17%
2018-12-23__13:03:26 1 /dev 1899 1899 0%
2018-12-23__13:03:26 1 / 41636 32017 19%
2018-12-23__13:04:26 0 disk 43791 34145 17%
2018-12-23__13:04:26 1 /dev 1899 1899 0%
2018-12-23__13:04:26 1 / 41636 32017 19%
2018-12-23__13:05:26 0 disk 43791 34145 17%
2018-12-23__13:05:26 1 /dev 1899 1899 0%
2018-12-23__13:05:26 1 / 41636 32017 19%
2018-12-23__13:06:27 0 disk 43791 34145 17%
2018-12-23__13:06:27 1 /dev 1899 1899 0%
2018-12-23__13:06:27 1 / 41636 32017 19%
2018-12-23__13:07:27 0 disk 43791 34145 17%
2018-12-23__13:07:27 1 /dev 1899 1899 0%
2018-12-23__13:07:27 1 / 41636 32017 19%
2018-12-23__13:08:27 0 disk 43791 34145 17%
2018-12-23__13:08:27 1 /dev 1899 1899 0%
2018-12-23__13:08:27 1 / 41636 32017 19%
2018-12-23__13:09:27 0 disk 43791 34145 17%
2018-12-23__13:09:27 1 /dev 1899 1899 0%
2018-12-23__13:09:27 1 / 41636 32017 19%
2018-12-23__13:10:27 0 disk 43791 34145 17%
2018-12-23__13:10:27 1 /dev 1899 1899 0%
2018-12-23__13:10:27 1 / 41636 32017 19%
2018-12-23__13:11:27 0 disk 43791 34145 17%
2018-12-23__13:11:27 1 /dev 1899 1899 0%
2018-12-23__13:11:27 1 / 41636 32017 19%
2018-12-23__13:12:27 0 disk 43791 34145 17%
2018-12-23__13:12:27 1 /dev 1899 1899 0%
2018-12-23__13:12:27 1 / 41636 32017 19%
2018-12-23__13:13:27 0 disk 43791 34145 17%
2018-12-23__13:13:27 1 /dev 1899 1899 0%
2018-12-23__13:13:27 1 / 41636 32017 19%
2018-12-23__13:14:27 0 disk 43791 34145 17%
2018-12-23__13:14:27 1 /dev 1899 1899 0%
2018-12-23__13:14:27 1 / 41636 32017 19%
2018-12-23__13:15:27 0 disk 43791 34145 17%
2018-12-23__13:15:27 1 /dev 1899 1899 0%
2018-12-23__13:15:27 1 / 41636 32017 19%
2018-12-23__13:16:27 0 disk 43791 34145 17%
2018-12-23__13:16:27 1 /dev 1899 1899 0%
2018-12-23__13:16:27 1 / 41636 32017 19%
2018-12-23__13:17:27 0 disk 43791 34145 17%
2018-12-23__13:17:27 1 /dev 1899 1899 0%
2018-12-23__13:17:27 1 / 41636 32017 19%
2018-12-23__13:18:27 0 disk 43791 34145 17%
2018-12-23__13:18:27 1 /dev 1899 1899 0%
2018-12-23__13:18:27 1 / 41636 32017 19%
2018-12-23__13:19:27 0 disk 43791 34145 17%
2018-12-23__13:19:27 1 /dev 1899 1899 0%
2018-12-23__13:19:27 1 / 41636 32017 19%
2018-12-23__13:20:27 0 disk 43791 34145 17%
2018-12-23__13:20:27 1 /dev 1899 1899 0%
2018-12-23__13:20:27 1 / 41636 32017 19%
2018-12-23__13:21:27 0 disk 43791 34145 17%
2018-12-23__13:21:27 1 /dev 1899 1899 0%
2018-12-23__13:21:27 1 / 41636 32017 19%
2018-12-23__13:22:27 0 disk 43791 34145 17%
2018-12-23__13:22:27 1 /dev 1899 1899 0%
2018-12-23__13:22:27 1 / 41636 32017 19%
2018-12-23__13:23:27 0 disk 43791 34145 17%
2018-12-23__13:23:27 1 /dev 1899 1899 0%
2018-12-23__13:23:27 1 / 41636 32017 19%
2018-12-23__13:24:27 0 disk 43791 34145 17%
2018-12-23__13:24:27 1 /dev 1899 1899 0%
2018-12-23__13:24:27 1 / 41636 32017 19%
2018-12-23__13:25:27 0 disk 43791 34145 17%
2018-12-23__13:25:27 1 /dev 1899 1899 0%
2018-12-23__13:25:27 1 / 41636 32017 19%
2018-12-23__13:26:27 0 disk 43791 34145 17%
2018-12-23__13:26:27 1 /dev 1899 1899 0%
2018-12-23__13:26:27 1 / 41636 32017 19%
2018-12-23__13:27:27 0 disk 43791 34145 17%
2018-12-23__13:27:27 1 /dev 1899 1899 0%
2018-12-23__13:27:27 1 / 41636 32017 19%
2018-12-23__13:28:27 0 disk 43791 34145 17%
2018-12-23__13:28:27 1 /dev 1899 1899 0%
2018-12-23__13:28:27 1 / 41636 32017 19%
2018-12-23__14:22:14 0 disk 43791 34144 17%
2018-12-23__14:22:14 1 /dev 1899 1899 0%
2018-12-23__14:22:14 1 / 41636 32016 19%
2018-12-23__14:23:14 0 disk 43791 34144 17%
2018-12-23__14:23:14 1 /dev 1899 1899 0%
2018-12-23__14:23:14 1 / 41636 32016 19%
2018-12-23__15:14:08 0 disk 43791 34141 17%
2018-12-23__15:14:08 1 /dev 1899 1899 0%
2018-12-23__15:14:08 1 / 41636 32013 19%
2018-12-23__15:54:54 0 disk 43791 34138 17%
2018-12-23__15:54:54 1 /dev 1899 1899 0%
2018-12-23__15:54:54 1 / 41636 32010 19%
2018-12-23__15:57:26 0 disk 43791 34138 17%
2018-12-23__15:57:26 1 /dev 1899 1899 0%
2018-12-23__15:57:26 1 / 41636 32010 19%
2018-12-23__15:58:26 0 disk 43791 34138 17%
2018-12-23__15:58:26 1 /dev 1899 1899 0%
2018-12-23__15:58:26 1 / 41636 32010 19%
2018-12-23__15:59:26 0 disk 43791 34138 17%
2018-12-23__15:59:26 1 /dev 1899 1899 0%
2018-12-23__15:59:26 1 / 41636 32010 19%
