2018-12-22__14:04:00 0.03,0.11,0.09 77.08 47°C normal
2018-12-22__14:04:05 0.03,0.11,0.09 26.63 47°C normal
2018-12-22__14:04:11 0.17,0.14,0.10 27.13 45°C normal
2018-12-22__14:04:17 0.16,0.13,0.10 26.80 46°C normal
2018-12-22__14:04:22 0.15,0.13,0.10 28.20 46°C normal
2018-12-22__14:04:31 0.13,0.13,0.10 37.94 46°C normal
2018-12-22__14:04:36 0.35,0.17,0.11 26.13 47°C normal
2018-12-22__14:04:45 0.32,0.17,0.11 32.48 46°C normal
2018-12-22__14:04:55 0.27,0.17,0.11 29.64 46°C normal
2018-12-22__14:05:01 0.25,0.16,0.11 51.75 48°C normal
2018-12-22__14:05:07 0.36,0.19,0.12 37.89 47°C normal
2018-12-22__14:05:12 0.33,0.19,0.12 27.22 46°C normal
2018-12-22__14:05:21 0.28,0.18,0.11 27.69 46°C normal
2018-12-22__14:05:27 0.34,0.19,0.12 41.45 46°C normal
2018-12-22__14:05:36 0.31,0.19,0.12 28.00 46°C normal
2018-12-22__14:05:46 0.41,0.22,0.13 28.86 47°C normal
2018-12-22__14:05:56 0.39,0.22,0.13 27.09 46°C normal
2018-12-22__14:06:02 0.36,0.22,0.13 51.56 48°C normal
2018-12-22__14:06:08 0.41,0.23,0.13 27.77 46°C normal
2018-12-22__14:06:13 0.46,0.25,0.14 38.77 47°C normal
2018-12-22__14:06:21 0.53,0.27,0.15 29.94 47°C normal
2018-12-22__14:06:27 0.49,0.27,0.15 34.15 47°C normal
2018-12-22__14:06:33 0.45,0.26,0.15 30.20 47°C normal
2018-12-22__14:06:38 0.42,0.26,0.15 30.61 47°C normal
2018-12-22__14:06:44 0.38,0.25,0.14 32.82 47°C normal
2018-12-22__14:06:50 0.35,0.25,0.14 40.51 47°C normal
2018-12-22__14:06:57 0.52,0.29,0.16 40.60 46°C normal
2018-12-22__14:07:02 0.48,0.28,0.16 43.00 47°C normal
2018-12-22__14:07:08 0.44,0.28,0.16 29.50 46°C normal
2018-12-22__14:07:14 0.41,0.27,0.16 28.57 45°C normal
2018-12-22__14:07:19 0.37,0.27,0.15 38.19 46°C normal
2018-12-22__14:07:25 0.34,0.26,0.15 27.91 46°C normal
2018-12-22__14:07:31 0.32,0.26,0.15 41.83 47°C normal
2018-12-22__14:07:36 0.29,0.26,0.15 28.93 47°C normal
2018-12-22__14:07:42 0.32,0.26,0.16 34.51 46°C normal
2018-12-22__14:07:48 0.37,0.28,0.16 38.57 46°C normal
2018-12-22__14:07:53 0.34,0.27,0.16 27.45 46°C normal
2018-12-22__14:07:59 0.32,0.27,0.16 28.06 47°C normal
2018-12-22__14:08:05 0.29,0.26,0.16 46.87 48°C normal
2018-12-22__14:08:10 0.27,0.26,0.16 44.94 47°C normal
2018-12-22__14:08:16 0.25,0.25,0.16 28.64 47°C normal
2018-12-22__14:08:23 0.21,0.24,0.15 31.95 47°C normal
2018-12-22__14:08:29 0.19,0.24,0.15 30.96 47°C normal
2018-12-22__14:08:34 0.26,0.25,0.16 26.26 47°C normal
2018-12-22__14:08:40 0.24,0.25,0.16 27.77 46°C normal
2018-12-22__14:08:46 0.22,0.24,0.16 30.50 47°C normal
2018-12-22__14:08:51 0.20,0.24,0.15 27.69 46°C normal
2018-12-22__14:09:02 0.24,0.25,0.16 26.94 46°C normal
2018-12-22__14:09:07 0.20,0.24,0.16 31.08 47°C normal
2018-12-22__14:09:13 0.19,0.23,0.16 28.28 46°C normal
2018-12-22__14:09:19 0.25,0.25,0.16 34.71 47°C normal
2018-12-22__14:09:24 0.39,0.28,0.17 31.63 47°C normal
2018-12-22__14:09:30 0.36,0.27,0.17 29.79 47°C normal
2018-12-22__14:09:35 0.33,0.27,0.17 28.28 46°C normal
2018-12-22__14:09:41 0.31,0.26,0.17 27.55 46°C normal
2018-12-22__14:09:47 0.33,0.27,0.17 34.67 46°C normal
2018-12-22__14:09:52 0.30,0.26,0.17 29.16 47°C normal
2018-12-22__14:09:58 0.28,0.26,0.17 29.14 46°C normal
2018-12-22__14:10:04 0.26,0.26,0.17 28.06 46°C normal
2018-12-22__14:10:09 0.24,0.25,0.17 28.20 47°C normal
2018-12-22__14:10:15 0.22,0.25,0.17 43.84 47°C normal
2018-12-22__14:10:21 0.20,0.24,0.17 28.71 47°C normal
