2018-12-22__19:10:07 0 disk 29941 14334 47%
2018-12-22__19:10:07 1 / 29899 14313 51%
2018-12-22__19:10:07 1 /boot 42 21 51%
2018-12-23__09:44:05 0 disk 29941 14319 48%
2018-12-23__09:44:05 1 / 29899 14298 51%
2018-12-23__09:44:05 1 /boot 42 21 51%
2018-12-23__09:45:05 0 disk 29941 14319 48%
2018-12-23__09:45:05 1 / 29899 14298 51%
2018-12-23__09:45:05 1 /boot 42 21 51%
2018-12-23__09:46:05 0 disk 29941 14319 48%
2018-12-23__09:46:05 1 / 29899 14298 51%
2018-12-23__09:46:05 1 /boot 42 21 51%
2018-12-23__09:47:06 0 disk 29941 14319 48%
2018-12-23__09:47:06 1 / 29899 14298 51%
2018-12-23__09:47:06 1 /boot 42 21 51%
2018-12-23__09:48:06 0 disk 29941 14319 48%
2018-12-23__09:48:06 1 / 29899 14298 51%
2018-12-23__09:48:06 1 /boot 42 21 51%
2018-12-23__09:49:06 0 disk 29941 14319 48%
2018-12-23__09:49:06 1 / 29899 14298 51%
2018-12-23__09:49:06 1 /boot 42 21 51%
2018-12-23__09:50:06 0 disk 29941 14319 48%
2018-12-23__09:50:06 1 / 29899 14298 51%
2018-12-23__09:50:06 1 /boot 42 21 51%
2018-12-23__09:51:06 0 disk 29941 14319 48%
2018-12-23__09:51:06 1 / 29899 14298 51%
2018-12-23__09:51:06 1 /boot 42 21 51%
2018-12-23__09:52:06 0 disk 29941 14319 48%
2018-12-23__09:52:06 1 / 29899 14298 51%
2018-12-23__09:52:06 1 /boot 42 21 51%
2018-12-23__09:53:06 0 disk 29941 14319 48%
2018-12-23__09:53:06 1 / 29899 14298 51%
2018-12-23__09:53:06 1 /boot 42 21 51%
2018-12-23__09:54:06 0 disk 29941 14319 48%
2018-12-23__09:54:06 1 / 29899 14298 51%
2018-12-23__09:54:06 1 /boot 42 21 51%
2018-12-23__09:55:06 0 disk 29941 14319 48%
2018-12-23__09:55:06 1 / 29899 14298 51%
2018-12-23__09:55:06 1 /boot 42 21 51%
2018-12-23__09:56:07 0 disk 29941 14319 48%
2018-12-23__09:56:07 1 / 29899 14298 51%
2018-12-23__09:56:07 1 /boot 42 21 51%
2018-12-23__09:57:07 0 disk 29941 14319 48%
2018-12-23__09:57:07 1 / 29899 14298 51%
2018-12-23__09:57:07 1 /boot 42 21 51%
2018-12-23__09:58:07 0 disk 29941 14319 48%
2018-12-23__09:58:07 1 / 29899 14298 51%
2018-12-23__09:58:07 1 /boot 42 21 51%
2018-12-23__09:59:07 0 disk 29941 14319 48%
2018-12-23__09:59:07 1 / 29899 14298 51%
2018-12-23__09:59:07 1 /boot 42 21 51%
2018-12-23__10:00:07 0 disk 29941 14319 48%
2018-12-23__10:00:07 1 / 29899 14298 51%
2018-12-23__10:00:07 1 /boot 42 21 51%
2018-12-23__10:01:07 0 disk 29941 14319 48%
2018-12-23__10:01:07 1 / 29899 14298 51%
2018-12-23__10:01:07 1 /boot 42 21 51%
2018-12-23__10:02:07 0 disk 29941 14319 48%
2018-12-23__10:02:07 1 / 29899 14298 51%
2018-12-23__10:02:07 1 /boot 42 21 51%
2018-12-23__10:03:07 0 disk 29941 14319 48%
2018-12-23__10:03:07 1 / 29899 14298 51%
2018-12-23__10:03:07 1 /boot 42 21 51%
2018-12-23__10:04:07 0 disk 29941 14319 48%
2018-12-23__10:04:07 1 / 29899 14298 51%
2018-12-23__10:04:07 1 /boot 42 21 51%
2018-12-23__10:05:08 0 disk 29941 14319 48%
2018-12-23__10:05:08 1 / 29899 14298 51%
2018-12-23__10:05:08 1 /boot 42 21 51%
2018-12-23__10:06:08 0 disk 29941 14319 48%
2018-12-23__10:06:08 1 / 29899 14298 51%
2018-12-23__10:06:08 1 /boot 42 21 51%
2018-12-23__10:07:08 0 disk 29941 14319 48%
2018-12-23__10:07:08 1 / 29899 14298 51%
2018-12-23__10:07:08 1 /boot 42 21 51%
2018-12-23__10:08:08 0 disk 29941 14319 48%
2018-12-23__10:08:08 1 / 29899 14298 51%
2018-12-23__10:08:08 1 /boot 42 21 51%
2018-12-23__10:09:08 0 disk 29941 14319 48%
2018-12-23__10:09:08 1 / 29899 14298 51%
2018-12-23__10:09:08 1 /boot 42 21 51%
2018-12-23__10:10:08 0 disk 29941 14319 48%
2018-12-23__10:10:08 1 / 29899 14298 51%
2018-12-23__10:10:08 1 /boot 42 21 51%
2018-12-23__10:11:08 0 disk 29941 14319 48%
2018-12-23__10:11:08 1 / 29899 14298 51%
2018-12-23__10:11:08 1 /boot 42 21 51%
2018-12-23__10:12:08 0 disk 29941 14319 48%
2018-12-23__10:12:08 1 / 29899 14298 51%
2018-12-23__10:12:08 1 /boot 42 21 51%
2018-12-23__10:13:08 0 disk 29941 14319 48%
2018-12-23__10:13:08 1 / 29899 14298 51%
2018-12-23__10:13:08 1 /boot 42 21 51%
2018-12-23__10:14:09 0 disk 29941 14319 48%
2018-12-23__10:14:09 1 / 29899 14298 51%
2018-12-23__10:14:09 1 /boot 42 21 51%
2018-12-23__10:15:09 0 disk 29941 14319 48%
2018-12-23__10:15:09 1 / 29899 14298 51%
2018-12-23__10:15:09 1 /boot 42 21 51%
2018-12-23__10:16:09 0 disk 29941 14319 48%
2018-12-23__10:16:09 1 / 29899 14298 51%
2018-12-23__10:16:09 1 /boot 42 21 51%
2018-12-23__10:17:09 0 disk 29941 14319 48%
2018-12-23__10:17:09 1 / 29899 14298 51%
2018-12-23__10:17:09 1 /boot 42 21 51%
2018-12-23__10:18:09 0 disk 29941 14319 48%
2018-12-23__10:18:09 1 / 29899 14298 51%
2018-12-23__10:18:09 1 /boot 42 21 51%
2018-12-23__10:19:09 0 disk 29941 14319 48%
2018-12-23__10:19:09 1 / 29899 14298 51%
2018-12-23__10:19:09 1 /boot 42 21 51%
2018-12-23__10:20:09 0 disk 29941 14319 48%
2018-12-23__10:20:09 1 / 29899 14298 51%
2018-12-23__10:20:09 1 /boot 42 21 51%
2018-12-23__10:21:09 0 disk 29941 14319 48%
2018-12-23__10:21:09 1 / 29899 14298 51%
2018-12-23__10:21:09 1 /boot 42 21 51%
2018-12-23__10:22:09 0 disk 29941 14319 48%
2018-12-23__10:22:09 1 / 29899 14298 51%
2018-12-23__10:22:09 1 /boot 42 21 51%
2018-12-23__10:23:10 0 disk 29941 14319 48%
2018-12-23__10:23:10 1 / 29899 14298 51%
2018-12-23__10:23:10 1 /boot 42 21 51%
2018-12-23__10:24:10 0 disk 29941 14319 48%
2018-12-23__10:24:10 1 / 29899 14298 51%
2018-12-23__10:24:10 1 /boot 42 21 51%
2018-12-23__10:25:10 0 disk 29941 14319 48%
2018-12-23__10:25:10 1 / 29899 14298 51%
2018-12-23__10:25:10 1 /boot 42 21 51%
2018-12-23__10:26:10 0 disk 29941 14319 48%
2018-12-23__10:26:10 1 / 29899 14298 51%
2018-12-23__10:26:10 1 /boot 42 21 51%
2018-12-23__10:27:10 0 disk 29941 14319 48%
2018-12-23__10:27:10 1 / 29899 14298 51%
2018-12-23__10:27:10 1 /boot 42 21 51%
2018-12-23__10:28:10 0 disk 29941 14319 48%
2018-12-23__10:28:10 1 / 29899 14298 51%
2018-12-23__10:28:10 1 /boot 42 21 51%
2018-12-23__10:29:10 0 disk 29941 14319 48%
2018-12-23__10:29:10 1 / 29899 14298 51%
2018-12-23__10:29:10 1 /boot 42 21 51%
2018-12-23__10:30:10 0 disk 29941 14319 48%
2018-12-23__10:30:10 1 / 29899 14298 51%
2018-12-23__10:30:10 1 /boot 42 21 51%
2018-12-23__10:31:11 0 disk 29941 14319 48%
2018-12-23__10:31:11 1 / 29899 14298 51%
2018-12-23__10:31:11 1 /boot 42 21 51%
2018-12-23__10:32:11 0 disk 29941 14319 48%
2018-12-23__10:32:11 1 / 29899 14298 51%
2018-12-23__10:32:11 1 /boot 42 21 51%
2018-12-23__10:33:11 0 disk 29941 14319 48%
2018-12-23__10:33:11 1 / 29899 14298 51%
2018-12-23__10:33:11 1 /boot 42 21 51%
2018-12-23__10:34:11 0 disk 29941 14319 48%
2018-12-23__10:34:11 1 / 29899 14298 51%
2018-12-23__10:34:11 1 /boot 42 21 51%
2018-12-23__10:35:11 0 disk 29941 14319 48%
2018-12-23__10:35:11 1 / 29899 14298 51%
2018-12-23__10:35:11 1 /boot 42 21 51%
2018-12-23__10:36:11 0 disk 29941 14319 48%
2018-12-23__10:36:11 1 / 29899 14298 51%
2018-12-23__10:36:11 1 /boot 42 21 51%
2018-12-23__10:37:11 0 disk 29941 14319 48%
2018-12-23__10:37:11 1 / 29899 14298 51%
2018-12-23__10:37:11 1 /boot 42 21 51%
2018-12-23__10:38:11 0 disk 29941 14319 48%
2018-12-23__10:38:11 1 / 29899 14298 51%
2018-12-23__10:38:11 1 /boot 42 21 51%
2018-12-23__10:39:12 0 disk 29941 14319 48%
2018-12-23__10:39:12 1 / 29899 14298 51%
2018-12-23__10:39:12 1 /boot 42 21 51%
2018-12-23__10:40:12 0 disk 29941 14319 48%
2018-12-23__10:40:12 1 / 29899 14298 51%
2018-12-23__10:40:12 1 /boot 42 21 51%
2018-12-23__10:41:12 0 disk 29941 14319 48%
2018-12-23__10:41:12 1 / 29899 14298 51%
2018-12-23__10:41:12 1 /boot 42 21 51%
2018-12-23__10:42:12 0 disk 29941 14319 48%
2018-12-23__10:42:12 1 / 29899 14298 51%
2018-12-23__10:42:12 1 /boot 42 21 51%
2018-12-23__10:43:12 0 disk 29941 14319 48%
2018-12-23__10:43:12 1 / 29899 14298 51%
2018-12-23__10:43:12 1 /boot 42 21 51%
2018-12-23__10:44:12 0 disk 29941 14319 48%
2018-12-23__10:44:12 1 / 29899 14298 51%
2018-12-23__10:44:12 1 /boot 42 21 51%
2018-12-23__10:45:12 0 disk 29941 14319 48%
2018-12-23__10:45:12 1 / 29899 14298 51%
2018-12-23__10:45:12 1 /boot 42 21 51%
2018-12-23__10:46:12 0 disk 29941 14319 48%
2018-12-23__10:46:12 1 / 29899 14298 51%
2018-12-23__10:46:12 1 /boot 42 21 51%
2018-12-23__10:47:12 0 disk 29941 14319 48%
2018-12-23__10:47:12 1 / 29899 14298 51%
2018-12-23__10:47:12 1 /boot 42 21 51%
2018-12-23__10:48:13 0 disk 29941 14319 48%
2018-12-23__10:48:13 1 / 29899 14298 51%
2018-12-23__10:48:13 1 /boot 42 21 51%
2018-12-23__10:49:13 0 disk 29941 14319 48%
2018-12-23__10:49:13 1 / 29899 14298 51%
2018-12-23__10:49:13 1 /boot 42 21 51%
2018-12-23__10:50:13 0 disk 29941 14319 48%
2018-12-23__10:50:13 1 / 29899 14298 51%
2018-12-23__10:50:13 1 /boot 42 21 51%
2018-12-23__10:51:13 0 disk 29941 14319 48%
2018-12-23__10:51:13 1 / 29899 14298 51%
2018-12-23__10:51:13 1 /boot 42 21 51%
2018-12-23__10:52:13 0 disk 29941 14319 48%
2018-12-23__10:52:13 1 / 29899 14298 51%
2018-12-23__10:52:13 1 /boot 42 21 51%
2018-12-23__10:53:13 0 disk 29941 14319 48%
2018-12-23__10:53:13 1 / 29899 14298 51%
2018-12-23__10:53:13 1 /boot 42 21 51%
2018-12-23__10:54:13 0 disk 29941 14319 48%
2018-12-23__10:54:13 1 / 29899 14298 51%
2018-12-23__10:54:13 1 /boot 42 21 51%
2018-12-23__10:55:13 0 disk 29941 14319 48%
2018-12-23__10:55:13 1 / 29899 14298 51%
2018-12-23__10:55:13 1 /boot 42 21 51%
2018-12-23__10:56:14 0 disk 29941 14318 48%
2018-12-23__10:56:14 1 / 29899 14297 51%
2018-12-23__10:56:14 1 /boot 42 21 51%
2018-12-23__10:57:14 0 disk 29941 14318 48%
2018-12-23__10:57:14 1 / 29899 14297 51%
2018-12-23__10:57:14 1 /boot 42 21 51%
2018-12-23__10:58:14 0 disk 29941 14318 48%
2018-12-23__10:58:14 1 / 29899 14297 51%
2018-12-23__10:58:14 1 /boot 42 21 51%
2018-12-23__10:59:14 0 disk 29941 14318 48%
2018-12-23__10:59:14 1 / 29899 14297 51%
2018-12-23__10:59:14 1 /boot 42 21 51%
2018-12-23__11:00:14 0 disk 29941 14318 48%
2018-12-23__11:00:14 1 / 29899 14297 51%
2018-12-23__11:00:14 1 /boot 42 21 51%
2018-12-23__11:01:14 0 disk 29941 14318 48%
2018-12-23__11:01:14 1 / 29899 14297 51%
2018-12-23__11:01:14 1 /boot 42 21 51%
2018-12-23__11:02:14 0 disk 29941 14318 48%
2018-12-23__11:02:14 1 / 29899 14297 51%
2018-12-23__11:02:14 1 /boot 42 21 51%
2018-12-23__11:03:14 0 disk 29941 14318 48%
2018-12-23__11:03:14 1 / 29899 14297 51%
2018-12-23__11:03:14 1 /boot 42 21 51%
2018-12-23__11:04:15 0 disk 29941 14318 48%
2018-12-23__11:04:15 1 / 29899 14297 51%
2018-12-23__11:04:15 1 /boot 42 21 51%
2018-12-23__11:05:15 0 disk 29941 14318 48%
2018-12-23__11:05:15 1 / 29899 14297 51%
2018-12-23__11:05:15 1 /boot 42 21 51%
2018-12-23__11:06:15 0 disk 29941 14318 48%
2018-12-23__11:06:15 1 / 29899 14297 51%
2018-12-23__11:06:15 1 /boot 42 21 51%
2018-12-23__11:07:15 0 disk 29941 14318 48%
2018-12-23__11:07:15 1 / 29899 14297 51%
2018-12-23__11:07:15 1 /boot 42 21 51%
2018-12-23__11:08:15 0 disk 29941 14319 48%
2018-12-23__11:08:15 1 / 29899 14298 51%
2018-12-23__11:08:15 1 /boot 42 21 51%
2018-12-23__11:09:15 0 disk 29941 14319 48%
2018-12-23__11:09:15 1 / 29899 14298 51%
2018-12-23__11:09:15 1 /boot 42 21 51%
2018-12-23__11:10:15 0 disk 29941 14319 48%
2018-12-23__11:10:15 1 / 29899 14298 51%
2018-12-23__11:10:15 1 /boot 42 21 51%
2018-12-23__11:11:15 0 disk 29941 14318 48%
2018-12-23__11:11:15 1 / 29899 14297 51%
2018-12-23__11:11:15 1 /boot 42 21 51%
2018-12-23__11:12:15 0 disk 29941 14318 48%
2018-12-23__11:12:15 1 / 29899 14297 51%
2018-12-23__11:12:15 1 /boot 42 21 51%
2018-12-23__11:13:16 0 disk 29941 14318 48%
2018-12-23__11:13:16 1 / 29899 14297 51%
2018-12-23__11:13:16 1 /boot 42 21 51%
2018-12-23__11:14:16 0 disk 29941 14318 48%
2018-12-23__11:14:16 1 / 29899 14297 51%
2018-12-23__11:14:16 1 /boot 42 21 51%
2018-12-23__11:15:16 0 disk 29941 14318 48%
2018-12-23__11:15:16 1 / 29899 14297 51%
2018-12-23__11:15:16 1 /boot 42 21 51%
2018-12-23__11:16:16 0 disk 29941 14318 48%
2018-12-23__11:16:16 1 / 29899 14297 51%
2018-12-23__11:16:16 1 /boot 42 21 51%
2018-12-23__11:17:16 0 disk 29941 14318 48%
2018-12-23__11:17:16 1 / 29899 14297 51%
2018-12-23__11:17:16 1 /boot 42 21 51%
2018-12-23__11:18:16 0 disk 29941 14318 48%
2018-12-23__11:18:16 1 / 29899 14297 51%
2018-12-23__11:18:16 1 /boot 42 21 51%
2018-12-23__11:19:16 0 disk 29941 14318 48%
2018-12-23__11:19:16 1 / 29899 14297 51%
2018-12-23__11:19:16 1 /boot 42 21 51%
2018-12-23__11:20:16 0 disk 29941 14318 48%
2018-12-23__11:20:16 1 / 29899 14297 51%
2018-12-23__11:20:16 1 /boot 42 21 51%
2018-12-23__11:21:16 0 disk 29941 14318 48%
2018-12-23__11:21:16 1 / 29899 14297 51%
2018-12-23__11:21:16 1 /boot 42 21 51%
2018-12-23__11:22:17 0 disk 29941 14318 48%
2018-12-23__11:22:17 1 / 29899 14297 51%
2018-12-23__11:22:17 1 /boot 42 21 51%
2018-12-23__11:23:17 0 disk 29941 14318 48%
2018-12-23__11:23:17 1 / 29899 14297 51%
2018-12-23__11:23:17 1 /boot 42 21 51%
2018-12-23__11:24:17 0 disk 29941 14319 48%
2018-12-23__11:24:17 1 / 29899 14298 51%
2018-12-23__11:24:17 1 /boot 42 21 51%
2018-12-23__11:25:17 0 disk 29941 14318 48%
2018-12-23__11:25:17 1 / 29899 14297 51%
2018-12-23__11:25:17 1 /boot 42 21 51%
2018-12-23__11:26:17 0 disk 29941 14318 48%
2018-12-23__11:26:17 1 / 29899 14297 51%
2018-12-23__11:26:17 1 /boot 42 21 51%
2018-12-23__11:27:17 0 disk 29941 14318 48%
2018-12-23__11:27:17 1 / 29899 14297 51%
2018-12-23__11:27:17 1 /boot 42 21 51%
2018-12-23__11:28:17 0 disk 29941 14318 48%
2018-12-23__11:28:17 1 / 29899 14297 51%
2018-12-23__11:28:17 1 /boot 42 21 51%
2018-12-23__11:29:17 0 disk 29941 14318 48%
2018-12-23__11:29:17 1 / 29899 14297 51%
2018-12-23__11:29:17 1 /boot 42 21 51%
2018-12-23__11:30:17 0 disk 29941 14318 48%
2018-12-23__11:30:17 1 / 29899 14297 51%
2018-12-23__11:30:17 1 /boot 42 21 51%
2018-12-23__11:31:18 0 disk 29941 14318 48%
2018-12-23__11:31:18 1 / 29899 14297 51%
2018-12-23__11:31:18 1 /boot 42 21 51%
2018-12-23__11:32:18 0 disk 29941 14318 48%
2018-12-23__11:32:18 1 / 29899 14297 51%
2018-12-23__11:32:18 1 /boot 42 21 51%
2018-12-23__11:33:18 0 disk 29941 14318 48%
2018-12-23__11:33:18 1 / 29899 14297 51%
2018-12-23__11:33:18 1 /boot 42 21 51%
2018-12-23__11:34:18 0 disk 29941 14318 48%
2018-12-23__11:34:18 1 / 29899 14297 51%
2018-12-23__11:34:18 1 /boot 42 21 51%
2018-12-23__11:35:18 0 disk 29941 14318 48%
2018-12-23__11:35:18 1 / 29899 14297 51%
2018-12-23__11:35:18 1 /boot 42 21 51%
2018-12-23__11:36:18 0 disk 29941 14318 48%
2018-12-23__11:36:18 1 / 29899 14297 51%
2018-12-23__11:36:18 1 /boot 42 21 51%
2018-12-23__11:37:18 0 disk 29941 14318 48%
2018-12-23__11:37:18 1 / 29899 14297 51%
2018-12-23__11:37:18 1 /boot 42 21 51%
2018-12-23__11:38:18 0 disk 29941 14318 48%
2018-12-23__11:38:18 1 / 29899 14297 51%
2018-12-23__11:38:18 1 /boot 42 21 51%
2018-12-23__11:39:18 0 disk 29941 14318 48%
2018-12-23__11:39:18 1 / 29899 14297 51%
2018-12-23__11:39:18 1 /boot 42 21 51%
2018-12-23__11:40:19 0 disk 29941 14318 48%
2018-12-23__11:40:19 1 / 29899 14297 51%
2018-12-23__11:40:19 1 /boot 42 21 51%
2018-12-23__11:41:19 0 disk 29941 14318 48%
2018-12-23__11:41:19 1 / 29899 14297 51%
2018-12-23__11:41:19 1 /boot 42 21 51%
2018-12-23__11:42:19 0 disk 29941 14318 48%
2018-12-23__11:42:19 1 / 29899 14297 51%
2018-12-23__11:42:19 1 /boot 42 21 51%
2018-12-23__11:43:19 0 disk 29941 14318 48%
2018-12-23__11:43:19 1 / 29899 14297 51%
2018-12-23__11:43:19 1 /boot 42 21 51%
2018-12-23__11:44:19 0 disk 29941 14318 48%
2018-12-23__11:44:19 1 / 29899 14297 51%
2018-12-23__11:44:19 1 /boot 42 21 51%
2018-12-23__11:45:19 0 disk 29941 14318 48%
2018-12-23__11:45:19 1 / 29899 14297 51%
2018-12-23__11:45:19 1 /boot 42 21 51%
2018-12-23__11:46:19 0 disk 29941 14318 48%
2018-12-23__11:46:19 1 / 29899 14297 51%
2018-12-23__11:46:19 1 /boot 42 21 51%
2018-12-23__11:47:19 0 disk 29941 14318 48%
2018-12-23__11:47:19 1 / 29899 14297 51%
2018-12-23__11:47:19 1 /boot 42 21 51%
2018-12-23__11:48:20 0 disk 29941 14318 48%
2018-12-23__11:48:20 1 / 29899 14297 51%
2018-12-23__11:48:20 1 /boot 42 21 51%
2018-12-23__11:49:20 0 disk 29941 14318 48%
2018-12-23__11:49:20 1 / 29899 14297 51%
2018-12-23__11:49:20 1 /boot 42 21 51%
2018-12-23__11:50:20 0 disk 29941 14318 48%
2018-12-23__11:50:20 1 / 29899 14297 51%
2018-12-23__11:50:20 1 /boot 42 21 51%
2018-12-23__11:51:20 0 disk 29941 14318 48%
2018-12-23__11:51:20 1 / 29899 14297 51%
2018-12-23__11:51:20 1 /boot 42 21 51%
2018-12-23__11:52:20 0 disk 29941 14318 48%
2018-12-23__11:52:20 1 / 29899 14297 51%
2018-12-23__11:52:20 1 /boot 42 21 51%
2018-12-23__11:53:20 0 disk 29941 14318 48%
2018-12-23__11:53:20 1 / 29899 14297 51%
2018-12-23__11:53:20 1 /boot 42 21 51%
2018-12-23__11:54:20 0 disk 29941 14318 48%
2018-12-23__11:54:20 1 / 29899 14297 51%
2018-12-23__11:54:20 1 /boot 42 21 51%
2018-12-23__11:55:20 0 disk 29941 14318 48%
2018-12-23__11:55:20 1 / 29899 14297 51%
2018-12-23__11:55:20 1 /boot 42 21 51%
2018-12-23__11:56:20 0 disk 29941 14318 48%
2018-12-23__11:56:20 1 / 29899 14297 51%
2018-12-23__11:56:20 1 /boot 42 21 51%
2018-12-23__11:57:21 0 disk 29941 14318 48%
2018-12-23__11:57:21 1 / 29899 14297 51%
2018-12-23__11:57:21 1 /boot 42 21 51%
2018-12-23__11:58:21 0 disk 29941 14318 48%
2018-12-23__11:58:21 1 / 29899 14297 51%
2018-12-23__11:58:21 1 /boot 42 21 51%
2018-12-23__11:59:21 0 disk 29941 14318 48%
2018-12-23__11:59:21 1 / 29899 14297 51%
2018-12-23__11:59:21 1 /boot 42 21 51%
2018-12-23__12:00:21 0 disk 29941 14318 48%
2018-12-23__12:00:21 1 / 29899 14297 51%
2018-12-23__12:00:21 1 /boot 42 21 51%
2018-12-23__12:01:21 0 disk 29941 14318 48%
2018-12-23__12:01:21 1 / 29899 14297 51%
2018-12-23__12:01:21 1 /boot 42 21 51%
2018-12-23__12:02:21 0 disk 29941 14318 48%
2018-12-23__12:02:21 1 / 29899 14297 51%
2018-12-23__12:02:21 1 /boot 42 21 51%
2018-12-23__12:03:21 0 disk 29941 14318 48%
2018-12-23__12:03:21 1 / 29899 14297 51%
2018-12-23__12:03:21 1 /boot 42 21 51%
2018-12-23__12:04:21 0 disk 29941 14318 48%
2018-12-23__12:04:21 1 / 29899 14297 51%
2018-12-23__12:04:21 1 /boot 42 21 51%
2018-12-23__12:05:22 0 disk 29941 14318 48%
2018-12-23__12:05:22 1 / 29899 14297 51%
2018-12-23__12:05:22 1 /boot 42 21 51%
2018-12-23__12:06:22 0 disk 29941 14318 48%
2018-12-23__12:06:22 1 / 29899 14297 51%
2018-12-23__12:06:22 1 /boot 42 21 51%
2018-12-23__12:07:22 0 disk 29941 14318 48%
2018-12-23__12:07:22 1 / 29899 14297 51%
2018-12-23__12:07:22 1 /boot 42 21 51%
2018-12-23__12:08:22 0 disk 29941 14318 48%
2018-12-23__12:08:22 1 / 29899 14297 51%
2018-12-23__12:08:22 1 /boot 42 21 51%
2018-12-23__12:09:22 0 disk 29941 14318 48%
2018-12-23__12:09:22 1 / 29899 14297 51%
2018-12-23__12:09:22 1 /boot 42 21 51%
2018-12-23__12:10:22 0 disk 29941 14318 48%
2018-12-23__12:10:22 1 / 29899 14297 51%
2018-12-23__12:10:22 1 /boot 42 21 51%
2018-12-23__12:11:22 0 disk 29941 14318 48%
2018-12-23__12:11:22 1 / 29899 14297 51%
2018-12-23__12:11:22 1 /boot 42 21 51%
2018-12-23__12:12:22 0 disk 29941 14318 48%
2018-12-23__12:12:22 1 / 29899 14297 51%
2018-12-23__12:12:22 1 /boot 42 21 51%
2018-12-23__12:13:23 0 disk 29941 14318 48%
2018-12-23__12:13:23 1 / 29899 14297 51%
2018-12-23__12:13:23 1 /boot 42 21 51%
2018-12-23__12:14:23 0 disk 29941 14318 48%
2018-12-23__12:14:23 1 / 29899 14297 51%
2018-12-23__12:14:23 1 /boot 42 21 51%
2018-12-23__12:15:23 0 disk 29941 14318 48%
2018-12-23__12:15:23 1 / 29899 14297 51%
2018-12-23__12:15:23 1 /boot 42 21 51%
2018-12-23__12:16:23 0 disk 29941 14318 48%
2018-12-23__12:16:23 1 / 29899 14297 51%
2018-12-23__12:16:23 1 /boot 42 21 51%
2018-12-23__12:17:23 0 disk 29941 14318 48%
2018-12-23__12:17:23 1 / 29899 14297 51%
2018-12-23__12:17:23 1 /boot 42 21 51%
2018-12-23__12:18:23 0 disk 29941 14318 48%
2018-12-23__12:18:23 1 / 29899 14297 51%
2018-12-23__12:18:23 1 /boot 42 21 51%
2018-12-23__12:19:23 0 disk 29941 14318 48%
2018-12-23__12:19:23 1 / 29899 14297 51%
2018-12-23__12:19:23 1 /boot 42 21 51%
2018-12-23__12:20:24 0 disk 29941 14318 48%
2018-12-23__12:20:24 1 / 29899 14297 51%
2018-12-23__12:20:24 1 /boot 42 21 51%
2018-12-23__12:21:24 0 disk 29941 14318 48%
2018-12-23__12:21:24 1 / 29899 14297 51%
2018-12-23__12:21:24 1 /boot 42 21 51%
2018-12-23__12:22:24 0 disk 29941 14318 48%
2018-12-23__12:22:24 1 / 29899 14297 51%
2018-12-23__12:22:24 1 /boot 42 21 51%
2018-12-23__12:23:24 0 disk 29941 14318 48%
2018-12-23__12:23:24 1 / 29899 14297 51%
2018-12-23__12:23:24 1 /boot 42 21 51%
2018-12-23__12:24:24 0 disk 29941 14318 48%
2018-12-23__12:24:24 1 / 29899 14297 51%
2018-12-23__12:24:24 1 /boot 42 21 51%
2018-12-23__12:25:24 0 disk 29941 14318 48%
2018-12-23__12:25:24 1 / 29899 14297 51%
2018-12-23__12:25:24 1 /boot 42 21 51%
2018-12-23__12:26:24 0 disk 29941 14318 48%
2018-12-23__12:26:24 1 / 29899 14297 51%
2018-12-23__12:26:24 1 /boot 42 21 51%
2018-12-23__12:27:24 0 disk 29941 14318 48%
2018-12-23__12:27:24 1 / 29899 14297 51%
2018-12-23__12:27:24 1 /boot 42 21 51%
2018-12-23__12:28:25 0 disk 29941 14318 48%
2018-12-23__12:28:25 1 / 29899 14297 51%
2018-12-23__12:28:25 1 /boot 42 21 51%
2018-12-23__12:29:25 0 disk 29941 14318 48%
2018-12-23__12:29:25 1 / 29899 14297 51%
2018-12-23__12:29:25 1 /boot 42 21 51%
2018-12-23__12:30:25 0 disk 29941 14318 48%
2018-12-23__12:30:25 1 / 29899 14297 51%
2018-12-23__12:30:25 1 /boot 42 21 51%
2018-12-23__12:31:25 0 disk 29941 14318 48%
2018-12-23__12:31:25 1 / 29899 14297 51%
2018-12-23__12:31:25 1 /boot 42 21 51%
2018-12-23__12:32:25 0 disk 29941 14318 48%
2018-12-23__12:32:25 1 / 29899 14297 51%
2018-12-23__12:32:25 1 /boot 42 21 51%
2018-12-23__12:33:25 0 disk 29941 14318 48%
2018-12-23__12:33:25 1 / 29899 14297 51%
2018-12-23__12:33:25 1 /boot 42 21 51%
2018-12-23__12:34:25 0 disk 29941 14318 48%
2018-12-23__12:34:25 1 / 29899 14297 51%
2018-12-23__12:34:25 1 /boot 42 21 51%
2018-12-23__12:35:25 0 disk 29941 14318 48%
2018-12-23__12:35:25 1 / 29899 14297 51%
2018-12-23__12:35:25 1 /boot 42 21 51%
2018-12-23__12:36:25 0 disk 29941 14318 48%
2018-12-23__12:36:25 1 / 29899 14297 51%
2018-12-23__12:36:25 1 /boot 42 21 51%
2018-12-23__12:37:25 0 disk 29941 14318 48%
2018-12-23__12:37:25 1 / 29899 14297 51%
2018-12-23__12:37:25 1 /boot 42 21 51%
2018-12-23__12:38:26 0 disk 29941 14318 48%
2018-12-23__12:38:26 1 / 29899 14297 51%
2018-12-23__12:38:26 1 /boot 42 21 51%
2018-12-23__12:39:26 0 disk 29941 14318 48%
2018-12-23__12:39:26 1 / 29899 14297 51%
2018-12-23__12:39:26 1 /boot 42 21 51%
2018-12-23__12:40:26 0 disk 29941 14318 48%
2018-12-23__12:40:26 1 / 29899 14297 51%
2018-12-23__12:40:26 1 /boot 42 21 51%
2018-12-23__12:41:26 0 disk 29941 14318 48%
2018-12-23__12:41:26 1 / 29899 14297 51%
2018-12-23__12:41:26 1 /boot 42 21 51%
2018-12-23__12:42:26 0 disk 29941 14318 48%
2018-12-23__12:42:26 1 / 29899 14297 51%
2018-12-23__12:42:26 1 /boot 42 21 51%
2018-12-23__12:43:26 0 disk 29941 14318 48%
2018-12-23__12:43:26 1 / 29899 14297 51%
2018-12-23__12:43:26 1 /boot 42 21 51%
2018-12-23__12:44:26 0 disk 29941 14318 48%
2018-12-23__12:44:26 1 / 29899 14297 51%
2018-12-23__12:44:26 1 /boot 42 21 51%
2018-12-23__12:45:26 0 disk 29941 14318 48%
2018-12-23__12:45:26 1 / 29899 14297 51%
2018-12-23__12:45:26 1 /boot 42 21 51%
2018-12-23__12:46:27 0 disk 29941 14318 48%
2018-12-23__12:46:27 1 / 29899 14297 51%
2018-12-23__12:46:27 1 /boot 42 21 51%
2018-12-23__12:47:27 0 disk 29941 14318 48%
2018-12-23__12:47:27 1 / 29899 14297 51%
2018-12-23__12:47:27 1 /boot 42 21 51%
2018-12-23__12:48:27 0 disk 29941 14318 48%
2018-12-23__12:48:27 1 / 29899 14297 51%
2018-12-23__12:48:27 1 /boot 42 21 51%
2018-12-23__12:49:27 0 disk 29941 14318 48%
2018-12-23__12:49:27 1 / 29899 14297 51%
2018-12-23__12:49:27 1 /boot 42 21 51%
2018-12-23__12:50:27 0 disk 29941 14318 48%
2018-12-23__12:50:27 1 / 29899 14297 51%
2018-12-23__12:50:27 1 /boot 42 21 51%
2018-12-23__12:51:27 0 disk 29941 14318 48%
2018-12-23__12:51:27 1 / 29899 14297 51%
2018-12-23__12:51:27 1 /boot 42 21 51%
2018-12-23__12:52:27 0 disk 29941 14318 48%
2018-12-23__12:52:27 1 / 29899 14297 51%
2018-12-23__12:52:27 1 /boot 42 21 51%
2018-12-23__12:53:27 0 disk 29941 14318 48%
2018-12-23__12:53:27 1 / 29899 14297 51%
2018-12-23__12:53:27 1 /boot 42 21 51%
2018-12-23__12:54:28 0 disk 29941 14318 48%
2018-12-23__12:54:28 1 / 29899 14297 51%
2018-12-23__12:54:28 1 /boot 42 21 51%
2018-12-23__12:55:28 0 disk 29941 14318 48%
2018-12-23__12:55:28 1 / 29899 14297 51%
2018-12-23__12:55:28 1 /boot 42 21 51%
2018-12-23__12:56:28 0 disk 29941 14318 48%
2018-12-23__12:56:28 1 / 29899 14297 51%
2018-12-23__12:56:28 1 /boot 42 21 51%
2018-12-23__12:57:28 0 disk 29941 14318 48%
2018-12-23__12:57:28 1 / 29899 14297 51%
2018-12-23__12:57:28 1 /boot 42 21 51%
2018-12-23__12:58:28 0 disk 29941 14318 48%
2018-12-23__12:58:28 1 / 29899 14297 51%
2018-12-23__12:58:28 1 /boot 42 21 51%
2018-12-23__12:59:28 0 disk 29941 14318 48%
2018-12-23__12:59:28 1 / 29899 14297 51%
2018-12-23__12:59:28 1 /boot 42 21 51%
2018-12-23__13:00:28 0 disk 29941 14318 48%
2018-12-23__13:00:28 1 / 29899 14297 51%
2018-12-23__13:00:28 1 /boot 42 21 51%
2018-12-23__13:01:28 0 disk 29941 14318 48%
2018-12-23__13:01:28 1 / 29899 14297 51%
2018-12-23__13:01:28 1 /boot 42 21 51%
2018-12-23__13:02:29 0 disk 29941 14318 48%
2018-12-23__13:02:29 1 / 29899 14297 51%
2018-12-23__13:02:29 1 /boot 42 21 51%
2018-12-23__13:03:29 0 disk 29941 14318 48%
2018-12-23__13:03:29 1 / 29899 14297 51%
2018-12-23__13:03:29 1 /boot 42 21 51%
2018-12-23__13:04:29 0 disk 29941 14328 47%
2018-12-23__13:04:29 1 / 29899 14307 51%
2018-12-23__13:04:29 1 /boot 42 21 51%
2018-12-23__13:05:29 0 disk 29941 14328 47%
2018-12-23__13:05:29 1 / 29899 14307 51%
2018-12-23__13:05:29 1 /boot 42 21 51%
2018-12-23__13:06:29 0 disk 29941 14328 47%
2018-12-23__13:06:29 1 / 29899 14307 51%
2018-12-23__13:06:29 1 /boot 42 21 51%
2018-12-23__13:07:29 0 disk 29941 14328 47%
2018-12-23__13:07:29 1 / 29899 14307 51%
2018-12-23__13:07:29 1 /boot 42 21 51%
2018-12-23__13:08:29 0 disk 29941 14328 47%
2018-12-23__13:08:29 1 / 29899 14307 51%
2018-12-23__13:08:29 1 /boot 42 21 51%
2018-12-23__13:09:29 0 disk 29941 14328 47%
2018-12-23__13:09:29 1 / 29899 14307 51%
2018-12-23__13:09:29 1 /boot 42 21 51%
2018-12-23__13:10:29 0 disk 29941 14328 47%
2018-12-23__13:10:29 1 / 29899 14307 51%
2018-12-23__13:10:29 1 /boot 42 21 51%
2018-12-23__13:11:29 0 disk 29941 14328 47%
2018-12-23__13:11:29 1 / 29899 14307 51%
2018-12-23__13:11:29 1 /boot 42 21 51%
2018-12-23__13:12:30 0 disk 29941 14328 47%
2018-12-23__13:12:30 1 / 29899 14307 51%
2018-12-23__13:12:30 1 /boot 42 21 51%
2018-12-23__13:13:30 0 disk 29941 14328 47%
2018-12-23__13:13:30 1 / 29899 14307 51%
2018-12-23__13:13:30 1 /boot 42 21 51%
2018-12-23__13:14:30 0 disk 29941 14328 47%
2018-12-23__13:14:30 1 / 29899 14307 51%
2018-12-23__13:14:30 1 /boot 42 21 51%
2018-12-23__13:15:30 0 disk 29941 14328 47%
2018-12-23__13:15:30 1 / 29899 14307 51%
2018-12-23__13:15:30 1 /boot 42 21 51%
2018-12-23__13:16:30 0 disk 29941 14328 47%
2018-12-23__13:16:30 1 / 29899 14307 51%
2018-12-23__13:16:30 1 /boot 42 21 51%
2018-12-23__13:17:30 0 disk 29941 14328 47%
2018-12-23__13:17:30 1 / 29899 14307 51%
2018-12-23__13:17:30 1 /boot 42 21 51%
2018-12-23__13:18:30 0 disk 29941 14328 47%
2018-12-23__13:18:30 1 / 29899 14307 51%
2018-12-23__13:18:30 1 /boot 42 21 51%
2018-12-23__13:19:30 0 disk 29941 14328 47%
2018-12-23__13:19:30 1 / 29899 14307 51%
2018-12-23__13:19:30 1 /boot 42 21 51%
2018-12-23__13:20:31 0 disk 29941 14328 47%
2018-12-23__13:20:31 1 / 29899 14307 51%
2018-12-23__13:20:31 1 /boot 42 21 51%
2018-12-23__13:21:31 0 disk 29941 14328 47%
2018-12-23__13:21:31 1 / 29899 14307 51%
2018-12-23__13:21:31 1 /boot 42 21 51%
2018-12-23__13:22:31 0 disk 29941 14328 47%
2018-12-23__13:22:31 1 / 29899 14307 51%
2018-12-23__13:22:31 1 /boot 42 21 51%
2018-12-23__13:23:31 0 disk 29941 14328 47%
2018-12-23__13:23:31 1 / 29899 14307 51%
2018-12-23__13:23:31 1 /boot 42 21 51%
2018-12-23__13:24:31 0 disk 29941 14328 47%
2018-12-23__13:24:31 1 / 29899 14307 51%
2018-12-23__13:24:31 1 /boot 42 21 51%
2018-12-23__13:25:31 0 disk 29941 14328 47%
2018-12-23__13:25:31 1 / 29899 14307 51%
2018-12-23__13:25:31 1 /boot 42 21 51%
2018-12-23__13:26:31 0 disk 29941 14328 47%
2018-12-23__13:26:31 1 / 29899 14307 51%
2018-12-23__13:26:31 1 /boot 42 21 51%
