2018-12-22__14:05:34 0.15,0.17,0.12 72.63 53°C note
2018-12-22__14:05:39 0.95,0.35,0.17 30.88 52°C note
2018-12-22__14:05:45 0.88,0.34,0.17 28.64 52°C note
2018-12-22__14:05:51 0.81,0.34,0.17 27.91 51°C note
2018-12-22__14:05:58 0.74,0.33,0.17 29.14 52°C note
2018-12-22__14:06:03 0.68,0.33,0.17 29.00 51°C note
2018-12-22__14:06:09 0.63,0.32,0.17 35.00 52°C note
2018-12-22__14:06:15 0.83,0.37,0.19 39.19 53°C note
2018-12-22__14:06:20 0.76,0.37,0.19 28.71 53°C note
2018-12-22__14:06:26 0.70,0.36,0.19 28.42 51°C note
2018-12-22__14:06:32 0.64,0.36,0.18 28.85 52°C note
2018-12-22__14:06:37 0.83,0.40,0.20 37.50 53°C note
2018-12-22__14:06:43 0.76,0.39,0.20 32.01 53°C note
2018-12-22__14:06:48 0.70,0.39,0.20 28.35 53°C note
2018-12-22__14:06:54 0.65,0.38,0.19 30.00 52°C note
2018-12-22__14:07:00 0.69,0.40,0.20 32.66 52°C note
2018-12-22__14:07:05 0.64,0.39,0.20 29.14 53°C note
2018-12-22__14:07:11 0.59,0.39,0.20 35.02 53°C note
2018-12-22__14:07:17 0.54,0.38,0.20 30.54 53°C note
2018-12-22__14:07:22 0.50,0.37,0.20 28.35 53°C note
2018-12-22__14:07:28 0.46,0.37,0.20 32.00 53°C note
2018-12-22__14:07:34 0.42,0.36,0.19 30.96 53°C note
2018-12-22__14:07:40 0.43,0.36,0.20 31.15 52°C note
2018-12-22__14:07:46 0.39,0.36,0.20 28.50 52°C note
2018-12-22__14:07:51 0.36,0.35,0.19 27.55 52°C note
2018-12-22__14:07:57 0.33,0.35,0.19 28.78 52°C note
2018-12-22__14:08:03 0.31,0.34,0.19 37.50 52°C note
2018-12-22__14:08:08 0.28,0.33,0.19 28.64 52°C note
2018-12-22__14:08:14 0.26,0.33,0.19 39.79 52°C note
2018-12-22__14:08:20 0.53,0.38,0.21 28.07 53°C note
2018-12-22__14:08:25 0.48,0.38,0.21 33.84 52°C note
2018-12-22__14:08:31 0.45,0.37,0.20 28.06 53°C note
2018-12-22__14:08:36 0.41,0.36,0.20 51.53 54°C note
2018-12-22__14:08:42 0.38,0.36,0.20 27.41 52°C note
2018-12-22__14:08:48 0.35,0.35,0.20 31.15 53°C note
2018-12-22__14:08:53 0.56,0.40,0.22 34.48 52°C note
2018-12-22__14:08:59 0.51,0.39,0.21 43.28 52°C note
2018-12-22__14:09:06 0.51,0.39,0.22 28.64 53°C note
2018-12-22__14:09:12 0.47,0.39,0.22 28.78 52°C note
2018-12-22__14:09:17 0.43,0.38,0.21 28.14 52°C note
2018-12-22__14:09:23 0.39,0.37,0.21 29.70 52°C note
2018-12-22__14:09:29 0.36,0.37,0.21 27.91 52°C note
2018-12-22__14:09:34 0.33,0.36,0.21 40.20 53°C note
2018-12-22__14:09:42 0.51,0.40,0.22 27.91 52°C note
2018-12-22__14:09:47 0.47,0.39,0.22 27.77 52°C note
2018-12-22__14:09:53 0.43,0.38,0.22 28.28 52°C note
2018-12-22__14:09:58 0.40,0.38,0.22 28.78 53°C note
2018-12-22__14:10:04 0.36,0.37,0.22 30.88 51°C note
2018-12-22__14:10:10 0.38,0.37,0.22 29.00 52°C note
2018-12-22__14:10:15 0.35,0.37,0.22 30.80 52°C note
2018-12-22__14:10:21 0.64,0.43,0.24 40.51 52°C note
2018-12-22__14:10:27 0.59,0.42,0.24 35.67 53°C note
