2018-12-22__19:10:04 0 disk 29941 15123 45%
2018-12-22__19:10:04 1 / 29899 15102 48%
2018-12-22__19:10:04 1 /boot 42 21 51%
2018-12-23__09:53:31 0 disk 29941 15106 45%
2018-12-23__09:53:31 1 / 29899 15085 48%
2018-12-23__09:53:31 1 /boot 42 21 51%
2018-12-23__09:54:31 0 disk 29941 15106 45%
2018-12-23__09:54:31 1 / 29899 15085 48%
2018-12-23__09:54:31 1 /boot 42 21 51%
2018-12-23__09:55:31 0 disk 29941 15106 45%
2018-12-23__09:55:31 1 / 29899 15085 48%
2018-12-23__09:55:31 1 /boot 42 21 51%
2018-12-23__09:56:31 0 disk 29941 15106 45%
2018-12-23__09:56:31 1 / 29899 15085 48%
2018-12-23__09:56:31 1 /boot 42 21 51%
2018-12-23__09:57:31 0 disk 29941 15106 45%
2018-12-23__09:57:31 1 / 29899 15085 48%
2018-12-23__09:57:31 1 /boot 42 21 51%
2018-12-23__09:58:31 0 disk 29941 15106 45%
2018-12-23__09:58:31 1 / 29899 15085 48%
2018-12-23__09:58:31 1 /boot 42 21 51%
2018-12-23__09:59:31 0 disk 29941 15106 45%
2018-12-23__09:59:31 1 / 29899 15085 48%
2018-12-23__09:59:31 1 /boot 42 21 51%
2018-12-23__10:00:32 0 disk 29941 15106 45%
2018-12-23__10:00:32 1 / 29899 15085 48%
2018-12-23__10:00:32 1 /boot 42 21 51%
2018-12-23__10:01:32 0 disk 29941 15106 45%
2018-12-23__10:01:32 1 / 29899 15085 48%
2018-12-23__10:01:32 1 /boot 42 21 51%
2018-12-23__10:02:32 0 disk 29941 15106 45%
2018-12-23__10:02:32 1 / 29899 15085 48%
2018-12-23__10:02:32 1 /boot 42 21 51%
2018-12-23__10:03:32 0 disk 29941 15106 45%
2018-12-23__10:03:32 1 / 29899 15085 48%
2018-12-23__10:03:32 1 /boot 42 21 51%
2018-12-23__10:04:32 0 disk 29941 15106 45%
2018-12-23__10:04:32 1 / 29899 15085 48%
2018-12-23__10:04:32 1 /boot 42 21 51%
2018-12-23__10:05:32 0 disk 29941 15106 45%
2018-12-23__10:05:32 1 / 29899 15085 48%
2018-12-23__10:05:32 1 /boot 42 21 51%
2018-12-23__10:06:32 0 disk 29941 15106 45%
2018-12-23__10:06:32 1 / 29899 15085 48%
2018-12-23__10:06:32 1 /boot 42 21 51%
2018-12-23__10:07:32 0 disk 29941 15106 45%
2018-12-23__10:07:32 1 / 29899 15085 48%
2018-12-23__10:07:32 1 /boot 42 21 51%
2018-12-23__10:08:32 0 disk 29941 15106 45%
2018-12-23__10:08:32 1 / 29899 15085 48%
2018-12-23__10:08:32 1 /boot 42 21 51%
2018-12-23__10:09:33 0 disk 29941 15106 45%
2018-12-23__10:09:33 1 / 29899 15085 48%
2018-12-23__10:09:33 1 /boot 42 21 51%
2018-12-23__10:10:33 0 disk 29941 15106 45%
2018-12-23__10:10:33 1 / 29899 15085 48%
2018-12-23__10:10:33 1 /boot 42 21 51%
2018-12-23__10:11:33 0 disk 29941 15107 45%
2018-12-23__10:11:33 1 / 29899 15086 48%
2018-12-23__10:11:33 1 /boot 42 21 51%
2018-12-23__10:12:33 0 disk 29941 15107 45%
2018-12-23__10:12:33 1 / 29899 15086 48%
2018-12-23__10:12:33 1 /boot 42 21 51%
2018-12-23__10:13:33 0 disk 29941 15107 45%
2018-12-23__10:13:33 1 / 29899 15086 48%
2018-12-23__10:13:33 1 /boot 42 21 51%
2018-12-23__10:14:33 0 disk 29941 15107 45%
2018-12-23__10:14:33 1 / 29899 15086 48%
2018-12-23__10:14:33 1 /boot 42 21 51%
2018-12-23__10:15:33 0 disk 29941 15107 45%
2018-12-23__10:15:33 1 / 29899 15086 48%
2018-12-23__10:15:33 1 /boot 42 21 51%
2018-12-23__10:16:33 0 disk 29941 15107 45%
2018-12-23__10:16:33 1 / 29899 15086 48%
2018-12-23__10:16:33 1 /boot 42 21 51%
2018-12-23__10:17:33 0 disk 29941 15107 45%
2018-12-23__10:17:33 1 / 29899 15086 48%
2018-12-23__10:17:33 1 /boot 42 21 51%
2018-12-23__10:18:33 0 disk 29941 15107 45%
2018-12-23__10:18:33 1 / 29899 15086 48%
2018-12-23__10:18:33 1 /boot 42 21 51%
2018-12-23__10:19:34 0 disk 29941 15107 45%
2018-12-23__10:19:34 1 / 29899 15086 48%
2018-12-23__10:19:34 1 /boot 42 21 51%
2018-12-23__10:20:34 0 disk 29941 15107 45%
2018-12-23__10:20:34 1 / 29899 15086 48%
2018-12-23__10:20:34 1 /boot 42 21 51%
2018-12-23__10:21:34 0 disk 29941 15107 45%
2018-12-23__10:21:34 1 / 29899 15086 48%
2018-12-23__10:21:34 1 /boot 42 21 51%
2018-12-23__10:22:34 0 disk 29941 15107 45%
2018-12-23__10:22:34 1 / 29899 15086 48%
2018-12-23__10:22:34 1 /boot 42 21 51%
2018-12-23__10:23:34 0 disk 29941 15107 45%
2018-12-23__10:23:34 1 / 29899 15086 48%
2018-12-23__10:23:34 1 /boot 42 21 51%
2018-12-23__10:24:34 0 disk 29941 15107 45%
2018-12-23__10:24:34 1 / 29899 15086 48%
2018-12-23__10:24:34 1 /boot 42 21 51%
2018-12-23__10:25:34 0 disk 29941 15107 45%
2018-12-23__10:25:34 1 / 29899 15086 48%
2018-12-23__10:25:34 1 /boot 42 21 51%
2018-12-23__10:26:34 0 disk 29941 15107 45%
2018-12-23__10:26:34 1 / 29899 15086 48%
2018-12-23__10:26:34 1 /boot 42 21 51%
2018-12-23__10:27:34 0 disk 29941 15107 45%
2018-12-23__10:27:34 1 / 29899 15086 48%
2018-12-23__10:27:34 1 /boot 42 21 51%
2018-12-23__10:28:35 0 disk 29941 15107 45%
2018-12-23__10:28:35 1 / 29899 15086 48%
2018-12-23__10:28:35 1 /boot 42 21 51%
2018-12-23__10:29:35 0 disk 29941 15107 45%
2018-12-23__10:29:35 1 / 29899 15086 48%
2018-12-23__10:29:35 1 /boot 42 21 51%
2018-12-23__10:30:35 0 disk 29941 15107 45%
2018-12-23__10:30:35 1 / 29899 15086 48%
2018-12-23__10:30:35 1 /boot 42 21 51%
2018-12-23__10:31:35 0 disk 29941 15107 45%
2018-12-23__10:31:35 1 / 29899 15086 48%
2018-12-23__10:31:35 1 /boot 42 21 51%
2018-12-23__10:32:35 0 disk 29941 15107 45%
2018-12-23__10:32:35 1 / 29899 15086 48%
2018-12-23__10:32:35 1 /boot 42 21 51%
2018-12-23__10:33:35 0 disk 29941 15107 45%
2018-12-23__10:33:35 1 / 29899 15086 48%
2018-12-23__10:33:35 1 /boot 42 21 51%
2018-12-23__10:34:35 0 disk 29941 15107 45%
2018-12-23__10:34:35 1 / 29899 15086 48%
2018-12-23__10:34:35 1 /boot 42 21 51%
2018-12-23__10:35:35 0 disk 29941 15107 45%
2018-12-23__10:35:35 1 / 29899 15086 48%
2018-12-23__10:35:35 1 /boot 42 21 51%
2018-12-23__10:36:35 0 disk 29941 15107 45%
2018-12-23__10:36:35 1 / 29899 15086 48%
2018-12-23__10:36:35 1 /boot 42 21 51%
2018-12-23__10:37:36 0 disk 29941 15107 45%
2018-12-23__10:37:36 1 / 29899 15086 48%
2018-12-23__10:37:36 1 /boot 42 21 51%
2018-12-23__10:38:36 0 disk 29941 15107 45%
2018-12-23__10:38:36 1 / 29899 15086 48%
2018-12-23__10:38:36 1 /boot 42 21 51%
2018-12-23__10:39:36 0 disk 29941 15107 45%
2018-12-23__10:39:36 1 / 29899 15086 48%
2018-12-23__10:39:36 1 /boot 42 21 51%
2018-12-23__10:40:36 0 disk 29941 15107 45%
2018-12-23__10:40:36 1 / 29899 15086 48%
2018-12-23__10:40:36 1 /boot 42 21 51%
2018-12-23__10:41:36 0 disk 29941 15107 45%
2018-12-23__10:41:36 1 / 29899 15086 48%
2018-12-23__10:41:36 1 /boot 42 21 51%
2018-12-23__10:42:36 0 disk 29941 15107 45%
2018-12-23__10:42:36 1 / 29899 15086 48%
2018-12-23__10:42:36 1 /boot 42 21 51%
2018-12-23__10:43:36 0 disk 29941 15107 45%
2018-12-23__10:43:36 1 / 29899 15086 48%
2018-12-23__10:43:36 1 /boot 42 21 51%
2018-12-23__10:44:36 0 disk 29941 15107 45%
2018-12-23__10:44:36 1 / 29899 15086 48%
2018-12-23__10:44:36 1 /boot 42 21 51%
2018-12-23__10:45:36 0 disk 29941 15107 45%
2018-12-23__10:45:36 1 / 29899 15086 48%
2018-12-23__10:45:36 1 /boot 42 21 51%
2018-12-23__10:46:37 0 disk 29941 15107 45%
2018-12-23__10:46:37 1 / 29899 15086 48%
2018-12-23__10:46:37 1 /boot 42 21 51%
2018-12-23__10:47:37 0 disk 29941 15107 45%
2018-12-23__10:47:37 1 / 29899 15086 48%
2018-12-23__10:47:37 1 /boot 42 21 51%
2018-12-23__10:48:37 0 disk 29941 15107 45%
2018-12-23__10:48:37 1 / 29899 15086 48%
2018-12-23__10:48:37 1 /boot 42 21 51%
2018-12-23__10:49:37 0 disk 29941 15107 45%
2018-12-23__10:49:37 1 / 29899 15086 48%
2018-12-23__10:49:37 1 /boot 42 21 51%
2018-12-23__10:50:37 0 disk 29941 15107 45%
2018-12-23__10:50:37 1 / 29899 15086 48%
2018-12-23__10:50:37 1 /boot 42 21 51%
2018-12-23__10:51:37 0 disk 29941 15107 45%
2018-12-23__10:51:37 1 / 29899 15086 48%
2018-12-23__10:51:37 1 /boot 42 21 51%
2018-12-23__10:52:37 0 disk 29941 15107 45%
2018-12-23__10:52:37 1 / 29899 15086 48%
2018-12-23__10:52:37 1 /boot 42 21 51%
2018-12-23__10:53:37 0 disk 29941 15107 45%
2018-12-23__10:53:37 1 / 29899 15086 48%
2018-12-23__10:53:37 1 /boot 42 21 51%
2018-12-23__10:54:37 0 disk 29941 15107 45%
2018-12-23__10:54:37 1 / 29899 15086 48%
2018-12-23__10:54:37 1 /boot 42 21 51%
2018-12-23__10:55:38 0 disk 29941 15107 45%
2018-12-23__10:55:38 1 / 29899 15086 48%
2018-12-23__10:55:38 1 /boot 42 21 51%
2018-12-23__10:56:38 0 disk 29941 15107 45%
2018-12-23__10:56:38 1 / 29899 15086 48%
2018-12-23__10:56:38 1 /boot 42 21 51%
2018-12-23__10:57:38 0 disk 29941 15107 45%
2018-12-23__10:57:38 1 / 29899 15086 48%
2018-12-23__10:57:38 1 /boot 42 21 51%
2018-12-23__10:58:38 0 disk 29941 15107 45%
2018-12-23__10:58:38 1 / 29899 15086 48%
2018-12-23__10:58:38 1 /boot 42 21 51%
2018-12-23__10:59:38 0 disk 29941 15107 45%
2018-12-23__10:59:38 1 / 29899 15086 48%
2018-12-23__10:59:38 1 /boot 42 21 51%
2018-12-23__11:00:38 0 disk 29941 15107 45%
2018-12-23__11:00:38 1 / 29899 15086 48%
2018-12-23__11:00:38 1 /boot 42 21 51%
2018-12-23__11:01:38 0 disk 29941 15107 45%
2018-12-23__11:01:38 1 / 29899 15086 48%
2018-12-23__11:01:38 1 /boot 42 21 51%
2018-12-23__11:02:38 0 disk 29941 15107 45%
2018-12-23__11:02:38 1 / 29899 15086 48%
2018-12-23__11:02:38 1 /boot 42 21 51%
2018-12-23__11:03:38 0 disk 29941 15107 45%
2018-12-23__11:03:38 1 / 29899 15086 48%
2018-12-23__11:03:38 1 /boot 42 21 51%
2018-12-23__11:04:39 0 disk 29941 15107 45%
2018-12-23__11:04:39 1 / 29899 15086 48%
2018-12-23__11:04:39 1 /boot 42 21 51%
2018-12-23__11:05:39 0 disk 29941 15107 45%
2018-12-23__11:05:39 1 / 29899 15086 48%
2018-12-23__11:05:39 1 /boot 42 21 51%
2018-12-23__11:06:39 0 disk 29941 15107 45%
2018-12-23__11:06:39 1 / 29899 15086 48%
2018-12-23__11:06:39 1 /boot 42 21 51%
2018-12-23__11:07:39 0 disk 29941 15107 45%
2018-12-23__11:07:39 1 / 29899 15086 48%
2018-12-23__11:07:39 1 /boot 42 21 51%
2018-12-23__11:08:39 0 disk 29941 15107 45%
2018-12-23__11:08:39 1 / 29899 15086 48%
2018-12-23__11:08:39 1 /boot 42 21 51%
2018-12-23__11:09:39 0 disk 29941 15107 45%
2018-12-23__11:09:39 1 / 29899 15086 48%
2018-12-23__11:09:39 1 /boot 42 21 51%
2018-12-23__11:10:39 0 disk 29941 15107 45%
2018-12-23__11:10:39 1 / 29899 15086 48%
2018-12-23__11:10:39 1 /boot 42 21 51%
2018-12-23__11:11:39 0 disk 29941 15107 45%
2018-12-23__11:11:39 1 / 29899 15086 48%
2018-12-23__11:11:39 1 /boot 42 21 51%
2018-12-23__11:12:39 0 disk 29941 15107 45%
2018-12-23__11:12:39 1 / 29899 15086 48%
2018-12-23__11:12:39 1 /boot 42 21 51%
2018-12-23__11:13:40 0 disk 29941 15107 45%
2018-12-23__11:13:40 1 / 29899 15086 48%
2018-12-23__11:13:40 1 /boot 42 21 51%
2018-12-23__11:14:40 0 disk 29941 15107 45%
2018-12-23__11:14:40 1 / 29899 15086 48%
2018-12-23__11:14:40 1 /boot 42 21 51%
2018-12-23__11:15:40 0 disk 29941 15107 45%
2018-12-23__11:15:40 1 / 29899 15086 48%
2018-12-23__11:15:40 1 /boot 42 21 51%
2018-12-23__11:16:40 0 disk 29941 15107 45%
2018-12-23__11:16:40 1 / 29899 15086 48%
2018-12-23__11:16:40 1 /boot 42 21 51%
2018-12-23__11:17:40 0 disk 29941 15107 45%
2018-12-23__11:17:40 1 / 29899 15086 48%
2018-12-23__11:17:40 1 /boot 42 21 51%
2018-12-23__11:18:40 0 disk 29941 15107 45%
2018-12-23__11:18:40 1 / 29899 15086 48%
2018-12-23__11:18:40 1 /boot 42 21 51%
2018-12-23__11:19:40 0 disk 29941 15107 45%
2018-12-23__11:19:40 1 / 29899 15086 48%
2018-12-23__11:19:40 1 /boot 42 21 51%
2018-12-23__11:20:40 0 disk 29941 15107 45%
2018-12-23__11:20:40 1 / 29899 15086 48%
2018-12-23__11:20:40 1 /boot 42 21 51%
2018-12-23__11:21:40 0 disk 29941 15107 45%
2018-12-23__11:21:40 1 / 29899 15086 48%
2018-12-23__11:21:40 1 /boot 42 21 51%
2018-12-23__11:22:40 0 disk 29941 15107 45%
2018-12-23__11:22:40 1 / 29899 15086 48%
2018-12-23__11:22:40 1 /boot 42 21 51%
2018-12-23__11:23:41 0 disk 29941 15107 45%
2018-12-23__11:23:41 1 / 29899 15086 48%
2018-12-23__11:23:41 1 /boot 42 21 51%
2018-12-23__11:24:41 0 disk 29941 15107 45%
2018-12-23__11:24:41 1 / 29899 15086 48%
2018-12-23__11:24:41 1 /boot 42 21 51%
2018-12-23__11:25:41 0 disk 29941 15107 45%
2018-12-23__11:25:41 1 / 29899 15086 48%
2018-12-23__11:25:41 1 /boot 42 21 51%
2018-12-23__11:26:41 0 disk 29941 15107 45%
2018-12-23__11:26:41 1 / 29899 15086 48%
2018-12-23__11:26:41 1 /boot 42 21 51%
2018-12-23__11:27:41 0 disk 29941 15107 45%
2018-12-23__11:27:41 1 / 29899 15086 48%
2018-12-23__11:27:41 1 /boot 42 21 51%
2018-12-23__11:28:41 0 disk 29941 15107 45%
2018-12-23__11:28:41 1 / 29899 15086 48%
2018-12-23__11:28:41 1 /boot 42 21 51%
2018-12-23__11:29:41 0 disk 29941 15107 45%
2018-12-23__11:29:41 1 / 29899 15086 48%
2018-12-23__11:29:41 1 /boot 42 21 51%
2018-12-23__11:30:41 0 disk 29941 15107 45%
2018-12-23__11:30:41 1 / 29899 15086 48%
2018-12-23__11:30:41 1 /boot 42 21 51%
2018-12-23__11:31:42 0 disk 29941 15107 45%
2018-12-23__11:31:42 1 / 29899 15086 48%
2018-12-23__11:31:42 1 /boot 42 21 51%
2018-12-23__11:32:42 0 disk 29941 15107 45%
2018-12-23__11:32:42 1 / 29899 15086 48%
2018-12-23__11:32:42 1 /boot 42 21 51%
2018-12-23__11:33:42 0 disk 29941 15107 45%
2018-12-23__11:33:42 1 / 29899 15086 48%
2018-12-23__11:33:42 1 /boot 42 21 51%
2018-12-23__11:34:42 0 disk 29941 15107 45%
2018-12-23__11:34:42 1 / 29899 15086 48%
2018-12-23__11:34:42 1 /boot 42 21 51%
2018-12-23__11:35:42 0 disk 29941 15107 45%
2018-12-23__11:35:42 1 / 29899 15086 48%
2018-12-23__11:35:42 1 /boot 42 21 51%
2018-12-23__11:36:42 0 disk 29941 15107 45%
2018-12-23__11:36:42 1 / 29899 15086 48%
2018-12-23__11:36:42 1 /boot 42 21 51%
2018-12-23__11:37:42 0 disk 29941 15107 45%
2018-12-23__11:37:42 1 / 29899 15086 48%
2018-12-23__11:37:42 1 /boot 42 21 51%
2018-12-23__11:38:42 0 disk 29941 15107 45%
2018-12-23__11:38:42 1 / 29899 15086 48%
2018-12-23__11:38:42 1 /boot 42 21 51%
2018-12-23__11:39:42 0 disk 29941 15107 45%
2018-12-23__11:39:42 1 / 29899 15086 48%
2018-12-23__11:39:42 1 /boot 42 21 51%
2018-12-23__11:40:42 0 disk 29941 15107 45%
2018-12-23__11:40:42 1 / 29899 15086 48%
2018-12-23__11:40:42 1 /boot 42 21 51%
2018-12-23__11:41:43 0 disk 29941 15107 45%
2018-12-23__11:41:43 1 / 29899 15086 48%
2018-12-23__11:41:43 1 /boot 42 21 51%
2018-12-23__11:42:43 0 disk 29941 15107 45%
2018-12-23__11:42:43 1 / 29899 15086 48%
2018-12-23__11:42:43 1 /boot 42 21 51%
2018-12-23__11:43:43 0 disk 29941 15107 45%
2018-12-23__11:43:43 1 / 29899 15086 48%
2018-12-23__11:43:43 1 /boot 42 21 51%
2018-12-23__11:44:43 0 disk 29941 15107 45%
2018-12-23__11:44:43 1 / 29899 15086 48%
2018-12-23__11:44:43 1 /boot 42 21 51%
2018-12-23__11:45:43 0 disk 29941 15107 45%
2018-12-23__11:45:43 1 / 29899 15086 48%
2018-12-23__11:45:43 1 /boot 42 21 51%
2018-12-23__11:46:43 0 disk 29941 15107 45%
2018-12-23__11:46:43 1 / 29899 15086 48%
2018-12-23__11:46:43 1 /boot 42 21 51%
2018-12-23__11:47:43 0 disk 29941 15107 45%
2018-12-23__11:47:43 1 / 29899 15086 48%
2018-12-23__11:47:43 1 /boot 42 21 51%
2018-12-23__11:48:43 0 disk 29941 15107 45%
2018-12-23__11:48:43 1 / 29899 15086 48%
2018-12-23__11:48:43 1 /boot 42 21 51%
2018-12-23__11:49:43 0 disk 29941 15107 45%
2018-12-23__11:49:43 1 / 29899 15086 48%
2018-12-23__11:49:43 1 /boot 42 21 51%
2018-12-23__11:50:43 0 disk 29941 15107 45%
2018-12-23__11:50:43 1 / 29899 15086 48%
2018-12-23__11:50:43 1 /boot 42 21 51%
2018-12-23__11:51:44 0 disk 29941 15107 45%
2018-12-23__11:51:44 1 / 29899 15086 48%
2018-12-23__11:51:44 1 /boot 42 21 51%
2018-12-23__11:52:44 0 disk 29941 15107 45%
2018-12-23__11:52:44 1 / 29899 15086 48%
2018-12-23__11:52:44 1 /boot 42 21 51%
2018-12-23__11:53:44 0 disk 29941 15107 45%
2018-12-23__11:53:44 1 / 29899 15086 48%
2018-12-23__11:53:44 1 /boot 42 21 51%
2018-12-23__11:54:44 0 disk 29941 15107 45%
2018-12-23__11:54:44 1 / 29899 15086 48%
2018-12-23__11:54:44 1 /boot 42 21 51%
2018-12-23__11:55:44 0 disk 29941 15107 45%
2018-12-23__11:55:44 1 / 29899 15086 48%
2018-12-23__11:55:44 1 /boot 42 21 51%
2018-12-23__11:56:44 0 disk 29941 15107 45%
2018-12-23__11:56:44 1 / 29899 15086 48%
2018-12-23__11:56:44 1 /boot 42 21 51%
2018-12-23__11:57:44 0 disk 29941 15107 45%
2018-12-23__11:57:44 1 / 29899 15086 48%
2018-12-23__11:57:44 1 /boot 42 21 51%
2018-12-23__11:58:44 0 disk 29941 15107 45%
2018-12-23__11:58:44 1 / 29899 15086 48%
2018-12-23__11:58:44 1 /boot 42 21 51%
2018-12-23__11:59:45 0 disk 29941 15107 45%
2018-12-23__11:59:45 1 / 29899 15086 48%
2018-12-23__11:59:45 1 /boot 42 21 51%
2018-12-23__12:00:45 0 disk 29941 15107 45%
2018-12-23__12:00:45 1 / 29899 15086 48%
2018-12-23__12:00:45 1 /boot 42 21 51%
2018-12-23__12:01:45 0 disk 29941 15107 45%
2018-12-23__12:01:45 1 / 29899 15086 48%
2018-12-23__12:01:45 1 /boot 42 21 51%
2018-12-23__12:02:45 0 disk 29941 15107 45%
2018-12-23__12:02:45 1 / 29899 15086 48%
2018-12-23__12:02:45 1 /boot 42 21 51%
2018-12-23__12:03:45 0 disk 29941 15107 45%
2018-12-23__12:03:45 1 / 29899 15086 48%
2018-12-23__12:03:45 1 /boot 42 21 51%
2018-12-23__12:04:45 0 disk 29941 15107 45%
2018-12-23__12:04:45 1 / 29899 15086 48%
2018-12-23__12:04:45 1 /boot 42 21 51%
2018-12-23__12:05:45 0 disk 29941 15107 45%
2018-12-23__12:05:45 1 / 29899 15086 48%
2018-12-23__12:05:45 1 /boot 42 21 51%
2018-12-23__12:06:45 0 disk 29941 15107 45%
2018-12-23__12:06:45 1 / 29899 15086 48%
2018-12-23__12:06:45 1 /boot 42 21 51%
2018-12-23__12:07:45 0 disk 29941 15107 45%
2018-12-23__12:07:45 1 / 29899 15086 48%
2018-12-23__12:07:45 1 /boot 42 21 51%
2018-12-23__12:08:45 0 disk 29941 15107 45%
2018-12-23__12:08:45 1 / 29899 15086 48%
2018-12-23__12:08:45 1 /boot 42 21 51%
2018-12-23__12:09:46 0 disk 29941 15107 45%
2018-12-23__12:09:46 1 / 29899 15086 48%
2018-12-23__12:09:46 1 /boot 42 21 51%
2018-12-23__12:10:46 0 disk 29941 15107 45%
2018-12-23__12:10:46 1 / 29899 15086 48%
2018-12-23__12:10:46 1 /boot 42 21 51%
2018-12-23__12:11:46 0 disk 29941 15107 45%
2018-12-23__12:11:46 1 / 29899 15086 48%
2018-12-23__12:11:46 1 /boot 42 21 51%
2018-12-23__12:12:46 0 disk 29941 15107 45%
2018-12-23__12:12:46 1 / 29899 15086 48%
2018-12-23__12:12:46 1 /boot 42 21 51%
2018-12-23__12:13:46 0 disk 29941 15107 45%
2018-12-23__12:13:46 1 / 29899 15086 48%
2018-12-23__12:13:46 1 /boot 42 21 51%
2018-12-23__12:14:46 0 disk 29941 15107 45%
2018-12-23__12:14:46 1 / 29899 15086 48%
2018-12-23__12:14:46 1 /boot 42 21 51%
2018-12-23__12:15:46 0 disk 29941 15107 45%
2018-12-23__12:15:46 1 / 29899 15086 48%
2018-12-23__12:15:46 1 /boot 42 21 51%
2018-12-23__12:16:46 0 disk 29941 15107 45%
2018-12-23__12:16:46 1 / 29899 15086 48%
2018-12-23__12:16:46 1 /boot 42 21 51%
2018-12-23__12:17:46 0 disk 29941 15107 45%
2018-12-23__12:17:46 1 / 29899 15086 48%
2018-12-23__12:17:46 1 /boot 42 21 51%
2018-12-23__12:18:47 0 disk 29941 15107 45%
2018-12-23__12:18:47 1 / 29899 15086 48%
2018-12-23__12:18:47 1 /boot 42 21 51%
2018-12-23__12:19:47 0 disk 29941 15107 45%
2018-12-23__12:19:47 1 / 29899 15086 48%
2018-12-23__12:19:47 1 /boot 42 21 51%
2018-12-23__12:20:47 0 disk 29941 15107 45%
2018-12-23__12:20:47 1 / 29899 15086 48%
2018-12-23__12:20:47 1 /boot 42 21 51%
2018-12-23__12:21:47 0 disk 29941 15107 45%
2018-12-23__12:21:47 1 / 29899 15086 48%
2018-12-23__12:21:47 1 /boot 42 21 51%
2018-12-23__12:22:47 0 disk 29941 15107 45%
2018-12-23__12:22:47 1 / 29899 15086 48%
2018-12-23__12:22:47 1 /boot 42 21 51%
2018-12-23__12:23:47 0 disk 29941 15107 45%
2018-12-23__12:23:47 1 / 29899 15086 48%
2018-12-23__12:23:47 1 /boot 42 21 51%
2018-12-23__12:24:47 0 disk 29941 15107 45%
2018-12-23__12:24:47 1 / 29899 15086 48%
2018-12-23__12:24:47 1 /boot 42 21 51%
2018-12-23__12:25:47 0 disk 29941 15107 45%
2018-12-23__12:25:47 1 / 29899 15086 48%
2018-12-23__12:25:47 1 /boot 42 21 51%
2018-12-23__12:26:47 0 disk 29941 15107 45%
2018-12-23__12:26:47 1 / 29899 15086 48%
2018-12-23__12:26:47 1 /boot 42 21 51%
2018-12-23__12:27:48 0 disk 29941 15107 45%
2018-12-23__12:27:48 1 / 29899 15086 48%
2018-12-23__12:27:48 1 /boot 42 21 51%
2018-12-23__12:28:48 0 disk 29941 15107 45%
2018-12-23__12:28:48 1 / 29899 15086 48%
2018-12-23__12:28:48 1 /boot 42 21 51%
2018-12-23__12:29:48 0 disk 29941 15107 45%
2018-12-23__12:29:48 1 / 29899 15086 48%
2018-12-23__12:29:48 1 /boot 42 21 51%
2018-12-23__12:30:48 0 disk 29941 15107 45%
2018-12-23__12:30:48 1 / 29899 15086 48%
2018-12-23__12:30:48 1 /boot 42 21 51%
2018-12-23__12:31:48 0 disk 29941 15107 45%
2018-12-23__12:31:48 1 / 29899 15086 48%
2018-12-23__12:31:48 1 /boot 42 21 51%
2018-12-23__12:32:48 0 disk 29941 15107 45%
2018-12-23__12:32:48 1 / 29899 15086 48%
2018-12-23__12:32:48 1 /boot 42 21 51%
2018-12-23__12:33:48 0 disk 29941 15107 45%
2018-12-23__12:33:48 1 / 29899 15086 48%
2018-12-23__12:33:48 1 /boot 42 21 51%
2018-12-23__12:34:48 0 disk 29941 15107 45%
2018-12-23__12:34:48 1 / 29899 15086 48%
2018-12-23__12:34:48 1 /boot 42 21 51%
2018-12-23__12:35:49 0 disk 29941 15107 45%
2018-12-23__12:35:49 1 / 29899 15086 48%
2018-12-23__12:35:49 1 /boot 42 21 51%
2018-12-23__12:36:49 0 disk 29941 15107 45%
2018-12-23__12:36:49 1 / 29899 15086 48%
2018-12-23__12:36:49 1 /boot 42 21 51%
2018-12-23__12:37:49 0 disk 29941 15107 45%
2018-12-23__12:37:49 1 / 29899 15086 48%
2018-12-23__12:37:49 1 /boot 42 21 51%
2018-12-23__12:38:49 0 disk 29941 15107 45%
2018-12-23__12:38:49 1 / 29899 15086 48%
2018-12-23__12:38:49 1 /boot 42 21 51%
2018-12-23__12:39:49 0 disk 29941 15107 45%
2018-12-23__12:39:49 1 / 29899 15086 48%
2018-12-23__12:39:49 1 /boot 42 21 51%
2018-12-23__12:40:49 0 disk 29941 15107 45%
2018-12-23__12:40:49 1 / 29899 15086 48%
2018-12-23__12:40:49 1 /boot 42 21 51%
2018-12-23__12:41:49 0 disk 29941 15107 45%
2018-12-23__12:41:49 1 / 29899 15086 48%
2018-12-23__12:41:49 1 /boot 42 21 51%
2018-12-23__12:42:49 0 disk 29941 15107 45%
2018-12-23__12:42:49 1 / 29899 15086 48%
2018-12-23__12:42:49 1 /boot 42 21 51%
2018-12-23__12:43:50 0 disk 29941 15107 45%
2018-12-23__12:43:50 1 / 29899 15086 48%
2018-12-23__12:43:50 1 /boot 42 21 51%
2018-12-23__12:44:50 0 disk 29941 15107 45%
2018-12-23__12:44:50 1 / 29899 15086 48%
2018-12-23__12:44:50 1 /boot 42 21 51%
2018-12-23__12:45:50 0 disk 29941 15107 45%
2018-12-23__12:45:50 1 / 29899 15086 48%
2018-12-23__12:45:50 1 /boot 42 21 51%
2018-12-23__12:46:50 0 disk 29941 15107 45%
2018-12-23__12:46:50 1 / 29899 15086 48%
2018-12-23__12:46:50 1 /boot 42 21 51%
2018-12-23__12:47:50 0 disk 29941 15107 45%
2018-12-23__12:47:50 1 / 29899 15086 48%
2018-12-23__12:47:50 1 /boot 42 21 51%
2018-12-23__12:48:50 0 disk 29941 15107 45%
2018-12-23__12:48:50 1 / 29899 15086 48%
2018-12-23__12:48:50 1 /boot 42 21 51%
2018-12-23__12:49:50 0 disk 29941 15107 45%
2018-12-23__12:49:50 1 / 29899 15086 48%
2018-12-23__12:49:50 1 /boot 42 21 51%
2018-12-23__12:50:50 0 disk 29941 15107 45%
2018-12-23__12:50:50 1 / 29899 15086 48%
2018-12-23__12:50:50 1 /boot 42 21 51%
2018-12-23__12:51:50 0 disk 29941 15107 45%
2018-12-23__12:51:50 1 / 29899 15086 48%
2018-12-23__12:51:50 1 /boot 42 21 51%
2018-12-23__12:52:51 0 disk 29941 15107 45%
2018-12-23__12:52:51 1 / 29899 15086 48%
2018-12-23__12:52:51 1 /boot 42 21 51%
2018-12-23__12:53:51 0 disk 29941 15107 45%
2018-12-23__12:53:51 1 / 29899 15086 48%
2018-12-23__12:53:51 1 /boot 42 21 51%
2018-12-23__12:54:51 0 disk 29941 15107 45%
2018-12-23__12:54:51 1 / 29899 15086 48%
2018-12-23__12:54:51 1 /boot 42 21 51%
2018-12-23__12:55:51 0 disk 29941 15107 45%
2018-12-23__12:55:51 1 / 29899 15086 48%
2018-12-23__12:55:51 1 /boot 42 21 51%
2018-12-23__12:56:51 0 disk 29941 15107 45%
2018-12-23__12:56:51 1 / 29899 15086 48%
2018-12-23__12:56:51 1 /boot 42 21 51%
2018-12-23__12:57:51 0 disk 29941 15107 45%
2018-12-23__12:57:51 1 / 29899 15086 48%
2018-12-23__12:57:51 1 /boot 42 21 51%
2018-12-23__12:58:51 0 disk 29941 15107 45%
2018-12-23__12:58:51 1 / 29899 15086 48%
2018-12-23__12:58:51 1 /boot 42 21 51%
2018-12-23__12:59:51 0 disk 29941 15107 45%
2018-12-23__12:59:51 1 / 29899 15086 48%
2018-12-23__12:59:51 1 /boot 42 21 51%
2018-12-23__13:00:51 0 disk 29941 15107 45%
2018-12-23__13:00:51 1 / 29899 15086 48%
2018-12-23__13:00:51 1 /boot 42 21 51%
2018-12-23__13:01:52 0 disk 29941 15107 45%
2018-12-23__13:01:52 1 / 29899 15086 48%
2018-12-23__13:01:52 1 /boot 42 21 51%
2018-12-23__13:02:52 0 disk 29941 15107 45%
2018-12-23__13:02:52 1 / 29899 15086 48%
2018-12-23__13:02:52 1 /boot 42 21 51%
2018-12-23__13:03:52 0 disk 29941 15107 45%
2018-12-23__13:03:52 1 / 29899 15086 48%
2018-12-23__13:03:52 1 /boot 42 21 51%
2018-12-23__13:04:52 0 disk 29941 15107 45%
2018-12-23__13:04:52 1 / 29899 15086 48%
2018-12-23__13:04:52 1 /boot 42 21 51%
2018-12-23__13:05:52 0 disk 29941 15107 45%
2018-12-23__13:05:52 1 / 29899 15086 48%
2018-12-23__13:05:52 1 /boot 42 21 51%
2018-12-23__13:06:52 0 disk 29941 15117 45%
2018-12-23__13:06:52 1 / 29899 15096 48%
2018-12-23__13:06:52 1 /boot 42 21 51%
2018-12-23__13:07:52 0 disk 29941 15117 45%
2018-12-23__13:07:52 1 / 29899 15096 48%
2018-12-23__13:07:52 1 /boot 42 21 51%
2018-12-23__13:08:52 0 disk 29941 15117 45%
2018-12-23__13:08:52 1 / 29899 15096 48%
2018-12-23__13:08:52 1 /boot 42 21 51%
2018-12-23__13:09:52 0 disk 29941 15117 45%
2018-12-23__13:09:52 1 / 29899 15096 48%
2018-12-23__13:09:52 1 /boot 42 21 51%
2018-12-23__13:10:52 0 disk 29941 15117 45%
2018-12-23__13:10:52 1 / 29899 15096 48%
2018-12-23__13:10:52 1 /boot 42 21 51%
2018-12-23__13:11:53 0 disk 29941 15117 45%
2018-12-23__13:11:53 1 / 29899 15096 48%
2018-12-23__13:11:53 1 /boot 42 21 51%
2018-12-23__13:12:53 0 disk 29941 15117 45%
2018-12-23__13:12:53 1 / 29899 15096 48%
2018-12-23__13:12:53 1 /boot 42 21 51%
2018-12-23__13:13:53 0 disk 29941 15117 45%
2018-12-23__13:13:53 1 / 29899 15096 48%
2018-12-23__13:13:53 1 /boot 42 21 51%
2018-12-23__13:14:53 0 disk 29941 15117 45%
2018-12-23__13:14:53 1 / 29899 15096 48%
2018-12-23__13:14:53 1 /boot 42 21 51%
2018-12-23__13:15:53 0 disk 29941 15117 45%
2018-12-23__13:15:53 1 / 29899 15096 48%
2018-12-23__13:15:53 1 /boot 42 21 51%
2018-12-23__13:16:53 0 disk 29941 15117 45%
2018-12-23__13:16:53 1 / 29899 15096 48%
2018-12-23__13:16:53 1 /boot 42 21 51%
2018-12-23__13:17:53 0 disk 29941 15117 45%
2018-12-23__13:17:53 1 / 29899 15096 48%
2018-12-23__13:17:53 1 /boot 42 21 51%
2018-12-23__13:18:53 0 disk 29941 15117 45%
2018-12-23__13:18:53 1 / 29899 15096 48%
2018-12-23__13:18:53 1 /boot 42 21 51%
2018-12-23__13:19:53 0 disk 29941 15117 45%
2018-12-23__13:19:53 1 / 29899 15096 48%
2018-12-23__13:19:53 1 /boot 42 21 51%
2018-12-23__13:20:54 0 disk 29941 15117 45%
2018-12-23__13:20:54 1 / 29899 15096 48%
2018-12-23__13:20:54 1 /boot 42 21 51%
2018-12-23__13:21:54 0 disk 29941 15117 45%
2018-12-23__13:21:54 1 / 29899 15096 48%
2018-12-23__13:21:54 1 /boot 42 21 51%
2018-12-23__13:22:54 0 disk 29941 15117 45%
2018-12-23__13:22:54 1 / 29899 15096 48%
2018-12-23__13:22:54 1 /boot 42 21 51%
2018-12-23__13:23:54 0 disk 29941 15117 45%
2018-12-23__13:23:54 1 / 29899 15096 48%
2018-12-23__13:23:54 1 /boot 42 21 51%
2018-12-23__13:24:54 0 disk 29941 15117 45%
2018-12-23__13:24:54 1 / 29899 15096 48%
2018-12-23__13:24:54 1 /boot 42 21 51%
2018-12-23__13:25:54 0 disk 29941 15117 45%
2018-12-23__13:25:54 1 / 29899 15096 48%
2018-12-23__13:25:54 1 /boot 42 21 51%
2018-12-23__13:26:54 0 disk 29941 15117 45%
2018-12-23__13:26:54 1 / 29899 15096 48%
2018-12-23__13:26:54 1 /boot 42 21 51%
