2018-12-22__14:05:50 0.14,0.17,0.14 70.76 48°C normal
2018-12-22__14:05:56 0.13,0.17,0.14 28.92 47°C normal
2018-12-22__14:06:01 0.12,0.17,0.14 29.29 47°C normal
2018-12-22__14:06:07 0.11,0.16,0.14 28.78 47°C normal
2018-12-22__14:06:13 0.09,0.16,0.14 28.28 47°C normal
2018-12-22__14:06:18 0.09,0.16,0.14 38.00 47°C normal
2018-12-22__14:06:24 0.08,0.15,0.14 29.79 47°C normal
2018-12-22__14:06:30 0.07,0.15,0.13 30.34 46°C normal
2018-12-22__14:06:35 0.07,0.15,0.13 32.65 46°C normal
2018-12-22__14:06:41 0.06,0.14,0.13 32.99 46°C normal
2018-12-22__14:06:47 0.06,0.14,0.13 41.50 47°C normal
2018-12-22__14:06:52 0.13,0.16,0.14 36.94 47°C normal
2018-12-22__14:07:01 0.11,0.15,0.13 28.14 47°C normal
2018-12-22__14:07:06 0.10,0.15,0.13 29.06 46°C normal
2018-12-22__14:07:12 0.33,0.20,0.15 39.89 46°C normal
2018-12-22__14:07:18 0.36,0.20,0.15 28.35 47°C normal
2018-12-22__14:07:23 0.33,0.20,0.15 28.71 47°C normal
2018-12-22__14:07:29 0.30,0.20,0.15 29.50 46°C normal
2018-12-22__14:07:35 0.28,0.19,0.15 40.10 47°C normal
2018-12-22__14:07:40 0.25,0.19,0.15 28.35 47°C normal
2018-12-22__14:07:46 0.23,0.19,0.15 31.47 47°C normal
2018-12-22__14:07:52 0.21,0.18,0.15 42.34 47°C normal
2018-12-22__14:07:57 0.28,0.20,0.15 29.64 47°C normal
2018-12-22__14:08:03 0.38,0.22,0.16 28.71 46°C normal
2018-12-22__14:08:08 0.35,0.22,0.16 36.54 47°C normal
2018-12-22__14:08:14 0.32,0.22,0.16 29.75 47°C normal
2018-12-22__14:08:20 0.30,0.21,0.16 32.69 47°C normal
2018-12-22__14:08:25 0.27,0.21,0.16 37.68 47°C normal
2018-12-22__14:08:31 0.25,0.20,0.16 28.57 47°C normal
2018-12-22__14:08:37 0.23,0.20,0.16 30.19 46°C normal
2018-12-22__14:08:46 0.42,0.25,0.17 28.64 47°C normal
2018-12-22__14:08:52 0.39,0.24,0.17 29.55 47°C normal
2018-12-22__14:08:58 0.40,0.25,0.17 28.57 46°C normal
2018-12-22__14:09:03 0.37,0.24,0.17 28.64 46°C normal
2018-12-22__14:09:09 0.34,0.24,0.17 28.64 46°C normal
2018-12-22__14:09:15 0.31,0.24,0.17 28.64 46°C normal
2018-12-22__14:09:20 0.29,0.23,0.17 31.81 46°C normal
2018-12-22__14:09:26 0.26,0.23,0.17 43.65 46°C normal
2018-12-22__14:09:31 0.24,0.22,0.17 41.36 47°C normal
2018-12-22__14:09:37 0.22,0.22,0.17 28.35 46°C normal
2018-12-22__14:09:43 0.26,0.23,0.17 29.20 46°C normal
2018-12-22__14:09:49 0.24,0.22,0.17 28.50 46°C normal
2018-12-22__14:09:57 0.22,0.22,0.17 27.41 47°C normal
2018-12-22__14:10:03 0.26,0.23,0.17 33.66 47°C normal
2018-12-22__14:10:09 0.24,0.23,0.17 29.41 46°C normal
2018-12-22__14:10:14 0.30,0.24,0.18 27.83 47°C normal
2018-12-22__14:10:20 0.28,0.24,0.18 27.91 46°C normal
2018-12-22__14:10:26 0.25,0.23,0.17 31.15 47°C normal
2018-12-22__14:10:31 0.47,0.28,0.19 31.63 47°C normal
2018-12-22__14:10:37 0.44,0.27,0.19 27.63 47°C normal
2018-12-22__14:10:42 0.40,0.27,0.19 50.75 47°C normal
2018-12-22__14:10:48 0.41,0.27,0.19 30.19 47°C normal
2018-12-22__14:10:54 0.38,0.27,0.19 28.78 47°C normal
2018-12-22__14:10:59 0.35,0.27,0.19 32.99 46°C normal
2018-12-22__14:11:05 0.32,0.26,0.19 35.29 46°C normal
2018-12-22__14:11:11 0.30,0.26,0.18 34.46 47°C normal
2018-12-22__14:11:17 0.27,0.25,0.18 30.84 47°C normal
2018-12-22__14:11:27 0.23,0.24,0.18 29.50 47°C normal
2018-12-22__14:11:37 0.34,0.27,0.19 30.58 46°C normal
2018-12-22__14:11:43 0.36,0.27,0.19 27.63 46°C normal
