2018-12-22__19:09:42 0 disk 29941 13950 49%
2018-12-22__19:09:42 1 / 29899 13929 52%
2018-12-22__19:09:42 1 /boot 42 21 51%
2018-12-23__09:54:12 0 disk 29941 13919 49%
2018-12-23__09:54:12 1 / 29899 13898 52%
2018-12-23__09:54:12 1 /boot 42 21 51%
2018-12-23__09:55:13 0 disk 29941 13919 49%
2018-12-23__09:55:13 1 / 29899 13898 52%
2018-12-23__09:55:13 1 /boot 42 21 51%
2018-12-23__09:56:13 0 disk 29941 13919 49%
2018-12-23__09:56:13 1 / 29899 13898 52%
2018-12-23__09:56:13 1 /boot 42 21 51%
2018-12-23__09:57:13 0 disk 29941 13919 49%
2018-12-23__09:57:13 1 / 29899 13898 52%
2018-12-23__09:57:13 1 /boot 42 21 51%
2018-12-23__09:58:13 0 disk 29941 13919 49%
2018-12-23__09:58:13 1 / 29899 13898 52%
2018-12-23__09:58:13 1 /boot 42 21 51%
2018-12-23__09:59:13 0 disk 29941 13919 49%
2018-12-23__09:59:13 1 / 29899 13898 52%
2018-12-23__09:59:13 1 /boot 42 21 51%
2018-12-23__10:00:13 0 disk 29941 13919 49%
2018-12-23__10:00:13 1 / 29899 13898 52%
2018-12-23__10:00:13 1 /boot 42 21 51%
2018-12-23__10:01:13 0 disk 29941 13919 49%
2018-12-23__10:01:13 1 / 29899 13898 52%
2018-12-23__10:01:13 1 /boot 42 21 51%
2018-12-23__10:02:14 0 disk 29941 13919 49%
2018-12-23__10:02:14 1 / 29899 13898 52%
2018-12-23__10:02:14 1 /boot 42 21 51%
2018-12-23__10:03:14 0 disk 29941 13918 49%
2018-12-23__10:03:14 1 / 29899 13897 52%
2018-12-23__10:03:14 1 /boot 42 21 51%
2018-12-23__10:04:14 0 disk 29941 13918 49%
2018-12-23__10:04:14 1 / 29899 13897 52%
2018-12-23__10:04:14 1 /boot 42 21 51%
2018-12-23__10:05:14 0 disk 29941 13918 49%
2018-12-23__10:05:14 1 / 29899 13897 52%
2018-12-23__10:05:14 1 /boot 42 21 51%
2018-12-23__10:06:14 0 disk 29941 13918 49%
2018-12-23__10:06:14 1 / 29899 13897 52%
2018-12-23__10:06:14 1 /boot 42 21 51%
2018-12-23__10:07:14 0 disk 29941 13918 49%
2018-12-23__10:07:14 1 / 29899 13897 52%
2018-12-23__10:07:14 1 /boot 42 21 51%
2018-12-23__10:08:14 0 disk 29941 13918 49%
2018-12-23__10:08:14 1 / 29899 13897 52%
2018-12-23__10:08:14 1 /boot 42 21 51%
2018-12-23__10:09:14 0 disk 29941 13918 49%
2018-12-23__10:09:14 1 / 29899 13897 52%
2018-12-23__10:09:14 1 /boot 42 21 51%
2018-12-23__10:10:14 0 disk 29941 13918 49%
2018-12-23__10:10:14 1 / 29899 13897 52%
2018-12-23__10:10:14 1 /boot 42 21 51%
2018-12-23__10:11:14 0 disk 29941 13918 49%
2018-12-23__10:11:14 1 / 29899 13897 52%
2018-12-23__10:11:14 1 /boot 42 21 51%
2018-12-23__10:12:15 0 disk 29941 13918 49%
2018-12-23__10:12:15 1 / 29899 13897 52%
2018-12-23__10:12:15 1 /boot 42 21 51%
2018-12-23__10:13:15 0 disk 29941 13918 49%
2018-12-23__10:13:15 1 / 29899 13897 52%
2018-12-23__10:13:15 1 /boot 42 21 51%
2018-12-23__10:14:15 0 disk 29941 13918 49%
2018-12-23__10:14:15 1 / 29899 13897 52%
2018-12-23__10:14:15 1 /boot 42 21 51%
2018-12-23__10:15:15 0 disk 29941 13918 49%
2018-12-23__10:15:15 1 / 29899 13897 52%
2018-12-23__10:15:15 1 /boot 42 21 51%
2018-12-23__10:16:15 0 disk 29941 13918 49%
2018-12-23__10:16:15 1 / 29899 13897 52%
2018-12-23__10:16:15 1 /boot 42 21 51%
2018-12-23__10:17:15 0 disk 29941 13918 49%
2018-12-23__10:17:15 1 / 29899 13897 52%
2018-12-23__10:17:15 1 /boot 42 21 51%
2018-12-23__10:18:15 0 disk 29941 13918 49%
2018-12-23__10:18:15 1 / 29899 13897 52%
2018-12-23__10:18:15 1 /boot 42 21 51%
2018-12-23__10:19:16 0 disk 29941 13918 49%
2018-12-23__10:19:16 1 / 29899 13897 52%
2018-12-23__10:19:16 1 /boot 42 21 51%
2018-12-23__10:20:16 0 disk 29941 13918 49%
2018-12-23__10:20:16 1 / 29899 13897 52%
2018-12-23__10:20:16 1 /boot 42 21 51%
2018-12-23__10:21:16 0 disk 29941 13918 49%
2018-12-23__10:21:16 1 / 29899 13897 52%
2018-12-23__10:21:16 1 /boot 42 21 51%
2018-12-23__10:22:16 0 disk 29941 13918 49%
2018-12-23__10:22:16 1 / 29899 13897 52%
2018-12-23__10:22:16 1 /boot 42 21 51%
2018-12-23__10:23:16 0 disk 29941 13918 49%
2018-12-23__10:23:16 1 / 29899 13897 52%
2018-12-23__10:23:16 1 /boot 42 21 51%
2018-12-23__10:24:17 0 disk 29941 13918 49%
2018-12-23__10:24:17 1 / 29899 13897 52%
2018-12-23__10:24:17 1 /boot 42 21 51%
2018-12-23__10:25:17 0 disk 29941 13918 49%
2018-12-23__10:25:17 1 / 29899 13897 52%
2018-12-23__10:25:17 1 /boot 42 21 51%
2018-12-23__10:26:17 0 disk 29941 13918 49%
2018-12-23__10:26:17 1 / 29899 13897 52%
2018-12-23__10:26:17 1 /boot 42 21 51%
2018-12-23__10:27:18 0 disk 29941 13918 49%
2018-12-23__10:27:18 1 / 29899 13897 52%
2018-12-23__10:27:18 1 /boot 42 21 51%
2018-12-23__10:28:18 0 disk 29941 13918 49%
2018-12-23__10:28:18 1 / 29899 13897 52%
2018-12-23__10:28:18 1 /boot 42 21 51%
2018-12-23__10:29:18 0 disk 29941 13918 49%
2018-12-23__10:29:18 1 / 29899 13897 52%
2018-12-23__10:29:18 1 /boot 42 21 51%
2018-12-23__10:30:18 0 disk 29941 13918 49%
2018-12-23__10:30:18 1 / 29899 13897 52%
2018-12-23__10:30:18 1 /boot 42 21 51%
2018-12-23__10:31:18 0 disk 29941 13918 49%
2018-12-23__10:31:18 1 / 29899 13897 52%
2018-12-23__10:31:18 1 /boot 42 21 51%
2018-12-23__10:32:18 0 disk 29941 13918 49%
2018-12-23__10:32:18 1 / 29899 13897 52%
2018-12-23__10:32:18 1 /boot 42 21 51%
2018-12-23__10:33:19 0 disk 29941 13918 49%
2018-12-23__10:33:19 1 / 29899 13897 52%
2018-12-23__10:33:19 1 /boot 42 21 51%
2018-12-23__10:34:19 0 disk 29941 13918 49%
2018-12-23__10:34:19 1 / 29899 13897 52%
2018-12-23__10:34:19 1 /boot 42 21 51%
2018-12-23__10:35:19 0 disk 29941 13918 49%
2018-12-23__10:35:19 1 / 29899 13897 52%
2018-12-23__10:35:19 1 /boot 42 21 51%
2018-12-23__10:36:19 0 disk 29941 13918 49%
2018-12-23__10:36:19 1 / 29899 13897 52%
2018-12-23__10:36:19 1 /boot 42 21 51%
2018-12-23__10:37:19 0 disk 29941 13918 49%
2018-12-23__10:37:19 1 / 29899 13897 52%
2018-12-23__10:37:19 1 /boot 42 21 51%
2018-12-23__10:38:19 0 disk 29941 13918 49%
2018-12-23__10:38:19 1 / 29899 13897 52%
2018-12-23__10:38:19 1 /boot 42 21 51%
2018-12-23__10:39:19 0 disk 29941 13919 49%
2018-12-23__10:39:19 1 / 29899 13898 52%
2018-12-23__10:39:19 1 /boot 42 21 51%
2018-12-23__10:40:19 0 disk 29941 13919 49%
2018-12-23__10:40:19 1 / 29899 13898 52%
2018-12-23__10:40:19 1 /boot 42 21 51%
2018-12-23__10:41:20 0 disk 29941 13919 49%
2018-12-23__10:41:20 1 / 29899 13898 52%
2018-12-23__10:41:20 1 /boot 42 21 51%
2018-12-23__10:42:20 0 disk 29941 13919 49%
2018-12-23__10:42:20 1 / 29899 13898 52%
2018-12-23__10:42:20 1 /boot 42 21 51%
2018-12-23__10:43:20 0 disk 29941 13919 49%
2018-12-23__10:43:20 1 / 29899 13898 52%
2018-12-23__10:43:20 1 /boot 42 21 51%
2018-12-23__10:44:20 0 disk 29941 13919 49%
2018-12-23__10:44:20 1 / 29899 13898 52%
2018-12-23__10:44:20 1 /boot 42 21 51%
2018-12-23__10:45:20 0 disk 29941 13919 49%
2018-12-23__10:45:20 1 / 29899 13898 52%
2018-12-23__10:45:20 1 /boot 42 21 51%
2018-12-23__10:46:20 0 disk 29941 13919 49%
2018-12-23__10:46:20 1 / 29899 13898 52%
2018-12-23__10:46:20 1 /boot 42 21 51%
2018-12-23__10:47:20 0 disk 29941 13919 49%
2018-12-23__10:47:20 1 / 29899 13898 52%
2018-12-23__10:47:20 1 /boot 42 21 51%
2018-12-23__10:48:20 0 disk 29941 13919 49%
2018-12-23__10:48:20 1 / 29899 13898 52%
2018-12-23__10:48:20 1 /boot 42 21 51%
2018-12-23__10:49:20 0 disk 29941 13919 49%
2018-12-23__10:49:20 1 / 29899 13898 52%
2018-12-23__10:49:20 1 /boot 42 21 51%
2018-12-23__10:50:21 0 disk 29941 13919 49%
2018-12-23__10:50:21 1 / 29899 13898 52%
2018-12-23__10:50:21 1 /boot 42 21 51%
2018-12-23__10:51:21 0 disk 29941 13919 49%
2018-12-23__10:51:21 1 / 29899 13898 52%
2018-12-23__10:51:21 1 /boot 42 21 51%
2018-12-23__10:52:21 0 disk 29941 13919 49%
2018-12-23__10:52:21 1 / 29899 13898 52%
2018-12-23__10:52:21 1 /boot 42 21 51%
2018-12-23__10:53:21 0 disk 29941 13919 49%
2018-12-23__10:53:21 1 / 29899 13898 52%
2018-12-23__10:53:21 1 /boot 42 21 51%
2018-12-23__10:54:21 0 disk 29941 13919 49%
2018-12-23__10:54:21 1 / 29899 13898 52%
2018-12-23__10:54:21 1 /boot 42 21 51%
2018-12-23__10:55:21 0 disk 29941 13919 49%
2018-12-23__10:55:21 1 / 29899 13898 52%
2018-12-23__10:55:21 1 /boot 42 21 51%
2018-12-23__10:56:21 0 disk 29941 13919 49%
2018-12-23__10:56:21 1 / 29899 13898 52%
2018-12-23__10:56:21 1 /boot 42 21 51%
2018-12-23__10:57:21 0 disk 29941 13919 49%
2018-12-23__10:57:21 1 / 29899 13898 52%
2018-12-23__10:57:21 1 /boot 42 21 51%
2018-12-23__10:58:21 0 disk 29941 13919 49%
2018-12-23__10:58:21 1 / 29899 13898 52%
2018-12-23__10:58:21 1 /boot 42 21 51%
2018-12-23__10:59:21 0 disk 29941 13919 49%
2018-12-23__10:59:21 1 / 29899 13898 52%
2018-12-23__10:59:21 1 /boot 42 21 51%
2018-12-23__11:00:22 0 disk 29941 13919 49%
2018-12-23__11:00:22 1 / 29899 13898 52%
2018-12-23__11:00:22 1 /boot 42 21 51%
2018-12-23__11:01:22 0 disk 29941 13919 49%
2018-12-23__11:01:22 1 / 29899 13898 52%
2018-12-23__11:01:22 1 /boot 42 21 51%
2018-12-23__11:02:22 0 disk 29941 13919 49%
2018-12-23__11:02:22 1 / 29899 13898 52%
2018-12-23__11:02:22 1 /boot 42 21 51%
2018-12-23__11:03:22 0 disk 29941 13919 49%
2018-12-23__11:03:22 1 / 29899 13898 52%
2018-12-23__11:03:22 1 /boot 42 21 51%
2018-12-23__11:04:22 0 disk 29941 13919 49%
2018-12-23__11:04:22 1 / 29899 13898 52%
2018-12-23__11:04:22 1 /boot 42 21 51%
2018-12-23__11:05:22 0 disk 29941 13919 49%
2018-12-23__11:05:22 1 / 29899 13898 52%
2018-12-23__11:05:22 1 /boot 42 21 51%
2018-12-23__11:06:22 0 disk 29941 13919 49%
2018-12-23__11:06:22 1 / 29899 13898 52%
2018-12-23__11:06:22 1 /boot 42 21 51%
2018-12-23__11:07:22 0 disk 29941 13919 49%
2018-12-23__11:07:22 1 / 29899 13898 52%
2018-12-23__11:07:22 1 /boot 42 21 51%
2018-12-23__11:08:23 0 disk 29941 13919 49%
2018-12-23__11:08:23 1 / 29899 13898 52%
2018-12-23__11:08:23 1 /boot 42 21 51%
2018-12-23__11:09:23 0 disk 29941 13920 49%
2018-12-23__11:09:23 1 / 29899 13899 52%
2018-12-23__11:09:23 1 /boot 42 21 51%
2018-12-23__11:10:23 0 disk 29941 13919 49%
2018-12-23__11:10:23 1 / 29899 13898 52%
2018-12-23__11:10:23 1 /boot 42 21 51%
2018-12-23__11:11:23 0 disk 29941 13919 49%
2018-12-23__11:11:23 1 / 29899 13898 52%
2018-12-23__11:11:23 1 /boot 42 21 51%
2018-12-23__11:12:23 0 disk 29941 13919 49%
2018-12-23__11:12:23 1 / 29899 13898 52%
2018-12-23__11:12:23 1 /boot 42 21 51%
2018-12-23__11:13:23 0 disk 29941 13919 49%
2018-12-23__11:13:23 1 / 29899 13898 52%
2018-12-23__11:13:23 1 /boot 42 21 51%
2018-12-23__11:14:23 0 disk 29941 13919 49%
2018-12-23__11:14:23 1 / 29899 13898 52%
2018-12-23__11:14:23 1 /boot 42 21 51%
2018-12-23__11:15:23 0 disk 29941 13919 49%
2018-12-23__11:15:23 1 / 29899 13898 52%
2018-12-23__11:15:23 1 /boot 42 21 51%
2018-12-23__11:16:24 0 disk 29941 13919 49%
2018-12-23__11:16:24 1 / 29899 13898 52%
2018-12-23__11:16:24 1 /boot 42 21 51%
2018-12-23__11:17:24 0 disk 29941 13919 49%
2018-12-23__11:17:24 1 / 29899 13898 52%
2018-12-23__11:17:24 1 /boot 42 21 51%
2018-12-23__11:18:24 0 disk 29941 13919 49%
2018-12-23__11:18:24 1 / 29899 13898 52%
2018-12-23__11:18:24 1 /boot 42 21 51%
2018-12-23__11:19:24 0 disk 29941 13919 49%
2018-12-23__11:19:24 1 / 29899 13898 52%
2018-12-23__11:19:24 1 /boot 42 21 51%
2018-12-23__11:20:24 0 disk 29941 13919 49%
2018-12-23__11:20:24 1 / 29899 13898 52%
2018-12-23__11:20:24 1 /boot 42 21 51%
2018-12-23__11:21:24 0 disk 29941 13919 49%
2018-12-23__11:21:24 1 / 29899 13898 52%
2018-12-23__11:21:24 1 /boot 42 21 51%
2018-12-23__11:22:24 0 disk 29941 13919 49%
2018-12-23__11:22:24 1 / 29899 13898 52%
2018-12-23__11:22:24 1 /boot 42 21 51%
2018-12-23__11:23:24 0 disk 29941 13919 49%
2018-12-23__11:23:24 1 / 29899 13898 52%
2018-12-23__11:23:24 1 /boot 42 21 51%
2018-12-23__11:24:25 0 disk 29941 13919 49%
2018-12-23__11:24:25 1 / 29899 13898 52%
2018-12-23__11:24:25 1 /boot 42 21 51%
2018-12-23__11:25:25 0 disk 29941 13919 49%
2018-12-23__11:25:25 1 / 29899 13898 52%
2018-12-23__11:25:25 1 /boot 42 21 51%
2018-12-23__11:26:25 0 disk 29941 13919 49%
2018-12-23__11:26:25 1 / 29899 13898 52%
2018-12-23__11:26:25 1 /boot 42 21 51%
2018-12-23__11:27:25 0 disk 29941 13919 49%
2018-12-23__11:27:25 1 / 29899 13898 52%
2018-12-23__11:27:25 1 /boot 42 21 51%
2018-12-23__11:28:25 0 disk 29941 13919 49%
2018-12-23__11:28:25 1 / 29899 13898 52%
2018-12-23__11:28:25 1 /boot 42 21 51%
2018-12-23__11:29:25 0 disk 29941 13919 49%
2018-12-23__11:29:25 1 / 29899 13898 52%
2018-12-23__11:29:25 1 /boot 42 21 51%
2018-12-23__11:30:25 0 disk 29941 13919 49%
2018-12-23__11:30:25 1 / 29899 13898 52%
2018-12-23__11:30:25 1 /boot 42 21 51%
2018-12-23__11:31:25 0 disk 29941 13919 49%
2018-12-23__11:31:25 1 / 29899 13898 52%
2018-12-23__11:31:25 1 /boot 42 21 51%
2018-12-23__11:32:26 0 disk 29941 13919 49%
2018-12-23__11:32:26 1 / 29899 13898 52%
2018-12-23__11:32:26 1 /boot 42 21 51%
2018-12-23__11:33:26 0 disk 29941 13919 49%
2018-12-23__11:33:26 1 / 29899 13898 52%
2018-12-23__11:33:26 1 /boot 42 21 51%
2018-12-23__11:34:26 0 disk 29941 13919 49%
2018-12-23__11:34:26 1 / 29899 13898 52%
2018-12-23__11:34:26 1 /boot 42 21 51%
2018-12-23__11:35:26 0 disk 29941 13919 49%
2018-12-23__11:35:26 1 / 29899 13898 52%
2018-12-23__11:35:26 1 /boot 42 21 51%
2018-12-23__11:36:26 0 disk 29941 13919 49%
2018-12-23__11:36:26 1 / 29899 13898 52%
2018-12-23__11:36:26 1 /boot 42 21 51%
2018-12-23__11:37:26 0 disk 29941 13919 49%
2018-12-23__11:37:26 1 / 29899 13898 52%
2018-12-23__11:37:26 1 /boot 42 21 51%
2018-12-23__11:38:26 0 disk 29941 13919 49%
2018-12-23__11:38:26 1 / 29899 13898 52%
2018-12-23__11:38:26 1 /boot 42 21 51%
2018-12-23__11:39:26 0 disk 29941 13919 49%
2018-12-23__11:39:26 1 / 29899 13898 52%
2018-12-23__11:39:26 1 /boot 42 21 51%
2018-12-23__11:40:26 0 disk 29941 13919 49%
2018-12-23__11:40:26 1 / 29899 13898 52%
2018-12-23__11:40:26 1 /boot 42 21 51%
2018-12-23__11:41:26 0 disk 29941 13919 49%
2018-12-23__11:41:26 1 / 29899 13898 52%
2018-12-23__11:41:26 1 /boot 42 21 51%
2018-12-23__11:42:27 0 disk 29941 13919 49%
2018-12-23__11:42:27 1 / 29899 13898 52%
2018-12-23__11:42:27 1 /boot 42 21 51%
2018-12-23__11:43:27 0 disk 29941 13919 49%
2018-12-23__11:43:27 1 / 29899 13898 52%
2018-12-23__11:43:27 1 /boot 42 21 51%
2018-12-23__11:44:27 0 disk 29941 13919 49%
2018-12-23__11:44:27 1 / 29899 13898 52%
2018-12-23__11:44:27 1 /boot 42 21 51%
2018-12-23__11:45:27 0 disk 29941 13919 49%
2018-12-23__11:45:27 1 / 29899 13898 52%
2018-12-23__11:45:27 1 /boot 42 21 51%
2018-12-23__11:46:27 0 disk 29941 13919 49%
2018-12-23__11:46:27 1 / 29899 13898 52%
2018-12-23__11:46:27 1 /boot 42 21 51%
2018-12-23__11:47:27 0 disk 29941 13919 49%
2018-12-23__11:47:27 1 / 29899 13898 52%
2018-12-23__11:47:27 1 /boot 42 21 51%
2018-12-23__11:48:27 0 disk 29941 13919 49%
2018-12-23__11:48:27 1 / 29899 13898 52%
2018-12-23__11:48:27 1 /boot 42 21 51%
2018-12-23__11:49:27 0 disk 29941 13919 49%
2018-12-23__11:49:27 1 / 29899 13898 52%
2018-12-23__11:49:27 1 /boot 42 21 51%
2018-12-23__11:50:27 0 disk 29941 13919 49%
2018-12-23__11:50:27 1 / 29899 13898 52%
2018-12-23__11:50:27 1 /boot 42 21 51%
2018-12-23__11:51:28 0 disk 29941 13919 49%
2018-12-23__11:51:28 1 / 29899 13898 52%
2018-12-23__11:51:28 1 /boot 42 21 51%
2018-12-23__11:52:28 0 disk 29941 13919 49%
2018-12-23__11:52:28 1 / 29899 13898 52%
2018-12-23__11:52:28 1 /boot 42 21 51%
2018-12-23__11:53:28 0 disk 29941 13919 49%
2018-12-23__11:53:28 1 / 29899 13898 52%
2018-12-23__11:53:28 1 /boot 42 21 51%
2018-12-23__11:54:28 0 disk 29941 13919 49%
2018-12-23__11:54:28 1 / 29899 13898 52%
2018-12-23__11:54:28 1 /boot 42 21 51%
2018-12-23__11:55:28 0 disk 29941 13919 49%
2018-12-23__11:55:28 1 / 29899 13898 52%
2018-12-23__11:55:28 1 /boot 42 21 51%
2018-12-23__11:56:28 0 disk 29941 13919 49%
2018-12-23__11:56:28 1 / 29899 13898 52%
2018-12-23__11:56:28 1 /boot 42 21 51%
2018-12-23__11:57:28 0 disk 29941 13919 49%
2018-12-23__11:57:28 1 / 29899 13898 52%
2018-12-23__11:57:28 1 /boot 42 21 51%
2018-12-23__11:58:28 0 disk 29941 13919 49%
2018-12-23__11:58:28 1 / 29899 13898 52%
2018-12-23__11:58:28 1 /boot 42 21 51%
2018-12-23__11:59:29 0 disk 29941 13919 49%
2018-12-23__11:59:29 1 / 29899 13898 52%
2018-12-23__11:59:29 1 /boot 42 21 51%
2018-12-23__12:00:29 0 disk 29941 13919 49%
2018-12-23__12:00:29 1 / 29899 13898 52%
2018-12-23__12:00:29 1 /boot 42 21 51%
2018-12-23__12:01:29 0 disk 29941 13919 49%
2018-12-23__12:01:29 1 / 29899 13898 52%
2018-12-23__12:01:29 1 /boot 42 21 51%
2018-12-23__12:02:29 0 disk 29941 13919 49%
2018-12-23__12:02:29 1 / 29899 13898 52%
2018-12-23__12:02:29 1 /boot 42 21 51%
2018-12-23__12:03:29 0 disk 29941 13919 49%
2018-12-23__12:03:29 1 / 29899 13898 52%
2018-12-23__12:03:29 1 /boot 42 21 51%
2018-12-23__12:04:29 0 disk 29941 13919 49%
2018-12-23__12:04:29 1 / 29899 13898 52%
2018-12-23__12:04:29 1 /boot 42 21 51%
2018-12-23__12:05:29 0 disk 29941 13919 49%
2018-12-23__12:05:29 1 / 29899 13898 52%
2018-12-23__12:05:29 1 /boot 42 21 51%
2018-12-23__12:06:29 0 disk 29941 13919 49%
2018-12-23__12:06:29 1 / 29899 13898 52%
2018-12-23__12:06:29 1 /boot 42 21 51%
2018-12-23__12:07:30 0 disk 29941 13919 49%
2018-12-23__12:07:30 1 / 29899 13898 52%
2018-12-23__12:07:30 1 /boot 42 21 51%
2018-12-23__12:08:30 0 disk 29941 13919 49%
2018-12-23__12:08:30 1 / 29899 13898 52%
2018-12-23__12:08:30 1 /boot 42 21 51%
2018-12-23__12:09:30 0 disk 29941 13919 49%
2018-12-23__12:09:30 1 / 29899 13898 52%
2018-12-23__12:09:30 1 /boot 42 21 51%
2018-12-23__12:10:30 0 disk 29941 13919 49%
2018-12-23__12:10:30 1 / 29899 13898 52%
2018-12-23__12:10:30 1 /boot 42 21 51%
2018-12-23__12:11:30 0 disk 29941 13919 49%
2018-12-23__12:11:30 1 / 29899 13898 52%
2018-12-23__12:11:30 1 /boot 42 21 51%
2018-12-23__12:12:30 0 disk 29941 13919 49%
2018-12-23__12:12:30 1 / 29899 13898 52%
2018-12-23__12:12:30 1 /boot 42 21 51%
2018-12-23__12:13:30 0 disk 29941 13919 49%
2018-12-23__12:13:30 1 / 29899 13898 52%
2018-12-23__12:13:30 1 /boot 42 21 51%
2018-12-23__12:14:30 0 disk 29941 13919 49%
2018-12-23__12:14:30 1 / 29899 13898 52%
2018-12-23__12:14:30 1 /boot 42 21 51%
2018-12-23__12:15:30 0 disk 29941 13919 49%
2018-12-23__12:15:30 1 / 29899 13898 52%
2018-12-23__12:15:30 1 /boot 42 21 51%
2018-12-23__12:16:30 0 disk 29941 13919 49%
2018-12-23__12:16:30 1 / 29899 13898 52%
2018-12-23__12:16:30 1 /boot 42 21 51%
2018-12-23__12:17:30 0 disk 29941 13919 49%
2018-12-23__12:17:30 1 / 29899 13898 52%
2018-12-23__12:17:30 1 /boot 42 21 51%
2018-12-23__12:18:31 0 disk 29941 13919 49%
2018-12-23__12:18:31 1 / 29899 13898 52%
2018-12-23__12:18:31 1 /boot 42 21 51%
2018-12-23__12:19:31 0 disk 29941 13919 49%
2018-12-23__12:19:31 1 / 29899 13898 52%
2018-12-23__12:19:31 1 /boot 42 21 51%
2018-12-23__12:20:31 0 disk 29941 13919 49%
2018-12-23__12:20:31 1 / 29899 13898 52%
2018-12-23__12:20:31 1 /boot 42 21 51%
2018-12-23__12:21:31 0 disk 29941 13919 49%
2018-12-23__12:21:31 1 / 29899 13898 52%
2018-12-23__12:21:31 1 /boot 42 21 51%
2018-12-23__12:22:31 0 disk 29941 13919 49%
2018-12-23__12:22:31 1 / 29899 13898 52%
2018-12-23__12:22:31 1 /boot 42 21 51%
2018-12-23__12:23:31 0 disk 29941 13919 49%
2018-12-23__12:23:31 1 / 29899 13898 52%
2018-12-23__12:23:31 1 /boot 42 21 51%
2018-12-23__12:24:31 0 disk 29941 13919 49%
2018-12-23__12:24:31 1 / 29899 13898 52%
2018-12-23__12:24:31 1 /boot 42 21 51%
2018-12-23__12:25:31 0 disk 29941 13919 49%
2018-12-23__12:25:31 1 / 29899 13898 52%
2018-12-23__12:25:31 1 /boot 42 21 51%
2018-12-23__12:26:32 0 disk 29941 13919 49%
2018-12-23__12:26:32 1 / 29899 13898 52%
2018-12-23__12:26:32 1 /boot 42 21 51%
2018-12-23__12:27:32 0 disk 29941 13919 49%
2018-12-23__12:27:32 1 / 29899 13898 52%
2018-12-23__12:27:32 1 /boot 42 21 51%
2018-12-23__12:28:32 0 disk 29941 13919 49%
2018-12-23__12:28:32 1 / 29899 13898 52%
2018-12-23__12:28:32 1 /boot 42 21 51%
2018-12-23__12:29:32 0 disk 29941 13919 49%
2018-12-23__12:29:32 1 / 29899 13898 52%
2018-12-23__12:29:32 1 /boot 42 21 51%
2018-12-23__12:30:32 0 disk 29941 13919 49%
2018-12-23__12:30:32 1 / 29899 13898 52%
2018-12-23__12:30:32 1 /boot 42 21 51%
2018-12-23__12:31:32 0 disk 29941 13919 49%
2018-12-23__12:31:32 1 / 29899 13898 52%
2018-12-23__12:31:32 1 /boot 42 21 51%
2018-12-23__12:32:32 0 disk 29941 13919 49%
2018-12-23__12:32:32 1 / 29899 13898 52%
2018-12-23__12:32:32 1 /boot 42 21 51%
2018-12-23__12:33:32 0 disk 29941 13919 49%
2018-12-23__12:33:32 1 / 29899 13898 52%
2018-12-23__12:33:32 1 /boot 42 21 51%
2018-12-23__12:34:32 0 disk 29941 13919 49%
2018-12-23__12:34:32 1 / 29899 13898 52%
2018-12-23__12:34:32 1 /boot 42 21 51%
2018-12-23__12:35:32 0 disk 29941 13919 49%
2018-12-23__12:35:32 1 / 29899 13898 52%
2018-12-23__12:35:32 1 /boot 42 21 51%
2018-12-23__12:36:33 0 disk 29941 13919 49%
2018-12-23__12:36:33 1 / 29899 13898 52%
2018-12-23__12:36:33 1 /boot 42 21 51%
2018-12-23__12:37:33 0 disk 29941 13919 49%
2018-12-23__12:37:33 1 / 29899 13898 52%
2018-12-23__12:37:33 1 /boot 42 21 51%
2018-12-23__12:38:33 0 disk 29941 13919 49%
2018-12-23__12:38:33 1 / 29899 13898 52%
2018-12-23__12:38:33 1 /boot 42 21 51%
2018-12-23__12:39:33 0 disk 29941 13919 49%
2018-12-23__12:39:33 1 / 29899 13898 52%
2018-12-23__12:39:33 1 /boot 42 21 51%
2018-12-23__12:40:33 0 disk 29941 13919 49%
2018-12-23__12:40:33 1 / 29899 13898 52%
2018-12-23__12:40:33 1 /boot 42 21 51%
2018-12-23__12:41:33 0 disk 29941 13919 49%
2018-12-23__12:41:33 1 / 29899 13898 52%
2018-12-23__12:41:33 1 /boot 42 21 51%
2018-12-23__12:42:33 0 disk 29941 13919 49%
2018-12-23__12:42:33 1 / 29899 13898 52%
2018-12-23__12:42:33 1 /boot 42 21 51%
2018-12-23__12:43:33 0 disk 29941 13919 49%
2018-12-23__12:43:33 1 / 29899 13898 52%
2018-12-23__12:43:33 1 /boot 42 21 51%
2018-12-23__12:44:34 0 disk 29941 13919 49%
2018-12-23__12:44:34 1 / 29899 13898 52%
2018-12-23__12:44:34 1 /boot 42 21 51%
2018-12-23__12:45:34 0 disk 29941 13919 49%
2018-12-23__12:45:34 1 / 29899 13898 52%
2018-12-23__12:45:34 1 /boot 42 21 51%
2018-12-23__12:46:34 0 disk 29941 13919 49%
2018-12-23__12:46:34 1 / 29899 13898 52%
2018-12-23__12:46:34 1 /boot 42 21 51%
2018-12-23__12:47:34 0 disk 29941 13919 49%
2018-12-23__12:47:34 1 / 29899 13898 52%
2018-12-23__12:47:34 1 /boot 42 21 51%
2018-12-23__12:48:34 0 disk 29941 13919 49%
2018-12-23__12:48:34 1 / 29899 13898 52%
2018-12-23__12:48:34 1 /boot 42 21 51%
2018-12-23__12:49:34 0 disk 29941 13919 49%
2018-12-23__12:49:34 1 / 29899 13898 52%
2018-12-23__12:49:34 1 /boot 42 21 51%
2018-12-23__12:50:34 0 disk 29941 13919 49%
2018-12-23__12:50:34 1 / 29899 13898 52%
2018-12-23__12:50:34 1 /boot 42 21 51%
2018-12-23__12:51:34 0 disk 29941 13919 49%
2018-12-23__12:51:34 1 / 29899 13898 52%
2018-12-23__12:51:34 1 /boot 42 21 51%
2018-12-23__12:52:34 0 disk 29941 13919 49%
2018-12-23__12:52:34 1 / 29899 13898 52%
2018-12-23__12:52:34 1 /boot 42 21 51%
2018-12-23__12:53:35 0 disk 29941 13919 49%
2018-12-23__12:53:35 1 / 29899 13898 52%
2018-12-23__12:53:35 1 /boot 42 21 51%
2018-12-23__12:54:35 0 disk 29941 13919 49%
2018-12-23__12:54:35 1 / 29899 13898 52%
2018-12-23__12:54:35 1 /boot 42 21 51%
2018-12-23__12:55:35 0 disk 29941 13919 49%
2018-12-23__12:55:35 1 / 29899 13898 52%
2018-12-23__12:55:35 1 /boot 42 21 51%
2018-12-23__12:56:35 0 disk 29941 13919 49%
2018-12-23__12:56:35 1 / 29899 13898 52%
2018-12-23__12:56:35 1 /boot 42 21 51%
2018-12-23__12:57:35 0 disk 29941 13919 49%
2018-12-23__12:57:35 1 / 29899 13898 52%
2018-12-23__12:57:35 1 /boot 42 21 51%
2018-12-23__12:58:35 0 disk 29941 13919 49%
2018-12-23__12:58:35 1 / 29899 13898 52%
2018-12-23__12:58:35 1 /boot 42 21 51%
2018-12-23__12:59:35 0 disk 29941 13919 49%
2018-12-23__12:59:35 1 / 29899 13898 52%
2018-12-23__12:59:35 1 /boot 42 21 51%
2018-12-23__13:00:35 0 disk 29941 13919 49%
2018-12-23__13:00:35 1 / 29899 13898 52%
2018-12-23__13:00:35 1 /boot 42 21 51%
2018-12-23__13:01:35 0 disk 29941 13919 49%
2018-12-23__13:01:35 1 / 29899 13898 52%
2018-12-23__13:01:35 1 /boot 42 21 51%
2018-12-23__13:02:36 0 disk 29941 13919 49%
2018-12-23__13:02:36 1 / 29899 13898 52%
2018-12-23__13:02:36 1 /boot 42 21 51%
2018-12-23__13:03:36 0 disk 29941 13919 49%
2018-12-23__13:03:36 1 / 29899 13898 52%
2018-12-23__13:03:36 1 /boot 42 21 51%
2018-12-23__13:04:36 0 disk 29941 13919 49%
2018-12-23__13:04:36 1 / 29899 13898 52%
2018-12-23__13:04:36 1 /boot 42 21 51%
2018-12-23__13:05:36 0 disk 29941 13919 49%
2018-12-23__13:05:36 1 / 29899 13898 52%
2018-12-23__13:05:36 1 /boot 42 21 51%
2018-12-23__13:06:36 0 disk 29941 13919 49%
2018-12-23__13:06:36 1 / 29899 13898 52%
2018-12-23__13:06:36 1 /boot 42 21 51%
2018-12-23__13:07:36 0 disk 29941 13919 49%
2018-12-23__13:07:36 1 / 29899 13898 52%
2018-12-23__13:07:36 1 /boot 42 21 51%
2018-12-23__13:08:36 0 disk 29941 13929 49%
2018-12-23__13:08:36 1 / 29899 13908 52%
2018-12-23__13:08:36 1 /boot 42 21 51%
2018-12-23__13:09:36 0 disk 29941 13929 49%
2018-12-23__13:09:36 1 / 29899 13908 52%
2018-12-23__13:09:36 1 /boot 42 21 51%
2018-12-23__13:10:36 0 disk 29941 13929 49%
2018-12-23__13:10:36 1 / 29899 13908 52%
2018-12-23__13:10:36 1 /boot 42 21 51%
2018-12-23__13:11:37 0 disk 29941 13929 49%
2018-12-23__13:11:37 1 / 29899 13908 52%
2018-12-23__13:11:37 1 /boot 42 21 51%
2018-12-23__13:12:37 0 disk 29941 13929 49%
2018-12-23__13:12:37 1 / 29899 13908 52%
2018-12-23__13:12:37 1 /boot 42 21 51%
2018-12-23__13:13:37 0 disk 29941 13929 49%
2018-12-23__13:13:37 1 / 29899 13908 52%
2018-12-23__13:13:37 1 /boot 42 21 51%
2018-12-23__13:14:37 0 disk 29941 13929 49%
2018-12-23__13:14:37 1 / 29899 13908 52%
2018-12-23__13:14:37 1 /boot 42 21 51%
2018-12-23__13:15:37 0 disk 29941 13929 49%
2018-12-23__13:15:37 1 / 29899 13908 52%
2018-12-23__13:15:37 1 /boot 42 21 51%
2018-12-23__13:16:37 0 disk 29941 13929 49%
2018-12-23__13:16:37 1 / 29899 13908 52%
2018-12-23__13:16:37 1 /boot 42 21 51%
2018-12-23__13:17:37 0 disk 29941 13929 49%
2018-12-23__13:17:37 1 / 29899 13908 52%
2018-12-23__13:17:37 1 /boot 42 21 51%
2018-12-23__13:18:37 0 disk 29941 13929 49%
2018-12-23__13:18:37 1 / 29899 13908 52%
2018-12-23__13:18:37 1 /boot 42 21 51%
2018-12-23__13:19:37 0 disk 29941 13929 49%
2018-12-23__13:19:37 1 / 29899 13908 52%
2018-12-23__13:19:37 1 /boot 42 21 51%
2018-12-23__13:20:37 0 disk 29941 13929 49%
2018-12-23__13:20:37 1 / 29899 13908 52%
2018-12-23__13:20:37 1 /boot 42 21 51%
2018-12-23__13:21:38 0 disk 29941 13929 49%
2018-12-23__13:21:38 1 / 29899 13908 52%
2018-12-23__13:21:38 1 /boot 42 21 51%
2018-12-23__13:22:38 0 disk 29941 13929 49%
2018-12-23__13:22:38 1 / 29899 13908 52%
2018-12-23__13:22:38 1 /boot 42 21 51%
2018-12-23__13:23:38 0 disk 29941 13929 49%
2018-12-23__13:23:38 1 / 29899 13908 52%
2018-12-23__13:23:38 1 /boot 42 21 51%
2018-12-23__13:24:38 0 disk 29941 13929 49%
2018-12-23__13:24:38 1 / 29899 13908 52%
2018-12-23__13:24:38 1 /boot 42 21 51%
2018-12-23__13:25:38 0 disk 29941 13929 49%
2018-12-23__13:25:38 1 / 29899 13908 52%
2018-12-23__13:25:38 1 /boot 42 21 51%
2018-12-23__13:26:38 0 disk 29941 13929 49%
2018-12-23__13:26:38 1 / 29899 13908 52%
2018-12-23__13:26:38 1 /boot 42 21 51%
