2018-12-22__14:04:49 0.08,0.08,0.08 74.09 52°C note
2018-12-22__14:04:55 0.07,0.08,0.08 28.07 50°C normal
2018-12-22__14:05:00 0.07,0.08,0.08 36.00 51°C note
2018-12-22__14:05:06 0.06,0.08,0.08 29.35 49°C normal
2018-12-22__14:05:16 0.13,0.09,0.09 36.92 51°C note
2018-12-22__14:05:21 0.12,0.09,0.09 35.17 50°C normal
2018-12-22__14:05:27 0.25,0.12,0.10 34.84 51°C note
2018-12-22__14:05:32 0.22,0.11,0.10 32.65 50°C normal
2018-12-22__14:05:38 0.37,0.15,0.11 33.83 50°C normal
2018-12-22__14:05:44 0.42,0.16,0.11 39.61 50°C normal
2018-12-22__14:05:49 0.38,0.16,0.11 39.89 51°C note
2018-12-22__14:05:55 0.35,0.16,0.11 34.50 50°C normal
2018-12-22__14:06:01 0.33,0.15,0.11 42.34 50°C normal
2018-12-22__14:06:07 0.27,0.15,0.11 28.35 51°C note
2018-12-22__14:06:13 0.25,0.14,0.10 28.21 49°C normal
2018-12-22__14:06:18 0.47,0.19,0.12 29.70 50°C normal
2018-12-22__14:06:24 0.43,0.19,0.12 33.00 50°C normal
2018-12-22__14:06:30 0.40,0.18,0.12 27.55 50°C normal
2018-12-22__14:06:35 0.37,0.18,0.12 28.21 50°C normal
2018-12-22__14:06:42 0.31,0.17,0.12 31.00 51°C note
2018-12-22__14:06:48 0.28,0.17,0.11 28.98 49°C normal
2018-12-22__14:06:54 0.26,0.17,0.11 28.64 50°C normal
2018-12-22__14:06:59 0.32,0.18,0.12 27.41 50°C normal
2018-12-22__14:07:05 0.30,0.18,0.12 30.41 50°C normal
2018-12-22__14:07:11 0.27,0.18,0.12 27.63 50°C normal
2018-12-22__14:07:17 0.23,0.17,0.11 31.81 49°C normal
2018-12-22__14:07:23 0.21,0.17,0.11 42.50 51°C note
2018-12-22__14:07:29 0.19,0.16,0.11 28.57 50°C normal
2018-12-22__14:07:34 0.18,0.16,0.11 29.85 50°C normal
2018-12-22__14:07:40 0.16,0.16,0.11 31.95 50°C normal
2018-12-22__14:07:46 0.15,0.16,0.11 28.28 49°C normal
2018-12-22__14:07:51 0.14,0.15,0.11 55.22 51°C note
2018-12-22__14:07:57 0.26,0.18,0.12 26.94 51°C note
2018-12-22__14:08:03 0.24,0.18,0.12 31.97 49°C normal
2018-12-22__14:08:08 0.22,0.17,0.12 26.28 51°C note
2018-12-22__14:08:14 0.20,0.17,0.12 29.20 50°C normal
2018-12-22__14:08:20 0.19,0.17,0.11 43.22 50°C normal
2018-12-22__14:08:25 0.17,0.16,0.11 26.73 51°C note
2018-12-22__14:08:31 0.16,0.16,0.11 32.47 50°C normal
2018-12-22__14:08:37 0.15,0.16,0.11 28.42 49°C normal
2018-12-22__14:08:42 0.20,0.17,0.12 28.14 50°C normal
2018-12-22__14:08:48 0.18,0.17,0.11 27.69 50°C normal
2018-12-22__14:08:54 0.17,0.16,0.11 33.50 52°C note
2018-12-22__14:08:59 0.15,0.16,0.11 27.31 50°C normal
2018-12-22__14:09:05 0.14,0.16,0.11 29.70 50°C normal
2018-12-22__14:09:10 0.13,0.16,0.11 47.47 50°C normal
2018-12-22__14:09:16 0.12,0.15,0.11 26.53 51°C note
2018-12-22__14:09:26 0.10,0.15,0.11 46.70 50°C normal
2018-12-22__14:09:32 0.09,0.14,0.11 29.38 51°C note
2018-12-22__14:09:37 0.22,0.17,0.12 28.35 49°C normal
2018-12-22__14:09:43 0.29,0.19,0.12 28.20 50°C normal
2018-12-22__14:09:49 0.26,0.18,0.12 27.41 49°C normal
2018-12-22__14:09:54 0.56,0.25,0.14 28.50 51°C note
2018-12-22__14:10:00 0.52,0.24,0.14 28.28 49°C normal
2018-12-22__14:10:06 0.48,0.24,0.14 27.27 51°C note
2018-12-22__14:10:11 0.44,0.23,0.14 32.47 50°C normal
2018-12-22__14:10:17 0.40,0.23,0.14 31.65 50°C normal
2018-12-22__14:10:22 0.41,0.24,0.14 38.46 51°C note
2018-12-22__14:10:28 0.38,0.23,0.14 27.09 50°C normal
2018-12-22__14:10:34 0.35,0.23,0.14 27.77 49°C normal
2018-12-22__14:10:39 0.32,0.23,0.14 30.80 49°C normal
