2018-12-22__14:04:49 0 disk 29941 14257 48%
2018-12-22__14:04:49 1 / 29899 14236 51%
2018-12-22__14:04:49 1 /boot 42 21 51%
2018-12-22__14:05:49 0 disk 29941 14257 48%
2018-12-22__14:05:49 1 / 29899 14236 51%
2018-12-22__14:05:49 1 /boot 42 21 51%
2018-12-22__14:06:49 0 disk 29941 14257 48%
2018-12-22__14:06:49 1 / 29899 14236 51%
2018-12-22__14:06:49 1 /boot 42 21 51%
2018-12-22__14:07:49 0 disk 29941 14257 48%
2018-12-22__14:07:49 1 / 29899 14236 51%
2018-12-22__14:07:49 1 /boot 42 21 51%
2018-12-22__14:08:50 0 disk 29941 14257 48%
2018-12-22__14:08:50 1 / 29899 14236 51%
2018-12-22__14:08:50 1 /boot 42 21 51%
2018-12-22__14:09:50 0 disk 29941 14257 48%
2018-12-22__14:09:50 1 / 29899 14236 51%
2018-12-22__14:09:50 1 /boot 42 21 51%
2018-12-22__14:10:50 0 disk 29941 14257 48%
2018-12-22__14:10:50 1 / 29899 14236 51%
2018-12-22__14:10:50 1 /boot 42 21 51%
