2018-12-23__09:52:55 /1 6363 00:00:00% disk.sh%
2018-12-23__09:52:55 /3 6413 00:00:00% ps%
2018-12-23__09:52:55 TTY PID TIME% CMD%
2018-12-23__09:53:13 /1 7697 00:00:00% cpu.sh%
2018-12-23__09:53:13 /3 7721 00:00:00% a.out%
2018-12-23__09:53:13 TTY PID TIME% CMD%
2018-12-23__09:53:48 /1 9958 00:00:00% mem.sh%
2018-12-23__09:53:48 /3 9883 00:00:00% bash%
2018-12-23__09:53:48 TTY PID TIME% CMD%
2018-12-23__09:54:24 /1 12158 00:00:00% mem.sh%
2018-12-23__09:54:24 /3 7721 00:00:00% a.out%
2018-12-23__09:54:24 TTY PID TIME% CMD%
2018-12-23__09:54:59 /1 14176 00:00:00% cpu.sh%
2018-12-23__09:54:59 /3 14124 00:00:00% bash%
2018-12-23__09:54:59 TTY PID TIME% CMD%
2018-12-23__09:55:35 /1 16213 00:00:00% cpu.sh%
2018-12-23__09:55:35 /3 7721 00:00:00% a.out%
2018-12-23__09:55:35 TTY PID TIME% CMD%
2018-12-23__09:56:10 /1 18198 00:00:00% cpu.sh%
2018-12-23__09:56:10 /3 7721 00:00:00% a.out%
2018-12-23__09:56:10 TTY PID TIME% CMD%
2018-12-23__09:56:46 /1 20231 00:00:00% mem.sh%
2018-12-23__09:56:46 /3 20193 00:00:00% bash%
2018-12-23__09:56:46 TTY PID TIME% CMD%
2018-12-23__09:57:21 /1 22614 00:00:00% cpu.sh%
2018-12-23__09:57:21 /3 7721 00:00:00% a.out%
2018-12-23__09:57:21 TTY PID TIME% CMD%
2018-12-23__09:57:56 /1 24467 00:00:00% mem.sh%
2018-12-23__09:57:56 /3 24421 00:00:00% bash%
2018-12-23__09:57:56 TTY PID TIME% CMD%
2018-12-23__09:58:32 /1 27039 00:00:00% cpu.sh%
2018-12-23__09:58:32 /3 7721 00:00:00% a.out%
2018-12-23__09:58:32 TTY PID TIME% CMD%
2018-12-23__09:59:07 /1 28972 00:00:00% cpu.sh%
2018-12-23__09:59:07 /3 7721 00:00:00% a.out%
2018-12-23__09:59:07 TTY PID TIME% CMD%
2018-12-23__09:59:43 /1 31263 00:00:00% mem.sh%
2018-12-23__09:59:43 /3 31185 00:00:00% bash%
2018-12-23__09:59:43 TTY PID TIME% CMD%
2018-12-23__10:00:18 /1 1196 00:00:00% cpu.sh%
2018-12-23__10:00:18 /3 1283 00:00:00% bash%
2018-12-23__10:00:18 TTY PID TIME% CMD%
2018-12-23__10:00:54 /1 3553 00:00:00% mem.sh%
2018-12-23__10:00:54 /3 3226 00:00:00% bash%
2018-12-23__10:00:54 TTY PID TIME% CMD%
2018-12-23__10:01:29 /1 6003 00:00:00% mem.sh%
2018-12-23__10:01:29 /3 6040 00:00:00% bash%
2018-12-23__10:01:29 TTY PID TIME% CMD%
2018-12-23__10:02:05 /1 7985 00:00:00% cpu.sh%
2018-12-23__10:02:05 /3 7999 00:00:00% bash%
2018-12-23__10:02:05 TTY PID TIME% CMD%
2018-12-23__10:02:40 /1 10269 00:00:00% mem.sh%
2018-12-23__10:02:40 /3 10022 00:00:00% bash%
2018-12-23__10:02:40 TTY PID TIME% CMD%
2018-12-23__10:03:16 /1 12074 00:00:00% mem.sh%
2018-12-23__10:03:16 /3 12122 00:00:00% bash%
2018-12-23__10:03:16 TTY PID TIME% CMD%
2018-12-23__10:03:51 /1 14153 00:00:00% cpu.sh%
2018-12-23__10:03:51 /3 14102 00:00:00% bash%
2018-12-23__10:03:51 TTY PID TIME% CMD%
2018-12-23__10:04:27 /1 16464 00:00:00% mem.sh%
2018-12-23__10:04:27 /3 7721 00:00:00% a.out%
2018-12-23__10:04:27 TTY PID TIME% CMD%
2018-12-23__10:05:02 /1 18534 00:00:00% mem.sh%
2018-12-23__10:05:02 /3 7721 00:00:00% a.out%
2018-12-23__10:05:02 TTY PID TIME% CMD%
2018-12-23__10:05:38 /1 20802 00:00:00% mem.sh%
2018-12-23__10:05:38 /3 20689 00:00:00% bash%
2018-12-23__10:05:38 TTY PID TIME% CMD%
2018-12-23__10:06:13 /1 22626 00:00:00% mem.sh%
2018-12-23__10:06:13 /3 7721 00:00:00% a.out%
2018-12-23__10:06:13 TTY PID TIME% CMD%
2018-12-23__10:06:49 /1 24919 00:00:00% mem.sh%
2018-12-23__10:06:49 /3 24961 00:00:00% bash%
2018-12-23__10:06:49 TTY PID TIME% CMD%
2018-12-23__10:07:24 /1 27109 00:00:00% cpu.sh%
2018-12-23__10:07:24 /3 7721 00:00:00% a.out%
2018-12-23__10:07:24 TTY PID TIME% CMD%
2018-12-23__10:08:00 /1 29256 00:00:00% mem.sh%
2018-12-23__10:08:00 /3 7721 00:00:00% a.out%
2018-12-23__10:08:00 TTY PID TIME% CMD%
2018-12-23__10:08:35 /1 31351 00:00:00% mem.sh%
2018-12-23__10:08:35 /3 31300 00:00:00% bash%
2018-12-23__10:08:35 TTY PID TIME% CMD%
2018-12-23__10:09:10 /1 1072 00:00:00% mem.sh%
2018-12-23__10:09:10 /3 1120 00:00:00% bash%
2018-12-23__10:09:10 TTY PID TIME% CMD%
2018-12-23__10:09:46 /1 3213 00:00:00% mem.sh%
2018-12-23__10:09:46 /3 3477 00:00:00% bash%
2018-12-23__10:09:46 TTY PID TIME% CMD%
2018-12-23__10:10:22 /0 3578 00:00:00% a.out%
2018-12-23__10:10:22 /1 6076 00:00:00% mem.sh%
2018-12-23__10:10:22 /3 5920 00:00:00% bash%
2018-12-23__10:10:22 TTY PID TIME% CMD%
2018-12-23__10:10:57 /0 3578 00:00:00% a.out%
2018-12-23__10:10:57 /1 9129 00:00:00% cpu.sh%
2018-12-23__10:10:57 /3 7721 00:00:00% a.out%
2018-12-23__10:10:57 TTY PID TIME% CMD%
2018-12-23__10:11:33 /0 3578 00:00:00% a.out%
2018-12-23__10:11:33 /1 11835 00:00:00% mem.sh%
2018-12-23__10:11:33 /3 11820 00:00:00% bash%
2018-12-23__10:11:33 TTY PID TIME% CMD%
2018-12-23__10:12:08 /0 3578 00:00:00% a.out%
2018-12-23__10:12:08 /1 14784 00:00:00% mem.sh%
2018-12-23__10:12:08 /3 7721 00:00:00% a.out%
2018-12-23__10:12:08 TTY PID TIME% CMD%
2018-12-23__10:12:44 /1 17564 00:00:00% mem.sh%
2018-12-23__10:12:44 /3 7721 00:00:00% a.out%
2018-12-23__10:12:44 TTY PID TIME% CMD%
2018-12-23__10:13:19 /1 19504 00:00:00% mem.sh%
2018-12-23__10:13:19 /3 19391 00:00:00% bash%
2018-12-23__10:13:19 TTY PID TIME% CMD%
2018-12-23__10:13:55 /1 21771 00:00:00% mem.sh%
2018-12-23__10:13:55 /3 7721 00:00:00% a.out%
2018-12-23__10:13:55 TTY PID TIME% CMD%
2018-12-23__10:14:30 /1 24064 00:00:00% mem.sh%
2018-12-23__10:14:30 /3 7721 00:00:00% a.out%
2018-12-23__10:14:30 TTY PID TIME% CMD%
2018-12-23__10:15:06 /1 26183 00:00:00% mem.sh%
2018-12-23__10:15:06 /3 26121 00:00:00% bash%
2018-12-23__10:15:06 TTY PID TIME% CMD%
2018-12-23__10:15:41 /0 28431 00:00:00% bash%
2018-12-23__10:15:41 /1 28860 00:00:00% mem.sh%
2018-12-23__10:15:41 /3 7721 00:00:00% a.out%
2018-12-23__10:15:41 TTY PID TIME% CMD%
2018-12-23__10:16:17 /0 26582 00:00:00% a.out%
2018-12-23__10:16:17 /1 31466 00:00:00% cpu.sh%
2018-12-23__10:16:17 /3 31528 00:00:00% bash%
2018-12-23__10:16:17 TTY PID TIME% CMD%
2018-12-23__10:16:53 /0 2095 00:00:00% bash%
2018-12-23__10:16:53 /1 2399 00:00:00% mem.sh%
2018-12-23__10:16:53 /3 1992 00:00:00% bash%
2018-12-23__10:16:53 TTY PID TIME% CMD%
2018-12-23__10:17:28 /0 26582 00:00:00% a.out%
2018-12-23__10:17:28 /1 5360 00:00:00% mem.sh%
2018-12-23__10:17:28 /3 5439 00:00:00% bash%
2018-12-23__10:17:28 TTY PID TIME% CMD%
2018-12-23__10:18:04 /0 8089 00:00:00% bash%
2018-12-23__10:18:04 /3 8008 00:00:00% bash%
2018-12-23__10:18:04 TTY PID TIME% CMD%
2018-12-23__10:18:39 /0 26582 00:00:00% a.out%
2018-12-23__10:18:39 /3 7721 00:00:01% a.out%
2018-12-23__10:18:39 TTY PID TIME% CMD%
2018-12-23__10:19:15 /0 13404 00:00:00% bash%
2018-12-23__10:19:15 /3 13140 00:00:00% bash%
2018-12-23__10:19:15 TTY PID TIME% CMD%
2018-12-23__10:19:50 /0 26582 00:00:00% a.out%
2018-12-23__10:19:50 /3 7721 00:00:01% a.out%
2018-12-23__10:19:50 TTY PID TIME% CMD%
2018-12-23__10:20:25 /0 17917 00:00:00% bash%
2018-12-23__10:20:25 /3 17960 00:00:00% bash%
2018-12-23__10:20:25 TTY PID TIME% CMD%
2018-12-23__10:21:00 /0 26582 00:00:00% a.out%
2018-12-23__10:21:00 /3 7721 00:00:01% a.out%
2018-12-23__10:21:00 TTY PID TIME% CMD%
2018-12-23__10:21:36 /0 22768 00:00:00% bash%
2018-12-23__10:21:36 /3 7721 00:00:01% a.out%
2018-12-23__10:21:36 TTY PID TIME% CMD%
2018-12-23__10:22:11 /0 26582 00:00:00% a.out%
2018-12-23__10:22:11 /3 24812 00:00:00% bash%
2018-12-23__10:22:11 TTY PID TIME% CMD%
2018-12-23__10:22:47 /0 26582 00:00:00% a.out%
2018-12-23__10:22:47 /3 7721 00:00:01% a.out%
2018-12-23__10:22:47 TTY PID TIME% CMD%
2018-12-23__10:23:22 /0 30033 00:00:00% bash%
2018-12-23__10:23:22 /3 29919 00:00:00% bash%
2018-12-23__10:23:22 TTY PID TIME% CMD%
2018-12-23__10:23:57 /0 26582 00:00:00% a.out%
2018-12-23__10:23:57 /3 7721 00:00:01% a.out%
2018-12-23__10:23:57 TTY PID TIME% CMD%
2018-12-23__10:24:32 /0 26582 00:00:00% a.out%
2018-12-23__10:24:32 /3 2108 00:00:00% bash%
2018-12-23__10:24:32 TTY PID TIME% CMD%
2018-12-23__10:25:07 /0 26582 00:00:00% a.out%
2018-12-23__10:25:07 /3 4680 00:00:00% bash%
2018-12-23__10:25:07 TTY PID TIME% CMD%
2018-12-23__10:25:43 /0 26582 00:00:00% a.out%
2018-12-23__10:25:43 /3 6818 00:00:00% bash%
2018-12-23__10:25:43 TTY PID TIME% CMD%
2018-12-23__10:26:18 /0 26582 00:00:00% a.out%
2018-12-23__10:26:18 /3 8905 00:00:00% bash%
2018-12-23__10:26:18 TTY PID TIME% CMD%
2018-12-23__10:26:53 /0 26582 00:00:00% a.out%
2018-12-23__10:26:53 /3 7721 00:00:01% a.out%
2018-12-23__10:26:53 TTY PID TIME% CMD%
2018-12-23__10:27:29 /0 26582 00:00:00% a.out%
2018-12-23__10:27:29 /3 13953 00:00:00% bash%
2018-12-23__10:27:29 TTY PID TIME% CMD%
2018-12-23__10:28:04 /0 16331 00:00:00% bash%
2018-12-23__10:28:04 /3 7721 00:00:01% a.out%
2018-12-23__10:28:04 TTY PID TIME% CMD%
2018-12-23__10:28:39 /0 26582 00:00:00% a.out%
2018-12-23__10:28:39 /3 18759 00:00:00% bash%
2018-12-23__10:28:39 TTY PID TIME% CMD%
2018-12-23__10:29:15 /0 20975 00:00:00% bash%
2018-12-23__10:29:15 /3 7721 00:00:01% a.out%
2018-12-23__10:29:15 TTY PID TIME% CMD%
2018-12-23__10:29:50 /3 23210 00:00:00% bash%
2018-12-23__10:29:50 TTY PID TIME% CMD%
2018-12-23__10:30:25 /3 24845 00:00:00% bash%
2018-12-23__10:30:25 TTY PID TIME% CMD%
2018-12-23__10:31:00 /3 7721 00:00:01% a.out%
2018-12-23__10:31:00 TTY PID TIME% CMD%
2018-12-23__10:31:36 /3 28463 00:00:00% bash%
2018-12-23__10:31:36 TTY PID TIME% CMD%
2018-12-23__10:32:11 /3 7721 00:00:01% a.out%
2018-12-23__10:32:11 TTY PID TIME% CMD%
2018-12-23__10:32:46 /3 31610 00:00:00% bash%
2018-12-23__10:32:46 TTY PID TIME% CMD%
2018-12-23__10:33:21 /3 1095 00:00:00% bash%
2018-12-23__10:33:21 TTY PID TIME% CMD%
2018-12-23__10:33:57 /3 2793 00:00:00% bash%
2018-12-23__10:33:57 TTY PID TIME% CMD%
2018-12-23__10:34:32 /3 4573 00:00:00% bash%
2018-12-23__10:34:32 TTY PID TIME% CMD%
2018-12-23__10:35:12 /3 6361 00:00:00% bash%
2018-12-23__10:35:12 TTY PID TIME% CMD%
2018-12-23__10:35:47 /3 7721 00:00:01% a.out%
2018-12-23__10:35:47 TTY PID TIME% CMD%
2018-12-23__10:36:23 /3 9765 00:00:00% bash%
2018-12-23__10:36:23 TTY PID TIME% CMD%
2018-12-23__10:36:58 /3 7721 00:00:01% a.out%
2018-12-23__10:36:58 TTY PID TIME% CMD%
2018-12-23__10:37:33 /3 13559 00:00:00% bash%
2018-12-23__10:37:33 TTY PID TIME% CMD%
2018-12-23__10:38:08 /3 7721 00:00:01% a.out%
2018-12-23__10:38:08 TTY PID TIME% CMD%
2018-12-23__10:38:44 /3 17258 00:00:00% bash%
2018-12-23__10:38:44 TTY PID TIME% CMD%
2018-12-23__10:39:19 /3 7721 00:00:01% a.out%
2018-12-23__10:39:19 TTY PID TIME% CMD%
2018-12-23__10:39:54 /3 7721 00:00:01% a.out%
2018-12-23__10:39:54 /5 19854 00:00:00% a.out%
2018-12-23__10:39:54 TTY PID TIME% CMD%
2018-12-23__10:40:29 /3 23579 00:00:00% bash%
2018-12-23__10:40:29 /5 23486 00:00:00% bash%
2018-12-23__10:40:29 TTY PID TIME% CMD%
2018-12-23__10:41:05 /3 7721 00:00:01% a.out%
2018-12-23__10:41:05 /5 19854 00:00:00% a.out%
2018-12-23__10:41:05 TTY PID TIME% CMD%
2018-12-23__10:41:40 /3 28505 00:00:00% bash%
2018-12-23__10:41:40 /5 28258 00:00:00% bash%
2018-12-23__10:41:40 TTY PID TIME% CMD%
2018-12-23__10:42:15 /3 7721 00:00:02% a.out%
2018-12-23__10:42:15 /5 19854 00:00:00% a.out%
2018-12-23__10:42:15 TTY PID TIME% CMD%
2018-12-23__10:42:50 /3 769 00:00:00% bash%
2018-12-23__10:42:50 /5 740 00:00:00% bash%
2018-12-23__10:42:50 TTY PID TIME% CMD%
2018-12-23__10:43:26 /3 3223 00:00:00% bash%
2018-12-23__10:43:26 /5 19854 00:00:00% a.out%
2018-12-23__10:43:26 TTY PID TIME% CMD%
2018-12-23__10:44:01 /3 5548 00:00:00% bash%
2018-12-23__10:44:01 /5 5519 00:00:00% bash%
2018-12-23__10:44:01 TTY PID TIME% CMD%
2018-12-23__10:44:36 /3 7870 00:00:00% bash%
2018-12-23__10:44:36 /5 19854 00:00:00% a.out%
2018-12-23__10:44:36 TTY PID TIME% CMD%
2018-12-23__10:45:12 /3 7721 00:00:02% a.out%
2018-12-23__10:45:12 /5 19854 00:00:00% a.out%
2018-12-23__10:45:12 TTY PID TIME% CMD%
2018-12-23__10:45:47 /3 12510 00:00:00% bash%
2018-12-23__10:45:47 /5 19854 00:00:00% a.out%
2018-12-23__10:45:47 TTY PID TIME% CMD%
2018-12-23__10:46:22 /3 7721 00:00:02% a.out%
2018-12-23__10:46:22 /5 15047 00:00:00% bash%
2018-12-23__10:46:22 TTY PID TIME% CMD%
2018-12-23__10:46:57 /3 17374 00:00:00% bash%
2018-12-23__10:46:57 /5 19854 00:00:00% a.out%
2018-12-23__10:46:57 TTY PID TIME% CMD%
2018-12-23__10:47:33 /3 7721 00:00:02% a.out%
2018-12-23__10:47:33 /5 19811 00:00:00% bash%
2018-12-23__10:47:33 TTY PID TIME% CMD%
2018-12-23__10:48:08 /3 22317 00:00:00% bash%
2018-12-23__10:48:08 /5 19854 00:00:00% a.out%
2018-12-23__10:48:08 TTY PID TIME% CMD%
2018-12-23__10:48:43 /3 24151 00:00:00% bash%
2018-12-23__10:48:43 /5 24499 00:00:00% bash%
2018-12-23__10:48:43 TTY PID TIME% CMD%
2018-12-23__10:49:18 /3 7721 00:00:02% a.out%
2018-12-23__10:49:18 /5 19854 00:00:00% a.out%
2018-12-23__10:49:18 TTY PID TIME% CMD%
2018-12-23__10:49:54 /3 29082 00:00:00% bash%
2018-12-23__10:49:54 /5 29176 00:00:00% bash%
2018-12-23__10:49:54 TTY PID TIME% CMD%
2018-12-23__10:50:29 /3 31750 00:00:00% bash%
2018-12-23__10:50:29 /5 19854 00:00:00% a.out%
2018-12-23__10:50:29 TTY PID TIME% CMD%
2018-12-23__10:51:04 /3 1543 00:00:00% bash%
2018-12-23__10:51:04 /5 1919 00:00:00% bash%
2018-12-23__10:51:04 TTY PID TIME% CMD%
2018-12-23__10:51:40 /3 4190 00:00:00% bash%
2018-12-23__10:51:40 /5 19854 00:00:00% a.out%
2018-12-23__10:51:40 TTY PID TIME% CMD%
2018-12-23__10:52:15 /3 6519 00:00:00% bash%
2018-12-23__10:52:15 /5 6449 00:00:00% bash%
2018-12-23__10:52:15 TTY PID TIME% CMD%
2018-12-23__10:52:50 /3 7721 00:00:02% a.out%
2018-12-23__10:52:50 /5 19854 00:00:01% a.out%
2018-12-23__10:52:50 TTY PID TIME% CMD%
2018-12-23__10:53:25 /3 7721 00:00:02% a.out%
2018-12-23__10:53:25 /5 19854 00:00:01% a.out%
2018-12-23__10:53:25 TTY PID TIME% CMD%
2018-12-23__10:54:01 /3 13318 00:00:00% bash%
2018-12-23__10:54:01 /5 13124 00:00:00% bash%
2018-12-23__10:54:01 TTY PID TIME% CMD%
2018-12-23__10:54:36 /3 16106 00:00:00% bash%
2018-12-23__10:54:36 /5 19854 00:00:01% a.out%
2018-12-23__10:54:36 TTY PID TIME% CMD%
2018-12-23__10:55:11 /3 18390 00:00:00% bash%
2018-12-23__10:55:11 /5 18344 00:00:00% bash%
2018-12-23__10:55:11 TTY PID TIME% CMD%
2018-12-23__10:55:47 /3 7721 00:00:02% a.out%
2018-12-23__10:55:47 TTY PID TIME% CMD%
2018-12-23__10:56:22 /3 22332 00:00:00% bash%
2018-12-23__10:56:22 TTY PID TIME% CMD%
2018-12-23__10:56:57 /3 7721 00:00:02% a.out%
2018-12-23__10:56:57 TTY PID TIME% CMD%
2018-12-23__10:57:32 /3 25799 00:00:00% bash%
2018-12-23__10:57:32 TTY PID TIME% CMD%
2018-12-23__10:58:07 /3 26962 00:00:00% bash%
2018-12-23__10:58:07 TTY PID TIME% CMD%
2018-12-23__10:58:43 /3 28955 00:00:00% bash%
2018-12-23__10:58:43 TTY PID TIME% CMD%
2018-12-23__10:59:18 /3 30493 00:00:00% bash%
2018-12-23__10:59:18 /6 30112 00:00:00% vim%
2018-12-23__10:59:18 TTY PID TIME% CMD%
2018-12-23__10:59:53 /3 769 00:00:00% bash%
2018-12-23__10:59:53 /6 398 00:00:00% bash%
2018-12-23__10:59:53 TTY PID TIME% CMD%
2018-12-23__11:00:29 /3 4331 00:00:00% bash%
2018-12-23__11:00:29 /6 4774 00:00:00% bash%
2018-12-23__11:00:29 TTY PID TIME% CMD%
2018-12-23__11:01:04 /3 7200 00:00:00% bash%
2018-12-23__11:01:04 /6 7214 00:00:00% bash%
2018-12-23__11:01:04 TTY PID TIME% CMD%
2018-12-23__11:01:39 /3 9227 00:00:00% bash%
2018-12-23__11:01:39 TTY PID TIME% CMD%
2018-12-23__11:02:14 /3 7721 00:00:02% a.out%
2018-12-23__11:02:14 TTY PID TIME% CMD%
2018-12-23__11:02:50 /3 7721 00:00:02% a.out%
2018-12-23__11:02:50 /6 13235 00:00:00% bash%
2018-12-23__11:02:50 TTY PID TIME% CMD%
2018-12-23__11:03:25 /3 16689 00:00:00% bash%
2018-12-23__11:03:25 TTY PID TIME% CMD%
2018-12-23__11:04:00 /3 7721 00:00:02% a.out%
2018-12-23__11:04:00 TTY PID TIME% CMD%
2018-12-23__11:04:35 /3 21322 00:00:00% bash%
2018-12-23__11:04:35 /7 19703 00:00:00% client%
2018-12-23__11:04:35 TTY PID TIME% CMD%
2018-12-23__11:05:11 /3 7721 00:00:03% a.out%
2018-12-23__11:05:11 /7 19703 00:00:00% client%
2018-12-23__11:05:11 TTY PID TIME% CMD%
2018-12-23__11:05:46 /3 29068 00:00:00% bash%
2018-12-23__11:05:46 /5 28605 00:00:00% bash%
2018-12-23__11:05:46 /6 28266 00:00:00% a.out%
2018-12-23__11:05:46 /7 19703 00:00:00% client%
2018-12-23__11:05:46 TTY PID TIME% CMD%
2018-12-23__11:06:21 /3 3289 00:00:00% bash%
2018-12-23__11:06:21 /6 28266 00:00:00% a.out%
2018-12-23__11:06:21 /7 19703 00:00:00% client%
2018-12-23__11:06:21 TTY PID TIME% CMD%
2018-12-23__11:06:57 /3 8949 00:00:00% bash%
2018-12-23__11:06:57 /6 8675 00:00:00% bash%
2018-12-23__11:06:57 /7 19703 00:00:00% client%
2018-12-23__11:06:57 TTY PID TIME% CMD%
2018-12-23__11:07:32 /3 7721 00:00:03% a.out%
2018-12-23__11:07:32 /6 28266 00:00:00% a.out%
2018-12-23__11:07:32 /7 19703 00:00:00% client%
2018-12-23__11:07:32 TTY PID TIME% CMD%
2018-12-23__11:08:07 /3 7721 00:00:03% a.out%
2018-12-23__11:08:07 /6 20105 00:00:00% bash%
2018-12-23__11:08:07 /7 19703 00:00:00% client%
2018-12-23__11:08:07 TTY PID TIME% CMD%
2018-12-23__11:08:43 /3 24861 00:00:00% bash%
2018-12-23__11:08:43 /6 25528 00:00:00% xargs%
2018-12-23__11:08:43 /7 19703 00:00:00% client%
2018-12-23__11:08:43 TTY PID TIME% CMD%
2018-12-23__11:09:18 /3 7721 00:00:03% a.out%
2018-12-23__11:09:18 /6 28266 00:00:00% a.out%
2018-12-23__11:09:18 /7 19703 00:00:00% client%
2018-12-23__11:09:18 TTY PID TIME% CMD%
2018-12-23__11:09:53 /3 4181 00:00:00% bash%
2018-12-23__11:09:53 /6 4219 00:00:00% bash%
2018-12-23__11:09:53 /7 19703 00:00:00% client%
2018-12-23__11:09:53 TTY PID TIME% CMD%
2018-12-23__11:10:29 /3 7721 00:00:03% a.out%
2018-12-23__11:10:29 /6 28266 00:00:00% a.out%
2018-12-23__11:10:29 /7 19703 00:00:00% client%
2018-12-23__11:10:29 TTY PID TIME% CMD%
2018-12-23__11:11:04 /3 15841 00:00:00% bash%
2018-12-23__11:11:04 /6 15942 00:00:00% bash%
2018-12-23__11:11:04 /7 19703 00:00:00% client%
2018-12-23__11:11:04 TTY PID TIME% CMD%
2018-12-23__11:11:39 /3 7721 00:00:03% a.out%
2018-12-23__11:11:39 /6 28266 00:00:00% a.out%
2018-12-23__11:11:39 /7 19703 00:00:00% client%
2018-12-23__11:11:39 TTY PID TIME% CMD%
2018-12-23__11:12:15 /3 26838 00:00:00% bash%
2018-12-23__11:12:15 /6 28266 00:00:00% a.out%
2018-12-23__11:12:15 /7 19703 00:00:00% client%
2018-12-23__11:12:15 TTY PID TIME% CMD%
2018-12-23__11:12:50 /3 7721 00:00:03% a.out%
2018-12-23__11:12:50 /6 31744 00:00:00% bash%
2018-12-23__11:12:50 /7 19703 00:00:00% client%
2018-12-23__11:12:50 TTY PID TIME% CMD%
2018-12-23__11:13:30 /3 5471 00:00:00% bash%
2018-12-23__11:13:30 /6 6096 00:00:00% bash%
2018-12-23__11:13:30 /7 19703 00:00:00% client%
2018-12-23__11:13:30 TTY PID TIME% CMD%
2018-12-23__11:14:05 /3 7721 00:00:03% a.out%
2018-12-23__11:14:05 /6 28266 00:00:00% a.out%
2018-12-23__11:14:05 /7 19703 00:00:00% client%
2018-12-23__11:14:05 TTY PID TIME% CMD%
2018-12-23__11:14:41 /3 17114 00:00:00% bash%
2018-12-23__11:14:41 /6 28266 00:00:00% a.out%
2018-12-23__11:14:41 /7 19703 00:00:00% client%
2018-12-23__11:14:41 TTY PID TIME% CMD%
2018-12-23__11:15:16 /3 7721 00:00:03% a.out%
2018-12-23__11:15:16 /6 28266 00:00:00% a.out%
2018-12-23__11:15:16 /7 19703 00:00:00% client%
2018-12-23__11:15:16 TTY PID TIME% CMD%
2018-12-23__11:15:51 /2 24701 00:00:00% a.out%
2018-12-23__11:15:51 /3 28432 00:00:00% bash%
2018-12-23__11:15:51 /6 28266 00:00:00% a.out%
2018-12-23__11:15:51 /7 19703 00:00:00% client%
2018-12-23__11:15:51 TTY PID TIME% CMD%
2018-12-23__11:16:26 /2 24701 00:00:00% a.out%
2018-12-23__11:16:26 /3 2728 00:00:00% bash%
2018-12-23__11:16:26 /6 2369 00:00:00% bash%
2018-12-23__11:16:26 /7 19703 00:00:00% client%
2018-12-23__11:16:26 TTY PID TIME% CMD%
2018-12-23__11:17:02 /2 24701 00:00:00% a.out%
2018-12-23__11:17:02 /3 8134 00:00:00% bash%
2018-12-23__11:17:02 /6 28266 00:00:00% a.out%
2018-12-23__11:17:02 /7 8795 00:00:00% bash%
2018-12-23__11:17:02 TTY PID TIME% CMD%
2018-12-23__11:17:37 /2 24701 00:00:00% a.out%
2018-12-23__11:17:37 /3 14162 00:00:00% bash%
2018-12-23__11:17:37 /6 14248 00:00:00% bash%
2018-12-23__11:17:37 /7 19703 00:00:00% client%
2018-12-23__11:17:37 TTY PID TIME% CMD%
2018-12-23__11:18:13 /2 24701 00:00:00% a.out%
2018-12-23__11:18:13 /3 20321 00:00:00% bash%
2018-12-23__11:18:13 /6 19519 00:00:00% bash%
2018-12-23__11:18:13 /7 19703 00:00:00% client%
2018-12-23__11:18:13 TTY PID TIME% CMD%
2018-12-23__11:18:48 /2 24701 00:00:00% a.out%
2018-12-23__11:18:48 /3 7721 00:00:03% a.out%
2018-12-23__11:18:48 /6 28266 00:00:00% a.out%
2018-12-23__11:18:48 /7 19703 00:00:00% client%
2018-12-23__11:18:48 TTY PID TIME% CMD%
2018-12-23__11:19:23 /2 24701 00:00:00% a.out%
2018-12-23__11:19:23 /3 7721 00:00:03% a.out%
2018-12-23__11:19:23 /6 28266 00:00:00% a.out%
2018-12-23__11:19:23 /7 19703 00:00:00% client%
2018-12-23__11:19:23 TTY PID TIME% CMD%
2018-12-23__11:19:59 /2 24701 00:00:00% a.out%
2018-12-23__11:19:59 /3 3064 00:00:00% bash%
2018-12-23__11:19:59 /7 3595 00:00:00% bash%
2018-12-23__11:19:59 TTY PID TIME% CMD%
2018-12-23__11:20:37 /2 24701 00:00:00% a.out%
2018-12-23__11:20:37 /3 7118 00:00:00% bash%
2018-12-23__11:20:37 /7 19705 00:00:00% client%
2018-12-23__11:20:37 TTY PID TIME% CMD%
2018-12-23__11:21:12 /2 24701 00:00:00% a.out%
2018-12-23__11:21:12 /3 7721 00:00:03% a.out%
2018-12-23__11:21:12 /7 19705 00:00:00% client%
2018-12-23__11:21:12 TTY PID TIME% CMD%
2018-12-23__11:21:48 /2 24701 00:00:00% a.out%
2018-12-23__11:21:48 /3 14238 00:00:00% bash%
2018-12-23__11:21:48 /7 19705 00:00:00% client%
2018-12-23__11:21:48 TTY PID TIME% CMD%
2018-12-23__11:22:23 /2 24701 00:00:00% a.out%
2018-12-23__11:22:23 /3 7721 00:00:03% a.out%
2018-12-23__11:22:23 /7 19705 00:00:00% client%
2018-12-23__11:22:23 TTY PID TIME% CMD%
2018-12-23__11:22:58 /2 24701 00:00:00% a.out%
2018-12-23__11:22:58 /3 7721 00:00:03% a.out%
2018-12-23__11:22:58 /7 19705 00:00:00% client%
2018-12-23__11:22:58 TTY PID TIME% CMD%
2018-12-23__11:23:34 /2 24701 00:00:00% a.out%
2018-12-23__11:23:34 /3 24825 00:00:00% bash%
2018-12-23__11:23:34 /7 19705 00:00:00% client%
2018-12-23__11:23:34 TTY PID TIME% CMD%
2018-12-23__11:24:09 /2 24701 00:00:00% a.out%
2018-12-23__11:24:09 /3 7721 00:00:03% a.out%
2018-12-23__11:24:09 /7 19705 00:00:00% client%
2018-12-23__11:24:09 TTY PID TIME% CMD%
2018-12-23__11:24:44 /2 24701 00:00:00% a.out%
2018-12-23__11:24:44 /3 31473 00:00:00% bash%
2018-12-23__11:24:44 /7 19705 00:00:00% client%
2018-12-23__11:24:44 TTY PID TIME% CMD%
2018-12-23__11:25:20 /2 24701 00:00:01% a.out%
2018-12-23__11:25:20 /3 3219 00:00:00% bash%
2018-12-23__11:25:20 /7 3208 00:00:00% bash%
2018-12-23__11:25:20 TTY PID TIME% CMD%
2018-12-23__11:25:55 /2 24701 00:00:01% a.out%
2018-12-23__11:25:55 /3 5985 00:00:00% bash%
2018-12-23__11:25:55 /7 19705 00:00:00% client%
2018-12-23__11:25:55 TTY PID TIME% CMD%
2018-12-23__11:26:30 /2 24701 00:00:01% a.out%
2018-12-23__11:26:30 /3 7721 00:00:03% a.out%
2018-12-23__11:26:30 /7 19705 00:00:00% client%
2018-12-23__11:26:30 TTY PID TIME% CMD%
2018-12-23__11:27:06 /2 24701 00:00:01% a.out%
2018-12-23__11:27:06 /3 13043 00:00:00% bash%
2018-12-23__11:27:06 /7 19705 00:00:00% client%
2018-12-23__11:27:06 TTY PID TIME% CMD%
2018-12-23__11:27:43 /2 16386 00:00:00% bash%
2018-12-23__11:27:43 /3 7721 00:00:03% a.out%
2018-12-23__11:27:43 /7 19705 00:00:00% client%
2018-12-23__11:27:43 TTY PID TIME% CMD%
2018-12-23__11:28:18 /2 19856 00:00:00% bash%
2018-12-23__11:28:18 /3 19999 00:00:00% bash%
2018-12-23__11:28:18 /7 19705 00:00:00% client%
2018-12-23__11:28:18 TTY PID TIME% CMD%
2018-12-23__11:28:54 /2 24701 00:00:01% a.out%
2018-12-23__11:28:54 /3 7721 00:00:04% a.out%
2018-12-23__11:28:54 /7 19705 00:00:00% client%
2018-12-23__11:28:54 TTY PID TIME% CMD%
2018-12-23__11:29:29 /2 26991 00:00:00% bash%
2018-12-23__11:29:29 /3 27070 00:00:00% bash%
2018-12-23__11:29:29 /7 19705 00:00:00% client%
2018-12-23__11:29:29 TTY PID TIME% CMD%
2018-12-23__11:30:04 /2 30294 00:00:00% bash%
2018-12-23__11:30:04 /3 7721 00:00:04% a.out%
2018-12-23__11:30:04 /7 19705 00:00:00% client%
2018-12-23__11:30:04 TTY PID TIME% CMD%
2018-12-23__11:30:40 /2 1421 00:00:00% bash%
2018-12-23__11:30:40 /3 1644 00:00:00% bash%
2018-12-23__11:30:40 /7 1563 00:00:00% bash%
2018-12-23__11:30:40 TTY PID TIME% CMD%
2018-12-23__11:31:15 /2 4584 00:00:00% bash%
2018-12-23__11:31:15 /3 4540 00:00:00% bash%
2018-12-23__11:31:15 /7 5097 00:00:00% bash%
2018-12-23__11:31:15 TTY PID TIME% CMD%
2018-12-23__11:31:50 /2 8185 00:00:00% bash%
2018-12-23__11:31:50 /3 7721 00:00:04% a.out%
2018-12-23__11:31:50 /7 8491 00:00:00% bash%
2018-12-23__11:31:50 TTY PID TIME% CMD%
2018-12-23__11:32:26 /2 11170 00:00:00% bash%
2018-12-23__11:32:26 /3 12009 00:00:00% ps%
2018-12-23__11:32:26 /7 19705 00:00:00% client%
2018-12-23__11:32:26 TTY PID TIME% CMD%
2018-12-23__11:33:01 /2 14687 00:00:00% bash%
2018-12-23__11:33:01 /3 7721 00:00:04% a.out%
2018-12-23__11:33:01 /7 19705 00:00:00% client%
2018-12-23__11:33:01 TTY PID TIME% CMD%
2018-12-23__11:33:36 /2 18126 00:00:00% bash%
2018-12-23__11:33:36 /3 18482 00:00:00% bash%
2018-12-23__11:33:36 /7 19705 00:00:00% client%
2018-12-23__11:33:36 TTY PID TIME% CMD%
2018-12-23__11:34:11 /2 23230 00:00:00% bash%
2018-12-23__11:34:11 /3 7721 00:00:04% a.out%
2018-12-23__11:34:11 /6 23393 00:00:00% bash%
2018-12-23__11:34:11 /7 19705 00:00:00% client%
2018-12-23__11:34:11 TTY PID TIME% CMD%
2018-12-23__11:34:47 /2 27987 00:00:00% bash%
2018-12-23__11:34:47 /3 28460 00:00:00% bash%
2018-12-23__11:34:47 /6 19769 00:00:00% a.out%
2018-12-23__11:34:47 /7 19705 00:00:00% client%
2018-12-23__11:34:47 TTY PID TIME% CMD%
2018-12-23__11:35:22 /2 24701 00:00:01% a.out%
2018-12-23__11:35:22 /3 1741 00:00:00% bash%
2018-12-23__11:35:22 /6 1722 00:00:00% bash%
2018-12-23__11:35:22 /7 19705 00:00:00% client%
2018-12-23__11:35:22 TTY PID TIME% CMD%
2018-12-23__11:35:58 /2 24701 00:00:01% a.out%
2018-12-23__11:35:58 /3 6911 00:00:00% ps%
2018-12-23__11:35:58 /6 19769 00:00:00% a.out%
2018-12-23__11:35:58 /7 19705 00:00:00% client%
2018-12-23__11:35:58 TTY PID TIME% CMD%
2018-12-23__11:36:33 /2 24701 00:00:01% a.out%
2018-12-23__11:36:33 /3 12012 00:00:00% bash%
2018-12-23__11:36:33 /6 12907 00:00:00% bash%
2018-12-23__11:36:33 /7 19705 00:00:00% client%
2018-12-23__11:36:33 /8 12498 00:00:00% a.out%
2018-12-23__11:36:33 TTY PID TIME% CMD%
2018-12-23__11:37:08 /2 24701 00:00:01% a.out%
2018-12-23__11:37:08 /3 7721 00:00:04% a.out%
2018-12-23__11:37:08 /6 17925 00:00:00% bash%
2018-12-23__11:37:08 /7 19705 00:00:00% client%
2018-12-23__11:37:08 /8 12498 00:00:00% a.out%
2018-12-23__11:37:08 TTY PID TIME% CMD%
2018-12-23__11:37:44 /2 24701 00:00:01% a.out%
2018-12-23__11:37:44 /3 24295 00:00:00% bash%
2018-12-23__11:37:44 /6 19769 00:00:00% a.out%
2018-12-23__11:37:44 /7 19705 00:00:00% client%
2018-12-23__11:37:44 /8 12498 00:00:00% a.out%
2018-12-23__11:37:44 TTY PID TIME% CMD%
2018-12-23__11:38:19 /2 24701 00:00:02% a.out%
2018-12-23__11:38:19 /3 7721 00:00:04% a.out%
2018-12-23__11:38:19 /6 30386 00:00:00% bash%
2018-12-23__11:38:19 /7 19705 00:00:00% client%
2018-12-23__11:38:19 /8 12498 00:00:00% a.out%
2018-12-23__11:38:19 TTY PID TIME% CMD%
2018-12-23__11:38:55 /2 24701 00:00:02% a.out%
2018-12-23__11:38:55 /3 3164 00:00:00% bash%
2018-12-23__11:38:55 /6 19769 00:00:00% a.out%
2018-12-23__11:38:55 /7 19705 00:00:00% client%
2018-12-23__11:38:55 /8 2953 00:00:00% bash%
2018-12-23__11:38:55 TTY PID TIME% CMD%
2018-12-23__11:39:30 /2 24701 00:00:02% a.out%
2018-12-23__11:39:30 /3 7721 00:00:04% a.out%
2018-12-23__11:39:30 /6 19769 00:00:00% a.out%
2018-12-23__11:39:30 /7 19705 00:00:00% client%
2018-12-23__11:39:30 /8 2953 00:00:00% bash%
2018-12-23__11:39:30 TTY PID TIME% CMD%
2018-12-23__11:40:05 /2 24701 00:00:02% a.out%
2018-12-23__11:40:05 /3 15035 00:00:00% bash%
2018-12-23__11:40:05 /6 14976 00:00:00% bash%
2018-12-23__11:40:05 /7 19705 00:00:00% client%
2018-12-23__11:40:05 /8 2953 00:00:00% bash%
2018-12-23__11:40:05 TTY PID TIME% CMD%
2018-12-23__11:40:41 /2 24701 00:00:02% a.out%
2018-12-23__11:40:41 /3 7721 00:00:04% a.out%
2018-12-23__11:40:41 /6 21702 00:00:00% bash%
2018-12-23__11:40:41 /7 19705 00:00:00% client%
2018-12-23__11:40:41 /8 20734 00:00:00% bash%
2018-12-23__11:40:41 TTY PID TIME% CMD%
2018-12-23__11:41:16 /2 24701 00:00:02% a.out%
2018-12-23__11:41:16 /3 27517 00:00:00% bash%
2018-12-23__11:41:16 /6 27460 00:00:00% bash%
2018-12-23__11:41:16 /7 19705 00:00:00% client%
2018-12-23__11:41:16 /8 26382 00:00:00% bash%
2018-12-23__11:41:16 TTY PID TIME% CMD%
2018-12-23__11:41:52 /2 24701 00:00:02% a.out%
2018-12-23__11:41:52 /3 878 00:00:00% bash%
2018-12-23__11:41:52 /6 860 00:00:00% bash%
2018-12-23__11:41:52 /7 19705 00:00:00% client%
2018-12-23__11:41:52 /8 857 00:00:00% bash%
2018-12-23__11:41:52 TTY PID TIME% CMD%
2018-12-23__11:42:29 /2 24701 00:00:02% a.out%
2018-12-23__11:42:29 /3 5716 00:00:00% bash%
2018-12-23__11:42:29 /6 5900 00:00:00% bash%
2018-12-23__11:42:29 /7 19705 00:00:00% client%
2018-12-23__11:42:29 /8 5901 00:00:00% bash%
2018-12-23__11:42:29 TTY PID TIME% CMD%
2018-12-23__11:43:04 /2 24701 00:00:02% a.out%
2018-12-23__11:43:04 /3 7721 00:00:04% a.out%
2018-12-23__11:43:04 /6 19769 00:00:00% a.out%
2018-12-23__11:43:04 /7 19705 00:00:00% client%
2018-12-23__11:43:04 /8 2953 00:00:00% bash%
2018-12-23__11:43:04 TTY PID TIME% CMD%
2018-12-23__11:43:40 /2 24701 00:00:02% a.out%
2018-12-23__11:43:40 /3 7721 00:00:04% a.out%
2018-12-23__11:43:40 /6 19769 00:00:00% a.out%
2018-12-23__11:43:40 /7 19705 00:00:00% client%
2018-12-23__11:43:40 /8 2953 00:00:00% bash%
2018-12-23__11:43:40 TTY PID TIME% CMD%
2018-12-23__11:44:15 /2 24701 00:00:02% a.out%
2018-12-23__11:44:15 /3 23342 00:00:00% bash%
2018-12-23__11:44:15 /6 23496 00:00:00% bash%
2018-12-23__11:44:15 /7 19705 00:00:00% client%
2018-12-23__11:44:15 /8 2953 00:00:00% bash%
2018-12-23__11:44:15 TTY PID TIME% CMD%
2018-12-23__11:44:50 /2 24701 00:00:02% a.out%
2018-12-23__11:44:50 /3 7721 00:00:04% a.out%
2018-12-23__11:44:50 /6 19769 00:00:00% a.out%
2018-12-23__11:44:50 /7 19705 00:00:00% client%
2018-12-23__11:44:50 /8 2953 00:00:00% bash%
2018-12-23__11:44:50 TTY PID TIME% CMD%
2018-12-23__11:45:26 /2 24701 00:00:02% a.out%
2018-12-23__11:45:26 /3 3085 00:00:00% bash%
2018-12-23__11:45:26 /6 3205 00:00:00% bash%
2018-12-23__11:45:26 /7 19705 00:00:00% client%
2018-12-23__11:45:26 /8 2953 00:00:00% bash%
2018-12-23__11:45:26 TTY PID TIME% CMD%
2018-12-23__11:46:01 /2 24701 00:00:02% a.out%
2018-12-23__11:46:01 /3 7721 00:00:04% a.out%
2018-12-23__11:46:01 /6 8355 00:00:00% bash%
2018-12-23__11:46:01 /7 19705 00:00:00% client%
2018-12-23__11:46:01 /8 8858 00:00:00% bash%
2018-12-23__11:46:01 TTY PID TIME% CMD%
2018-12-23__11:46:37 /2 24701 00:00:02% a.out%
2018-12-23__11:46:37 /3 14552 00:00:00% bash%
2018-12-23__11:46:37 /6 19769 00:00:00% a.out%
2018-12-23__11:46:37 /7 15261 00:00:00% bash%
2018-12-23__11:46:37 /8 14711 00:00:00% bash%
2018-12-23__11:46:37 TTY PID TIME% CMD%
2018-12-23__11:47:12 /2 24701 00:00:02% a.out%
2018-12-23__11:47:12 /3 7721 00:00:04% a.out%
2018-12-23__11:47:12 /6 20397 00:00:00% bash%
2018-12-23__11:47:12 /7 19705 00:00:00% client%
2018-12-23__11:47:12 /8 19621 00:00:00% bash%
2018-12-23__11:47:12 TTY PID TIME% CMD%
2018-12-23__11:47:48 /2 24701 00:00:02% a.out%
2018-12-23__11:47:48 /3 26335 00:00:00% bash%
2018-12-23__11:47:48 /6 19769 00:00:00% a.out%
2018-12-23__11:47:48 /7 26845 00:00:00% bash%
2018-12-23__11:47:48 /8 26831 00:00:00% bash%
2018-12-23__11:47:48 TTY PID TIME% CMD%
2018-12-23__11:48:23 /2 24701 00:00:02% a.out%
2018-12-23__11:48:23 /3 7721 00:00:04% a.out%
2018-12-23__11:48:23 /6 19769 00:00:00% a.out%
2018-12-23__11:48:23 /7 19705 00:00:00% client%
2018-12-23__11:48:23 /8 32121 00:00:00% bash%
2018-12-23__11:48:23 TTY PID TIME% CMD%
2018-12-23__11:48:59 /2 24701 00:00:02% a.out%
2018-12-23__11:48:59 /3 6331 00:00:00% bash%
2018-12-23__11:48:59 /6 6363 00:00:00% bash%
2018-12-23__11:48:59 /7 6426 00:00:00% bash%
2018-12-23__11:48:59 /8 313 00:00:00% bash%
2018-12-23__11:48:59 TTY PID TIME% CMD%
2018-12-23__11:49:34 /2 24701 00:00:02% a.out%
2018-12-23__11:49:34 /3 11890 00:00:00% bash%
2018-12-23__11:49:34 /6 12656 00:00:00% xargs%
2018-12-23__11:49:34 /7 19705 00:00:00% client%
2018-12-23__11:49:34 /8 313 00:00:00% bash%
2018-12-23__11:49:34 TTY PID TIME% CMD%
2018-12-23__11:50:10 /2 24701 00:00:02% a.out%
2018-12-23__11:50:10 /3 7721 00:00:04% a.out%
2018-12-23__11:50:10 /7 19705 00:00:00% client%
2018-12-23__11:50:10 /8 313 00:00:00% bash%
2018-12-23__11:50:10 TTY PID TIME% CMD%
2018-12-23__11:50:45 /2 24701 00:00:02% a.out%
2018-12-23__11:50:45 /3 21865 00:00:00% bash%
2018-12-23__11:50:45 /7 19705 00:00:00% client%
2018-12-23__11:50:45 /8 313 00:00:00% bash%
2018-12-23__11:50:45 TTY PID TIME% CMD%
2018-12-23__11:51:21 /2 24701 00:00:02% a.out%
2018-12-23__11:51:21 /3 7721 00:00:05% a.out%
2018-12-23__11:51:21 /7 19705 00:00:00% client%
2018-12-23__11:51:21 /8 25084 00:00:00% bash%
2018-12-23__11:51:21 TTY PID TIME% CMD%
2018-12-23__11:51:56 /2 24701 00:00:02% a.out%
2018-12-23__11:51:56 /3 29154 00:00:00% bash%
2018-12-23__11:51:56 /7 19705 00:00:00% client%
2018-12-23__11:51:56 /8 313 00:00:00% bash%
2018-12-23__11:51:56 TTY PID TIME% CMD%
2018-12-23__11:52:31 /2 24701 00:00:02% a.out%
2018-12-23__11:52:31 /3 795 00:00:00% bash%
2018-12-23__11:52:31 /6 947 00:00:00% a.out%
2018-12-23__11:52:31 /7 19705 00:00:00% client%
2018-12-23__11:52:31 /8 30793 00:00:00% bash%
2018-12-23__11:52:31 TTY PID TIME% CMD%
2018-12-23__11:53:07 /2 24701 00:00:02% a.out%
2018-12-23__11:53:07 /3 5734 00:00:00% bash%
2018-12-23__11:53:07 /6 947 00:00:00% a.out%
2018-12-23__11:53:07 /7 19705 00:00:00% client%
2018-12-23__11:53:07 TTY PID TIME% CMD%
2018-12-23__11:53:42 /2 24701 00:00:02% a.out%
2018-12-23__11:53:42 /3 7721 00:00:05% a.out%
2018-12-23__11:53:42 /6 947 00:00:00% a.out%
2018-12-23__11:53:42 /7 19705 00:00:00% client%
2018-12-23__11:53:42 TTY PID TIME% CMD%
2018-12-23__11:54:17 /2 24701 00:00:02% a.out%
2018-12-23__11:54:17 /3 17163 00:00:00% bash%
2018-12-23__11:54:17 /6 947 00:00:00% a.out%
2018-12-23__11:54:17 /7 19705 00:00:00% client%
2018-12-23__11:54:17 TTY PID TIME% CMD%
2018-12-23__11:54:53 /2 24701 00:00:02% a.out%
2018-12-23__11:54:53 /3 7721 00:00:05% a.out%
2018-12-23__11:54:53 /6 947 00:00:00% a.out%
2018-12-23__11:54:53 /7 19705 00:00:00% client%
2018-12-23__11:54:53 TTY PID TIME% CMD%
2018-12-23__11:55:28 /2 24701 00:00:03% a.out%
2018-12-23__11:55:28 /3 7721 00:00:05% a.out%
2018-12-23__11:55:28 /6 947 00:00:00% a.out%
2018-12-23__11:55:28 /7 19705 00:00:00% client%
2018-12-23__11:55:28 TTY PID TIME% CMD%
2018-12-23__11:56:04 /2 24701 00:00:03% a.out%
2018-12-23__11:56:04 /3 1664 00:00:00% bash%
2018-12-23__11:56:04 /6 2211 00:00:00% bash%
2018-12-23__11:56:04 /7 19705 00:00:00% client%
2018-12-23__11:56:04 TTY PID TIME% CMD%
2018-12-23__11:56:39 /2 24701 00:00:03% a.out%
2018-12-23__11:56:39 /3 7721 00:00:05% a.out%
2018-12-23__11:56:39 /6 947 00:00:00% a.out%
2018-12-23__11:56:39 /7 8350 00:00:00% bash%
2018-12-23__11:56:39 TTY PID TIME% CMD%
2018-12-23__11:57:14 /2 24701 00:00:03% a.out%
2018-12-23__11:57:14 /3 13246 00:00:00% bash%
2018-12-23__11:57:14 /6 947 00:00:00% a.out%
2018-12-23__11:57:14 /7 19705 00:00:00% client%
2018-12-23__11:57:14 TTY PID TIME% CMD%
2018-12-23__11:57:50 /2 24701 00:00:03% a.out%
2018-12-23__11:57:50 /3 7721 00:00:05% a.out%
2018-12-23__11:57:50 /6 947 00:00:00% a.out%
2018-12-23__11:57:50 /7 19705 00:00:00% client%
2018-12-23__11:57:50 TTY PID TIME% CMD%
2018-12-23__11:58:25 /2 24701 00:00:03% a.out%
2018-12-23__11:58:25 /3 24444 00:00:00% bash%
2018-12-23__11:58:25 /6 947 00:00:00% a.out%
2018-12-23__11:58:25 /7 19705 00:00:00% client%
2018-12-23__11:58:25 TTY PID TIME% CMD%
2018-12-23__11:59:01 /2 24701 00:00:03% a.out%
2018-12-23__11:59:01 /3 7721 00:00:05% a.out%
2018-12-23__11:59:01 /6 947 00:00:00% a.out%
2018-12-23__11:59:01 /7 19705 00:00:00% client%
2018-12-23__11:59:01 TTY PID TIME% CMD%
2018-12-23__11:59:36 /2 24701 00:00:03% a.out%
2018-12-23__11:59:36 /3 3884 00:00:00% bash%
2018-12-23__11:59:36 /6 947 00:00:01% a.out%
2018-12-23__11:59:36 /7 4010 00:00:00% bash%
2018-12-23__11:59:36 TTY PID TIME% CMD%
2018-12-23__12:00:11 /2 24701 00:00:03% a.out%
2018-12-23__12:00:11 /3 7721 00:00:05% a.out%
2018-12-23__12:00:11 /6 947 00:00:01% a.out%
2018-12-23__12:00:11 /7 19705 00:00:00% client%
2018-12-23__12:00:11 TTY PID TIME% CMD%
2018-12-23__12:00:47 /2 24701 00:00:03% a.out%
2018-12-23__12:00:47 /3 15503 00:00:00% bash%
2018-12-23__12:00:47 /6 947 00:00:01% a.out%
2018-12-23__12:00:47 /7 19705 00:00:00% client%
2018-12-23__12:00:47 TTY PID TIME% CMD%
2018-12-23__12:01:22 /2 24701 00:00:03% a.out%
2018-12-23__12:01:22 /3 7721 00:00:05% a.out%
2018-12-23__12:01:22 /6 947 00:00:01% a.out%
2018-12-23__12:01:22 /7 19705 00:00:00% client%
2018-12-23__12:01:22 TTY PID TIME% CMD%
2018-12-23__12:01:57 /2 24701 00:00:03% a.out%
2018-12-23__12:01:57 /3 7721 00:00:05% a.out%
2018-12-23__12:01:57 /6 947 00:00:01% a.out%
2018-12-23__12:01:57 /7 19705 00:00:00% client%
2018-12-23__12:01:57 TTY PID TIME% CMD%
2018-12-23__12:02:33 /2 24701 00:00:03% a.out%
2018-12-23__12:02:33 /3 778 00:00:00% bash%
2018-12-23__12:02:33 /6 947 00:00:01% a.out%
2018-12-23__12:02:33 /7 19705 00:00:00% client%
2018-12-23__12:02:33 TTY PID TIME% CMD%
2018-12-23__12:03:08 /2 24701 00:00:03% a.out%
2018-12-23__12:03:08 /3 7060 00:00:00% bash%
2018-12-23__12:03:08 /6 6938 00:00:00% bash%
2018-12-23__12:03:08 /7 7012 00:00:00% bash%
2018-12-23__12:03:08 TTY PID TIME% CMD%
2018-12-23__12:03:43 /2 24701 00:00:03% a.out%
2018-12-23__12:03:43 /3 12074 00:00:00% bash%
2018-12-23__12:03:43 /6 12068 00:00:00% bash%
2018-12-23__12:03:43 /7 19705 00:00:00% client%
2018-12-23__12:03:43 TTY PID TIME% CMD%
2018-12-23__12:04:21 /2 24701 00:00:03% a.out%
2018-12-23__12:04:21 /3 7721 00:00:05% a.out%
2018-12-23__12:04:21 /6 18718 00:00:00% bash%
2018-12-23__12:04:21 /7 19705 00:00:00% client%
2018-12-23__12:04:21 TTY PID TIME% CMD%
2018-12-23__12:04:57 /2 24701 00:00:03% a.out%
2018-12-23__12:04:57 /3 23320 00:00:00% bash%
2018-12-23__12:04:57 /6 24822 00:00:00% bash%
2018-12-23__12:04:57 /7 19705 00:00:00% client%
2018-12-23__12:04:57 TTY PID TIME% CMD%
2018-12-23__12:05:32 /2 24701 00:00:03% a.out%
2018-12-23__12:05:32 /3 7721 00:00:05% a.out%
2018-12-23__12:05:32 /7 19705 00:00:00% client%
2018-12-23__12:05:32 TTY PID TIME% CMD%
2018-12-23__12:06:07 /2 24701 00:00:03% a.out%
2018-12-23__12:06:07 /3 31988 00:00:00% bash%
2018-12-23__12:06:07 /7 19705 00:00:00% client%
2018-12-23__12:06:07 TTY PID TIME% CMD%
2018-12-23__12:06:43 /2 24701 00:00:03% a.out%
2018-12-23__12:06:43 /3 4652 00:00:00% bash%
2018-12-23__12:06:43 /6 4379 00:00:00% bash%
2018-12-23__12:06:43 /7 19705 00:00:00% client%
2018-12-23__12:06:43 TTY PID TIME% CMD%
2018-12-23__12:07:18 /2 24701 00:00:03% a.out%
2018-12-23__12:07:18 /3 10296 00:00:00% bash%
2018-12-23__12:07:18 /6 769 00:00:00% a.out%
2018-12-23__12:07:18 /7 19705 00:00:00% client%
2018-12-23__12:07:18 TTY PID TIME% CMD%
2018-12-23__12:07:53 /2 24701 00:00:03% a.out%
2018-12-23__12:07:53 /3 7721 00:00:05% a.out%
2018-12-23__12:07:53 /6 16193 00:00:00% bash%
2018-12-23__12:07:53 /7 16359 00:00:00% bash%
2018-12-23__12:07:53 TTY PID TIME% CMD%
2018-12-23__12:08:29 /2 24701 00:00:03% a.out%
2018-12-23__12:08:29 /3 21952 00:00:00% bash%
2018-12-23__12:08:29 /6 21387 00:00:00% bash%
2018-12-23__12:08:29 /7 19705 00:00:00% client%
2018-12-23__12:08:29 TTY PID TIME% CMD%
2018-12-23__12:09:04 /2 24701 00:00:03% a.out%
2018-12-23__12:09:04 /3 7721 00:00:05% a.out%
2018-12-23__12:09:04 /6 769 00:00:00% a.out%
2018-12-23__12:09:04 /7 19705 00:00:00% client%
2018-12-23__12:09:04 TTY PID TIME% CMD%
2018-12-23__12:09:39 /2 24701 00:00:03% a.out%
2018-12-23__12:09:39 /3 1296 00:00:00% bash%
2018-12-23__12:09:39 /6 794 00:00:00% bash%
2018-12-23__12:09:39 /7 1568 00:00:00% bash%
2018-12-23__12:09:39 TTY PID TIME% CMD%
2018-12-23__12:10:15 /2 24701 00:00:03% a.out%
2018-12-23__12:10:15 /3 6568 00:00:00% bash%
2018-12-23__12:10:15 /6 769 00:00:00% a.out%
2018-12-23__12:10:15 /7 19705 00:00:00% client%
2018-12-23__12:10:15 TTY PID TIME% CMD%
2018-12-23__12:10:50 /2 24701 00:00:03% a.out%
2018-12-23__12:10:50 /3 7721 00:00:05% a.out%
2018-12-23__12:10:50 /6 769 00:00:00% a.out%
2018-12-23__12:10:50 /7 19705 00:00:00% client%
2018-12-23__12:10:50 TTY PID TIME% CMD%
2018-12-23__12:11:26 /2 24701 00:00:03% a.out%
2018-12-23__12:11:26 /3 18052 00:00:00% bash%
2018-12-23__12:11:26 /6 769 00:00:00% a.out%
2018-12-23__12:11:26 /7 19705 00:00:00% client%
2018-12-23__12:11:26 TTY PID TIME% CMD%
2018-12-23__12:12:06 /2 24701 00:00:03% a.out%
2018-12-23__12:12:06 /3 24041 00:00:00% bash%
2018-12-23__12:12:06 /7 19705 00:00:00% client%
2018-12-23__12:12:06 TTY PID TIME% CMD%
2018-12-23__12:12:41 /2 24701 00:00:04% a.out%
2018-12-23__12:12:41 /3 7721 00:00:06% a.out%
2018-12-23__12:12:41 /7 19705 00:00:00% client%
2018-12-23__12:12:41 TTY PID TIME% CMD%
2018-12-23__12:13:16 /2 24701 00:00:04% a.out%
2018-12-23__12:13:16 /3 30793 00:00:00% bash%
2018-12-23__12:13:16 /7 19705 00:00:00% client%
2018-12-23__12:13:16 TTY PID TIME% CMD%
2018-12-23__12:13:52 /2 24701 00:00:04% a.out%
2018-12-23__12:13:52 /3 1454 00:00:00% bash%
2018-12-23__12:13:52 /7 1802 00:00:00% bash%
2018-12-23__12:13:52 TTY PID TIME% CMD%
2018-12-23__12:14:28 /2 24701 00:00:04% a.out%
2018-12-23__12:14:28 /3 5283 00:00:00% bash%
2018-12-23__12:14:28 /7 19705 00:00:00% client%
2018-12-23__12:14:28 TTY PID TIME% CMD%
2018-12-23__12:15:03 /2 24701 00:00:04% a.out%
2018-12-23__12:15:03 /3 8238 00:00:00% bash%
2018-12-23__12:15:03 /7 9265 00:00:00% bash%
2018-12-23__12:15:03 TTY PID TIME% CMD%
2018-12-23__12:15:38 /2 24701 00:00:04% a.out%
2018-12-23__12:15:38 /3 7721 00:00:06% a.out%
2018-12-23__12:15:38 /7 19705 00:00:00% client%
2018-12-23__12:15:38 TTY PID TIME% CMD%
2018-12-23__12:16:14 /2 24701 00:00:04% a.out%
2018-12-23__12:16:14 /3 15796 00:00:00% bash%
2018-12-23__12:16:14 /7 19705 00:00:00% client%
2018-12-23__12:16:14 TTY PID TIME% CMD%
2018-12-23__12:16:50 /2 24701 00:00:04% a.out%
2018-12-23__12:16:50 /3 7721 00:00:06% a.out%
2018-12-23__12:16:50 /7 19705 00:00:00% client%
2018-12-23__12:16:50 TTY PID TIME% CMD%
2018-12-23__12:17:25 /2 24701 00:00:04% a.out%
2018-12-23__12:17:25 /3 22972 00:00:00% bash%
2018-12-23__12:17:25 /7 19705 00:00:00% client%
2018-12-23__12:17:25 TTY PID TIME% CMD%
2018-12-23__12:18:00 /2 24701 00:00:04% a.out%
2018-12-23__12:18:00 /3 7721 00:00:06% a.out%
2018-12-23__12:18:00 /7 19705 00:00:00% client%
2018-12-23__12:18:00 TTY PID TIME% CMD%
2018-12-23__12:18:36 /2 24701 00:00:04% a.out%
2018-12-23__12:18:36 /3 29915 00:00:00% ps%
2018-12-23__12:18:36 /7 19705 00:00:00% client%
2018-12-23__12:18:36 TTY PID TIME% CMD%
2018-12-23__12:19:11 /2 24701 00:00:04% a.out%
2018-12-23__12:19:11 /3 1343 00:00:00% bash%
2018-12-23__12:19:11 /7 19705 00:00:00% client%
2018-12-23__12:19:11 TTY PID TIME% CMD%
2018-12-23__12:19:46 /2 24701 00:00:04% a.out%
2018-12-23__12:19:46 /3 4248 00:00:00% bash%
2018-12-23__12:19:46 /7 19705 00:00:00% client%
2018-12-23__12:19:46 TTY PID TIME% CMD%
2018-12-23__12:20:22 /2 24701 00:00:04% a.out%
2018-12-23__12:20:22 /3 7721 00:00:06% a.out%
2018-12-23__12:20:22 /7 19705 00:00:00% client%
2018-12-23__12:20:22 TTY PID TIME% CMD%
2018-12-23__12:20:57 /2 24701 00:00:04% a.out%
2018-12-23__12:20:57 /3 11114 00:00:00% bash%
2018-12-23__12:20:57 /7 19705 00:00:00% client%
2018-12-23__12:20:57 TTY PID TIME% CMD%
2018-12-23__12:21:32 /2 24701 00:00:04% a.out%
2018-12-23__12:21:32 /3 14752 00:00:00% bash%
2018-12-23__12:21:32 /7 14828 00:00:00% bash%
2018-12-23__12:21:32 TTY PID TIME% CMD%
2018-12-23__12:22:07 /2 24701 00:00:04% a.out%
2018-12-23__12:22:07 /3 7721 00:00:06% a.out%
2018-12-23__12:22:07 /7 18495 00:00:00% bash%
2018-12-23__12:22:07 TTY PID TIME% CMD%
2018-12-23__12:22:43 /2 24701 00:00:04% a.out%
2018-12-23__12:22:43 /3 21431 00:00:00% bash%
2018-12-23__12:22:43 /7 19705 00:00:00% client%
2018-12-23__12:22:43 TTY PID TIME% CMD%
2018-12-23__12:23:18 /2 24701 00:00:04% a.out%
2018-12-23__12:23:18 /3 7721 00:00:06% a.out%
2018-12-23__12:23:18 /7 19705 00:00:00% client%
2018-12-23__12:23:18 TTY PID TIME% CMD%
2018-12-23__12:23:53 /2 24701 00:00:04% a.out%
2018-12-23__12:23:53 /3 28609 00:00:00% bash%
2018-12-23__12:23:53 /7 19705 00:00:00% client%
2018-12-23__12:23:53 TTY PID TIME% CMD%
2018-12-23__12:24:29 /2 24701 00:00:04% a.out%
2018-12-23__12:24:29 /3 7721 00:00:06% a.out%
2018-12-23__12:24:29 /7 19705 00:00:00% client%
2018-12-23__12:24:29 TTY PID TIME% CMD%
2018-12-23__12:25:05 /2 24701 00:00:04% a.out%
2018-12-23__12:25:05 /3 2700 00:00:00% bash%
2018-12-23__12:25:05 /7 19705 00:00:00% client%
2018-12-23__12:25:05 TTY PID TIME% CMD%
2018-12-23__12:25:40 /2 6675 00:00:00% bash%
2018-12-23__12:25:40 /3 6721 00:00:00% bash%
2018-12-23__12:25:40 /7 19705 00:00:00% client%
2018-12-23__12:25:40 TTY PID TIME% CMD%
2018-12-23__12:26:16 /2 10384 00:00:00% bash%
2018-12-23__12:26:16 /3 10275 00:00:00% bash%
2018-12-23__12:26:16 /7 19705 00:00:00% client%
2018-12-23__12:26:16 TTY PID TIME% CMD%
2018-12-23__12:26:51 /2 13637 00:00:00% bash%
2018-12-23__12:26:51 /3 7721 00:00:06% a.out%
2018-12-23__12:26:51 /7 19705 00:00:00% client%
2018-12-23__12:26:51 TTY PID TIME% CMD%
2018-12-23__12:27:26 /2 17332 00:00:00% bash%
2018-12-23__12:27:26 /3 17377 00:00:00% bash%
2018-12-23__12:27:26 /7 19705 00:00:00% client%
2018-12-23__12:27:26 TTY PID TIME% CMD%
2018-12-23__12:28:02 /2 20608 00:00:00% bash%
2018-12-23__12:28:02 /3 7721 00:00:06% a.out%
2018-12-23__12:28:02 /7 19705 00:00:00% client%
2018-12-23__12:28:02 TTY PID TIME% CMD%
2018-12-23__12:28:37 /2 24212 00:00:00% bash%
2018-12-23__12:28:37 /3 7721 00:00:06% a.out%
2018-12-23__12:28:37 /7 19705 00:00:00% client%
2018-12-23__12:28:37 TTY PID TIME% CMD%
2018-12-23__12:29:14 /2 27143 00:00:00% bash%
2018-12-23__12:29:14 /3 7721 00:00:06% a.out%
2018-12-23__12:29:14 /7 27611 00:00:00% bash%
2018-12-23__12:29:14 TTY PID TIME% CMD%
2018-12-23__12:29:49 /2 30912 00:00:00% bash%
2018-12-23__12:29:49 /3 7721 00:00:06% a.out%
2018-12-23__12:29:49 /7 19705 00:00:00% client%
2018-12-23__12:29:49 TTY PID TIME% CMD%
2018-12-23__12:30:24 /2 1659 00:00:00% bash%
2018-12-23__12:30:24 /3 1643 00:00:00% bash%
2018-12-23__12:30:24 /7 19705 00:00:00% client%
2018-12-23__12:30:24 TTY PID TIME% CMD%
2018-12-23__12:31:00 /2 5526 00:00:00% bash%
2018-12-23__12:31:00 /3 5974 00:00:00% bash%
2018-12-23__12:31:00 /7 19705 00:00:00% client%
2018-12-23__12:31:00 TTY PID TIME% CMD%
2018-12-23__12:31:36 /2 24701 00:00:04% a.out%
2018-12-23__12:31:36 /3 9360 00:00:00% bash%
2018-12-23__12:31:36 /7 19705 00:00:00% client%
2018-12-23__12:31:36 TTY PID TIME% CMD%
2018-12-23__12:32:11 /2 24701 00:00:04% a.out%
2018-12-23__12:32:11 /3 7721 00:00:07% a.out%
2018-12-23__12:32:11 /7 19705 00:00:00% client%
2018-12-23__12:32:11 TTY PID TIME% CMD%
2018-12-23__12:32:46 /2 24701 00:00:04% a.out%
2018-12-23__12:32:46 /3 16496 00:00:00% bash%
2018-12-23__12:32:46 /7 19705 00:00:00% client%
2018-12-23__12:32:46 TTY PID TIME% CMD%
2018-12-23__12:33:26 /2 24701 00:00:04% a.out%
2018-12-23__12:33:26 /3 20568 00:00:00% bash%
2018-12-23__12:33:26 /7 19705 00:00:00% client%
2018-12-23__12:33:26 TTY PID TIME% CMD%
2018-12-23__12:34:02 /2 24701 00:00:04% a.out%
2018-12-23__12:34:02 /3 7721 00:00:07% a.out%
2018-12-23__12:34:02 /7 19705 00:00:00% client%
2018-12-23__12:34:02 TTY PID TIME% CMD%
2018-12-23__12:34:37 /2 24701 00:00:04% a.out%
2018-12-23__12:34:37 /3 27457 00:00:00% bash%
2018-12-23__12:34:37 /7 19705 00:00:00% client%
2018-12-23__12:34:37 TTY PID TIME% CMD%
2018-12-23__12:35:13 /2 24701 00:00:04% a.out%
2018-12-23__12:35:13 /3 7721 00:00:07% a.out%
2018-12-23__12:35:13 /7 19705 00:00:00% client%
2018-12-23__12:35:13 TTY PID TIME% CMD%
2018-12-23__12:35:48 /2 24701 00:00:04% a.out%
2018-12-23__12:35:48 /3 2015 00:00:00% bash%
2018-12-23__12:35:48 /7 19705 00:00:00% client%
2018-12-23__12:35:48 TTY PID TIME% CMD%
2018-12-23__12:36:23 /2 24701 00:00:04% a.out%
2018-12-23__12:36:23 /3 5264 00:00:00% bash%
2018-12-23__12:36:23 /7 5770 00:00:00% bash%
2018-12-23__12:36:23 TTY PID TIME% CMD%
2018-12-23__12:36:59 /2 24701 00:00:04% a.out%
2018-12-23__12:36:59 /3 7721 00:00:07% a.out%
2018-12-23__12:36:59 /7 19705 00:00:00% client%
2018-12-23__12:36:59 TTY PID TIME% CMD%
2018-12-23__12:37:39 /2 24701 00:00:04% a.out%
2018-12-23__12:37:39 /3 7721 00:00:07% a.out%
2018-12-23__12:37:39 /7 13146 00:00:00% bash%
2018-12-23__12:37:39 TTY PID TIME% CMD%
2018-12-23__12:38:14 /2 24701 00:00:04% a.out%
2018-12-23__12:38:14 /3 16081 00:00:00% bash%
2018-12-23__12:38:14 /7 16415 00:00:00% bash%
2018-12-23__12:38:14 TTY PID TIME% CMD%
2018-12-23__12:38:49 /2 24701 00:00:04% a.out%
2018-12-23__12:38:49 /3 7721 00:00:07% a.out%
2018-12-23__12:38:49 /7 19705 00:00:00% client%
2018-12-23__12:38:49 TTY PID TIME% CMD%
2018-12-23__12:39:25 /2 24701 00:00:04% a.out%
2018-12-23__12:39:25 /3 23392 00:00:00% bash%
2018-12-23__12:39:25 /7 19705 00:00:00% client%
2018-12-23__12:39:25 TTY PID TIME% CMD%
2018-12-23__12:40:00 /2 24701 00:00:04% a.out%
2018-12-23__12:40:00 /3 7721 00:00:07% a.out%
2018-12-23__12:40:00 /7 19705 00:00:00% client%
2018-12-23__12:40:00 TTY PID TIME% CMD%
2018-12-23__12:40:36 /2 24701 00:00:04% a.out%
2018-12-23__12:40:36 /3 7721 00:00:07% a.out%
2018-12-23__12:40:36 /7 19705 00:00:00% client%
2018-12-23__12:40:36 TTY PID TIME% CMD%
2018-12-23__12:41:11 /2 24701 00:00:04% a.out%
2018-12-23__12:41:11 /3 819 00:00:00% bash%
2018-12-23__12:41:11 /7 19705 00:00:00% client%
2018-12-23__12:41:11 TTY PID TIME% CMD%
2018-12-23__12:41:46 /2 24701 00:00:04% a.out%
2018-12-23__12:41:46 /3 4758 00:00:00% bash%
2018-12-23__12:41:46 /7 19705 00:00:00% client%
2018-12-23__12:41:46 TTY PID TIME% CMD%
2018-12-23__12:42:21 /2 24701 00:00:04% a.out%
2018-12-23__12:42:21 /3 7795 00:00:00% bash%
2018-12-23__12:42:21 /7 8316 00:00:00% bash%
2018-12-23__12:42:21 TTY PID TIME% CMD%
2018-12-23__12:42:57 /2 24701 00:00:04% a.out%
2018-12-23__12:42:57 /3 7721 00:00:07% a.out%
2018-12-23__12:42:57 /7 19705 00:00:00% client%
2018-12-23__12:42:57 TTY PID TIME% CMD%
2018-12-23__12:43:32 /2 24701 00:00:04% a.out%
2018-12-23__12:43:32 /3 15037 00:00:00% bash%
2018-12-23__12:43:32 /7 19705 00:00:00% client%
2018-12-23__12:43:32 TTY PID TIME% CMD%
2018-12-23__12:44:07 /2 24701 00:00:04% a.out%
2018-12-23__12:44:07 /3 7721 00:00:07% a.out%
2018-12-23__12:44:07 /7 19705 00:00:00% client%
2018-12-23__12:44:07 TTY PID TIME% CMD%
2018-12-23__12:44:43 /2 24701 00:00:04% a.out%
2018-12-23__12:44:43 /3 22039 00:00:00% bash%
2018-12-23__12:44:43 /7 19705 00:00:00% client%
2018-12-23__12:44:43 TTY PID TIME% CMD%
2018-12-23__12:45:19 /2 24701 00:00:04% a.out%
2018-12-23__12:45:19 /3 7721 00:00:07% a.out%
2018-12-23__12:45:19 /7 25219 00:00:00% bash%
2018-12-23__12:45:19 TTY PID TIME% CMD%
2018-12-23__12:45:54 /2 24701 00:00:04% a.out%
2018-12-23__12:45:54 /3 28814 00:00:00% bash%
2018-12-23__12:45:54 /7 19705 00:00:00% client%
2018-12-23__12:45:54 TTY PID TIME% CMD%
2018-12-23__12:46:34 /2 24701 00:00:04% a.out%
2018-12-23__12:46:34 /3 401 00:00:00% bash%
2018-12-23__12:46:34 /7 19705 00:00:00% client%
2018-12-23__12:46:34 TTY PID TIME% CMD%
2018-12-23__12:47:10 /2 24701 00:00:04% a.out%
2018-12-23__12:47:10 /3 3069 00:00:00% bash%
2018-12-23__12:47:10 /7 19705 00:00:00% client%
2018-12-23__12:47:10 TTY PID TIME% CMD%
2018-12-23__12:47:45 /2 24701 00:00:05% a.out%
2018-12-23__12:47:45 /3 7201 00:00:00% bash%
2018-12-23__12:47:45 /7 7202 00:00:00% bash%
2018-12-23__12:47:45 TTY PID TIME% CMD%
2018-12-23__12:48:20 /2 24701 00:00:05% a.out%
2018-12-23__12:48:20 /3 9883 00:00:00% bash%
2018-12-23__12:48:20 /7 10340 00:00:00% bash%
2018-12-23__12:48:20 TTY PID TIME% CMD%
2018-12-23__12:48:56 /2 24701 00:00:05% a.out%
2018-12-23__12:48:56 /3 7721 00:00:07% a.out%
2018-12-23__12:48:56 /7 19705 00:00:00% client%
2018-12-23__12:48:56 TTY PID TIME% CMD%
2018-12-23__12:49:31 /2 24701 00:00:05% a.out%
2018-12-23__12:49:31 /3 17396 00:00:00% bash%
2018-12-23__12:49:31 /7 17619 00:00:00% bash%
2018-12-23__12:49:31 TTY PID TIME% CMD%
2018-12-23__12:50:06 /2 24701 00:00:05% a.out%
2018-12-23__12:50:06 /3 7721 00:00:07% a.out%
2018-12-23__12:50:06 /7 19705 00:00:00% client%
2018-12-23__12:50:06 TTY PID TIME% CMD%
2018-12-23__12:50:42 /2 24701 00:00:05% a.out%
2018-12-23__12:50:42 /3 24495 00:00:00% bash%
2018-12-23__12:50:42 /7 19705 00:00:00% client%
2018-12-23__12:50:42 TTY PID TIME% CMD%
2018-12-23__12:51:17 /2 24701 00:00:05% a.out%
2018-12-23__12:51:17 /3 7721 00:00:07% a.out%
2018-12-23__12:51:17 /7 19705 00:00:00% client%
2018-12-23__12:51:17 TTY PID TIME% CMD%
2018-12-23__12:51:52 /2 24701 00:00:05% a.out%
2018-12-23__12:51:52 /3 7721 00:00:08% a.out%
2018-12-23__12:51:52 /7 19705 00:00:00% client%
2018-12-23__12:51:52 TTY PID TIME% CMD%
2018-12-23__12:52:28 /2 24701 00:00:05% a.out%
2018-12-23__12:52:28 /3 1768 00:00:00% bash%
2018-12-23__12:52:28 /7 2296 00:00:00% bash%
2018-12-23__12:52:28 TTY PID TIME% CMD%
2018-12-23__12:53:03 /2 24701 00:00:05% a.out%
2018-12-23__12:53:03 /3 5759 00:00:00% bash%
2018-12-23__12:53:03 /7 19705 00:00:00% client%
2018-12-23__12:53:03 TTY PID TIME% CMD%
2018-12-23__12:53:38 /2 24701 00:00:05% a.out%
2018-12-23__12:53:38 /3 9162 00:00:00% bash%
2018-12-23__12:53:38 /7 19705 00:00:00% client%
2018-12-23__12:53:38 TTY PID TIME% CMD%
2018-12-23__12:54:14 /2 24701 00:00:05% a.out%
2018-12-23__12:54:14 /3 7721 00:00:08% a.out%
2018-12-23__12:54:14 /7 19705 00:00:00% client%
2018-12-23__12:54:14 TTY PID TIME% CMD%
2018-12-23__12:54:49 /2 24701 00:00:05% a.out%
2018-12-23__12:54:49 /3 15946 00:00:00% bash%
2018-12-23__12:54:49 /7 19705 00:00:00% client%
2018-12-23__12:54:49 TTY PID TIME% CMD%
2018-12-23__12:55:24 /2 24701 00:00:05% a.out%
2018-12-23__12:55:24 /3 7721 00:00:08% a.out%
2018-12-23__12:55:24 /7 19705 00:00:00% client%
2018-12-23__12:55:24 TTY PID TIME% CMD%
2018-12-23__12:56:00 /2 24701 00:00:05% a.out%
2018-12-23__12:56:00 /3 23167 00:00:00% bash%
2018-12-23__12:56:00 /7 19705 00:00:00% client%
2018-12-23__12:56:00 TTY PID TIME% CMD%
2018-12-23__12:56:35 /2 24701 00:00:05% a.out%
2018-12-23__12:56:35 /3 7721 00:00:08% a.out%
2018-12-23__12:56:35 /7 26293 00:00:00% bash%
2018-12-23__12:56:35 TTY PID TIME% CMD%
2018-12-23__12:57:10 /2 24701 00:00:05% a.out%
2018-12-23__12:57:10 /3 7721 00:00:08% a.out%
2018-12-23__12:57:10 /7 19705 00:00:01% client%
2018-12-23__12:57:10 TTY PID TIME% CMD%
2018-12-23__12:57:46 /2 24701 00:00:05% a.out%
2018-12-23__12:57:46 /3 676 00:00:00% bash%
2018-12-23__12:57:46 /7 19705 00:00:01% client%
2018-12-23__12:57:46 TTY PID TIME% CMD%
2018-12-23__12:58:21 /2 24701 00:00:05% a.out%
2018-12-23__12:58:21 /3 4714 00:00:00% bash%
2018-12-23__12:58:21 /7 4690 00:00:00% bash%
2018-12-23__12:58:21 TTY PID TIME% CMD%
2018-12-23__12:58:56 /2 24701 00:00:05% a.out%
2018-12-23__12:58:56 /3 8144 00:00:00% bash%
2018-12-23__12:58:56 /7 19705 00:00:01% client%
2018-12-23__12:58:56 TTY PID TIME% CMD%
2018-12-23__12:59:36 /2 24701 00:00:05% a.out%
2018-12-23__12:59:36 /3 11491 00:00:00% bash%
2018-12-23__12:59:36 /7 12264 00:00:00% bash%
2018-12-23__12:59:36 TTY PID TIME% CMD%
2018-12-23__13:00:12 /2 24701 00:00:05% a.out%
2018-12-23__13:00:12 /3 7721 00:00:08% a.out%
2018-12-23__13:00:12 /7 19705 00:00:01% client%
2018-12-23__13:00:12 TTY PID TIME% CMD%
2018-12-23__13:00:47 /2 24701 00:00:05% a.out%
2018-12-23__13:00:47 /3 19427 00:00:00% bash%
2018-12-23__13:00:47 /7 19705 00:00:01% client%
2018-12-23__13:00:47 TTY PID TIME% CMD%
2018-12-23__13:01:22 /2 24701 00:00:05% a.out%
2018-12-23__13:01:22 /3 7721 00:00:08% a.out%
2018-12-23__13:01:22 /7 19705 00:00:01% client%
2018-12-23__13:01:22 TTY PID TIME% CMD%
2018-12-23__13:01:58 /2 24701 00:00:05% a.out%
2018-12-23__13:01:58 /3 7721 00:00:08% a.out%
2018-12-23__13:01:58 /7 19705 00:00:01% client%
2018-12-23__13:01:58 TTY PID TIME% CMD%
2018-12-23__13:02:33 /2 24701 00:00:05% a.out%
2018-12-23__13:02:33 /3 29282 00:00:00% bash%
2018-12-23__13:02:33 /7 29457 00:00:00% bash%
2018-12-23__13:02:33 TTY PID TIME% CMD%
2018-12-23__13:03:08 /2 862 00:00:00% bash%
2018-12-23__13:03:08 /3 869 00:00:00% bash%
2018-12-23__13:03:08 /7 19705 00:00:01% client%
2018-12-23__13:03:08 TTY PID TIME% CMD%
2018-12-23__13:03:44 /2 4453 00:00:00% bash%
2018-12-23__13:03:44 /3 3634 00:00:00% bash%
2018-12-23__13:03:44 /7 19705 00:00:01% client%
2018-12-23__13:03:44 TTY PID TIME% CMD%
2018-12-23__13:04:19 /2 7495 00:00:00% bash%
2018-12-23__13:04:19 /3 7566 00:00:00% bash%
2018-12-23__13:04:19 /7 19705 00:00:01% client%
2018-12-23__13:04:19 TTY PID TIME% CMD%
2018-12-23__13:04:54 /2 11417 00:00:00% bash%
2018-12-23__13:04:54 /3 11366 00:00:00% bash%
2018-12-23__13:04:54 /7 19705 00:00:01% client%
2018-12-23__13:04:54 TTY PID TIME% CMD%
2018-12-23__13:05:30 /2 14592 00:00:00% bash%
2018-12-23__13:05:30 /3 14601 00:00:00% ps%
2018-12-23__13:05:30 /7 19705 00:00:01% client%
2018-12-23__13:05:30 TTY PID TIME% CMD%
2018-12-23__13:06:05 /2 18237 00:00:00% bash%
2018-12-23__13:06:05 /3 18199 00:00:00% bash%
2018-12-23__13:06:05 /7 19705 00:00:01% client%
2018-12-23__13:06:05 TTY PID TIME% CMD%
2018-12-23__13:06:40 /2 21426 00:00:00% bash%
2018-12-23__13:06:40 /3 7721 00:00:08% a.out%
2018-12-23__13:06:40 /7 19705 00:00:01% client%
2018-12-23__13:06:40 TTY PID TIME% CMD%
2018-12-23__13:07:17 /2 25087 00:00:00% bash%
2018-12-23__13:07:17 /3 25349 00:00:00% bash%
2018-12-23__13:07:17 /7 19705 00:00:01% client%
2018-12-23__13:07:17 TTY PID TIME% CMD%
2018-12-23__13:07:52 /2 28560 00:00:00% bash%
2018-12-23__13:07:52 /3 7721 00:00:08% a.out%
2018-12-23__13:07:52 /7 19705 00:00:01% client%
2018-12-23__13:07:52 TTY PID TIME% CMD%
2018-12-23__13:08:28 /2 24701 00:00:05% a.out%
2018-12-23__13:08:28 /3 32200 00:00:00% bash%
2018-12-23__13:08:28 /7 19705 00:00:01% client%
2018-12-23__13:08:28 TTY PID TIME% CMD%
2018-12-23__13:09:03 /2 3128 00:00:00% bash%
2018-12-23__13:09:03 /3 3281 00:00:00% bash%
2018-12-23__13:09:03 /7 3270 00:00:00% bash%
2018-12-23__13:09:03 TTY PID TIME% CMD%
2018-12-23__13:09:39 /2 6182 00:00:00% bash%
2018-12-23__13:09:39 /3 6393 00:00:00% bash%
2018-12-23__13:09:39 /7 19705 00:00:01% client%
2018-12-23__13:09:39 TTY PID TIME% CMD%
2018-12-23__13:10:14 /2 10074 00:00:00% bash%
2018-12-23__13:10:14 /3 9970 00:00:00% bash%
2018-12-23__13:10:14 /7 19705 00:00:01% client%
2018-12-23__13:10:14 TTY PID TIME% CMD%
2018-12-23__13:10:49 /2 13376 00:00:00% bash%
2018-12-23__13:10:49 /3 7721 00:00:09% a.out%
2018-12-23__13:10:49 /7 13974 00:00:00% bash%
2018-12-23__13:10:49 TTY PID TIME% CMD%
2018-12-23__13:11:25 /2 16950 00:00:00% bash%
2018-12-23__13:11:25 /3 16992 00:00:00% bash%
2018-12-23__13:11:25 /7 19705 00:00:01% client%
2018-12-23__13:11:25 TTY PID TIME% CMD%
2018-12-23__13:12:00 /2 20207 00:00:00% bash%
2018-12-23__13:12:00 /3 7721 00:00:09% a.out%
2018-12-23__13:12:00 /7 19705 00:00:01% client%
2018-12-23__13:12:00 TTY PID TIME% CMD%
2018-12-23__13:12:35 /2 24701 00:00:05% a.out%
2018-12-23__13:12:35 /3 24175 00:00:00% bash%
2018-12-23__13:12:35 /7 19705 00:00:01% client%
2018-12-23__13:12:35 TTY PID TIME% CMD%
2018-12-23__13:13:10 /2 24701 00:00:05% a.out%
2018-12-23__13:13:10 /3 7721 00:00:09% a.out%
2018-12-23__13:13:10 /7 19705 00:00:01% client%
2018-12-23__13:13:10 TTY PID TIME% CMD%
2018-12-23__13:13:46 /2 24701 00:00:05% a.out%
2018-12-23__13:13:46 /3 31286 00:00:00% bash%
2018-12-23__13:13:46 /7 19705 00:00:01% client%
2018-12-23__13:13:46 TTY PID TIME% CMD%
2018-12-23__13:14:26 /2 24701 00:00:05% a.out%
2018-12-23__13:14:26 /3 2599 00:00:00% bash%
2018-12-23__13:14:26 /7 2650 00:00:00% bash%
2018-12-23__13:14:26 TTY PID TIME% CMD%
2018-12-23__13:15:01 /2 24701 00:00:05% a.out%
2018-12-23__13:15:01 /3 5537 00:00:00% bash%
2018-12-23__13:15:01 /7 19705 00:00:01% client%
2018-12-23__13:15:01 TTY PID TIME% CMD%
2018-12-23__13:15:36 /2 24701 00:00:05% a.out%
2018-12-23__13:15:36 /3 7721 00:00:09% a.out%
2018-12-23__13:15:36 /7 9476 00:00:00% bash%
2018-12-23__13:15:36 TTY PID TIME% CMD%
2018-12-23__13:16:11 /2 24701 00:00:05% a.out%
2018-12-23__13:16:11 /3 12816 00:00:00% bash%
2018-12-23__13:16:11 /7 19705 00:00:01% client%
2018-12-23__13:16:11 TTY PID TIME% CMD%
2018-12-23__13:16:47 /2 16213 00:00:00% bash%
2018-12-23__13:16:47 /3 7721 00:00:09% a.out%
2018-12-23__13:16:47 /7 19705 00:00:01% client%
2018-12-23__13:16:47 TTY PID TIME% CMD%
2018-12-23__13:17:22 /2 24701 00:00:05% a.out%
2018-12-23__13:17:22 /3 19721 00:00:00% bash%
2018-12-23__13:17:22 /7 19705 00:00:01% client%
2018-12-23__13:17:22 TTY PID TIME% CMD%
2018-12-23__13:17:57 /2 24701 00:00:05% a.out%
2018-12-23__13:17:57 /3 7721 00:00:09% a.out%
2018-12-23__13:17:57 /7 19705 00:00:01% client%
2018-12-23__13:17:57 TTY PID TIME% CMD%
2018-12-23__13:18:33 /2 24701 00:00:05% a.out%
2018-12-23__13:18:33 /3 26719 00:00:00% bash%
2018-12-23__13:18:33 /7 19705 00:00:01% client%
2018-12-23__13:18:33 TTY PID TIME% CMD%
2018-12-23__13:19:08 /2 24701 00:00:05% a.out%
2018-12-23__13:19:08 /3 7721 00:00:09% a.out%
2018-12-23__13:19:08 /7 19705 00:00:01% client%
2018-12-23__13:19:08 TTY PID TIME% CMD%
2018-12-23__13:19:43 /2 24701 00:00:05% a.out%
2018-12-23__13:19:43 /3 1211 00:00:00% bash%
2018-12-23__13:19:43 /7 19705 00:00:01% client%
2018-12-23__13:19:43 TTY PID TIME% CMD%
2018-12-23__13:20:19 /2 24701 00:00:05% a.out%
2018-12-23__13:20:19 /3 5001 00:00:00% bash%
2018-12-23__13:20:19 /7 19705 00:00:01% client%
2018-12-23__13:20:19 TTY PID TIME% CMD%
2018-12-23__13:20:54 /2 24701 00:00:05% a.out%
2018-12-23__13:20:54 /3 7721 00:00:09% a.out%
2018-12-23__13:20:54 /7 19705 00:00:01% client%
2018-12-23__13:20:54 TTY PID TIME% CMD%
2018-12-23__13:21:29 /2 24701 00:00:05% a.out%
2018-12-23__13:21:29 /3 11179 00:00:00% bash%
2018-12-23__13:21:29 /7 19705 00:00:01% client%
2018-12-23__13:21:29 TTY PID TIME% CMD%
2018-12-23__13:22:05 /2 24701 00:00:05% a.out%
2018-12-23__13:22:05 /3 7721 00:00:09% a.out%
2018-12-23__13:22:05 /5 13343 00:00:00% slave%
2018-12-23__13:22:05 /7 15498 00:00:00% bash%
2018-12-23__13:22:05 TTY PID TIME% CMD%
2018-12-23__13:22:42 /2 24701 00:00:05% a.out%
2018-12-23__13:22:42 /3 18767 00:00:00% bash%
2018-12-23__13:22:42 /7 19705 00:00:01% client%
2018-12-23__13:22:42 TTY PID TIME% CMD%
2018-12-23__13:23:17 /3 7721 00:00:09% a.out%
2018-12-23__13:23:17 /7 19705 00:00:01% client%
2018-12-23__13:23:17 TTY PID TIME% CMD%
2018-12-23__13:23:52 /3 25495 00:00:00% bash%
2018-12-23__13:23:52 /7 19705 00:00:01% client%
2018-12-23__13:23:52 TTY PID TIME% CMD%
2018-12-23__13:24:28 /3 7721 00:00:09% a.out%
2018-12-23__13:24:28 /7 19705 00:00:01% client%
2018-12-23__13:24:28 TTY PID TIME% CMD%
2018-12-23__13:25:03 /3 32039 00:00:00% bash%
2018-12-23__13:25:03 /7 19705 00:00:01% client%
2018-12-23__13:25:03 TTY PID TIME% CMD%
2018-12-23__13:25:38 /3 3228 00:00:00% bash%
2018-12-23__13:25:38 /7 19705 00:00:01% client%
2018-12-23__13:25:38 TTY PID TIME% CMD%
2018-12-23__13:26:13 /3 6613 00:00:00% bash%
2018-12-23__13:26:13 /7 19705 00:00:01% client%
2018-12-23__13:26:13 TTY PID TIME% CMD%
2018-12-23__13:26:49 /3 7721 00:00:09% a.out%
2018-12-23__13:26:49 /7 19705 00:00:01% client%
2018-12-23__13:26:49 TTY PID TIME% CMD%
